    Opened LOG FILE         on unit 10, filename is 'D:\TA MANDIRI\SKENARIO CMG\A1C(NO INJECTION).log'
 ********************************************************************************
 *                                                                              *
 *                                IMEX  2021.10                                 *
 *            Adaptive-Implicit Black Oil & Unconventional Simulator            *
 *                         General Release for Win x64                          *
 *                            2021-Nov-16   12:35:59                            *
 *                                                                              *
 *                          (c) Copyright 1977 - 2021                           *
 *                Computer Modelling Group Ltd., Calgary, Canada                *
 *                             All Rights Reserved                              *
 *                                                                              *
 ********************************************************************************


 Command-line Arguments:  -dimsum
                          -wd D:\TA MANDIRI\SKENARIO CMG
                          -log
                          -f D:\TA MANDIRI\SKENARIO CMG\A1C(NO INJECTION).dat

  Date and Time of Start of Run:  Apr 22, 2025  18:38:16


*** Input/Output files specification :
    Opened data file        on unit 11, filename is 'D:\TA MANDIRI\SKENARIO CMG\A1C(NO INJECTION).dat'
    Opened Scratch file     on unit 12
    Opened Scratch file     on unit 13
    Opened output file      on unit 14, filename is 'D:\TA MANDIRI\SKENARIO CMG\A1C(NO INJECTION).out'
    Opened SR3-OUT          on unit 15, filename is 'D:\TA MANDIRI\SKENARIO CMG\A1C(NO INJECTION).sr3'
    Opened Restart-SR3      on unit 16, filename is 'D:\TA MANDIRI\SKENARIO CMG\A1C(NO INJECTION).rstr.sr3'
    Opened GRID scratchfile on unit 17

 ===================== WARNING (from subroutine: INCOMP) ======================
  P/Z Output is disabled as Temperatures were not defined for all PVT Regions
  Please review the *TRES Keyword
  Line: 72   File Name: D:\TA MANDIRI\SKENARIO CMG\A1C(NO INJECTION).dat
 ==============================================================================


 ===================== SUMMARY (from subroutine: INDATA) ======================
  Reading of initial data is complete.
  Simulation will stop if there were error messages.
     1 Warning messages.    0 Error messages.
 ==============================================================================



                          Global Storage Usage
                          ====================

             Section           Bytes          Mbytes   # Objects
        ------------    ------------    ------------   ---------
              MXSLVR          242312           0.231          98
              GRMOD0          216624           0.207         482
               IMEX2          125666           0.120         693
               IMEX1          113584           0.108         588
               IMEX3           50818           0.048         249
              MXGR01           50312           0.048          18
              WMCOM1           42317           0.040         982
              GRMOD1           36256           0.035         151
              KWCOM1           34735           0.033          52
              EQTPAR           29876           0.028          69
               POINT           25144           0.024          96
              SR2COM           22000           0.021          92
             MXSLVR1           12880           0.012          14
              MXWELL            8976           0.009         262
           GLOBSTORE            7478           0.007          27
              MXINIT            6244           0.006          23
              CMPDIL            6112           0.006          25
               PRTCM            5760           0.005          17
              SECTOR            2464           0.002          13
               SAMG1            1873           0.002         255
              PGMCH1            1794           0.002         319
             CMGFILE            1206           0.001          19
                FLXB            1156           0.001          27
                CMB1             600           0.001          68
           PGSCOMMON             476           0.000          64
                 MTS             340           0.000          18
           PGPARASOL             296           0.000          65
              SGCOM2             216           0.000          54
              SGCOM1             180           0.000          44
              GRMOD2             156           0.000          38
              WMCOM3              92           0.000           4
              WMCOM2              76           0.000          15
              WMCOM5              52           0.000          13
              SGCOM3              32           0.000           8
        PGMATDOMAINS              16           0.000           4
              WMCOM7               8           0.000           2
              DEPTAB               8           0.000           2
              SGCOM4               4           0.000           1
            PGSINT3D               0           0.000           0
              MXPRSL               0           0.000           0
        ------------    ------------    ------------   ---------
               Total         1048139           1.000        4971
            Maximium         1678995           1.601

                                    I M E X   T I M E   S T E P   S U M M A R Y
 ==================================================================================================================
    Time Step           Time                  Total Production             Total Injection  Total Max. Max. Change
 ---------------- ---------------- -------------------------------------- -----------------  PV   Mat. ------------
                C                    Oil      Gas     Water   GOR.  Wat.    Gas     Water   Avg.  bal. Satur. Pres.
        Size    U                                             SCF/   Cut                    Pres. err. DSMAX  DPMAX
  No.   Days IT T Days   yy:mm:dd   STB/D    MCF/D    STB/D    STB    %    MCF/D    STB/D   psia   %          psia
 ------ ---- -- - ----- ---------- -------- -------- -------- ----- ----- -------- -------- ----- ---- ------ -----
     1w 1.00 2  0 1.000 2025:01:02 67521.77 100086.8           1482                          4792 e-3o -.033o  -267
     2  1.63 1  0 2.627 2025:01:04 54713.19 97482.35           1782                          4786 e-4g -.036o  -278
     3  2.54 1  0 5.171 2025:01:06 43763.43 90378.65           2065                          4780 e-3g -.026o  -231
     4  4.80 1  0  9.97 2025:01:11 36010.04 80381.15           2232                          4768 e-3g -.019o  -216
     5   9.7 1  0 19.65 2025:01:21 31872.92 69572.29           2183                          4747 .01g -.029o  -178
     6  11.3 1  0 31.00 2025:02:01 28398.80 68412.02           2409                          4725 e-3g -.021o  -126
     7w 28.0 1  0 59.00 2025:03:01 25440.61 61300.13           2410                          4672 .02g -.049o  -165
     8w 31.0 2  0 90.00 2025:04:01 23198.11 60423.91           2605                          4618 .02g -.034o  -116
     9w 30.0 1  0 120.0 2025:05:01 21922.52 58876.11           2686                          4568 .03g -.033o -85.0
    10w 31.0 1  0 151.0 2025:06:01 20956.29 57947.48           2765                          4517 .04g -.030o -72.6
    11w 30.0 1  0 181.0 2025:07:01 20137.59 57168.88           2839                          4471 .05g -.025o -58.9
    12w 31.0 1  0 212.0 2025:08:01 19359.45 56910.43           2940                          4425 .06g -.025o -54.5
    13w 31.0 1  0 243.0 2025:09:01 18620.32 56962.51           3059                          4380 .06g -.025o -49.6
    14w 30.0 1  0 273.0 2025:10:01 17952.33 57379.53           3196                          4338 .07g -.024o -45.8
    15w 31.0 1  0 304.0 2025:11:01 17274.56 58068.09           3361                          4295 .08g -.025o -46.2
    16w 30.0 1  0 334.0 2025:12:01 16665.29 59514.73           3571                          4254 .08g -.026o -43.6
    17w 31.0 1  0 365.0 2026:01:01 16020.70 61279.47           3825                          4212 .09g -.025o -45.2
    18w 31.0 1  0 396.0 2026:02:01 15380.10 63295.43           4115                          4171 .10g -.026o -45.1
    19w 28.0 1  0 424.0 2026:03:01 14819.90 65332.35           4408                          4133 .10g -.022o -40.8
    20w 31.0 1  0 455.0 2026:04:01 14271.17 68602.42           4807                          4091 .10g -.024o -45.7

                                    I M E X   T I M E   S T E P   S U M M A R Y
 ==================================================================================================================
    Time Step           Time                  Total Production             Total Injection  Total Max. Max. Change
 ---------------- ---------------- -------------------------------------- -----------------  PV   Mat. ------------
                C                    Oil      Gas     Water   GOR.  Wat.    Gas     Water   Avg.  bal. Satur. Pres.
        Size    U                                             SCF/   Cut                    Pres. err. DSMAX  DPMAX
  No.   Days IT T Days   yy:mm:dd   STB/D    MCF/D    STB/D    STB    %    MCF/D    STB/D   psia   %          psia
 ------ ---- -- - ----- ---------- -------- -------- -------- ----- ----- -------- -------- ----- ---- ------ -----
    21w 30.0 1  0 485.0 2026:05:01 13722.34 71483.24           5209                          4049 .11g -.023o -46.1
    22w 31.0 1  0 516.0 2026:06:01 13186.23 75582.26           5732                          4005 .12g -.024o -48.6
    23w 30.0 1  0 546.0 2026:07:01 12665.17 79543.39           6280                          3961 .13g -.023o -48.1
    24w 31.0 1  0 577.0 2026:08:01 12144.85 84012.14           6918                          3915 .13g -.024o -51.9
    25w 31.0 2  0 608.0 2026:09:01 11685.02 90532.07           7748                          3867 .13g -.023o -54.0
    26w 30.0 1  0 638.0 2026:10:01 11277.85 97533.41           8648                          3817 .14g -.022o -55.6
    27w 31.0 1  0 669.0 2026:11:01 10867.32 104662.5           9631                          3763 .15g -.022o -61.0
    28w 30.0 1  0 699.0 2026:12:01 10461.08 110863.7          10598                          3710 .16g -.020o -62.4
    29w 31.0 1  0 730.0 2027:01:01 10040.73 116293.2          11582                          3653 .18g -.021o -67.1
    30w 31.0 1  0 761.0 2027:02:01 9619.920 120525.2          12529                          3595 .19g -.020o -67.8
    31w 28.0 1  0 789.0 2027:03:01 9241.502 123064.7          13317                          3543 .21g -.016o -61.0
    32w 31.0 1  0 820.0 2027:04:01 8828.093 124411.2          14093                          3486 .22g -.016o -65.6
    33w 30.0 2  0 850.0 2027:05:01 8441.142 128364.3          15207                          3431 .22g -.012o -61.9
    34w 31.0 1  0 881.0 2027:06:01 8057.283 131362.7          16304                          3373 .24g -.011o -64.5
    35w 30.0 1  0 911.0 2027:07:01 7688.366 132981.4          17296                          3317 .25g -.010o -61.8
    36w 31.0 1  0 942.0 2027:08:01 7312.044 133418.9          18246                          3261 .27g -.009o -62.6
    37w 31.0 1  0 973.0 2027:09:01 6944.137 132753.0          19117                          3205 .29g -.009o -61.0
    38w 30.0 1  0  1003 2027:10:01 6599.157 131231.3          19886                          3153 .30g -.009o -57.3
    39w 31.0 1  0  1034 2027:11:01 6250.759 128106.3          20495                          3100 .32g -.009o -56.7
    40w 30.0 1  0  1064 2027:12:01 5932.161 124011.1          20905                          3052 .33g -.009o -52.4

                                    I M E X   T I M E   S T E P   S U M M A R Y
 ==================================================================================================================
    Time Step           Time                  Total Production             Total Injection  Total Max. Max. Change
 ---------------- ---------------- -------------------------------------- -----------------  PV   Mat. ------------
                C                    Oil      Gas     Water   GOR.  Wat.    Gas     Water   Avg.  bal. Satur. Pres.
        Size    U                                             SCF/   Cut                    Pres. err. DSMAX  DPMAX
  No.   Days IT T Days   yy:mm:dd   STB/D    MCF/D    STB/D    STB    %    MCF/D    STB/D   psia   %          psia
 ------ ---- -- - ----- ---------- -------- -------- -------- ----- ----- -------- -------- ----- ---- ------ -----
    41w 31.0 1  0  1095 2028:01:01 5621.349 119758.9          21304                          3004 .33g -.009o -51.8
    42w 31.0 1  0  1126 2028:02:01 5325.316 115419.5          21674                          2958 .32g -.009o -49.7
    43w 29.0 1  0  1155 2028:03:01 5061.172 111263.0          21984                          2916 .32g -.008o -45.6
    44w 31.0 1  0  1186 2028:04:01 4791.272 106781.4          22287                          2871 .33g -.009o -49.7
    45w 30.0 1  0  1216 2028:05:01 4542.938 102456.0          22553                          2830 .34g -.008o -44.9
    46w 31.0 1  0  1247 2028:06:01 4300.680 98066.00          22802                          2790 .35g -.008o -43.6
    47w 30.0 1  0  1277 2028:07:01 4080.020 93925.14          23021                          2754 .35g -.008o -39.8
    48w 31.0 1  0  1308 2028:08:01 3863.571 89735.36          23226                          2718 .36g -.008o -38.9
    49w 31.0 1  0  1339 2028:09:01 3661.709 85722.47          23411                          2684 .37g -.007o -36.8
    50w 30.0 1  0  1369 2028:10:01 3478.011 81980.67          23571                          2653 .38g -.007o -33.8
    51w 31.0 1  0  1400 2028:11:01 3299.483 78265.37          23720                          2623 .38g -.007o -33.1
    52w 30.0 1  0  1430 2028:12:01 3135.781 74787.95          23850                          2595 .39g -.006o -30.4
    53w 31.0 1  0  1461 2029:01:01 2976.990 71357.97          23970                          2567 .39g -.006o -29.8
    54w 31.0 1  0  1492 2029:02:01 2826.613 68054.58          24076                          2541 .40g -.006o -28.3
    55w 28.0 1  0  1520 2029:03:01 2697.485 65177.10          24162                          2519 .40g -.005o -24.4
    56w 31.0 1  0  1551 2029:04:01 2562.292 62121.18          24244                          2495 .40g -.005o -25.8
    57w 30.0 1  0  1581 2029:05:01 2437.801 59252.22          24306                          2472 .39g -.005o -24.1
    58w 31.0 1  0  1612 2029:06:01 2314.060 56363.12          24357                          2449 .39g -.005o -25.0
    59w 30.0 1  0  1642 2029:07:01 2200.385 53655.64          24385                          2428 .39g -.005o -23.7
    60w 31.0 1  0  1673 2029:08:01 2090.398 51016.21          24405                          2408 .40g -.005o -22.7

                                    I M E X   T I M E   S T E P   S U M M A R Y
 ==================================================================================================================
    Time Step           Time                  Total Production             Total Injection  Total Max. Max. Change
 ---------------- ---------------- -------------------------------------- -----------------  PV   Mat. ------------
                C                    Oil      Gas     Water   GOR.  Wat.    Gas     Water   Avg.  bal. Satur. Pres.
        Size    U                                             SCF/   Cut                    Pres. err. DSMAX  DPMAX
  No.   Days IT T Days   yy:mm:dd   STB/D    MCF/D    STB/D    STB    %    MCF/D    STB/D   psia   %          psia
 ------ ---- -- - ----- ---------- -------- -------- -------- ----- ----- -------- -------- ----- ---- ------ -----
    61w 31.0 1  0  1704 2029:09:01 1986.380 48511.57          24422                          2388 .40g -.005o -21.4
    62w 30.0 1  0  1734 2029:10:01 1891.082 46211.84          24437                          2370 .40g -.004o -19.6
    63w 31.0 1  0  1765 2029:11:01 1798.125 43964.41          24450                          2353 .41g -.004o -19.1
    64w 30.0 1  0  1795 2029:12:01 1713.085 41903.93          24461                          2337 .41g -.004o -17.5
    65w 31.0 1  0  1826 2030:01:01 1630.069 39888.93          24471                          2321 .41g -.004o -17.2
    66w 31.0 1  0  1857 2030:02:01 1551.634 37981.38          24478                          2306 .42g -.003o -16.3
    67w 28.0 1  0  1885 2030:03:01 1484.339 36341.48          24483                          2293 .42g -.003o -14.0
    68w 31.0 1  0  1916 2030:04:01 1413.791 34620.27          24488                          2280 .42g -.003o -14.8
    69w 30.0 1  0  1946 2030:05:01 1349.085 33038.44          24490                          2267 .42g -.003o -13.6
    70w 31.0 1  0  1977 2030:06:01 1285.752 31487.94          24490                          2255 .42g -.003o -13.3
    71w 30.0 1  0  2007 2030:07:01 1227.590 30061.56          24488                          2244 .43g -.003o -12.3
    72w 31.0 1  0  2038 2030:08:01 1170.599 28661.98          24485                          2233 .43g -.002o -12.1
    73w 31.0 1  0  2069 2030:09:01 1116.548 27332.53          24479                          2222 .43g -.002o -11.5
    74w 30.0 1  0  2099 2030:10:01 1066.933 26109.25          24471                          2212 .43g -.002o -10.6
    75w 31.0 1  0  2130 2030:11:01 1018.322 24907.01          24459                          2203 .43g -.002o -10.4
    76w 30.0 1  0  2160 2030:12:01 973.5680 23799.16          24445                          2194 .44g -.002o  -9.6
    77w 31.0 1  0  2191 2031:01:01 929.6208 22710.18          24430                          2185 .44g -.002o -9.46
    78w 31.0 1  0  2222 2031:02:01 887.8462 21673.80          24412                          2177 .44g -.002o -9.01
    79w 28.0 1  0  2250 2031:03:01 851.8101 20778.66          24394                          2170 .44g -.002o -7.79
    80w 31.0 1  0  2281 2031:04:01 813.8455 19834.95          24372                          2163 .44g -.002o -8.21

                                    I M E X   T I M E   S T E P   S U M M A R Y
 ==================================================================================================================
    Time Step           Time                  Total Production             Total Injection  Total Max. Max. Change
 ---------------- ---------------- -------------------------------------- -----------------  PV   Mat. ------------
                C                    Oil      Gas     Water   GOR.  Wat.    Gas     Water   Avg.  bal. Satur. Pres.
        Size    U                                             SCF/   Cut                    Pres. err. DSMAX  DPMAX
  No.   Days IT T Days   yy:mm:dd   STB/D    MCF/D    STB/D    STB    %    MCF/D    STB/D   psia   %          psia
 ------ ---- -- - ----- ---------- -------- -------- -------- ----- ----- -------- -------- ----- ---- ------ -----
    81w 30.0 1  0  2311 2031:05:01 778.8481 18963.88          24349                          2156 .44g -.002o -7.59
    82w 31.0 1  0  2342 2031:06:01 744.4303 18106.42          24323                          2149 .44g -.002o -7.48
    83w 30.0 1  0  2372 2031:07:01 712.6822 17314.56          24295                          2143 .45g -.001o -6.91
    84w 31.0 1  0  2403 2031:08:01 681.4446 16534.71          24264                          2136 .45g -.001o -6.81
    85w 31.0 1  0  2434 2031:09:01 651.6999 15791.32          24231                          2130 .45g -.001o -6.49
    86w 30.0 1  0  2464 2031:10:01 624.2441 15104.41          24196                          2125 .45g -.001o -6.00
    87w 31.0 1  0  2495 2031:11:01 597.2203 14427.72          24158                          2120 .45g -.001o -5.92
    88w 30.0 1  0  2525 2031:12:01 572.2657 13802.14          24118                          2115 .45g -.001o -5.47
    89w 31.0 1  0  2556 2032:01:01 547.6879 13185.45          24075                          2110 .45g -.001o -5.39
    90w 31.0 1  0  2587 2032:02:01 524.2623 12597.07          24028                          2105 .45g -.001o -5.15
    91w 29.0 1  0  2616 2032:03:01 503.3113 12070.27          23982                          2101 .45g -.001o -4.61
    92w 31.0 1  0  2647 2032:04:01 481.9531 11532.84          23929                          2096 .45g -.001o -4.70
    93w 30.0 1  0  2677 2032:05:01 462.2177 11035.69          23876                          2092 .45g -.001o -4.35
    94w 31.0 1  0  2708 2032:06:01 442.7664 10545.28          23817                          2089 .46g -.001o -4.29
    95w 30.0 1  0  2738 2032:07:01 424.7874 10091.52          23757                          2085 .46g -9e-4o -3.97
    96w 31.0 1  0  2769 2032:08:01 407.0630 9643.822          23691                          2081 .46g -9e-4o -3.92
    97w 31.0 1  0  2800 2032:09:01 390.1543 9216.302          23622                          2078 .46g -9e-4o -3.74
    98w 30.0 1  0  2830 2032:10:01 374.5200 8820.619          23552                          2075 .46g -9e-4o -3.46
    99w 31.0 1  0  2861 2032:11:01 359.1025 8430.112          23475                          2072 .46g -9e-4o -3.42
   100w 30.0 1  0  2891 2032:12:01 344.8448 8068.613          23398                          2069 .46g -8e-4o -3.17

                                    I M E X   T I M E   S T E P   S U M M A R Y
 ==================================================================================================================
    Time Step           Time                  Total Production             Total Injection  Total Max. Max. Change
 ---------------- ---------------- -------------------------------------- -----------------  PV   Mat. ------------
                C                    Oil      Gas     Water   GOR.  Wat.    Gas     Water   Avg.  bal. Satur. Pres.
        Size    U                                             SCF/   Cut                    Pres. err. DSMAX  DPMAX
  No.   Days IT T Days   yy:mm:dd   STB/D    MCF/D    STB/D    STB    %    MCF/D    STB/D   psia   %          psia
 ------ ---- -- - ----- ---------- -------- -------- -------- ----- ----- -------- -------- ----- ---- ------ -----
   101w 31.0 1  0  2922 2033:01:01 330.7820 7711.779          23314                          2066 .46g -8e-4o -3.12
   102w 31.0 1  0  2953 2033:02:01 317.3601 7370.882          23226                          2063 .46g -8e-4o -2.98
   103w 28.0 1  0  2981 2033:03:01 305.7392 7075.413          23142                          2061 .46g -7e-4o -2.59
   104w 31.0 1  0  3012 2033:04:01 293.4526 6762.877          23046                          2058 .46g -8e-4o -2.73
   105w 30.0 1  0  3042 2033:05:01 282.0875 6473.461          22948                          2056 .46g -8e-4o -2.53
   106w 31.0 1  0  3073 2033:06:01 270.8734 6187.682          22843                          2054 .46g -8e-4o -2.50
   107w 30.0 1  0  3103 2033:07:01 260.4974 5923.004          22737                          2052 .46g -7e-4o -2.32
   108w 31.0 1  0  3134 2033:08:01 250.2581 5661.629          22623                          2050 .46g -7e-4o -2.29
   109w 31.0 1  0  3165 2033:09:01 240.4809 5411.826          22504                          2048 .46g -7e-4o -2.18
   110w 30.0 1  0  3195 2033:10:01 231.4325 5180.435          22384                          2046 .46g -7e-4o -2.02
   111w 31.0 1  0  3226 2033:11:01 222.5018 4951.904          22256                          2044 .46g -7e-4o -2.00
   112w 30.0 1  0  3256 2033:12:01 214.2367 4740.205          22126                          2042 .46g -7e-4o -1.85
   113w 31.0 1  0  3287 2034:01:01 206.0784 4531.108          21987                          2041 .46g -7e-4o -1.83
   114w 31.0 1  0  3318 2034:02:01 198.2864 4331.230          21843                          2039 .46g -7e-4o -1.75
   115w 28.0 1  0  3346 2034:03:01 191.5357 4157.887          21708                          2038 .46g -6e-4o -1.51
   116w 31.0 1  0  3377 2034:04:01 184.3937 3974.598          21555                          2036 .46g -7e-4o -1.60
   117w 30.0 1  0  3407 2034:05:01 177.7742 3804.481          21401                          2035 .46g -6e-4o -1.48
   118w 31.0 1  0  3438 2034:06:01 171.2441 3636.622          21236                          2033 .46g -6e-4o -1.46
   119w 30.0 1  0  3468 2034:07:01 165.2001 3481.103          21072                          2032 .47g -6e-4o -1.36
   120w 31.0 1  0  3499 2034:08:01 159.2326 3327.465          20897                          2031 .47g -6e-4o -1.34

                                    I M E X   T I M E   S T E P   S U M M A R Y
 ==================================================================================================================
    Time Step           Time                  Total Production             Total Injection  Total Max. Max. Change
 ---------------- ---------------- -------------------------------------- -----------------  PV   Mat. ------------
                C                    Oil      Gas     Water   GOR.  Wat.    Gas     Water   Avg.  bal. Satur. Pres.
        Size    U                                             SCF/   Cut                    Pres. err. DSMAX  DPMAX
  No.   Days IT T Days   yy:mm:dd   STB/D    MCF/D    STB/D    STB    %    MCF/D    STB/D   psia   %          psia
 ------ ---- -- - ----- ---------- -------- -------- -------- ----- ----- -------- -------- ----- ---- ------ -----
   121w 31.0 1  0  3530 2034:09:01 153.5318 3180.573          20716                          2030 .47g -6e-4o -1.28
   122w 30.0 1  0  3560 2034:10:01 148.2566 3044.520          20535                          2029 .47g -6e-4o -1.19
   123w 31.0 1  0  3591 2034:11:01 143.0825 2910.148          20339                          2028 .47g -6e-4o -1.17
   124w 30.0 1  0  3621 2034:12:01 138.2858 2785.644          20144                          2027 .47g -6e-4o -1.08
   125w 31.0 1  0  3652 2035:01:01 133.5435 2662.460          19937                          2026 .47g -6e-4o -1.07
   126w 31.0 1  0  3683 2035:02:01 129.0170 2544.799          19725                          2025 .47g -6e-4o -1.02
   127w 28.0 1  0  3711 2035:03:01 125.0954 2442.750          19527                          2024 .47g -5e-4o -.888
   128w 31.0 1  0  3742 2035:04:01 120.9440 2334.668          19304                          2023 .47g -6e-4o -.939
   129w 30.0 1  0  3772 2035:05:01 117.0982 2234.433          19082                          2022 .47g -6e-4o -.870
   130w 31.0 1  0  3803 2035:06:01 113.3001 2135.378          18847                          2022 .47g -6e-4o -.859
   131w 30.0 1  0  3833 2035:07:01 109.7820 2043.533          18614                          2021 .47g -6e-4o -.796
   132w 31.0 1  0  3864 2035:08:01 106.3079 1952.783          18369                          2020 .47g -6e-4o -.786
   133w 31.0 1  0  3895 2035:09:01 102.9838 1865.858          18118                          2019 .47g -6e-4o -.752
   134w 30.0 1  0  3925 2035:10:01  99.9018 1785.197          17870                          2019 .47g -6e-4o -.698
   135w 31.0 1  0  3956 2035:11:01 96.84943 1705.248          17607                          2018 .47g -6e-4o -.691
   136w 30.0 1  0  3986 2035:12:01 94.01493 1630.933          17348                          2018 .47g -5e-4o -.650
   137w 31.0 1  0  4017 2036:01:01 91.21155 1557.401          17075                          2017 .47g -6e-4o -.639
   138w 31.0 1  0  4048 2036:02:01 88.53150 1487.063          16797                          2016 .47g -6e-4o -.610
   139w 29.0 1  0  4077 2036:03:01 86.10775 1423.871          16536                          2016 .47g -5e-4o -.546
   140w 31.0 1  0  4108 2036:04:01 83.65476 1359.410          16250                          2015 .47g -6e-4o -.557

                                    I M E X   T I M E   S T E P   S U M M A R Y
 ==================================================================================================================
    Time Step           Time                  Total Production             Total Injection  Total Max. Max. Change
 ---------------- ---------------- -------------------------------------- -----------------  PV   Mat. ------------
                C                    Oil      Gas     Water   GOR.  Wat.    Gas     Water   Avg.  bal. Satur. Pres.
        Size    U                                             SCF/   Cut                    Pres. err. DSMAX  DPMAX
  No.   Days IT T Days   yy:mm:dd   STB/D    MCF/D    STB/D    STB    %    MCF/D    STB/D   psia   %          psia
 ------ ---- -- - ----- ---------- -------- -------- -------- ----- ----- -------- -------- ----- ---- ------ -----
   141w 30.0 1  0  4138 2036:05:01 81.38754 1299.727          15970                          2015 .47g -5e-4o -.516
   142w 31.0 1  0  4169 2036:06:01 79.15064 1240.809          15677                          2014 .47g -6e-4o -.509
   143w 30.0 1  0  4199 2036:07:01 77.08123 1186.253          15390                          2014 .47g -5e-4o -.471
   144w 31.0 1  0  4230 2036:08:01 75.03936 1132.397          15091                          2014 .47g -6e-4o -.464
   145w 31.0 1  0  4261 2036:09:01 73.09016 1080.945          14789                          2013 .47g -6e-4o -.443
   146w 30.0 1  0  4291 2036:10:01 71.28682 1033.305          14495                          2013 .47g -5e-4o -.410
   147w 31.0 1  0  4322 2036:11:01 69.50751 986.2812          14190                          2012 .47g -5e-4o -.405
   148w 30.0 1  0  4352 2036:12:01 67.85547 942.6185          13892                          2012 .47g -5e-4o -.375
   149w 31.0 1  0  4383 2037:01:01 66.22974 899.6074          13583                          2012 .47g -5e-4o -.370
   150w 31.0 1  0  4414 2037:02:01 64.67916 858.5439          13274                          2011 .47g -5e-4o -.353
   151w 28.0 1  0  4442 2037:03:01 63.33539 822.9162          12993                          2011 .47g -5e-4o -.306
   152w 31.0 1  0  4473 2037:04:01 61.91221 785.1937          12682                          2011 .47g -5e-4o -.323
   153w 30.0 1  0  4503 2037:05:01 60.59558 750.2569          12381                          2011 .47g -5e-4o -.299
   154w 31.0 1  0  4534 2037:06:01 59.29541 715.7464          12071                          2010 .47g -5e-4o -.295
   155w 30.0 1  0  4564 2037:07:01 58.09206 683.7795          11771                          2010 .47g -5e-4o -.273
   156w 31.0 1  0  4595 2037:08:01 56.90178 652.1475          11461                          2010 .47g -5e-4o -.270
   157w 31.0 1  0  4626 2037:09:01 55.76156 621.8219          11151                          2010 .47g -5e-4o -.258
   158w 30.0 1  0  4656 2037:10:01 54.70023 593.5680          10851                          2009 .47g -5e-4o -.241
   159w 31.0 1  0  4687 2037:11:01 53.64658 565.5157          10542                          2009 .47g -5e-4o -.245
   160w 30.0 1  0  4717 2037:12:01 52.66879 539.4693          10243                          2009 .47g -5e-4o -.225

                                    I M E X   T I M E   S T E P   S U M M A R Y
 ==================================================================================================================
    Time Step           Time                  Total Production             Total Injection  Total Max. Max. Change
 ---------------- ---------------- -------------------------------------- -----------------  PV   Mat. ------------
                C                    Oil      Gas     Water   GOR.  Wat.    Gas     Water   Avg.  bal. Satur. Pres.
        Size    U                                             SCF/   Cut                    Pres. err. DSMAX  DPMAX
  No.   Days IT T Days   yy:mm:dd   STB/D    MCF/D    STB/D    STB    %    MCF/D    STB/D   psia   %          psia
 ------ ---- -- - ----- ---------- -------- -------- -------- ----- ----- -------- -------- ----- ---- ------ -----
   161w 31.0 1  0  4748 2038:01:01 51.70277 513.7406           9936                          2009 .47g -5e-4o -.221
   162w 31.0 1  0  4779 2038:02:01 50.78099 489.1795           9633                          2009 .47g -5e-4o -.210
   163w 28.0 1  0  4807 2038:03:01 49.98380 467.9177           9361                          2008 .47g -5e-4o -.182
   164w 31.0 1  0  4838 2038:04:01 49.14147 445.4748           9065                          2008 .47g -5e-4o -.191
   165w 30.0 1  0  4868 2038:05:01 48.36396 424.7356           8782                          2008 .47g -5e-4o -.177
   166w 31.0 1  0  4899 2038:06:01 47.59789 404.3053           8494                          2008 .47g -5e-4o -.174
   167w 30.0 1  0  4929 2038:07:01 46.89055 385.4285           8220                          2008 .47g -5e-4o -.161
   168w 31.0 1  0  4960 2038:08:01 46.19361 366.8350           7941                          2008 .47g -5e-4o -.158
   169w 31.0 1  0  4991 2038:09:01 45.52953 349.1116           7668                          2007 .47g -5e-4o -.151
   170w 30.0 1  0  5021 2038:10:01 44.91620 332.7372           7408                          2007 .47g -5e-4o -.139
   171w 31.0 1  0  5052 2038:11:01 44.31184 316.6102           7145                          2007 .47g -5e-4o -.137
   172w 30.0 1  0  5082 2038:12:01 43.75381 301.7117           6896                          2007 .47g -5e-4o -.127
   173w 31.0 1  0  5113 2039:01:01 43.20387 287.0391           6644                          2007 .47g -5e-4o -.125
   174w 31.0 1  0  5144 2039:02:01 42.67980 273.0548           6398                          2007 .47g -5e-4o -.119
   175w 28.0 1  0  5172 2039:03:01 42.22690 260.9592           6180                          2007 .47g -5e-4o -.103
   176w 31.0 1  0  5203 2039:04:01 41.74803 248.1994           5945                          2007 .47g -5e-4o -.108
   177w 30.0 1  0  5233 2039:05:01 41.30613 236.4132           5723                          2007 .47g -5e-4o -.100
   178w 31.0 1  0  5264 2039:06:01 40.87048 224.8067           5500                          2007 .47g -5e-4o -.098
   179w 30.0 1  0  5294 2039:07:01 40.46817 214.0860           5290                          2006 .47g -5e-4o -.091
   180w 31.0 1  0  5325 2039:08:01 40.07148 203.5294           5079                          2006 .47g -5e-4o -.089

                                    I M E X   T I M E   S T E P   S U M M A R Y
 ==================================================================================================================
    Time Step           Time                  Total Production             Total Injection  Total Max. Max. Change
 ---------------- ---------------- -------------------------------------- -----------------  PV   Mat. ------------
                C                    Oil      Gas     Water   GOR.  Wat.    Gas     Water   Avg.  bal. Satur. Pres.
        Size    U                                             SCF/   Cut                    Pres. err. DSMAX  DPMAX
  No.   Days IT T Days   yy:mm:dd   STB/D    MCF/D    STB/D    STB    %    MCF/D    STB/D   psia   %          psia
 ------ ---- -- - ----- ---------- -------- -------- -------- ----- ----- -------- -------- ----- ---- ------ -----
   181w 31.0 1  0  5356 2039:09:01 39.69335 193.4698           4874                          2006 .47g -5e-4o -.085
   182w 30.0 1  0  5386 2039:10:01 39.34398 184.1786           4681                          2006 .47g -5e-4o -.079
   183w 31.0 1  0  5417 2039:11:01 38.99940 175.0304           4488                          2006 .47g -5e-4o -.077
   184w 30.0 1  0  5447 2039:12:01 38.68113 166.5816           4307                          2006 .47g -5e-4o -.071
   185w 31.0 1  0  5478 2040:01:01 38.36714 158.2633           4125                          2006 .47g -5e-4o -.070
   186w 31.0 1  0  5509 2040:02:01 38.06774 150.3376           3949                          2006 .47g -5e-4o -.067
   187w 29.0 1  0  5538 2040:03:01 37.79996 143.2505           3790                          2006 .47g -5e-4o -.060
   188w 31.0 1  0  5569 2040:04:01 37.52632 136.0339           3625                          2006 .47g -5e-4o -.061
   189w 30.0 1  0  5599 2040:05:01 37.27362 129.3699           3471                          2006 .47g -5e-4o -.056
   190w 31.0 1  0  5630 2040:06:01 37.02415 122.8095           3317                          2006 .47g -5e-4o -.055
   191w 30.0 1  0  5660 2040:07:01 36.79360 116.7516           3173                          2006 .47g -5e-4o -.051
   192w 31.0 1  0  5691 2040:08:01 36.56592 110.7882           3030                          2006 .47g -5e-4o -.050
   193w 31.0 1  0  5722 2040:09:01 36.34865 105.1074           2892                          2006 .47g -5e-4o -.048
   194w 30.0 1  0  5752 2040:10:01 36.14769  99.8620           2763                          2006 .47g -5e-4o -.044
   195w 31.0 1  0  5783 2040:11:01 35.94910 94.69899           2634                          2006 .47g -5e-4o -.043
   196w 30.0 1  0  5813 2040:12:01 35.76548 89.93212           2514                          2006 .47g -5e-4o -.040
   197w 31.0 1  0  5844 2041:01:01 35.58395 85.24027           2395                          2005 .47g -5e-4o -.039
   198w 31.0 1  0  5875 2041:02:01 35.41059 80.77134           2281                          2005 .47g -5e-4o -.037
   199w 28.0 1  0  5903 2041:03:01 35.26060 76.90806           2181                          2005 .47g -4e-4o -.032
   200w 31.0 1  0  5934 2041:04:01 35.10113 72.83501           2075                          2005 .47g -5e-4o -.034

                                    I M E X   T I M E   S T E P   S U M M A R Y
 ==================================================================================================================
    Time Step           Time                  Total Production             Total Injection  Total Max. Max. Change
 ---------------- ---------------- -------------------------------------- -----------------  PV   Mat. ------------
                C                    Oil      Gas     Water   GOR.  Wat.    Gas     Water   Avg.  bal. Satur. Pres.
        Size    U                                             SCF/   Cut                    Pres. err. DSMAX  DPMAX
  No.   Days IT T Days   yy:mm:dd   STB/D    MCF/D    STB/D    STB    %    MCF/D    STB/D   psia   %          psia
 ------ ---- -- - ----- ---------- -------- -------- -------- ----- ----- -------- -------- ----- ---- ------ -----
   201w 30.0 1  0  5964 2041:05:01 34.95379 69.07519           1976                          2005 .47g -5e-4o -.031
   202w 31.0 1  0  5995 2041:06:01 34.80793 65.37489           1878                          2005 .47g -5e-4o -.031
   203w 30.0 1  0  6025 2041:07:01 34.67289 61.95910           1787                          2005 .47g -5e-4o -.029
   204w 31.0 1  0  6056 2041:08:01 34.53913 58.59764           1697                          2005 .47g -5e-4o -.028
   205w 31.0 1  0  6087 2041:09:01 34.41118 55.39648           1610                          2005 .47g -5e-4o -.027
   206w 30.0 1  0  6117 2041:10:01 34.29254 52.44161           1529                          2005 .47g -5e-4o -.025
   207w 31.0 1  0  6148 2041:11:01 34.17489 49.53401           1449                          2005 .47g -5e-4o -.024
   208w 30.0 1  0  6178 2041:12:01 34.06584 46.85040           1375                          2005 .47g -5e-4o -.022
   209w 31.0 1  0  6209 2042:01:01 33.95761 44.20985           1302                          2005 .47g -5e-4o -.022
   210w 31.0 1  0  6240 2042:02:01 33.85392 41.69560           1232                          2005 .47g -5e-4o -.021
   211w 28.0 1  0  6268 2042:03:01 33.76401 39.52274           1171                          2005 .47g -4e-4o -.018
   212w 31.0 1  0  6299 2042:04:01 33.66784 37.23257           1106                          2005 .47g -5e-4o -.019
   213w 30.0 1  0  6329 2042:05:01 33.57877 35.11932           1046                          2005 .47g -5e-4o -.018
   214w 31.0 1  0  6360 2042:06:01 33.49015 33.04017          986.6                          2005 .47g -5e-4o -.017
   215w 30.0 1  0  6390 2042:07:01 33.40783 31.12155          931.6                          2005 .47g -5e-4o -.016
   216w 31.0 1  0  6421 2042:08:01 33.32583 29.23404          877.2                          2005 .47g -5e-4o -.016
   217w 31.0 1  0  6452 2042:09:01 33.24705 27.43720          825.3                          2005 .47g -5e-4o -.015
   218w 30.0 1  0  6482 2042:10:01 33.17367 25.77916          777.1                          2005 .47g -5e-4o -.014
   219w 31.0 1  0  6513 2042:11:01 33.02023 24.16808          731.9                          2005 .47g -5e-4o -.014
   220w 30.0 1  0  6543 2042:12:01 32.86510 22.68497          690.2                          2005 .47g -5e-4o -.012

                                    I M E X   T I M E   S T E P   S U M M A R Y
 ==================================================================================================================
    Time Step           Time                  Total Production             Total Injection  Total Max. Max. Change
 ---------------- ---------------- -------------------------------------- -----------------  PV   Mat. ------------
                C                    Oil      Gas     Water   GOR.  Wat.    Gas     Water   Avg.  bal. Satur. Pres.
        Size    U                                             SCF/   Cut                    Pres. err. DSMAX  DPMAX
  No.   Days IT T Days   yy:mm:dd   STB/D    MCF/D    STB/D    STB    %    MCF/D    STB/D   psia   %          psia
 ------ ---- -- - ----- ---------- -------- -------- -------- ----- ----- -------- -------- ----- ---- ------ -----
   221w 31.0 1  0  6574 2043:01:01 32.70295 21.22817          649.1                          2005 .47g -5e-4o -.012
   222w 31.0 1  0  6605 2043:02:01 31.62659 20.07019          634.6                          2005 .47g -5e-4o -.012
   223w 28.0 1  0  6633 2043:03:01 30.23435 19.18660          634.6                          2005 .47g -4e-4o -.010
   224w 31.0 1  0  6664 2043:04:01 28.76645 18.25501          634.6                          2005 .47g -5e-4o -.011
   225w 30.0 1  0  6694 2043:05:01 27.41291 17.39600          634.6                          2005 .47g -4e-4o -.010
   226w 31.0 1  0  6725 2043:06:01 26.08200 16.55136          634.6                          2005 .47g -5e-4o -.010
   227w 30.0 1  0  6755 2043:07:01 24.85480 15.77254          634.6                          2005 .47g -4e-4o -.009
   228w 31.0 1  0  6786 2043:08:01 23.64842 15.00693          634.6                          2005 .47g -4e-4o -.009
   229w 31.0 1  0  6817 2043:09:01 22.50104 14.27878          634.6                          2005 .47g -4e-4o -.008
   230w 30.0 1  0  6847 2043:10:01 21.44329 13.60750          634.6                          2005 .47g -4e-4o -.008
   231w 31.0 1  0  6878 2043:11:01 20.40377 12.94781          634.6                          2005 .47g -4e-4o -.008
   232w 30.0 1  0  6908 2043:12:01 19.44573 12.33982          634.6                          2005 .47g -4e-4o -.007
   233w 31.0 1  0  6939 2044:01:01 18.50434 11.74239          634.6                          2005 .47g -4e-4o -.007
   234w 31.0 1  0  6970 2044:02:01 17.60936 11.17443          634.6                          2005 .47g -4e-4o -.007
   235w 29.0 1  0  6999 2044:03:01 16.81080 10.66766          634.6                          2005 .47g -4e-4o -.006
   236w 31.0 1  0  7030 2044:04:01 15.99915 10.15258          634.6                          2005 .47g -4e-4o -.006
   237w 30.0 1  0  7060 2044:05:01 15.25145  9.67809          634.6                          2005 .47g -4e-4o -.005
   238w 31.0 1  0  7091 2044:06:01 14.51692 9.211955          634.6                          2005 .47g -4e-4g -.005
   239w 30.0 1  0  7121 2044:07:01 13.84023 8.782529          634.6                          2005 .47g -4e-4g -.005
   240w 31.0 1  0  7152 2044:08:01 13.17551 8.360702          634.6                          2005 .47g -5e-4g -.005

                                    I M E X   T I M E   S T E P   S U M M A R Y
 ==================================================================================================================
    Time Step           Time                  Total Production             Total Injection  Total Max. Max. Change
 ---------------- ---------------- -------------------------------------- -----------------  PV   Mat. ------------
                C                    Oil      Gas     Water   GOR.  Wat.    Gas     Water   Avg.  bal. Satur. Pres.
        Size    U                                             SCF/   Cut                    Pres. err. DSMAX  DPMAX
  No.   Days IT T Days   yy:mm:dd   STB/D    MCF/D    STB/D    STB    %    MCF/D    STB/D   psia   %          psia
 ------ ---- -- - ----- ---------- -------- -------- -------- ----- ----- -------- -------- ----- ---- ------ -----
   241w 31.0 1  0  7183 2044:09:01 12.54379 7.959820          634.6                          2005 .47g -5e-4g -.005
   242w 30.0 1  0  7213 2044:10:01 11.96181 7.590497          634.6                          2005 .47g -5e-4g -.004
   243w 31.0 1  0  7244 2044:11:01 11.39018 7.227748          634.6                          2005 .47g -5e-4g -.004
   244w 30.0 1  0  7274 2044:12:01 10.86365 6.893617          634.6                          2005 .47g -5e-4g -.004
   245w 31.0 1  0  7305 2045:01:01 10.34652 6.565454          634.6                          2005 .47g -5e-4g -.004

 ===================== SUMMARY (from subroutine: TSIO)   ======================
  Simulation run terminated. Stopping time reached.
    
     1 Warning messages.    0 Error messages.
 ==============================================================================



                          Global Storage Usage
                          ====================

             Section           Bytes          Mbytes   # Objects
        ------------    ------------    ------------   ---------
              MXSLVR          412432           0.393          98
              GRMOD0          216624           0.207         482
               IMEX2          125666           0.120         693
               IMEX1          113584           0.108         588
               IMEX3           50818           0.048         249
              MXGR01           50312           0.048          18
              WMCOM1           42317           0.040         982
              GRMOD1           36256           0.035         151
              KWCOM1           34735           0.033          52
              EQTPAR           29876           0.028          69
               POINT           25144           0.024          96
              SR2COM           22000           0.021          92
             MXSLVR1           12880           0.012          14
              MXWELL            8976           0.009         262
           GLOBSTORE            7478           0.007          27
              MXINIT            6244           0.006          23
              CMPDIL            6112           0.006          25
               PRTCM            5760           0.005          17
              SECTOR            2464           0.002          13
               SAMG1            1873           0.002         255
              PGMCH1            1794           0.002         319
             CMGFILE            1206           0.001          19
                FLXB            1156           0.001          27
                CMB1             600           0.001          68
           PGSCOMMON             476           0.000          64
                 MTS             340           0.000          18
           PGPARASOL             296           0.000          65
              SGCOM2             216           0.000          54
              SGCOM1             180           0.000          44
              GRMOD2             156           0.000          38
              WMCOM3              92           0.000           4
              WMCOM2              76           0.000          15
              WMCOM5              52           0.000          13
              SGCOM3              32           0.000           8
        PGMATDOMAINS              16           0.000           4
              WMCOM7               8           0.000           2
              DEPTAB               8           0.000           2
              SGCOM4               4           0.000           1
            PGSINT3D               0           0.000           0
              MXPRSL               0           0.000           0
        ------------    ------------    ------------   ---------
               Total         1218259           1.162        4971
            Maximium         1678995           1.601

       Field Total                                   Fluid
                             Oil       Gas       Water    Solvent   Polymer    Salt
                            -------   -------   -------   -------   -------   -------
                            (MSTB)    (MMSCF)   (MSTB)    (MMSCF)    (MLB)     (MLB)
  Cumulative Production       18440    178768      0        NA        NA        NA   
  Cumulative Injection        NA         0         0        NA        NA        NA   
  Cumulative Gas Lift         NA         0        NA        NA        NA        NA   
  Cumulative Aquifer Influx   NA        NA         0        NA        NA        NA   
  Current Fluids In Place    246778    229083     63360     NA        NA        NA   
  Production Rates           .01035    .00657      0        NA        NA        NA   
  Injection Rates             NA         0         0        NA        NA        NA   

  Timesteps:    245  Newton Cycles:      249  Cuts:      0  Solver Iterations:         1689
  Average Implicitness    : 0.572
  Fluid Component Model   : BLACKOIL (SINGLE-P)
  Material Balances (owg): 1.000 1.000 1.005
  Average Active Blocks:         300 Average Non-BHP Active Wells:     0
  Total Blocks :         300 Total Wells :     2
  Active Blocks:         300 Non-BHP Active Wells:     0
  Time at end of simulation:   7305.00     (days)   
  Average reservoir pressure excluding water zone: 2004.832 (psi)    
  Total Number of Solver Failures:       0  Stalls:       0  ITERMAX Reached:       0
  Jacobian Domains      1  
  Total lstpro/lstpar calls:     2  (    8)
  Linear Solver: Aimsol
  Preconditioner Ordering: REDBLACK
  Preconditioner Degree           1
  KMP_AFFINITY: Default
  OMP_SCHEDULE: Default
  Max Impl Blocks:      185  %Impl: 61.7%  (TS,CUT,NCYC): (    37, 0,  1 )
  Max Solver Iterations (TS,CUT,NCYC):       8 (    27, 0,  1 )
  Number of threads set:    1
  Total number of cpus:    4
  Memory Usage Peak:       64 MB on TS:   208 TS 1 Peak:       40 MB  Average:       56 MB  VM Size:       72 MB
  Host computer: IKIEARTH
  CPU Time:             4.14 seconds
  Elapsed Time:         4.50 seconds

  End of Simulation: Normal Termination

  Date and Time of End of Run:  Apr 22, 2025  18:38:21

