    Opened LOG FILE         on unit 10, filename is 'D:\TA MANDIRI\SKENARIO CMG\A1C.log'
 ********************************************************************************
 *                                                                              *
 *                                IMEX  2021.10                                 *
 *            Adaptive-Implicit Black Oil & Unconventional Simulator            *
 *                         General Release for Win x64                          *
 *                            2021-Nov-16   12:35:59                            *
 *                                                                              *
 *                          (c) Copyright 1977 - 2021                           *
 *                Computer Modelling Group Ltd., Calgary, Canada                *
 *                             All Rights Reserved                              *
 *                                                                              *
 ********************************************************************************


 Command-line Arguments:  -dimsum
                          -wd D:\TA MANDIRI\SKENARIO CMG
                          -log
                          -f D:\TA MANDIRI\SKENARIO CMG\A1C.dat

  Date and Time of Start of Run:  Apr 18, 2025  22:27:22


*** Input/Output files specification :
    Opened data file        on unit 11, filename is 'D:\TA MANDIRI\SKENARIO CMG\A1C.dat'
    Opened Scratch file     on unit 12
    Opened Scratch file     on unit 13
    Opened output file      on unit 14, filename is 'D:\TA MANDIRI\SKENARIO CMG\A1C.out'
    Opened SR3-OUT          on unit 15, filename is 'D:\TA MANDIRI\SKENARIO CMG\A1C.sr3'
    Opened Restart-SR3      on unit 16, filename is 'D:\TA MANDIRI\SKENARIO CMG\A1C.rstr.sr3'
    Opened GRID scratchfile on unit 17

 ===================== WARNING (from subroutine: INCOMP) ======================
  P/Z Output is disabled as Temperatures were not defined for all PVT Regions
  Please review the *TRES Keyword
  Line: 68   File Name: D:\TA MANDIRI\SKENARIO CMG\A1C.dat
 ==============================================================================


 ===================== SUMMARY (from subroutine: INDATA) ======================
  Reading of initial data is complete.
  Simulation will stop if there were error messages.
     1 Warning messages.    0 Error messages.
 ==============================================================================



                          Global Storage Usage
                          ====================

             Section           Bytes          Mbytes   # Objects
        ------------    ------------    ------------   ---------
              MXSLVR          242312           0.231          98
              GRMOD0          216624           0.207         482
               IMEX2          125666           0.120         693
               IMEX1          113584           0.108         588
               IMEX3           50818           0.048         249
              MXGR01           50312           0.048          18
              WMCOM1           42317           0.040         982
              GRMOD1           36256           0.035         151
              KWCOM1           34735           0.033          52
              EQTPAR           29876           0.028          69
               POINT           25144           0.024          96
              SR2COM           22000           0.021          92
             MXSLVR1           12880           0.012          14
              MXWELL            8976           0.009         262
           GLOBSTORE            7478           0.007          27
              MXINIT            6244           0.006          23
              CMPDIL            6112           0.006          25
               PRTCM            5760           0.005          17
              SECTOR            2464           0.002          13
               SAMG1            1873           0.002         255
              PGMCH1            1794           0.002         319
             CMGFILE            1206           0.001          19
                FLXB            1156           0.001          27
                CMB1             600           0.001          68
           PGSCOMMON             476           0.000          64
                 MTS             340           0.000          18
           PGPARASOL             296           0.000          65
              SGCOM2             216           0.000          54
              SGCOM1             180           0.000          44
              GRMOD2             156           0.000          38
              WMCOM3              92           0.000           4
              WMCOM2              76           0.000          15
              WMCOM5              52           0.000          13
              SGCOM3              32           0.000           8
        PGMATDOMAINS              16           0.000           4
              WMCOM7               8           0.000           2
              DEPTAB               8           0.000           2
              SGCOM4               4           0.000           1
            PGSINT3D               0           0.000           0
              MXPRSL               0           0.000           0
        ------------    ------------    ------------   ---------
               Total         1048139           1.000        4971
            Maximium         1678995           1.601

                                    I M E X   T I M E   S T E P   S U M M A R Y
 ==================================================================================================================
    Time Step           Time                  Total Production             Total Injection  Total Max. Max. Change
 ---------------- ---------------- -------------------------------------- -----------------  PV   Mat. ------------
                C                    Oil      Gas     Water   GOR.  Wat.    Gas     Water   Avg.  bal. Satur. Pres.
        Size    U                                             SCF/   Cut                    Pres. err. DSMAX  DPMAX
  No.   Days IT T Days   yy:mm:dd   STB/D    MCF/D    STB/D    STB    %    MCF/D    STB/D   psia   %          psia
 ------ ---- -- - ----- ---------- -------- -------- -------- ----- ----- -------- -------- ----- ---- ------ -----
     1w 1.00 2  0 1.000 2025:01:02 67521.77 100086.8           1482                          4792 e-3o -.033o  -267
     2  1.63 1  0 2.627 2025:01:04 54713.19 97482.35           1782                          4786 e-4g -.036o  -278
     3  2.54 1  0 5.171 2025:01:06 43763.43 90378.65           2065                          4780 e-3g -.026o  -231
     4  4.80 1  0  9.97 2025:01:11 36010.04 80381.15           2232                          4768 e-3g -.019o  -216
     5   9.7 1  0 19.65 2025:01:21 31872.92 69572.29           2183                          4747 .01g -.029o  -178
     6  11.3 1  0 31.00 2025:02:01 28398.80 68412.02           2409                          4725 e-3g -.021o  -126
     7w 28.0 1  0 59.00 2025:03:01 25440.61 61300.13           2410                          4672 .02g -.049o  -165
     8w 31.0 2  0 90.00 2025:04:01 23198.11 60423.91           2605                          4618 .02g -.034o  -116
     9w 30.0 1  0 120.0 2025:05:01 21922.52 58876.11           2686                          4568 .03g -.033o -85.0
    10w 31.0 1  0 151.0 2025:06:01 20956.29 57947.48           2765                          4517 .04g -.030o -72.6
    11w 30.0 1  0 181.0 2025:07:01 20137.59 57168.88           2839                          4471 .05g -.025o -58.9
    12w 31.0 1  0 212.0 2025:08:01 19359.45 56910.43           2940                          4425 .06g -.025o -54.5
    13w 31.0 1  0 243.0 2025:09:01 18620.32 56962.51           3059                          4380 .06g -.025o -49.6
    14w 30.0 1  0 273.0 2025:10:01 17952.33 57379.53           3196                          4338 .07g -.024o -45.8
    15w 31.0 1  0 304.0 2025:11:01 17274.56 58068.09           3361                          4295 .08g -.025o -46.2
    16w 30.0 1  0 334.0 2025:12:01 16665.29 59514.73           3571                          4254 .08g -.026o -43.6
    17w 31.0 1  0 365.0 2026:01:01 16020.70 61279.47           3825                          4212 .09g -.025o -45.2
    18w 31.0 1  0 396.0 2026:02:01 15380.10 63295.43           4115                          4171 .10g -.026o -45.1
    19w 28.0 1  0 424.0 2026:03:01 14819.90 65332.35           4408                          4133 .10g -.022o -40.8
    20w 31.0 1  0 455.0 2026:04:01 14271.17 68602.42           4807                          4091 .10g -.024o -45.7

                                    I M E X   T I M E   S T E P   S U M M A R Y
 ==================================================================================================================
    Time Step           Time                  Total Production             Total Injection  Total Max. Max. Change
 ---------------- ---------------- -------------------------------------- -----------------  PV   Mat. ------------
                C                    Oil      Gas     Water   GOR.  Wat.    Gas     Water   Avg.  bal. Satur. Pres.
        Size    U                                             SCF/   Cut                    Pres. err. DSMAX  DPMAX
  No.   Days IT T Days   yy:mm:dd   STB/D    MCF/D    STB/D    STB    %    MCF/D    STB/D   psia   %          psia
 ------ ---- -- - ----- ---------- -------- -------- -------- ----- ----- -------- -------- ----- ---- ------ -----
    21w 30.0 1  0 485.0 2026:05:01 13722.34 71483.24           5209                          4049 .11g -.023o -46.1
    22w 31.0 1  0 516.0 2026:06:01 13186.23 75582.26           5732                          4005 .12g -.024o -48.6
    23w 30.0 1  0 546.0 2026:07:01 12665.17 79543.39           6280                          3961 .13g -.023o -48.1
    24w 31.0 1  0 577.0 2026:08:01 12144.85 84012.14           6918                          3915 .13g -.024o -51.9
    25w 31.0 2  0 608.0 2026:09:01 11685.02 90532.07           7748                          3867 .13g -.023o -54.0
    26w 30.0 1  0 638.0 2026:10:01 11277.85 97533.41           8648                          3817 .14g -.022o -55.6
    27w 31.0 1  0 669.0 2026:11:01 10867.32 104662.5           9631                          3763 .15g -.022o -61.0
    28w 30.0 1  0 699.0 2026:12:01 10461.08 110863.7          10598                          3710 .16g -.020o -62.4
    29w 31.0 1  0 730.0 2027:01:01 10040.73 116293.2          11582                          3653 .18g -.021o -67.1
    30w 31.0 1  0 761.0 2027:02:01 9619.920 120525.2          12529                          3595 .19g -.020o -67.8
    31w 28.0 1  0 789.0 2027:03:01 9241.502 123064.7          13317                          3543 .21g -.016o -61.0
    32w 31.0 1  0 820.0 2027:04:01 8828.093 124411.2          14093                          3486 .22g -.016o -65.6
    33w 30.0 2  0 850.0 2027:05:01 8441.142 128364.3          15207                          3431 .22g -.012o -61.9
    34w 31.0 1  0 881.0 2027:06:01 8057.283 131362.7          16304                          3373 .24g -.011o -64.5
    35w 30.0 1  0 911.0 2027:07:01 7688.366 132981.4          17296                          3317 .25g -.010o -61.8
    36w 31.0 1  0 942.0 2027:08:01 7312.044 133418.9          18246                          3261 .27g -.009o -62.6
    37w 31.0 1  0 973.0 2027:09:01 6944.137 132753.0          19117                          3205 .29g -.009o -61.0
    38w 30.0 1  0  1003 2027:10:01 6599.157 131231.3          19886                          3153 .30g -.009o -57.3
    39w 31.0 1  0  1034 2027:11:01 6250.759 128106.3          20495                          3100 .32g -.009o -56.7
    40w 30.0 1  0  1064 2027:12:01 5932.161 124011.1          20905                          3052 .33g -.009o -52.4

                                    I M E X   T I M E   S T E P   S U M M A R Y
 ==================================================================================================================
    Time Step           Time                  Total Production             Total Injection  Total Max. Max. Change
 ---------------- ---------------- -------------------------------------- -----------------  PV   Mat. ------------
                C                    Oil      Gas     Water   GOR.  Wat.    Gas     Water   Avg.  bal. Satur. Pres.
        Size    U                                             SCF/   Cut                    Pres. err. DSMAX  DPMAX
  No.   Days IT T Days   yy:mm:dd   STB/D    MCF/D    STB/D    STB    %    MCF/D    STB/D   psia   %          psia
 ------ ---- -- - ----- ---------- -------- -------- -------- ----- ----- -------- -------- ----- ---- ------ -----
    41w 31.0 1  0  1095 2028:01:01 5621.349 119758.9          21304                          3004 .33g -.009o -51.8
    42w 31.0 1  0  1126 2028:02:01 5325.316 115419.5          21674                          2958 .32g -.009o -49.7
    43w 29.0 1  0  1155 2028:03:01 5061.172 111263.0          21984                          2916 .32g -.008o -45.6
    44w 31.0 1  0  1186 2028:04:01 4791.272 106781.4          22287                          2871 .33g -.009o -49.7
    45w 30.0 1  0  1216 2028:05:01 4542.938 102456.0          22553                          2830 .34g -.008o -44.9
    46w 31.0 1  0  1247 2028:06:01 4300.680 98066.00          22802                          2790 .35g -.008o -43.6
    47w 30.0 1  0  1277 2028:07:01 4080.020 93925.14          23021                          2754 .35g -.008o -39.8
    48w 31.0 1  0  1308 2028:08:01 3863.571 89735.36          23226                          2718 .36g -.008o -38.9
    49w 31.0 1  0  1339 2028:09:01 3661.709 85722.47          23411                          2684 .37g -.007o -36.8
    50w 30.0 1  0  1369 2028:10:01 3478.011 81980.67          23571                          2653 .38g -.007o -33.8
    51w 31.0 1  0  1400 2028:11:01 3299.483 78265.37          23720                          2623 .38g -.007o -33.1
    52w 30.0 1  0  1430 2028:12:01 3135.781 74787.95          23850                          2595 .39g -.006o -30.4
    53w 31.0 1  0  1461 2029:01:01 2976.990 71357.97          23970                          2567 .39g -.006o -29.8
    54w 31.0 1  0  1492 2029:02:01 2826.613 68054.58          24076                          2541 .40g -.006o -28.3
    55w 28.0 1  0  1520 2029:03:01 2697.485 65177.10          24162                          2519 .40g -.005o -24.4
    56w 31.0 1  0  1551 2029:04:01 2562.292 62121.18          24244                          2495 .40g -.005o -25.8
    57w 30.0 1  0  1581 2029:05:01 2437.801 59252.22          24306                          2472 .39g -.005o -24.1
    58w 31.0 1  0  1612 2029:06:01 2314.060 56363.12          24357                          2449 .39g -.005o -25.0
    59w 30.0 1  0  1642 2029:07:01 2200.385 53655.64          24385                          2428 .39g -.005o -23.7
    60w 31.0 1  0  1673 2029:08:01 2090.398 51016.21          24405                          2408 .40g -.005o -22.7

                                    I M E X   T I M E   S T E P   S U M M A R Y
 ==================================================================================================================
    Time Step           Time                  Total Production             Total Injection  Total Max. Max. Change
 ---------------- ---------------- -------------------------------------- -----------------  PV   Mat. ------------
                C                    Oil      Gas     Water   GOR.  Wat.    Gas     Water   Avg.  bal. Satur. Pres.
        Size    U                                             SCF/   Cut                    Pres. err. DSMAX  DPMAX
  No.   Days IT T Days   yy:mm:dd   STB/D    MCF/D    STB/D    STB    %    MCF/D    STB/D   psia   %          psia
 ------ ---- -- - ----- ---------- -------- -------- -------- ----- ----- -------- -------- ----- ---- ------ -----
    61w 31.0 1  0  1704 2029:09:01 1986.380 48511.57          24422                          2388 .40g -.005o -21.4
    62w 30.0 1  0  1734 2029:10:01 1891.082 46211.84          24437                          2370 .40g -.004o -19.6
    63w 31.0 1  0  1765 2029:11:01 1798.125 43964.41          24450                          2353 .41g -.004o -19.1
    64w 30.0 1  0  1795 2029:12:01 1713.085 41903.93          24461                          2337 .41g -.004o -17.5
    65w 31.0 1  0  1826 2030:01:01 1630.069 39888.93          24471                          2321 .41g -.004o -17.2
    66w 31.0 1  0  1857 2030:02:01 1551.634 37981.38          24478                          2306 .42g -.003o -16.3
    67w 28.0 1  0  1885 2030:03:01 1484.339 36341.48          24483                          2293 .42g -.003o -14.0
    68w 31.0 1  0  1916 2030:04:01 1413.791 34620.27          24488                          2280 .42g -.003o -14.8
    69w 30.0 1  0  1946 2030:05:01 1349.085 33038.44          24490                          2267 .42g -.003o -13.6
    70w 31.0 1  0  1977 2030:06:01 1285.752 31487.94          24490                          2255 .42g -.003o -13.3
    71w 30.0 1  0  2007 2030:07:01 1227.590 30061.56          24488                          2244 .43g -.003o -12.3
    72w 31.0 1  0  2038 2030:08:01 1170.599 28661.98          24485                          2233 .43g -.002o -12.1
    73w 31.0 1  0  2069 2030:09:01 1116.548 27332.53          24479                          2222 .43g -.002o -11.5
    74w 30.0 1  0  2099 2030:10:01 1066.933 26109.25          24471                          2212 .43g -.002o -10.6
    75w 31.0 1  0  2130 2030:11:01 1018.322 24907.01          24459                          2203 .43g -.002o -10.4
    76w 30.0 1  0  2160 2030:12:01 973.5680 23799.16          24445                          2194 .44g -.002o  -9.6
    77w 31.0 1  0  2191 2031:01:01 929.6208 22710.18          24430                          2185 .44g -.002o -9.46
    78w 31.0 1  0  2222 2031:02:01 887.8462 21673.80          24412                          2177 .44g -.002o -9.01
    79w 28.0 1  0  2250 2031:03:01 851.8101 20778.66          24394                          2170 .44g -.002o -7.79
    80w 31.0 1  0  2281 2031:04:01 813.8455 19834.95          24372                          2163 .44g -.002o -8.21

                                    I M E X   T I M E   S T E P   S U M M A R Y
 ==================================================================================================================
    Time Step           Time                  Total Production             Total Injection  Total Max. Max. Change
 ---------------- ---------------- -------------------------------------- -----------------  PV   Mat. ------------
                C                    Oil      Gas     Water   GOR.  Wat.    Gas     Water   Avg.  bal. Satur. Pres.
        Size    U                                             SCF/   Cut                    Pres. err. DSMAX  DPMAX
  No.   Days IT T Days   yy:mm:dd   STB/D    MCF/D    STB/D    STB    %    MCF/D    STB/D   psia   %          psia
 ------ ---- -- - ----- ---------- -------- -------- -------- ----- ----- -------- -------- ----- ---- ------ -----
    81w 30.0 1  0  2311 2031:05:01 778.8481 18963.88          24349                          2156 .44g -.002o -7.59
    82w 31.0 1  0  2342 2031:06:01 744.4303 18106.42          24323                          2149 .44g -.002o -7.48
    83w 30.0 1  0  2372 2031:07:01 712.6822 17314.56          24295                          2143 .45g -.001o -6.91
    84w 31.0 1  0  2403 2031:08:01 681.4446 16534.71          24264                          2136 .45g -.001o -6.81
    85w 31.0 1  0  2434 2031:09:01 651.6999 15791.32          24231                          2130 .45g -.001o -6.49
    86w 30.0 1  0  2464 2031:10:01 624.2441 15104.41          24196                          2125 .45g -.001o -6.00
    87w 31.0 1  0  2495 2031:11:01 597.2203 14427.72          24158                          2120 .45g -.001o -5.92
    88w 30.0 1  0  2525 2031:12:01 572.2657 13802.14          24118                          2115 .45g -.001o -5.47
    89w 31.0 1  0  2556 2032:01:01 547.6879 13185.45          24075                          2110 .45g -.001o -5.39
    90w 31.0 1  0  2587 2032:02:01 524.2623 12597.07          24028                          2105 .45g -.001o -5.15
    91w 29.0 1  0  2616 2032:03:01 503.3113 12070.27          23982                          2101 .45g -.001o -4.61
    92w 31.0 1  0  2647 2032:04:01 481.9531 11532.84          23929                          2096 .45g -.001o -4.70
    93w 30.0 1  0  2677 2032:05:01 462.2177 11035.69          23876                          2092 .45g -.001o -4.35
    94w 31.0 1  0  2708 2032:06:01 442.7664 10545.28          23817                          2089 .46g -.001o -4.29
    95w 30.0 1  0  2738 2032:07:01 424.7874 10091.52          23757                          2085 .46g -9e-4o -3.97
    96w 31.0 1  0  2769 2032:08:01 407.0630 9643.822          23691                          2081 .46g -9e-4o -3.92
    97w 31.0 1  0  2800 2032:09:01 390.1543 9216.302          23622                          2078 .46g -9e-4o -3.74
    98w 30.0 1  0  2830 2032:10:01 374.5200 8820.619          23552                          2075 .46g -9e-4o -3.46
    99w 31.0 1  0  2861 2032:11:01 359.1025 8430.112          23475                          2072 .46g -9e-4o -3.42
   100w 30.0 1  0  2891 2032:12:01 344.8448 8068.613          23398                          2069 .46g -8e-4o -3.17

                                    I M E X   T I M E   S T E P   S U M M A R Y
 ==================================================================================================================
    Time Step           Time                  Total Production             Total Injection  Total Max. Max. Change
 ---------------- ---------------- -------------------------------------- -----------------  PV   Mat. ------------
                C                    Oil      Gas     Water   GOR.  Wat.    Gas     Water   Avg.  bal. Satur. Pres.
        Size    U                                             SCF/   Cut                    Pres. err. DSMAX  DPMAX
  No.   Days IT T Days   yy:mm:dd   STB/D    MCF/D    STB/D    STB    %    MCF/D    STB/D   psia   %          psia
 ------ ---- -- - ----- ---------- -------- -------- -------- ----- ----- -------- -------- ----- ---- ------ -----
   101w 31.0 1  0  2922 2033:01:01 330.7820 7711.779          23314                          2066 .46g -8e-4o -3.12
   102w 31.0 1  0  2953 2033:02:01 317.3601 7370.882          23226                          2063 .46g -8e-4o -2.98
   103w 28.0 1  0  2981 2033:03:01 305.7392 7075.413          23142                          2061 .46g -7e-4o -2.59
   104w 31.0 1  0  3012 2033:04:01 293.4526 6762.877          23046                          2058 .46g -8e-4o -2.73
   105w 30.0 1  0  3042 2033:05:01 282.0875 6473.461          22948                          2056 .46g -8e-4o -2.53
   106w 31.0 1  0  3073 2033:06:01 270.8734 6187.682          22843                          2054 .46g -8e-4o -2.50
   107w 30.0 1  0  3103 2033:07:01 260.4974 5923.004          22737                          2052 .46g -7e-4o -2.32
   108w 31.0 1  0  3134 2033:08:01 250.2581 5661.629          22623                          2050 .46g -7e-4o -2.29
   109w 31.0 1  0  3165 2033:09:01 240.4809 5411.826          22504                          2048 .46g -7e-4o -2.18
   110w 30.0 1  0  3195 2033:10:01 231.4325 5180.435          22384                          2046 .46g -7e-4o -2.02
   111w 31.0 1  0  3226 2033:11:01 222.5018 4951.904          22256                          2044 .46g -7e-4o -2.00
   112w 30.0 1  0  3256 2033:12:01 214.2367 4740.205          22126                          2042 .46g -7e-4o -1.85
   113w 31.0 1  0  3287 2034:01:01 206.0784 4531.108          21987                          2041 .46g -7e-4o -1.83
   114w 31.0 1  0  3318 2034:02:01 198.2864 4331.230          21843                          2039 .46g -7e-4o -1.75
   115w 28.0 1  0  3346 2034:03:01 191.5357 4157.887          21708                          2038 .46g -6e-4o -1.51
   116w 31.0 1  0  3377 2034:04:01 184.3937 3974.598          21555                          2036 .46g -7e-4o -1.60
   117w 30.0 1  0  3407 2034:05:01 177.7742 3804.481          21401                          2035 .46g -6e-4o -1.48
   118w 31.0 1  0  3438 2034:06:01 171.2441 3636.622          21236                          2033 .46g -6e-4o -1.46
   119w 30.0 1  0  3468 2034:07:01 165.2001 3481.103          21072                          2032 .47g -6e-4o -1.36
   120w 31.0 1  0  3499 2034:08:01 159.2326 3327.465          20897                          2031 .47g -6e-4o -1.34

                                    I M E X   T I M E   S T E P   S U M M A R Y
 ==================================================================================================================
    Time Step           Time                  Total Production             Total Injection  Total Max. Max. Change
 ---------------- ---------------- -------------------------------------- -----------------  PV   Mat. ------------
                C                    Oil      Gas     Water   GOR.  Wat.    Gas     Water   Avg.  bal. Satur. Pres.
        Size    U                                             SCF/   Cut                    Pres. err. DSMAX  DPMAX
  No.   Days IT T Days   yy:mm:dd   STB/D    MCF/D    STB/D    STB    %    MCF/D    STB/D   psia   %          psia
 ------ ---- -- - ----- ---------- -------- -------- -------- ----- ----- -------- -------- ----- ---- ------ -----
   121w 31.0 1  0  3530 2034:09:01 153.5318 3180.573          20716                          2030 .47g -6e-4o -1.28
   122w 30.0 1  0  3560 2034:10:01 148.2566 3044.520          20535                          2029 .47g -6e-4o -1.19
   123w 31.0 1  0  3591 2034:11:01 143.0825 2910.148          20339                          2028 .47g -6e-4o -1.17
   124w 30.0 1  0  3621 2034:12:01 138.2858 2785.644          20144                          2027 .47g -6e-4o -1.08
   125w 31.0 1  0  3652 2035:01:01 133.5435 2662.460          19937                          2026 .47g -6e-4o -1.07
   126w 31.0 1  0  3683 2035:02:01 129.0170 2544.799          19725                          2025 .47g -6e-4o -1.02
   127w 28.0 1  0  3711 2035:03:01 125.0954 2442.750          19527                          2024 .47g -5e-4o -.888
   128w 31.0 1  0  3742 2035:04:01 120.9440 2334.668          19304                          2023 .47g -6e-4o -.939
   129w 30.0 1  0  3772 2035:05:01 117.0982 2234.433          19082                          2022 .47g -6e-4o -.870
   130w 31.0 1  0  3803 2035:06:01 113.3001 2135.378          18847                          2022 .47g -6e-4o -.859
   131w 30.0 1  0  3833 2035:07:01 109.7820 2043.533          18614                          2021 .47g -6e-4o -.796
   132w 31.0 1  0  3864 2035:08:01 106.3079 1952.783          18369                          2020 .47g -6e-4o -.786
   133w 31.0 1  0  3895 2035:09:01 102.9838 1865.858          18118                          2019 .47g -6e-4o -.752
   134w 30.0 1  0  3925 2035:10:01  99.9018 1785.197          17870                          2019 .47g -6e-4o -.698
   135w 31.0 1  0  3956 2035:11:01 96.84943 1705.248          17607                          2018 .47g -6e-4o -.691
   136w 30.0 1  0  3986 2035:12:01 94.01493 1630.933          17348                          2018 .47g -5e-4o -.650
   137w 31.0 1  0  4017 2036:01:01 91.21155 1557.401          17075                          2017 .47g -6e-4o -.639
   138w .500 2  1  4018 2036:01:02 91.17383 1556.227          17069                478241.8  2019 .47g -.188g   179
   139  .266 1  0  4018 2036:01:02 91.14983 1555.598          17066                320182.6  2020 .47g -.057g  63.9
   140  .470 1  0  4018 2036:01:02 91.10728 1554.484          17062                237023.3  2021 .47g -.044g   115

                                    I M E X   T I M E   S T E P   S U M M A R Y
 ==================================================================================================================
    Time Step           Time                  Total Production             Total Injection  Total Max. Max. Change
 ---------------- ---------------- -------------------------------------- -----------------  PV   Mat. ------------
                C                    Oil      Gas     Water   GOR.  Wat.    Gas     Water   Avg.  bal. Satur. Pres.
        Size    U                                             SCF/   Cut                    Pres. err. DSMAX  DPMAX
  No.   Days IT T Days   yy:mm:dd   STB/D    MCF/D    STB/D    STB    %    MCF/D    STB/D   psia   %          psia
 ------ ---- -- - ----- ---------- -------- -------- -------- ----- ----- -------- -------- ----- ---- ------ -----
   141  1.08 1  0  4019 2036:01:03 91.00984 1551.934          17052                162192.3  2023 .47g -.052g   183
   142  2.07 1  0  4021 2036:01:05 90.82597 1547.237          17035                121203.1  2025 .47g -.068g   137
   143  3.05 1  0  4024 2036:01:08 90.59710 1542.384          17025                91789.10  2028 .48g -.066g   117
   144  4.66 1  0  4029 2036:01:13 90.55782 1546.974          17083                76982.57  2032 .48g -.054g  85.3
   145  8.67 1  0  4038 2036:01:22 92.65527 1622.698          17513                63430.56  2037 .48g -.089g  61.7
   146  10.2 2  0  4048 2036:02:01 98.59022 1807.510          18334                55890.73  2042 .48g -.097g  46.6
   147w 10.5 1  0  4059 2036:02:12 107.9849 2081.230          19273                53530.41  2047 .48g -.079g  39.8
   148  9.25 1  0  4068 2036:02:21 118.1994 2369.170          20044                51992.36  2052 .48g -.094g  68.3
   149  9.25 1  0  4077 2036:03:01 129.7084 2686.437          20711                51051.04  2057 .48g -.060g  80.2
   150w 15.4 2  0  4092 2036:03:16 150.6328 3254.797          21607                49912.06  2065 .48g -.114g   101
   151  7.80 1  0  4100 2036:03:24 161.5108 3549.425          21976                49117.67  2069 .48g -.063g  54.6
   152  7.80 1  0  4108 2036:04:01 172.5629 3848.137          22300                48425.73  2073 .49g -.074g  45.7
   153w 10.5 1  0  4119 2036:04:12 187.6431 4254.505          22673                47931.34  2078 .49g -.082g  54.7
   154   9.7 2  0  4128 2036:04:21 201.5368 4627.815          22963                47325.37  2083 .49g -.087g  60.0
   155   9.7 1  0  4138 2036:05:01 215.2968 4997.373          23212                46763.38  2087 .49g -.079g  42.8
   156w 12.3 1  0  4150 2036:05:13 232.3822 5455.756          23478                46375.83  2093 .49g -.082g  52.2
   157  9.33 1  0  4160 2036:05:23 245.0406 5795.094          23650                45954.17  2097 .49g -.050g  48.8
   158  9.33 1  0  4169 2036:06:01 257.4311 6127.546          23803                45450.98  2102 .49g -.050g  40.4
   159w 15.0 1  0  4184 2036:06:16 276.8991 6652.111          24024                45226.39  2108 .49g -.073g  45.1
   160  15.0 1  0  4199 2036:07:01 295.8694 7163.488          24212                44729.91  2115 .49g -.128g  57.7

                                    I M E X   T I M E   S T E P   S U M M A R Y
 ==================================================================================================================
    Time Step           Time                  Total Production             Total Injection  Total Max. Max. Change
 ---------------- ---------------- -------------------------------------- -----------------  PV   Mat. ------------
                C                    Oil      Gas     Water   GOR.  Wat.    Gas     Water   Avg.  bal. Satur. Pres.
        Size    U                                             SCF/   Cut                    Pres. err. DSMAX  DPMAX
  No.   Days IT T Days   yy:mm:dd   STB/D    MCF/D    STB/D    STB    %    MCF/D    STB/D   psia   %          psia
 ------ ---- -- - ----- ---------- -------- -------- -------- ----- ----- -------- -------- ----- ---- ------ -----
   161w 11.7 1  0  4211 2036:07:13 310.3562 7554.553          24342                44581.18  2120 .49g -.064g  45.1
   162  19.3 1  0  4230 2036:08:01 333.8750 8192.388          24537                44499.15  2127 .49g -.073g  54.3
   163w 15.5 1  0  4246 2036:08:17 352.7144 8705.255          24681                44501.65  2133 .49g -.064g  40.6
   164  15.5 2  0  4261 2036:09:01 371.4573 9215.898          24810                44403.32  2140 .49g -.093g  36.6
   165w 15.0 1  0  4276 2036:09:16 389.4170 9705.574          24923                44387.08  2146 .49g -.072g  34.1
   166  15.0 1  0  4291 2036:10:01 407.2601 10193.03          25028                44374.12  2151 .49g -.061g  33.2
   167w 15.5 1  0  4307 2036:10:17 425.6782 10697.53          25131                44371.34  2157 .49g -.073g  30.3
   168  15.5 1  0  4322 2036:11:01 444.2516 11207.98          25229                44328.03  2164 .49g -.049g  36.2
   169w 30.0 2  0  4352 2036:12:01 481.9790 12250.37          25417                44192.96  2176 .49g -.103g  63.1
   170w 31.0 2  0  4383 2037:01:01 524.3145 13426.36          25607                44139.82  2189 .49g -.093g  44.8
   171w 31.0 2  0  4414 2037:02:01 568.2584 14644.50          25771                44073.87  2201 .49g -.090g  41.1
   172w 28.0 3  0  4442 2037:03:01 606.4971 15697.71          25883                43986.34  2212 .49g -.086g  39.2
   173w 31.0 2  0  4473 2037:04:01 645.3046 16763.54          25978                43885.31  2223 .49g -.076g  40.3
   174w 30.0 3  0  4503 2037:05:01 679.0781 17693.73          26056                43793.38  2234 .50g -.087g  34.7
   175w 31.0 2  0  4534 2037:06:01 711.7058 18589.17          26119                43656.17  2244 .50g -.077g  35.1
   176w 30.0 1  0  4564 2037:07:01 740.2391 19380.36          26181                43511.86  2253 .50g -.080g  28.9
   177w 31.0 3  0  4595 2037:08:01 767.3417 20139.62          26246                43420.57  2262 .50g -.091g  34.4
   178w 31.0 1  0  4626 2037:09:01 793.4934 20877.46          26311                43372.79  2271 .50g -.074g  24.4
   179w 30.0 3  0  4656 2037:10:01 816.5800 21527.93          26364                43357.91  2279 .51g -.074g  25.6
   180w 31.0 2  0  4687 2037:11:01 838.4687 22147.53          26414                43339.16  2287 .51g  .069o  24.5

                                    I M E X   T I M E   S T E P   S U M M A R Y
 ==================================================================================================================
    Time Step           Time                  Total Production             Total Injection  Total Max. Max. Change
 ---------------- ---------------- -------------------------------------- -----------------  PV   Mat. ------------
                C                    Oil      Gas     Water   GOR.  Wat.    Gas     Water   Avg.  bal. Satur. Pres.
        Size    U                                             SCF/   Cut                    Pres. err. DSMAX  DPMAX
  No.   Days IT T Days   yy:mm:dd   STB/D    MCF/D    STB/D    STB    %    MCF/D    STB/D   psia   %          psia
 ------ ---- -- - ----- ---------- -------- -------- -------- ----- ----- -------- -------- ----- ---- ------ -----
   181w 30.0 2  0  4717 2037:12:01 856.8514 22667.45          26454                43275.46  2295 .51g  .088o  25.3
   182w 31.0 1  0  4748 2038:01:01 874.1525 23161.64          26496                43225.30  2302 .51g -.074g  23.8
   183w 31.0 3  0  4779 2038:02:01 890.0083 23617.07          26536                43170.97  2309 .51g -.062g  22.5
   184w 28.0 2  0  4807 2038:03:01 903.7984 24015.75          26572                43129.35  2316 .51g -.075g  19.7
   185w 31.0 1  0  4838 2038:04:01 918.0736 24429.27          26609                43111.42  2322 .52g  .064o  21.6
   186w 30.0 3  0  4868 2038:05:01 931.2664 24813.59          26645                43106.35  2328 .52g  .067o  16.5
   187w 31.0 2  0  4899 2038:06:01 943.2238 25161.27          26676                43101.37  2334 .52g  .079o  19.0
   188w 30.0 2  0  4929 2038:07:01 953.1005 25450.16          26702                43081.84  2340 .52g  .078o  17.2
   189w 31.0 1  0  4960 2038:08:01 961.9529 25712.04          26729                43062.78  2345 .52g  .068o  17.1
   190w 31.0 1  0  4991 2038:09:01 969.9031 25949.99          26755                43019.25  2351 .53g -.080g  21.0
   191w 30.0 1  0  5021 2038:10:01 978.2293 26203.28          26786                43011.39  2356 .53g  .055o  14.6
   192w 31.0 2  0  5052 2038:11:01 985.1557 26411.41          26809                43005.23  2361 .53g  .092o  18.9
   193w 30.0 1  0  5082 2038:12:01 990.8362 26585.54          26831                43001.48  2366 .53g  .063o  14.2
   194w 31.0 1  0  5113 2039:01:01 995.6207 26734.66          26852                42968.46  2371 .53g  .092o  16.5
   195w 31.0 1  0  5144 2039:02:01 1000.806 26899.20          26878                42957.98  2376 .54g  .060o  14.9
   196w 28.0 2  0  5172 2039:03:01 1004.080 27002.74          26893                42938.63  2381 .54g  .087o  16.6
   197w 31.0 1  0  5203 2039:04:01 1008.463 27145.79          26918                42932.56  2385 .54g  .070o  12.4
   198w 30.0 2  0  5233 2039:05:01 1011.604 27248.30          26936                42908.76  2390 .54g  .062o  12.7
   199w 31.0 2  0  5264 2039:06:01 1015.149 27355.85          26948                42886.73  2394 .55g  .064o  13.0
   200w 30.0 1  0  5294 2039:07:01 1018.202 27458.27          26967                42880.03  2399 .55g  .070o  12.3

                                    I M E X   T I M E   S T E P   S U M M A R Y
 ==================================================================================================================
    Time Step           Time                  Total Production             Total Injection  Total Max. Max. Change
 ---------------- ---------------- -------------------------------------- -----------------  PV   Mat. ------------
                C                    Oil      Gas     Water   GOR.  Wat.    Gas     Water   Avg.  bal. Satur. Pres.
        Size    U                                             SCF/   Cut                    Pres. err. DSMAX  DPMAX
  No.   Days IT T Days   yy:mm:dd   STB/D    MCF/D    STB/D    STB    %    MCF/D    STB/D   psia   %          psia
 ------ ---- -- - ----- ---------- -------- -------- -------- ----- ----- -------- -------- ----- ---- ------ -----
   201w 31.0 1  0  5325 2039:08:01 1020.356 27535.55          26986                42871.51  2403 .55g  .067o  10.9
   202w 31.0 2  0  5356 2039:09:01 1019.095 27514.84          26999                42831.75  2408 .55g  .082o  14.0
   203w 30.0 1  0  5386 2039:10:01 1018.259 27506.28          27013                42795.11  2412 .56g  .061o  12.2
   204w 31.0 1  0  5417 2039:11:01 1020.516 27586.71          27032                42781.90  2417 .56g  .055o   9.5
   205w 30.0 1  0  5447 2039:12:01 1023.223 27679.25          27051                42780.66  2421 .56g  .046o   9.9
   206w 31.0 2  0  5478 2040:01:01 1024.444 27729.53          27068                42784.59  2425 .56g  .083o  13.5
   207w 31.0 1  0  5509 2040:02:01 1025.754 27782.50          27085                42791.15  2428 .56g  .063o  10.6
   208w 29.0 2  0  5538 2040:03:01 1024.161 27750.90          27096                42777.23  2433 .57g  .082o  11.3
   209w 31.0 2  0  5569 2040:04:01 1023.547 27748.67          27110                42758.70  2437 .57g  .063o  10.4
   210w 30.0 1  0  5599 2040:05:01 1023.581 27764.39          27125                42749.12  2441 .57g  .051o  8.65
   211w 31.0 2  0  5630 2040:06:01 1021.569 27721.55          27136                42737.02  2445 .57g  .084o  12.2
   212w 30.0 1  0  5660 2040:07:01 1020.578 27707.70          27149                42721.47  2449 .58g  .064o   9.6
   213w 31.0 2  0  5691 2040:08:01 1017.989 27648.01          27159                42686.02  2454 .58g  .071o  11.4
   214w 31.0 1  0  5722 2040:09:01 1016.073 27607.84          27171                42651.01  2459 .58g  .063o  10.5
   215w 30.0 2  0  5752 2040:10:01 1015.310 27600.25          27184                42627.75  2463 .58g  .083o  11.1
   216w 31.0 1  0  5783 2040:11:01 1015.029 27606.76          27198                42603.39  2468 .59g  .072o  8.65
   217w 30.0 2  0  5813 2040:12:01 1010.375 27488.51          27206                42561.49  2473 .59g  .079o  11.2
   218w 31.0 1  0  5844 2041:01:01 1007.010 27405.01          27214                42517.08  2478 .59g  .064o   9.7
   219w 31.0 1  0  5875 2041:02:01 1005.109 27359.13          27220                42476.76  2483 .60g  .045o  9.22
   220w 28.0 1  0  5903 2041:03:01 1003.703 27332.23          27231                42443.29  2487 .60g  .046o  8.14

                                    I M E X   T I M E   S T E P   S U M M A R Y
 ==================================================================================================================
    Time Step           Time                  Total Production             Total Injection  Total Max. Max. Change
 ---------------- ---------------- -------------------------------------- -----------------  PV   Mat. ------------
                C                    Oil      Gas     Water   GOR.  Wat.    Gas     Water   Avg.  bal. Satur. Pres.
        Size    U                                             SCF/   Cut                    Pres. err. DSMAX  DPMAX
  No.   Days IT T Days   yy:mm:dd   STB/D    MCF/D    STB/D    STB    %    MCF/D    STB/D   psia   %          psia
 ------ ---- -- - ----- ---------- -------- -------- -------- ----- ----- -------- -------- ----- ---- ------ -----
   221w 31.0 2  0  5934 2041:04:01 1000.956 27263.44          27237                42407.01  2492 .60g  .087o  12.3
   222w 30.0 1  0  5964 2041:05:01 998.6378 27210.87          27248                42372.03  2496 .60g  .062o  10.4
   223w 31.0 2  0  5995 2041:06:01 991.5004 27004.56          27236                42319.87  2502 .61g  .088o  15.4
   224w 30.0 1  0  6025 2041:07:01 984.0555 26800.83          27235                42259.37  2508 .61g  .070o  16.3
   225w 31.0 3  0  6056 2041:08:01 974.6674 26538.05          27228                42175.21  2515 .61g  .048o  19.7
   226w 31.0 2  0  6087 2041:09:01 961.4780 26158.75          27207                42057.30  2522 .61g  .082o  21.8
   227w 30.0 1  0  6117 2041:10:01 950.0178 25844.70          27204                41923.79  2530 .62g  .069o  21.3
   228w 31.0 1  0  6148 2041:11:01 938.3530 25521.61          27198                41773.38  2539 .62g  .052o  22.3
   229w 30.0 3  0  6178 2041:12:01 921.8451 25042.59          27166                41580.24  2550 .62g  .084o  26.3
   230w 31.0 2  0  6209 2042:01:01 904.4286 24550.91          27145                41355.08  2561 .62g  .076o  27.2
   231w 31.0 3  0  6240 2042:02:01 883.1120 23940.82          27110                41092.80  2575 .63g  .078o  27.2
   232w 28.0 2  0  6268 2042:03:01 862.9790 23364.76          27075                40821.49  2589 .63g  .075o  30.5
   233w 31.0 1  0  6299 2042:04:01 844.0383 22840.07          27060                40492.48  2605 .63g  .076o  31.2
   234w 30.0 3  0  6329 2042:05:01 824.5018 22285.71          27029                40131.60  2622 .63g  .076o  33.3
   235w 31.0 2  0  6360 2042:06:01 802.4320 21654.05          26986                39743.40  2641 .64g  .101o  33.1
   236w 30.0 1  0  6390 2042:07:01 786.4637 21220.32          26982                39370.70  2659 .64g  .079o  32.1
   237w 31.0 2  0  6421 2042:08:01 757.2557 20353.26          26878                38944.11  2680 .64g  .112o  34.7
   238w 15.5 2  0  6437 2042:08:17 738.1213 19818.89          26850                38720.38  2692 .64g  .060o  17.3
   239  15.5 1  0  6452 2042:09:01 713.0662 19102.00          26789                38486.19  2703 .64g  .063o  23.9
   240w 15.0 1  0  6467 2042:09:16 698.4175 18691.59          26763                38251.86  2715 .64g  .053o  18.3

                                    I M E X   T I M E   S T E P   S U M M A R Y
 ==================================================================================================================
    Time Step           Time                  Total Production             Total Injection  Total Max. Max. Change
 ---------------- ---------------- -------------------------------------- -----------------  PV   Mat. ------------
                C                    Oil      Gas     Water   GOR.  Wat.    Gas     Water   Avg.  bal. Satur. Pres.
        Size    U                                             SCF/   Cut                    Pres. err. DSMAX  DPMAX
  No.   Days IT T Days   yy:mm:dd   STB/D    MCF/D    STB/D    STB    %    MCF/D    STB/D   psia   %          psia
 ------ ---- -- - ----- ---------- -------- -------- -------- ----- ----- -------- -------- ----- ---- ------ -----
   241  15.0 1  0  6482 2042:10:01 692.9301 18543.27          26761                38012.64  2727 .64g  .041o  18.8
   242w 31.0 2  0  6513 2042:11:01 681.3672 18206.97          26721                37473.24  2754 .65g  .097o  41.2
   243w 30.0 3  0  6543 2042:12:01 639.4176 16988.68          26569                36916.10  2782 .65g  .132o  43.0
   244w 15.5 1  0  6559 2042:12:17 609.8862 16124.33          26438                36617.84  2798 .65g  .065o  27.9
   245  15.5 1  0  6574 2043:01:01 598.0044 15765.61          26364                36300.94  2815 .65g  .053o  29.0
   246w 31.0 2  0  6605 2043:02:01 578.6173 14821.85          25616                35564.24  2853 .65g  .117o  52.6
   247w 28.0 2  0  6633 2043:03:01 558.4485 12549.85          22473                34805.53  2893 .65g  .158o  66.7
   248w 15.5 1  0  6649 2043:03:17 574.4713 11224.36          19539                34352.04  2919 .65g  .068o  49.5
   249  15.5 1  0  6664 2043:04:01 709.8571 9469.912          13341                33860.27  2945 .66g  .069o  44.4
   250w 15.0 1  0  6679 2043:04:16 1166.584 8979.405           7697                33352.45  2972 .67g  .083o  42.6
   251  15.0 1  0  6694 2043:05:01 2036.980 7148.865           3510                32813.82  3001 .67g  .091o  52.3
   252w 15.5 1  0  6710 2043:05:17 4138.670 5692.520           1375                32227.44  3033 .68g  .107o  81.5
   253  15.5 1  0  6725 2043:06:01 6352.117 6151.329          968.4                31600.80  3068 .67g  .051o  82.0
   254w 30.0 1  0  6755 2043:07:01 8908.418 6649.882          746.5                30289.01  3134 .68g  .047o   101
   255w 31.0 1  0  6786 2043:08:01 10235.35 7488.243          731.6                28966.26  3195 .67g  .017o  70.5
   256w 31.0 1  0  6817 2043:09:01 11106.43 8109.591          730.2                27748.62  3248 .68g -.010o  59.6
   257w 30.0 1  0  6847 2043:10:01 11675.04 8536.189          731.1                26704.41  3292 .68g -.010o  49.1
   258w 31.0 1  0  6878 2043:11:01 12133.29 8883.683          732.2                25774.24  3331 .68g -.010o  43.3
   259w 30.0 1  0  6908 2043:12:01 12498.79 9153.732          732.4                25003.61  3362 .68g -.010o  35.8
   260w 31.0 1  0  6939 2044:01:01 12819.37 9389.451          732.4                24328.55  3390 .68g -.010o  31.3

                                    I M E X   T I M E   S T E P   S U M M A R Y
 ==================================================================================================================
    Time Step           Time                  Total Production             Total Injection  Total Max. Max. Change
 ---------------- ---------------- -------------------------------------- -----------------  PV   Mat. ------------
                C                    Oil      Gas     Water   GOR.  Wat.    Gas     Water   Avg.  bal. Satur. Pres.
        Size    U                                             SCF/   Cut                    Pres. err. DSMAX  DPMAX
  No.   Days IT T Days   yy:mm:dd   STB/D    MCF/D    STB/D    STB    %    MCF/D    STB/D   psia   %          psia
 ------ ---- -- - ----- ---------- -------- -------- -------- ----- ----- -------- -------- ----- ---- ------ -----
   261w 31.0 1  0  6970 2044:02:01 13086.82 9585.466          732.5                23756.91  3414 .68g  .010w  26.6
   262w 29.0 1  0  6999 2044:03:01 13303.37 9744.125          732.5                23301.19  3432 .68g  .010w  21.2
   263w 31.0 1  0  7030 2044:04:01 13499.73 9889.544          732.6                22890.54  3449 .68g -.011o  19.2
   264w 30.0 1  0  7060 2044:05:01 13661.75 10014.15          733.0                22554.82  3463 .68g -.011o  15.8
   265w 31.0 1  0  7091 2044:06:01 13790.03 10117.21          733.7                22262.69  3475 .69g  .012w  13.8
   266w 30.0 1  0  7121 2044:07:01 13900.50 10206.19          734.2                22023.65  3485 .69g -.012o  11.4
   267w 31.0 1  0  7152 2044:08:01 13996.16 10283.19          734.7                21816.25  3494 .69g  .012w   9.9
   268w 31.0 1  0  7183 2044:09:01 14076.55 10347.85          735.1                21642.17  3501 .69g -.012o  8.50
   269w 30.0 1  0  7213 2044:10:01 14144.84 10402.79          735.4                21501.02  3508 .69g  .012w  7.36
   270w 31.0 1  0  7244 2044:11:01 14198.44 10445.81          735.7                21378.73  3513 .69g -.012o  6.30
   271w 30.0 1  0  7274 2044:12:01 14284.98 10475.43          733.3                21276.43  3518 .69g -.011o -15.1
   272w 31.0 1  0  7305 2045:01:01 14334.61 10483.96          731.4                21184.87  3522 .70g -.011o -12.3

 ===================== SUMMARY (from subroutine: TSIO)   ======================
  Simulation run terminated. Stopping time reached.
    
     1 Warning messages.    0 Error messages.
 ==============================================================================



                          Global Storage Usage
                          ====================

             Section           Bytes          Mbytes   # Objects
        ------------    ------------    ------------   ---------
              MXSLVR          511824           0.488          98
              GRMOD0          216624           0.207         482
               IMEX2          125666           0.120         693
               IMEX1          113584           0.108         588
               IMEX3           50818           0.048         249
              MXGR01           50312           0.048          18
              WMCOM1           42317           0.040         982
              GRMOD1           36256           0.035         151
              KWCOM1           34735           0.033          52
              EQTPAR           29876           0.028          69
               POINT           25144           0.024          96
              SR2COM           22000           0.021          92
             MXSLVR1           12880           0.012          14
              MXWELL            8976           0.009         262
           GLOBSTORE            7478           0.007          27
              MXINIT            6244           0.006          23
              CMPDIL            6112           0.006          25
               PRTCM            5760           0.005          17
              SECTOR            2464           0.002          13
               SAMG1            1873           0.002         255
              PGMCH1            1794           0.002         319
             CMGFILE            1206           0.001          19
                FLXB            1156           0.001          27
                CMB1             600           0.001          68
           PGSCOMMON             476           0.000          64
                 MTS             340           0.000          18
           PGPARASOL             296           0.000          65
              SGCOM2             216           0.000          54
              SGCOM1             180           0.000          44
              GRMOD2             156           0.000          38
              WMCOM3              92           0.000           4
              WMCOM2              76           0.000          15
              WMCOM5              52           0.000          13
              SGCOM3              32           0.000           8
        PGMATDOMAINS              16           0.000           4
              WMCOM7               8           0.000           2
              DEPTAB               8           0.000           2
              SGCOM4               4           0.000           1
            PGSINT3D               0           0.000           0
              MXPRSL               0           0.000           0
        ------------    ------------    ------------   ---------
               Total         1317651           1.257        4971
            Maximium         1678995           1.601

       Field Total                                   Fluid
                             Oil       Gas       Water    Solvent   Polymer    Salt
                            -------   -------   -------   -------   -------   -------
                            (MSTB)    (MMSCF)   (MSTB)    (MMSCF)    (MLB)     (MLB)
  Cumulative Production       28174    241125      0        NA        NA        NA   
  Cumulative Injection        NA         0       129497     NA        NA        NA   
  Cumulative Gas Lift         NA         0        NA        NA        NA        NA   
  Cumulative Aquifer Influx   NA        NA         0        NA        NA        NA   
  Current Fluids In Place    236666    166644    192728     NA        NA        NA   
  Production Rates           14.335    10.484      0        NA        NA        NA   
  Injection Rates             NA         0       21.185     NA        NA        NA   

  Timesteps:    272  Newton Cycles:      339  Cuts:      1  Solver Iterations:         2071
  Average Implicitness    : 0.694
  Fluid Component Model   : BLACKOIL (SINGLE-P)
  Material Balances (owg): 1.002 1.001 1.007
  Average Active Blocks:         300 Average Non-BHP Active Wells:     0
  Total Blocks :         300 Total Wells :     2
  Active Blocks:         300 Non-BHP Active Wells:     0
  Time at end of simulation:   7305.00     (days)   
  Average reservoir pressure excluding water zone: 3521.800 (psi)    
  Total Number of Solver Failures:       0  Stalls:       0  ITERMAX Reached:       0
  Jacobian Domains      1  
  Total lstpro/lstpar calls:     2  (   11)
  Linear Solver: Aimsol
  Preconditioner Ordering: REDBLACK
  Preconditioner Degree           1
  KMP_AFFINITY: Default
  OMP_SCHEDULE: Default
  Max Impl Blocks:      261  %Impl: 87.0%  (TS,CUT,NCYC): (   211, 0,  2 )
  Max Solver Iterations (TS,CUT,NCYC):       8 (    27, 0,  1 )
  Number of threads set:    1
  Total number of cpus:    4
  Memory Usage Peak:       64 MB on TS:   255 TS 1 Peak:       40 MB  Average:       57 MB  VM Size:       72 MB
  Host computer: IKIEARTH
  CPU Time:             2.83 seconds
  Elapsed Time:         3.91 seconds

  End of Simulation: Normal Termination

  Date and Time of End of Run:  Apr 18, 2025  22:27:26

