    Opened LOG FILE         on unit 10, filename is 'D:\TA MANDIRI\SKENARIO CMG\A1P1C.log'
 ********************************************************************************
 *                                                                              *
 *                                IMEX  2021.10                                 *
 *            Adaptive-Implicit Black Oil & Unconventional Simulator            *
 *                         General Release for Win x64                          *
 *                            2021-Nov-16   12:35:59                            *
 *                                                                              *
 *                          (c) Copyright 1977 - 2021                           *
 *                Computer Modelling Group Ltd., Calgary, Canada                *
 *                             All Rights Reserved                              *
 *                                                                              *
 ********************************************************************************


 Command-line Arguments:  -dimsum
                          -wd D:\TA MANDIRI\SKENARIO CMG
                          -log
                          -f D:\TA MANDIRI\SKENARIO CMG\A1P1C.dat

  Date and Time of Start of Run:  Apr 19, 2025  06:47:25


*** Input/Output files specification :
    Opened data file        on unit 11, filename is 'D:\TA MANDIRI\SKENARIO CMG\A1P1C.dat'
    Opened Scratch file     on unit 12
    Opened Scratch file     on unit 13
    Opened output file      on unit 14, filename is 'D:\TA MANDIRI\SKENARIO CMG\A1P1C.out'
    Opened SR3-OUT          on unit 15, filename is 'D:\TA MANDIRI\SKENARIO CMG\A1P1C.sr3'
    Opened Restart-SR3      on unit 16, filename is 'D:\TA MANDIRI\SKENARIO CMG\A1P1C.rstr.sr3'
    Opened GRID scratchfile on unit 17

 ===================== WARNING (from subroutine: INCOMP) ======================
  P/Z Output is disabled as Temperatures were not defined for all PVT Regions
  Please review the *TRES Keyword
  Line: 70   File Name: D:\TA MANDIRI\SKENARIO CMG\A1P1C.dat
 ==============================================================================


 ===================== SUMMARY (from subroutine: INDATA) ======================
  Reading of initial data is complete.
  Simulation will stop if there were error messages.
     1 Warning messages.    0 Error messages.
 ==============================================================================



                          Global Storage Usage
                          ====================

             Section           Bytes          Mbytes   # Objects
        ------------    ------------    ------------   ---------
              MXSLVR          242312           0.231          98
              GRMOD0          216624           0.207         482
               IMEX2          125666           0.120         693
               IMEX1          113584           0.108         588
               IMEX3           50818           0.048         249
              MXGR01           50312           0.048          18
              WMCOM1           42317           0.040         982
              GRMOD1           36256           0.035         151
              KWCOM1           34735           0.033          52
              EQTPAR           29876           0.028          69
               POINT           25144           0.024          96
              SR2COM           22000           0.021          92
             MXSLVR1           12880           0.012          14
              MXWELL            8976           0.009         262
           GLOBSTORE            7478           0.007          27
              MXINIT            6244           0.006          23
              CMPDIL            6112           0.006          25
               PRTCM            5760           0.005          17
              SECTOR            2464           0.002          13
               SAMG1            1873           0.002         255
              PGMCH1            1794           0.002         319
             CMGFILE            1206           0.001          19
                FLXB            1156           0.001          27
                CMB1             600           0.001          68
           PGSCOMMON             476           0.000          64
                 MTS             340           0.000          18
           PGPARASOL             296           0.000          65
              SGCOM2             216           0.000          54
              SGCOM1             180           0.000          44
              GRMOD2             156           0.000          38
              WMCOM3              92           0.000           4
              WMCOM2              76           0.000          15
              WMCOM5              52           0.000          13
              SGCOM3              32           0.000           8
        PGMATDOMAINS              16           0.000           4
              WMCOM7               8           0.000           2
              DEPTAB               8           0.000           2
              SGCOM4               4           0.000           1
            PGSINT3D               0           0.000           0
              MXPRSL               0           0.000           0
        ------------    ------------    ------------   ---------
               Total         1048139           1.000        4971
            Maximium         1678995           1.601

                                    I M E X   T I M E   S T E P   S U M M A R Y
 ==================================================================================================================
    Time Step           Time                  Total Production             Total Injection  Total Max. Max. Change
 ---------------- ---------------- -------------------------------------- -----------------  PV   Mat. ------------
                C                    Oil      Gas     Water   GOR.  Wat.    Gas     Water   Avg.  bal. Satur. Pres.
        Size    U                                             SCF/   Cut                    Pres. err. DSMAX  DPMAX
  No.   Days IT T Days   yy:mm:dd   STB/D    MCF/D    STB/D    STB    %    MCF/D    STB/D   psia   %          psia
 ------ ---- -- - ----- ---------- -------- -------- -------- ----- ----- -------- -------- ----- ---- ------ -----
     1w 1.00 2  0 1.000 2025:01:02 67521.77 100086.8           1482                          4792 e-3o -.033o  -267
     2  1.63 1  0 2.627 2025:01:04 54713.19 97482.35           1782                          4786 e-4g -.036o  -278
     3  2.54 1  0 5.171 2025:01:06 43763.43 90378.65           2065                          4780 e-3g -.026o  -231
     4  4.80 1  0  9.97 2025:01:11 36010.04 80381.15           2232                          4768 e-3g -.019o  -216
     5   9.7 1  0 19.65 2025:01:21 31872.92 69572.29           2183                          4747 .01g -.029o  -178
     6  11.3 1  0 31.00 2025:02:01 28398.80 68412.02           2409                          4725 e-3g -.021o  -126
     7w 28.0 1  0 59.00 2025:03:01 25440.61 61300.13           2410                          4672 .02g -.049o  -165
     8w 31.0 2  0 90.00 2025:04:01 23198.11 60423.91           2605                          4618 .02g -.034o  -116
     9w 30.0 1  0 120.0 2025:05:01 21922.52 58876.11           2686                          4568 .03g -.033o -85.0
    10w 31.0 1  0 151.0 2025:06:01 20956.29 57947.48           2765                          4517 .04g -.030o -72.6
    11w 30.0 1  0 181.0 2025:07:01 20137.59 57168.88           2839                          4471 .05g -.025o -58.9
    12w 31.0 1  0 212.0 2025:08:01 19359.45 56910.43           2940                          4425 .06g -.025o -54.5
    13w 31.0 1  0 243.0 2025:09:01 18620.32 56962.51           3059                          4380 .06g -.025o -49.6
    14w 30.0 1  0 273.0 2025:10:01 17952.33 57379.53           3196                          4338 .07g -.024o -45.8
    15w 31.0 1  0 304.0 2025:11:01 17274.56 58068.09           3361                          4295 .08g -.025o -46.2
    16w 30.0 1  0 334.0 2025:12:01 16665.29 59514.73           3571                          4254 .08g -.026o -43.6
    17w 31.0 1  0 365.0 2026:01:01 16020.70 61279.47           3825                          4212 .09g -.025o -45.2
    18w 31.0 1  0 396.0 2026:02:01 15380.10 63295.43           4115                          4171 .10g -.026o -45.1
    19w 28.0 1  0 424.0 2026:03:01 14819.90 65332.35           4408                          4133 .10g -.022o -40.8
    20w 31.0 1  0 455.0 2026:04:01 14271.17 68602.42           4807                          4091 .10g -.024o -45.7

                                    I M E X   T I M E   S T E P   S U M M A R Y
 ==================================================================================================================
    Time Step           Time                  Total Production             Total Injection  Total Max. Max. Change
 ---------------- ---------------- -------------------------------------- -----------------  PV   Mat. ------------
                C                    Oil      Gas     Water   GOR.  Wat.    Gas     Water   Avg.  bal. Satur. Pres.
        Size    U                                             SCF/   Cut                    Pres. err. DSMAX  DPMAX
  No.   Days IT T Days   yy:mm:dd   STB/D    MCF/D    STB/D    STB    %    MCF/D    STB/D   psia   %          psia
 ------ ---- -- - ----- ---------- -------- -------- -------- ----- ----- -------- -------- ----- ---- ------ -----
    21w 30.0 1  0 485.0 2026:05:01 13722.34 71483.24           5209                          4049 .11g -.023o -46.1
    22w 31.0 1  0 516.0 2026:06:01 13186.23 75582.26           5732                          4005 .12g -.024o -48.6
    23w 30.0 1  0 546.0 2026:07:01 12665.17 79543.39           6280                          3961 .13g -.023o -48.1
    24w 31.0 1  0 577.0 2026:08:01 12144.85 84012.14           6918                          3915 .13g -.024o -51.9
    25w 31.0 2  0 608.0 2026:09:01 11685.02 90532.07           7748                          3867 .13g -.023o -54.0
    26w 30.0 1  0 638.0 2026:10:01 11277.85 97533.41           8648                          3817 .14g -.022o -55.6
    27w 31.0 1  0 669.0 2026:11:01 10867.32 104662.5           9631                          3763 .15g -.022o -61.0
    28w 30.0 1  0 699.0 2026:12:01 10461.08 110863.7          10598                          3710 .16g -.020o -62.4
    29w 31.0 1  0 730.0 2027:01:01 10040.73 116293.2          11582                          3653 .18g -.021o -67.1
    30w 31.0 1  0 761.0 2027:02:01 9619.920 120525.2          12529                          3595 .19g -.020o -67.8
    31w 28.0 1  0 789.0 2027:03:01 9241.502 123064.7          13317                          3543 .21g -.016o -61.0
    32w 31.0 1  0 820.0 2027:04:01 8828.093 124411.2          14093                          3486 .22g -.016o -65.6
    33w 30.0 2  0 850.0 2027:05:01 8441.142 128364.3          15207                          3431 .22g -.012o -61.9
    34w 31.0 1  0 881.0 2027:06:01 8057.283 131362.7          16304                          3373 .24g -.011o -64.5
    35w 30.0 1  0 911.0 2027:07:01 7688.366 132981.4          17296                          3317 .25g -.010o -61.8
    36w 31.0 1  0 942.0 2027:08:01 7312.044 133418.9          18246                          3261 .27g -.009o -62.6
    37w 31.0 1  0 973.0 2027:09:01 6944.137 132753.0          19117                          3205 .29g -.009o -61.0
    38w 30.0 1  0  1003 2027:10:01 6599.157 131231.3          19886                          3153 .30g -.009o -57.3
    39w 31.0 1  0  1034 2027:11:01 6250.759 128106.3          20495                          3100 .32g -.009o -56.7
    40w 30.0 1  0  1064 2027:12:01 5932.161 124011.1          20905                          3052 .33g -.009o -52.4

                                    I M E X   T I M E   S T E P   S U M M A R Y
 ==================================================================================================================
    Time Step           Time                  Total Production             Total Injection  Total Max. Max. Change
 ---------------- ---------------- -------------------------------------- -----------------  PV   Mat. ------------
                C                    Oil      Gas     Water   GOR.  Wat.    Gas     Water   Avg.  bal. Satur. Pres.
        Size    U                                             SCF/   Cut                    Pres. err. DSMAX  DPMAX
  No.   Days IT T Days   yy:mm:dd   STB/D    MCF/D    STB/D    STB    %    MCF/D    STB/D   psia   %          psia
 ------ ---- -- - ----- ---------- -------- -------- -------- ----- ----- -------- -------- ----- ---- ------ -----
    41w 31.0 1  0  1095 2028:01:01 5621.349 119758.9          21304                          3004 .33g -.009o -51.8
    42w 31.0 1  0  1126 2028:02:01 5325.316 115419.5          21674                          2958 .32g -.009o -49.7
    43w 29.0 1  0  1155 2028:03:01 5061.172 111263.0          21984                          2916 .32g -.008o -45.6
    44w 31.0 1  0  1186 2028:04:01 4791.272 106781.4          22287                          2871 .33g -.009o -49.7
    45w 30.0 1  0  1216 2028:05:01 4542.938 102456.0          22553                          2830 .34g -.008o -44.9
    46w 31.0 1  0  1247 2028:06:01 4300.680 98066.00          22802                          2790 .35g -.008o -43.6
    47w 30.0 1  0  1277 2028:07:01 4080.020 93925.14          23021                          2754 .35g -.008o -39.8
    48w 31.0 1  0  1308 2028:08:01 3863.571 89735.36          23226                          2718 .36g -.008o -38.9
    49w 31.0 1  0  1339 2028:09:01 3661.709 85722.47          23411                          2684 .37g -.007o -36.8
    50w 30.0 1  0  1369 2028:10:01 3478.011 81980.67          23571                          2653 .38g -.007o -33.8
    51w 31.0 1  0  1400 2028:11:01 3299.483 78265.37          23720                          2623 .38g -.007o -33.1
    52w 30.0 1  0  1430 2028:12:01 3135.781 74787.95          23850                          2595 .39g -.006o -30.4
    53w 31.0 1  0  1461 2029:01:01 2976.990 71357.97          23970                          2567 .39g -.006o -29.8
    54w 31.0 1  0  1492 2029:02:01 2826.613 68054.58          24076                          2541 .40g -.006o -28.3
    55w 28.0 1  0  1520 2029:03:01 2697.485 65177.10          24162                          2519 .40g -.005o -24.4
    56w 31.0 1  0  1551 2029:04:01 2562.292 62121.18          24244                          2495 .40g -.005o -25.8
    57w 30.0 1  0  1581 2029:05:01 2437.801 59252.22          24306                          2472 .39g -.005o -24.1
    58w 31.0 1  0  1612 2029:06:01 2314.060 56363.12          24357                          2449 .39g -.005o -25.0
    59w 30.0 1  0  1642 2029:07:01 2200.385 53655.64          24385                          2428 .39g -.005o -23.7
    60w 31.0 1  0  1673 2029:08:01 2090.398 51016.21          24405                          2408 .40g -.005o -22.7

                                    I M E X   T I M E   S T E P   S U M M A R Y
 ==================================================================================================================
    Time Step           Time                  Total Production             Total Injection  Total Max. Max. Change
 ---------------- ---------------- -------------------------------------- -----------------  PV   Mat. ------------
                C                    Oil      Gas     Water   GOR.  Wat.    Gas     Water   Avg.  bal. Satur. Pres.
        Size    U                                             SCF/   Cut                    Pres. err. DSMAX  DPMAX
  No.   Days IT T Days   yy:mm:dd   STB/D    MCF/D    STB/D    STB    %    MCF/D    STB/D   psia   %          psia
 ------ ---- -- - ----- ---------- -------- -------- -------- ----- ----- -------- -------- ----- ---- ------ -----
    61w 31.0 1  0  1704 2029:09:01 1986.380 48511.57          24422                          2388 .40g -.005o -21.4
    62w 30.0 1  0  1734 2029:10:01 1891.082 46211.84          24437                          2370 .40g -.004o -19.6
    63w 31.0 1  0  1765 2029:11:01 1798.125 43964.41          24450                          2353 .41g -.004o -19.1
    64w 30.0 1  0  1795 2029:12:01 1713.085 41903.93          24461                          2337 .41g -.004o -17.5
    65w 31.0 1  0  1826 2030:01:01 1630.069 39888.93          24471                          2321 .41g -.004o -17.2
    66w 31.0 1  0  1857 2030:02:01 1551.634 37981.38          24478                          2306 .42g -.003o -16.3
    67w 28.0 1  0  1885 2030:03:01 1484.339 36341.48          24483                          2293 .42g -.003o -14.0
    68w 31.0 1  0  1916 2030:04:01 1413.791 34620.27          24488                          2280 .42g -.003o -14.8
    69w 30.0 1  0  1946 2030:05:01 1349.085 33038.44          24490                          2267 .42g -.003o -13.6
    70w 31.0 1  0  1977 2030:06:01 1285.752 31487.94          24490                          2255 .42g -.003o -13.3
    71w 30.0 1  0  2007 2030:07:01 1227.590 30061.56          24488                          2244 .43g -.003o -12.3
    72w 31.0 1  0  2038 2030:08:01 1170.599 28661.98          24485                          2233 .43g -.002o -12.1
    73w 31.0 1  0  2069 2030:09:01 1116.548 27332.53          24479                          2222 .43g -.002o -11.5
    74w 30.0 1  0  2099 2030:10:01 1066.933 26109.25          24471                          2212 .43g -.002o -10.6
    75w 31.0 1  0  2130 2030:11:01 1018.322 24907.01          24459                          2203 .43g -.002o -10.4
    76w 30.0 1  0  2160 2030:12:01 973.5680 23799.16          24445                          2194 .44g -.002o  -9.6
    77w 31.0 1  0  2191 2031:01:01 929.6208 22710.18          24430                          2185 .44g -.002o -9.46
    78w 31.0 1  0  2222 2031:02:01 887.8462 21673.80          24412                          2177 .44g -.002o -9.01
    79w 28.0 1  0  2250 2031:03:01 851.8101 20778.66          24394                          2170 .44g -.002o -7.79
    80w 31.0 1  0  2281 2031:04:01 813.8455 19834.95          24372                          2163 .44g -.002o -8.21

                                    I M E X   T I M E   S T E P   S U M M A R Y
 ==================================================================================================================
    Time Step           Time                  Total Production             Total Injection  Total Max. Max. Change
 ---------------- ---------------- -------------------------------------- -----------------  PV   Mat. ------------
                C                    Oil      Gas     Water   GOR.  Wat.    Gas     Water   Avg.  bal. Satur. Pres.
        Size    U                                             SCF/   Cut                    Pres. err. DSMAX  DPMAX
  No.   Days IT T Days   yy:mm:dd   STB/D    MCF/D    STB/D    STB    %    MCF/D    STB/D   psia   %          psia
 ------ ---- -- - ----- ---------- -------- -------- -------- ----- ----- -------- -------- ----- ---- ------ -----
    81w 30.0 1  0  2311 2031:05:01 778.8481 18963.88          24349                          2156 .44g -.002o -7.59
    82w 31.0 1  0  2342 2031:06:01 744.4303 18106.42          24323                          2149 .44g -.002o -7.48
    83w 30.0 1  0  2372 2031:07:01 712.6822 17314.56          24295                          2143 .45g -.001o -6.91
    84w 31.0 1  0  2403 2031:08:01 681.4446 16534.71          24264                          2136 .45g -.001o -6.81
    85w 31.0 1  0  2434 2031:09:01 651.6999 15791.32          24231                          2130 .45g -.001o -6.49
    86w 30.0 1  0  2464 2031:10:01 624.2441 15104.41          24196                          2125 .45g -.001o -6.00
    87w 31.0 1  0  2495 2031:11:01 597.2203 14427.72          24158                          2120 .45g -.001o -5.92
    88w 30.0 1  0  2525 2031:12:01 572.2657 13802.14          24118                          2115 .45g -.001o -5.47
    89w 31.0 1  0  2556 2032:01:01 547.6879 13185.45          24075                          2110 .45g -.001o -5.39
    90w 31.0 1  0  2587 2032:02:01 524.2623 12597.07          24028                          2105 .45g -.001o -5.15
    91w 29.0 1  0  2616 2032:03:01 503.3113 12070.27          23982                          2101 .45g -.001o -4.61
    92w 31.0 1  0  2647 2032:04:01 481.9531 11532.84          23929                          2096 .45g -.001o -4.70
    93w 30.0 1  0  2677 2032:05:01 462.2177 11035.69          23876                          2092 .45g -.001o -4.35
    94w 31.0 1  0  2708 2032:06:01 442.7664 10545.28          23817                          2089 .46g -.001o -4.29
    95w 30.0 1  0  2738 2032:07:01 424.7874 10091.52          23757                          2085 .46g -9e-4o -3.97
    96w 31.0 1  0  2769 2032:08:01 407.0630 9643.822          23691                          2081 .46g -9e-4o -3.92
    97w 31.0 1  0  2800 2032:09:01 390.1543 9216.302          23622                          2078 .46g -9e-4o -3.74
    98w 30.0 1  0  2830 2032:10:01 374.5200 8820.619          23552                          2075 .46g -9e-4o -3.46
    99w 31.0 1  0  2861 2032:11:01 359.1025 8430.112          23475                          2072 .46g -9e-4o -3.42
   100w 30.0 1  0  2891 2032:12:01 344.8448 8068.613          23398                          2069 .46g -8e-4o -3.17

                                    I M E X   T I M E   S T E P   S U M M A R Y
 ==================================================================================================================
    Time Step           Time                  Total Production             Total Injection  Total Max. Max. Change
 ---------------- ---------------- -------------------------------------- -----------------  PV   Mat. ------------
                C                    Oil      Gas     Water   GOR.  Wat.    Gas     Water   Avg.  bal. Satur. Pres.
        Size    U                                             SCF/   Cut                    Pres. err. DSMAX  DPMAX
  No.   Days IT T Days   yy:mm:dd   STB/D    MCF/D    STB/D    STB    %    MCF/D    STB/D   psia   %          psia
 ------ ---- -- - ----- ---------- -------- -------- -------- ----- ----- -------- -------- ----- ---- ------ -----
   101w 31.0 1  0  2922 2033:01:01 330.7820 7711.779          23314                          2066 .46g -8e-4o -3.12
   102w 31.0 1  0  2953 2033:02:01 317.3601 7370.882          23226                          2063 .46g -8e-4o -2.98
   103w 28.0 1  0  2981 2033:03:01 305.7392 7075.413          23142                          2061 .46g -7e-4o -2.59
   104w 31.0 1  0  3012 2033:04:01 293.4526 6762.877          23046                          2058 .46g -8e-4o -2.73
   105w 30.0 1  0  3042 2033:05:01 282.0875 6473.461          22948                          2056 .46g -8e-4o -2.53
   106w 31.0 1  0  3073 2033:06:01 270.8734 6187.682          22843                          2054 .46g -8e-4o -2.50
   107w 30.0 1  0  3103 2033:07:01 260.4974 5923.004          22737                          2052 .46g -7e-4o -2.32
   108w 31.0 1  0  3134 2033:08:01 250.2581 5661.629          22623                          2050 .46g -7e-4o -2.29
   109w 31.0 1  0  3165 2033:09:01 240.4809 5411.826          22504                          2048 .46g -7e-4o -2.18
   110w 30.0 1  0  3195 2033:10:01 231.4325 5180.435          22384                          2046 .46g -7e-4o -2.02
   111w 31.0 1  0  3226 2033:11:01 222.5018 4951.904          22256                          2044 .46g -7e-4o -2.00
   112w 30.0 1  0  3256 2033:12:01 214.2367 4740.205          22126                          2042 .46g -7e-4o -1.85
   113w 31.0 1  0  3287 2034:01:01 206.0784 4531.108          21987                          2041 .46g -7e-4o -1.83
   114w 31.0 1  0  3318 2034:02:01 198.2864 4331.230          21843                          2039 .46g -7e-4o -1.75
   115w 28.0 1  0  3346 2034:03:01 191.5357 4157.887          21708                          2038 .46g -6e-4o -1.51
   116w 31.0 1  0  3377 2034:04:01 184.3937 3974.598          21555                          2036 .46g -7e-4o -1.60
   117w 30.0 1  0  3407 2034:05:01 177.7742 3804.481          21401                          2035 .46g -6e-4o -1.48
   118w 31.0 1  0  3438 2034:06:01 171.2441 3636.622          21236                          2033 .46g -6e-4o -1.46
   119w 30.0 1  0  3468 2034:07:01 165.2001 3481.103          21072                          2032 .47g -6e-4o -1.36
   120w 31.0 1  0  3499 2034:08:01 159.2326 3327.465          20897                          2031 .47g -6e-4o -1.34

                                    I M E X   T I M E   S T E P   S U M M A R Y
 ==================================================================================================================
    Time Step           Time                  Total Production             Total Injection  Total Max. Max. Change
 ---------------- ---------------- -------------------------------------- -----------------  PV   Mat. ------------
                C                    Oil      Gas     Water   GOR.  Wat.    Gas     Water   Avg.  bal. Satur. Pres.
        Size    U                                             SCF/   Cut                    Pres. err. DSMAX  DPMAX
  No.   Days IT T Days   yy:mm:dd   STB/D    MCF/D    STB/D    STB    %    MCF/D    STB/D   psia   %          psia
 ------ ---- -- - ----- ---------- -------- -------- -------- ----- ----- -------- -------- ----- ---- ------ -----
   121w 31.0 1  0  3530 2034:09:01 153.5318 3180.573          20716                          2030 .47g -6e-4o -1.28
   122w 30.0 1  0  3560 2034:10:01 148.2566 3044.520          20535                          2029 .47g -6e-4o -1.19
   123w 31.0 1  0  3591 2034:11:01 143.0825 2910.148          20339                          2028 .47g -6e-4o -1.17
   124w 30.0 1  0  3621 2034:12:01 138.2858 2785.644          20144                          2027 .47g -6e-4o -1.08
   125w 31.0 1  0  3652 2035:01:01 133.5435 2662.460          19937                          2026 .47g -6e-4o -1.07
   126w 31.0 1  0  3683 2035:02:01 129.0170 2544.799          19725                          2025 .47g -6e-4o -1.02
   127w 28.0 1  0  3711 2035:03:01 125.0954 2442.750          19527                          2024 .47g -5e-4o -.888
   128w 31.0 1  0  3742 2035:04:01 120.9440 2334.668          19304                          2023 .47g -6e-4o -.939
   129w 30.0 1  0  3772 2035:05:01 117.0982 2234.433          19082                          2022 .47g -6e-4o -.870
   130w 31.0 1  0  3803 2035:06:01 113.3001 2135.378          18847                          2022 .47g -6e-4o -.859
   131w 30.0 1  0  3833 2035:07:01 109.7820 2043.533          18614                          2021 .47g -6e-4o -.796
   132w 31.0 1  0  3864 2035:08:01 106.3079 1952.783          18369                          2020 .47g -6e-4o -.786
   133w 31.0 1  0  3895 2035:09:01 102.9838 1865.858          18118                          2019 .47g -6e-4o -.752
   134w 30.0 1  0  3925 2035:10:01  99.9018 1785.197          17870                          2019 .47g -6e-4o -.698
   135w 31.0 1  0  3956 2035:11:01 96.84943 1705.248          17607                          2018 .47g -6e-4o -.691
   136w 30.0 1  0  3986 2035:12:01 94.01493 1630.933          17348                          2018 .47g -5e-4o -.650
   137w 31.0 1  0  4017 2036:01:01 91.21155 1557.401          17075                          2017 .47g -6e-4o -.639
   138w 1.00 1  0  4018 2036:01:02 91.12857 1555.044          17064                          2017 .47g -1e-5o -.021
   139  5.00 1  0  4023 2036:01:07 90.67910 1543.272          17019                          2017 .47g -9e-5o  .209
   140  25.0 1  0  4048 2036:02:01 88.51194 1486.505          16794                          2016 .47g -4e-4o -.710

                                    I M E X   T I M E   S T E P   S U M M A R Y
 ==================================================================================================================
    Time Step           Time                  Total Production             Total Injection  Total Max. Max. Change
 ---------------- ---------------- -------------------------------------- -----------------  PV   Mat. ------------
                C                    Oil      Gas     Water   GOR.  Wat.    Gas     Water   Avg.  bal. Satur. Pres.
        Size    U                                             SCF/   Cut                    Pres. err. DSMAX  DPMAX
  No.   Days IT T Days   yy:mm:dd   STB/D    MCF/D    STB/D    STB    %    MCF/D    STB/D   psia   %          psia
 ------ ---- -- - ----- ---------- -------- -------- -------- ----- ----- -------- -------- ----- ---- ------ -----
   141w 29.0 1  0  4077 2036:03:01 86.08613 1423.293          16533                          2016 .47g -9e-4g -.572
   142w 31.0 1  0  4108 2036:04:01 83.63514 1358.891          16248                          2015 .47g -6e-4o -1.01
   143w 30.0 1  0  4138 2036:05:01 81.36968 1299.253          15967                          2015 .47g -9e-4g -.551
   144w 31.0 1  0  4169 2036:06:01 79.13649 1240.438          15675                          2014 .47g -6e-4o -.975
   145w 30.0 1  0  4199 2036:07:01 77.07247 1186.028          15388                          2014 .47g -9e-4g -.484
   146w 31.0 1  0  4230 2036:08:01 75.03798 1132.372          15091                          2014 .47g -6e-4o -.951
   147w 31.0 1  0  4261 2036:09:01 73.09666 1081.131          14790                          2013 .47g -.001g -.459
   148w 30.0 1  0  4291 2036:10:01 71.30174 1033.716          14498                          2013 .47g -6e-4o -.909
   149w 31.0 1  0  4322 2036:11:01 69.53060 986.9090          14194                          2012 .47g -.001g -.423
   150w 30.0 1  0  4352 2036:12:01 67.88680 943.4667          13898                          2012 .47g -8e-4o -.883
   151w 31.0 1  0  4383 2037:01:01 66.26866 900.6569          13591                          2012 .47g -.001g -.389
   152w 31.0 1  0  4414 2037:02:01 64.72589 859.8030          13284                          2011 .47g -9e-4o -.875
   153w 28.0 1  0  4442 2037:03:01 63.38766 824.3207          13004                          2011 .47g -9e-4g -.334
   154w 31.0 1  0  4473 2037:04:01 61.97028 786.7540          12696                          2011 .47g -9e-4o -.865
   155w 30.0 1  0  4503 2037:05:01 60.65849 751.9469          12396                          2011 .47g -.001g -.323
   156w 31.0 1  0  4534 2037:06:01 59.36386 717.5882          12088                          2010 .47g -.001o -.864
   157w 30.0 1  0  4564 2037:07:01 58.16589 685.7678          11790                          2010 .47g -.001g  .314
   158w 31.0 1  0  4595 2037:08:01 56.98131 654.2909          11483                          2010 .47g -.001o -.856
   159w 31.0 1  0  4626 2037:09:01 55.84688 624.1241          11176                          2010 .47g -.001g  .346
   160w 30.0 1  0  4656 2037:10:01 54.79218 596.0529          10878                          2009 .47g -.001o -.842

                                    I M E X   T I M E   S T E P   S U M M A R Y
 ==================================================================================================================
    Time Step           Time                  Total Production             Total Injection  Total Max. Max. Change
 ---------------- ---------------- -------------------------------------- -----------------  PV   Mat. ------------
                C                    Oil      Gas     Water   GOR.  Wat.    Gas     Water   Avg.  bal. Satur. Pres.
        Size    U                                             SCF/   Cut                    Pres. err. DSMAX  DPMAX
  No.   Days IT T Days   yy:mm:dd   STB/D    MCF/D    STB/D    STB    %    MCF/D    STB/D   psia   %          psia
 ------ ---- -- - ----- ---------- -------- -------- -------- ----- ----- -------- -------- ----- ---- ------ -----
   161w 31.0 1  0  4687 2037:11:01 53.74442 568.1593          10572                          2009 .47g -.001g  .374
   162w 30.0 1  0  4717 2037:12:01 52.77264 542.2773          10276                          2009 .47g -.001o -.839
   163w 31.0 1  0  4748 2038:01:01 51.81184 516.6903           9972                          2009 .47g -.001g  .409
   164w 31.0 1  0  4779 2038:02:01 50.89544 492.2768           9672                          2009 .47g -.001o -.842
   165w 28.0 1  0  4807 2038:03:01 50.10150 471.1015           9403                          2008 .47g -.001g  .471
   166w 31.0 1  0  4838 2038:04:01 49.26300 448.7648           9110                          2008 .47g -.001o -.843
   167w 30.0 1  0  4868 2038:05:01 48.48815 428.0984           8829                          2008 .47g -.001g  .499
   168w 31.0 1  0  4899 2038:06:01 47.72574 407.7720           8544                          2008 .47g -.001o -.847
   169w 30.0 1  0  4929 2038:07:01 47.02102 388.9676           8272                          2008 .47g -.001g  .526
   170w 31.0 1  0  4960 2038:08:01 46.32772 370.4777           7997                          2008 .47g -.001o -.844
   171w 31.0 1  0  4991 2038:09:01 45.66650 352.8339           7726                          2008 .47g -.001g  .546
   172w 30.0 1  0  5021 2038:10:01 45.05693 336.5665           7470                          2007 .47g -.001o -.834
   173w 31.0 1  0  5052 2038:11:01 44.45568 320.5261           7210                          2007 .47g -.001g  .562
   174w 30.0 1  0  5082 2038:12:01 43.90151 305.7374           6964                          2007 .47g -.001o -.824
   175w 31.0 1  0  5113 2039:01:01 43.35472 291.1519           6716                          2007 .47g -.001g  .581
   176w 31.0 1  0  5144 2039:02:01 42.83450 277.2768           6473                          2007 .47g -.001o -.823
   177w 28.0 1  0  5172 2039:03:01 42.38377 265.2401           6258                          2007 .47g -.001g  .620
   178w 31.0 1  0  5203 2039:04:01 41.90788 252.5659           6027                          2007 .47g -.001o -.829
   179w 30.0 1  0  5233 2039:05:01 41.46803 240.8372           5808                          2007 .47g -.001g  .640
   180w 31.0 1  0  5264 2039:06:01 41.03551 229.3215           5588                          2007 .47g -.001o -.836

                                    I M E X   T I M E   S T E P   S U M M A R Y
 ==================================================================================================================
    Time Step           Time                  Total Production             Total Injection  Total Max. Max. Change
 ---------------- ---------------- -------------------------------------- -----------------  PV   Mat. ------------
                C                    Oil      Gas     Water   GOR.  Wat.    Gas     Water   Avg.  bal. Satur. Pres.
        Size    U                                             SCF/   Cut                    Pres. err. DSMAX  DPMAX
  No.   Days IT T Days   yy:mm:dd   STB/D    MCF/D    STB/D    STB    %    MCF/D    STB/D   psia   %          psia
 ------ ---- -- - ----- ---------- -------- -------- -------- ----- ----- -------- -------- ----- ---- ------ -----
   181w 30.0 1  0  5294 2039:07:01 40.63550 218.6658           5381                          2006 .47g -.001g  .656
   182w 31.0 1  0  5325 2039:08:01 40.24212 208.2047           5174                          2006 .47g -.001o -.834
   183w 31.0 1  0  5356 2039:09:01 39.86672 198.2225           4972                          2006 .47g -.001g  .666
   184w 30.0 1  0  5386 2039:10:01 39.52090 189.0339           4783                          2006 .47g -.001o -.828
   185w 31.0 1  0  5417 2039:11:01 39.17949 179.9752           4594                          2006 .47g -.001g  .672
   186w 30.0 1  0  5447 2039:12:01 38.86499 171.6347           4416                          2006 .47g -.002o -.819
   187w 31.0 1  0  5478 2040:01:01 38.55434 163.4103           4238                          2006 .47g -.001g  .682
   188w 31.0 1  0  5509 2040:02:01 38.25876 155.5938           4067                          2006 .47g -.002o -.818
   189w 29.0 1  0  5538 2040:03:01 37.99369 148.5825           3911                          2006 .47g -.001g  .706
   190w 31.0 1  0  5569 2040:04:01 37.72336 141.4611           3750                          2006 .47g -.002o -.825
   191w 30.0 1  0  5599 2040:05:01 37.47333 134.8729           3599                          2006 .47g -.001g  .723
   192w 31.0 1  0  5630 2040:06:01 37.22723 128.4103           3449                          2006 .47g -.002o -.832
   193w 30.0 1  0  5660 2040:07:01 37.00223 122.5168           3311                35.52518  2006 .47g -.002g  .774
   194w 31.0 1  0  5691 2040:08:01 36.78130 116.7455           3174                          2006 .47g -.002o -.864
   195w 31.0 1  0  5722 2040:09:01 36.57775 111.4691           3047                56.36825  2006 .47g -.002g  .866
   196w 30.0 1  0  5752 2040:10:01 36.39155 106.6379           2930                          2006 .47g -.001o -.930
   197w 31.0 1  0  5783 2040:11:01 36.20369 101.7587           2811                          2006 .47g -8e-4o -.525
   198w 30.0 1  0  5813 2040:12:01 36.03862 97.54031           2707                89.04808  2006 .47g -.003g  1.57
   199w 31.0 1  0  5844 2041:01:01 35.87913 93.46617           2605                          2006 .47g -9e-4o -1.13
   200w 31.0 1  0  5875 2041:02:01 35.71978 89.36353           2502                          2006 .47g -6e-4o -.442

                                    I M E X   T I M E   S T E P   S U M M A R Y
 ==================================================================================================================
    Time Step           Time                  Total Production             Total Injection  Total Max. Max. Change
 ---------------- ---------------- -------------------------------------- -----------------  PV   Mat. ------------
                C                    Oil      Gas     Water   GOR.  Wat.    Gas     Water   Avg.  bal. Satur. Pres.
        Size    U                                             SCF/   Cut                    Pres. err. DSMAX  DPMAX
  No.   Days IT T Days   yy:mm:dd   STB/D    MCF/D    STB/D    STB    %    MCF/D    STB/D   psia   %          psia
 ------ ---- -- - ----- ---------- -------- -------- -------- ----- ----- -------- -------- ----- ---- ------ -----
   201w 28.0 1  0  5903 2041:03:01 35.59149 86.14058           2420                111.2862  2005 .47g -.003g  1.64
   202w 31.0 1  0  5934 2041:04:01 35.45948 82.83996           2336                          2005 .47g -6e-4o -1.26
   203w 30.0 1  0  5964 2041:05:01 35.32886 79.51517           2251                          2005 .47g -5e-4o -.390
   204w 31.0 1  0  5995 2041:06:01 35.21383 76.72255           2179                124.6221  2005 .47g -.004g  1.68
   205w 30.0 1  0  6025 2041:07:01 35.11146 74.22522           2114                          2005 .47g -5e-4o -1.34
   206w 31.0 1  0  6056 2041:08:01 34.99719 71.36416           2039                          2005 .47g -5e-4o -.360
   207w 31.0 1  0  6087 2041:09:01 34.90231 69.13488           1981                135.7784  2005 .47g -.005g  1.69
   208w 30.0 1  0  6117 2041:10:01 34.81804 67.14923           1929                          2005 .47g -5e-4o -1.37
   209w 31.0 1  0  6148 2041:11:01 34.71989 64.73808           1865                          2005 .47g -5e-4o -.337
   210w 30.0 1  0  6178 2041:12:01 34.64242 62.98679           1818                144.7329  2005 .47g -.005g  1.68
   211w 31.0 1  0  6209 2042:01:01 34.56886 61.32683           1774                          2005 .47g -5e-4o -1.38
   212w 31.0 1  0  6240 2042:02:01 34.48276 59.25320           1718                          2005 .47g -5e-4o -.314
   213w 28.0 1  0  6268 2042:03:01 34.41982 57.88459           1682                152.5635  2005 .47g -.004g  1.66
   214w 31.0 1  0  6299 2042:04:01 34.35613 56.51957           1645                          2005 .47g -5e-4o -1.38
   215w 30.0 1  0  6329 2042:05:01 34.28236 54.78524           1598                          2005 .47g -5e-4o -.293
   216w 31.0 1  0  6360 2042:06:01 34.22482 53.63999           1567                153.9984  2005 .47g -.005g  1.66
   217w 30.0 1  0  6390 2042:07:01 34.17492 52.64641           1540                          2005 .47g -5e-4o -1.39
   218w 31.0 1  0  6421 2042:08:01 34.10752 51.11207           1499                          2005 .47g -5e-4o -.286
   219w 31.0 1  0  6452 2042:09:01 34.05810 50.20289           1474                156.0408  2005 .47g -.005g  1.63
   220w 30.0 1  0  6482 2042:10:01 34.01510 49.41397           1453                          2005 .47g -5e-4o -1.37

                                    I M E X   T I M E   S T E P   S U M M A R Y
 ==================================================================================================================
    Time Step           Time                  Total Production             Total Injection  Total Max. Max. Change
 ---------------- ---------------- -------------------------------------- -----------------  PV   Mat. ------------
                C                    Oil      Gas     Water   GOR.  Wat.    Gas     Water   Avg.  bal. Satur. Pres.
        Size    U                                             SCF/   Cut                    Pres. err. DSMAX  DPMAX
  No.   Days IT T Days   yy:mm:dd   STB/D    MCF/D    STB/D    STB    %    MCF/D    STB/D   psia   %          psia
 ------ ---- -- - ----- ---------- -------- -------- -------- ----- ----- -------- -------- ----- ---- ------ -----
   221w 31.0 1  0  6513 2042:11:01 33.95384 48.06089           1415                          2005 .47g -5e-4o -.275
   222w 30.0 1  0  6543 2042:12:01 33.91078 47.32468           1396                157.8763  2005 .47g -.005g  1.60
   223w 31.0 1  0  6574 2043:01:01 33.87043 46.64271           1377                          2005 .47g -5e-4o -1.35
   224w 31.0 1  0  6605 2043:02:01 33.81325 45.41363           1343                          2005 .47g -5e-4o -.261
   225w 28.0 1  0  6633 2043:03:01 33.77525 44.79490           1326                160.2604  2005 .47g -.005g  1.56
   226w 31.0 1  0  6664 2043:04:01 33.73733 44.20311           1310                          2005 .47g -5e-4o -1.32
   227w 30.0 1  0  6694 2043:05:01 33.68556 43.12562           1280                          2005 .47g -5e-4o -.241
   228w 31.0 1  0  6725 2043:06:01 33.64898 42.62683           1267                157.5972  2005 .47g -.005g  1.56
   229w 30.0 1  0  6755 2043:07:01 33.61833 42.22726           1256                          2005 .47g -5e-4o -1.33
   230w 31.0 1  0  6786 2043:08:01 33.56860 41.23333           1228                          2005 .47g -5e-4o -.222
   231w 31.0 1  0  6817 2043:09:01 33.53551 40.84377           1218                156.4639  2005 .47g -.005g  1.54
   232w 30.0 1  0  6847 2043:10:01 33.50742 40.53048           1210                          2005 .47g -4e-4o -1.33
   233w 31.0 1  0  6878 2043:11:01 33.45973 39.60544           1184                          2005 .47g -5e-4o -.129
   234w 30.0 1  0  6908 2043:12:01 33.42908 39.28037           1175                158.1626  2005 .47g -.005g  1.43
   235w 31.0 1  0  6939 2044:01:01 33.40052 38.98740           1167                          2005 .47g -5e-4o -1.32
   236w 31.0 1  0  6970 2044:02:01 33.35369 38.09885           1142                          2005 .47g -5e-4o -.127
   237w 29.0 1  0  6999 2044:03:01 33.32492 37.82480           1135                157.1286  2005 .47g -.005g  1.38
   238w 31.0 1  0  7030 2044:04:01 33.29771 37.59111           1129                          2005 .47g -5e-4o -1.26
   239w 30.0 1  0  7060 2044:05:01 33.25476 36.81038           1107                          2005 .47g -4e-4o -.125
   240w 31.0 1  0  7091 2044:06:01 33.22780 36.65109           1103                154.8224  2005 .48g -.005g  1.33

                                    I M E X   T I M E   S T E P   S U M M A R Y
 ==================================================================================================================
    Time Step           Time                  Total Production             Total Injection  Total Max. Max. Change
 ---------------- ---------------- -------------------------------------- -----------------  PV   Mat. ------------
                C                    Oil      Gas     Water   GOR.  Wat.    Gas     Water   Avg.  bal. Satur. Pres.
        Size    U                                             SCF/   Cut                    Pres. err. DSMAX  DPMAX
  No.   Days IT T Days   yy:mm:dd   STB/D    MCF/D    STB/D    STB    %    MCF/D    STB/D   psia   %          psia
 ------ ---- -- - ----- ---------- -------- -------- -------- ----- ----- -------- -------- ----- ---- ------ -----
   241w 30.0 1  0  7121 2044:07:01 33.20500 36.53147           1100                          2005 .48g -4e-4o -1.22
   242w 31.0 1  0  7152 2044:08:01 33.16230 35.78729           1079                          2005 .48g -5e-4o -.126
   243w 31.0 1  0  7183 2044:09:01 33.13671 35.67945           1077                153.6958  2005 .48g -.005g  1.28
   244w 30.0 1  0  7213 2044:10:01 33.11728 35.68073           1077                          2005 .48g  6e-4o -1.13
   245w 31.0 1  0  7244 2044:11:01 33.07841 35.06067           1060                          2005 .48g -4e-4o -.147
   246w 30.0 1  0  7274 2044:12:01 33.05519 35.00558           1059                152.3623  2005 .48g -.005g  1.20
   247w 31.0 1  0  7305 2045:01:01 33.03485 35.01479           1060                          2005 .48g  6e-4o -1.07

 ===================== SUMMARY (from subroutine: TSIO)   ======================
  Simulation run terminated. Stopping time reached.
    
     1 Warning messages.    0 Error messages.
 ==============================================================================



                          Global Storage Usage
                          ====================

             Section           Bytes          Mbytes   # Objects
        ------------    ------------    ------------   ---------
              MXSLVR          412432           0.393          98
              GRMOD0          216624           0.207         482
               IMEX2          125666           0.120         693
               IMEX1          113584           0.108         588
               IMEX3           50818           0.048         249
              MXGR01           50312           0.048          18
              WMCOM1           42317           0.040         982
              GRMOD1           36256           0.035         151
              KWCOM1           34735           0.033          52
              EQTPAR           29876           0.028          69
               POINT           25144           0.024          96
              SR2COM           22000           0.021          92
             MXSLVR1           12880           0.012          14
              MXWELL            8976           0.009         262
           GLOBSTORE            7478           0.007          27
              MXINIT            6244           0.006          23
              CMPDIL            6112           0.006          25
               PRTCM            5760           0.005          17
              SECTOR            2464           0.002          13
               SAMG1            1873           0.002         255
              PGMCH1            1794           0.002         319
             CMGFILE            1206           0.001          19
                FLXB            1156           0.001          27
                CMB1             600           0.001          68
           PGSCOMMON             476           0.000          64
                 MTS             340           0.000          18
           PGPARASOL             296           0.000          65
              SGCOM2             216           0.000          54
              SGCOM1             180           0.000          44
              GRMOD2             156           0.000          38
              WMCOM3              92           0.000           4
              WMCOM2              76           0.000          15
              WMCOM5              52           0.000          13
              SGCOM3              32           0.000           8
        PGMATDOMAINS              16           0.000           4
              WMCOM7               8           0.000           2
              DEPTAB               8           0.000           2
              SGCOM4               4           0.000           1
            PGSINT3D               0           0.000           0
              MXPRSL               0           0.000           0
        ------------    ------------    ------------   ---------
               Total         1218259           1.162        4971
            Maximium         1678995           1.601

       Field Total                                   Fluid
                             Oil       Gas       Water    Solvent   Polymer    Salt
                            -------   -------   -------   -------   -------   -------
                            (MSTB)    (MMSCF)   (MSTB)    (MMSCF)    (MLB)     (MLB)
  Cumulative Production       18451    178807      0        NA        NA        NA   
  Cumulative Injection        NA       45e-17    77.294     NA        NA        NA   
  Cumulative Gas Lift         NA         0        NA        NA        NA        NA   
  Cumulative Aquifer Influx   NA        NA         0        NA        NA        NA   
  Current Fluids In Place    246768    229028     63485     NA        NA        NA   
  Production Rates           .03303    .03501      0        NA        NA        NA   
  Injection Rates             NA         0         0        NA        NA        NA   

  Timesteps:    247  Newton Cycles:      251  Cuts:      0  Solver Iterations:         1679
  Average Implicitness    : 0.575
  Fluid Component Model   : BLACKOIL (SINGLE-P)
  Material Balances (owg): 1.000 0.999 1.005
  Average Active Blocks:         300 Average Non-BHP Active Wells:     0
  Total Blocks :         300 Total Wells :     2
  Active Blocks:         300 Non-BHP Active Wells:     0
  Time at end of simulation:   7305.00     (days)   
  Average reservoir pressure excluding water zone: 2005.110 (psi)    
  Total Number of Solver Failures:       0  Stalls:       0  ITERMAX Reached:       0
  Jacobian Domains      1  
  Total lstpro/lstpar calls:     2  (    8)
  Linear Solver: Aimsol
  Preconditioner Ordering: REDBLACK
  Preconditioner Degree           1
  KMP_AFFINITY: Default
  OMP_SCHEDULE: Default
  Max Impl Blocks:      187  %Impl: 62.3%  (TS,CUT,NCYC): (   138, 0,  1 )
  Max Solver Iterations (TS,CUT,NCYC):       9 (   236, 0,  1 )
  Number of threads set:    1
  Total number of cpus:    4
  Memory Usage Peak:       64 MB on TS:   244 TS 1 Peak:       40 MB  Average:       56 MB  VM Size:       72 MB
  Host computer: IKIEARTH
  CPU Time:             2.78 seconds
  Elapsed Time:         5.35 seconds

  End of Simulation: Normal Termination

  Date and Time of End of Run:  Apr 19, 2025  06:47:31

