    Opened LOG FILE         on unit 10, filename is 'D:\TA MANDIRI\SKENARIO CMG\A1P3C.log'
 ********************************************************************************
 *                                                                              *
 *                                IMEX  2021.10                                 *
 *            Adaptive-Implicit Black Oil & Unconventional Simulator            *
 *                         General Release for Win x64                          *
 *                            2021-Nov-16   12:35:59                            *
 *                                                                              *
 *                          (c) Copyright 1977 - 2021                           *
 *                Computer Modelling Group Ltd., Calgary, Canada                *
 *                             All Rights Reserved                              *
 *                                                                              *
 ********************************************************************************


 Command-line Arguments:  -dimsum
                          -wd D:\TA MANDIRI\SKENARIO CMG
                          -log
                          -f D:\TA MANDIRI\SKENARIO CMG\A1P3C.dat

  Date and Time of Start of Run:  Apr 19, 2025  07:09:38


*** Input/Output files specification :
    Opened data file        on unit 11, filename is 'D:\TA MANDIRI\SKENARIO CMG\A1P3C.dat'
    Opened Scratch file     on unit 12
    Opened Scratch file     on unit 13
    Opened output file      on unit 14, filename is 'D:\TA MANDIRI\SKENARIO CMG\A1P3C.out'
    Opened SR3-OUT          on unit 15, filename is 'D:\TA MANDIRI\SKENARIO CMG\A1P3C.sr3'
    Opened Restart-SR3      on unit 16, filename is 'D:\TA MANDIRI\SKENARIO CMG\A1P3C.rstr.sr3'
    Opened GRID scratchfile on unit 17

 ===================== WARNING (from subroutine: INCOMP) ======================
  P/Z Output is disabled as Temperatures were not defined for all PVT Regions
  Please review the *TRES Keyword
  Line: 73   File Name: D:\TA MANDIRI\SKENARIO CMG\A1P3C.dat
 ==============================================================================


 ===================== SUMMARY (from subroutine: INDATA) ======================
  Reading of initial data is complete.
  Simulation will stop if there were error messages.
     1 Warning messages.    0 Error messages.
 ==============================================================================



                          Global Storage Usage
                          ====================

             Section           Bytes          Mbytes   # Objects
        ------------    ------------    ------------   ---------
              MXSLVR          242312           0.231          98
              GRMOD0          216624           0.207         482
               IMEX2          125666           0.120         693
               IMEX1          113584           0.108         588
               IMEX3           50818           0.048         249
              MXGR01           50312           0.048          18
              WMCOM1           42317           0.040         982
              GRMOD1           36256           0.035         151
              KWCOM1           34735           0.033          52
              EQTPAR           29876           0.028          69
               POINT           25144           0.024          96
              SR2COM           22000           0.021          92
             MXSLVR1           12880           0.012          14
              MXWELL            8976           0.009         262
           GLOBSTORE            7478           0.007          27
              MXINIT            6244           0.006          23
              CMPDIL            6112           0.006          25
               PRTCM            5760           0.005          17
              SECTOR            2464           0.002          13
               SAMG1            1873           0.002         255
              PGMCH1            1794           0.002         319
             CMGFILE            1206           0.001          19
                FLXB            1156           0.001          27
                CMB1             600           0.001          68
           PGSCOMMON             476           0.000          64
                 MTS             340           0.000          18
           PGPARASOL             296           0.000          65
              SGCOM2             216           0.000          54
              SGCOM1             180           0.000          44
              GRMOD2             156           0.000          38
              WMCOM3              92           0.000           4
              WMCOM2              76           0.000          15
              WMCOM5              52           0.000          13
              SGCOM3              32           0.000           8
        PGMATDOMAINS              16           0.000           4
              WMCOM7               8           0.000           2
              DEPTAB               8           0.000           2
              SGCOM4               4           0.000           1
            PGSINT3D               0           0.000           0
              MXPRSL               0           0.000           0
        ------------    ------------    ------------   ---------
               Total         1048139           1.000        4971
            Maximium         1678995           1.601

                                    I M E X   T I M E   S T E P   S U M M A R Y
 ==================================================================================================================
    Time Step           Time                  Total Production             Total Injection  Total Max. Max. Change
 ---------------- ---------------- -------------------------------------- -----------------  PV   Mat. ------------
                C                    Oil      Gas     Water   GOR.  Wat.    Gas     Water   Avg.  bal. Satur. Pres.
        Size    U                                             SCF/   Cut                    Pres. err. DSMAX  DPMAX
  No.   Days IT T Days   yy:mm:dd   STB/D    MCF/D    STB/D    STB    %    MCF/D    STB/D   psia   %          psia
 ------ ---- -- - ----- ---------- -------- -------- -------- ----- ----- -------- -------- ----- ---- ------ -----
     1w 1.00 2  0 1.000 2025:01:02 67521.77 100086.8           1482                          4792 e-3o -.033o  -267
     2  1.63 1  0 2.627 2025:01:04 54713.19 97482.35           1782                          4786 e-4g -.036o  -278
     3  2.54 1  0 5.171 2025:01:06 43763.43 90378.65           2065                          4780 e-3g -.026o  -231
     4  4.80 1  0  9.97 2025:01:11 36010.04 80381.15           2232                          4768 e-3g -.019o  -216
     5   9.7 1  0 19.65 2025:01:21 31872.92 69572.29           2183                          4747 .01g -.029o  -178
     6  11.3 1  0 31.00 2025:02:01 28398.80 68412.02           2409                          4725 e-3g -.021o  -126
     7w 28.0 1  0 59.00 2025:03:01 25440.61 61300.13           2410                          4672 .02g -.049o  -165
     8w 31.0 2  0 90.00 2025:04:01 23198.11 60423.91           2605                          4618 .02g -.034o  -116
     9w 30.0 1  0 120.0 2025:05:01 21922.52 58876.11           2686                          4568 .03g -.033o -85.0
    10w 31.0 1  0 151.0 2025:06:01 20956.29 57947.48           2765                          4517 .04g -.030o -72.6
    11w 30.0 1  0 181.0 2025:07:01 20137.59 57168.88           2839                          4471 .05g -.025o -58.9
    12w 31.0 1  0 212.0 2025:08:01 19359.45 56910.43           2940                          4425 .06g -.025o -54.5
    13w 31.0 1  0 243.0 2025:09:01 18620.32 56962.51           3059                          4380 .06g -.025o -49.6
    14w 30.0 1  0 273.0 2025:10:01 17952.33 57379.53           3196                          4338 .07g -.024o -45.8
    15w 31.0 1  0 304.0 2025:11:01 17274.56 58068.09           3361                          4295 .08g -.025o -46.2
    16w 30.0 1  0 334.0 2025:12:01 16665.29 59514.73           3571                          4254 .08g -.026o -43.6
    17w 31.0 1  0 365.0 2026:01:01 16020.70 61279.47           3825                          4212 .09g -.025o -45.2
    18w 31.0 1  0 396.0 2026:02:01 15380.10 63295.43           4115                          4171 .10g -.026o -45.1
    19w 28.0 1  0 424.0 2026:03:01 14819.90 65332.35           4408                          4133 .10g -.022o -40.8
    20w 31.0 1  0 455.0 2026:04:01 14271.17 68602.42           4807                          4091 .10g -.024o -45.7

                                    I M E X   T I M E   S T E P   S U M M A R Y
 ==================================================================================================================
    Time Step           Time                  Total Production             Total Injection  Total Max. Max. Change
 ---------------- ---------------- -------------------------------------- -----------------  PV   Mat. ------------
                C                    Oil      Gas     Water   GOR.  Wat.    Gas     Water   Avg.  bal. Satur. Pres.
        Size    U                                             SCF/   Cut                    Pres. err. DSMAX  DPMAX
  No.   Days IT T Days   yy:mm:dd   STB/D    MCF/D    STB/D    STB    %    MCF/D    STB/D   psia   %          psia
 ------ ---- -- - ----- ---------- -------- -------- -------- ----- ----- -------- -------- ----- ---- ------ -----
    21w 30.0 1  0 485.0 2026:05:01 13722.34 71483.24           5209                          4049 .11g -.023o -46.1
    22w 31.0 1  0 516.0 2026:06:01 13186.23 75582.26           5732                          4005 .12g -.024o -48.6
    23w 30.0 1  0 546.0 2026:07:01 12665.17 79543.39           6280                          3961 .13g -.023o -48.1
    24w 31.0 1  0 577.0 2026:08:01 12144.85 84012.14           6918                          3915 .13g -.024o -51.9
    25w 31.0 2  0 608.0 2026:09:01 11685.02 90532.07           7748                          3867 .13g -.023o -54.0
    26w 30.0 1  0 638.0 2026:10:01 11277.85 97533.41           8648                          3817 .14g -.022o -55.6
    27w 31.0 1  0 669.0 2026:11:01 10867.32 104662.5           9631                          3763 .15g -.022o -61.0
    28w 30.0 1  0 699.0 2026:12:01 10461.08 110863.7          10598                          3710 .16g -.020o -62.4
    29w 31.0 1  0 730.0 2027:01:01 10040.73 116293.2          11582                          3653 .18g -.021o -67.1
    30w 31.0 1  0 761.0 2027:02:01 9619.920 120525.2          12529                          3595 .19g -.020o -67.8
    31w 28.0 1  0 789.0 2027:03:01 9241.502 123064.7          13317                          3543 .21g -.016o -61.0
    32w 31.0 1  0 820.0 2027:04:01 8828.093 124411.2          14093                          3486 .22g -.016o -65.6
    33w 30.0 2  0 850.0 2027:05:01 8441.142 128364.3          15207                          3431 .22g -.012o -61.9
    34w 31.0 1  0 881.0 2027:06:01 8057.283 131362.7          16304                          3373 .24g -.011o -64.5
    35w 30.0 1  0 911.0 2027:07:01 7688.366 132981.4          17296                          3317 .25g -.010o -61.8
    36w 31.0 1  0 942.0 2027:08:01 7312.044 133418.9          18246                          3261 .27g -.009o -62.6
    37w 31.0 1  0 973.0 2027:09:01 6944.137 132753.0          19117                          3205 .29g -.009o -61.0
    38w 30.0 1  0  1003 2027:10:01 6599.157 131231.3          19886                          3153 .30g -.009o -57.3
    39w 31.0 1  0  1034 2027:11:01 6250.759 128106.3          20495                          3100 .32g -.009o -56.7
    40w 30.0 1  0  1064 2027:12:01 5932.161 124011.1          20905                          3052 .33g -.009o -52.4

                                    I M E X   T I M E   S T E P   S U M M A R Y
 ==================================================================================================================
    Time Step           Time                  Total Production             Total Injection  Total Max. Max. Change
 ---------------- ---------------- -------------------------------------- -----------------  PV   Mat. ------------
                C                    Oil      Gas     Water   GOR.  Wat.    Gas     Water   Avg.  bal. Satur. Pres.
        Size    U                                             SCF/   Cut                    Pres. err. DSMAX  DPMAX
  No.   Days IT T Days   yy:mm:dd   STB/D    MCF/D    STB/D    STB    %    MCF/D    STB/D   psia   %          psia
 ------ ---- -- - ----- ---------- -------- -------- -------- ----- ----- -------- -------- ----- ---- ------ -----
    41w 31.0 1  0  1095 2028:01:01 5621.349 119758.9          21304                          3004 .33g -.009o -51.8
    42w 31.0 1  0  1126 2028:02:01 5325.316 115419.5          21674                          2958 .32g -.009o -49.7
    43w 29.0 1  0  1155 2028:03:01 5061.172 111263.0          21984                          2916 .32g -.008o -45.6
    44w 31.0 1  0  1186 2028:04:01 4791.272 106781.4          22287                          2871 .33g -.009o -49.7
    45w 30.0 1  0  1216 2028:05:01 4542.938 102456.0          22553                          2830 .34g -.008o -44.9
    46w 31.0 1  0  1247 2028:06:01 4300.680 98066.00          22802                          2790 .35g -.008o -43.6
    47w 30.0 1  0  1277 2028:07:01 4080.020 93925.14          23021                          2754 .35g -.008o -39.8
    48w 31.0 1  0  1308 2028:08:01 3863.571 89735.36          23226                          2718 .36g -.008o -38.9
    49w 31.0 1  0  1339 2028:09:01 3661.709 85722.47          23411                          2684 .37g -.007o -36.8
    50w 30.0 1  0  1369 2028:10:01 3478.011 81980.67          23571                          2653 .38g -.007o -33.8
    51w 31.0 1  0  1400 2028:11:01 3299.483 78265.37          23720                          2623 .38g -.007o -33.1
    52w 30.0 1  0  1430 2028:12:01 3135.781 74787.95          23850                          2595 .39g -.006o -30.4
    53w 31.0 1  0  1461 2029:01:01 2976.990 71357.97          23970                          2567 .39g -.006o -29.8
    54w 31.0 1  0  1492 2029:02:01 2826.613 68054.58          24076                          2541 .40g -.006o -28.3
    55w 28.0 1  0  1520 2029:03:01 2697.485 65177.10          24162                          2519 .40g -.005o -24.4
    56w 31.0 1  0  1551 2029:04:01 2562.292 62121.18          24244                          2495 .40g -.005o -25.8
    57w 30.0 1  0  1581 2029:05:01 2437.801 59252.22          24306                          2472 .39g -.005o -24.1
    58w 31.0 1  0  1612 2029:06:01 2314.060 56363.12          24357                          2449 .39g -.005o -25.0
    59w 30.0 1  0  1642 2029:07:01 2200.385 53655.64          24385                          2428 .39g -.005o -23.7
    60w 31.0 1  0  1673 2029:08:01 2090.398 51016.21          24405                          2408 .40g -.005o -22.7

                                    I M E X   T I M E   S T E P   S U M M A R Y
 ==================================================================================================================
    Time Step           Time                  Total Production             Total Injection  Total Max. Max. Change
 ---------------- ---------------- -------------------------------------- -----------------  PV   Mat. ------------
                C                    Oil      Gas     Water   GOR.  Wat.    Gas     Water   Avg.  bal. Satur. Pres.
        Size    U                                             SCF/   Cut                    Pres. err. DSMAX  DPMAX
  No.   Days IT T Days   yy:mm:dd   STB/D    MCF/D    STB/D    STB    %    MCF/D    STB/D   psia   %          psia
 ------ ---- -- - ----- ---------- -------- -------- -------- ----- ----- -------- -------- ----- ---- ------ -----
    61w 31.0 1  0  1704 2029:09:01 1986.380 48511.57          24422                          2388 .40g -.005o -21.4
    62w 30.0 1  0  1734 2029:10:01 1891.082 46211.84          24437                          2370 .40g -.004o -19.6
    63w 31.0 1  0  1765 2029:11:01 1798.125 43964.41          24450                          2353 .41g -.004o -19.1
    64w 30.0 1  0  1795 2029:12:01 1713.085 41903.93          24461                          2337 .41g -.004o -17.5
    65w 31.0 1  0  1826 2030:01:01 1630.069 39888.93          24471                          2321 .41g -.004o -17.2
    66w 31.0 1  0  1857 2030:02:01 1551.634 37981.38          24478                          2306 .42g -.003o -16.3
    67w 28.0 1  0  1885 2030:03:01 1484.339 36341.48          24483                          2293 .42g -.003o -14.0
    68w 31.0 1  0  1916 2030:04:01 1413.791 34620.27          24488                          2280 .42g -.003o -14.8
    69w 30.0 1  0  1946 2030:05:01 1349.085 33038.44          24490                          2267 .42g -.003o -13.6
    70w 31.0 1  0  1977 2030:06:01 1285.752 31487.94          24490                          2255 .42g -.003o -13.3
    71w 30.0 1  0  2007 2030:07:01 1227.590 30061.56          24488                          2244 .43g -.003o -12.3
    72w 31.0 1  0  2038 2030:08:01 1170.599 28661.98          24485                          2233 .43g -.002o -12.1
    73w 31.0 1  0  2069 2030:09:01 1116.548 27332.53          24479                          2222 .43g -.002o -11.5
    74w 30.0 1  0  2099 2030:10:01 1066.933 26109.25          24471                          2212 .43g -.002o -10.6
    75w 31.0 1  0  2130 2030:11:01 1018.322 24907.01          24459                          2203 .43g -.002o -10.4
    76w 30.0 1  0  2160 2030:12:01 973.5680 23799.16          24445                          2194 .44g -.002o  -9.6
    77w 31.0 1  0  2191 2031:01:01 929.6208 22710.18          24430                          2185 .44g -.002o -9.46
    78w 31.0 1  0  2222 2031:02:01 887.8462 21673.80          24412                          2177 .44g -.002o -9.01
    79w 28.0 1  0  2250 2031:03:01 851.8101 20778.66          24394                          2170 .44g -.002o -7.79
    80w 31.0 1  0  2281 2031:04:01 813.8455 19834.95          24372                          2163 .44g -.002o -8.21

                                    I M E X   T I M E   S T E P   S U M M A R Y
 ==================================================================================================================
    Time Step           Time                  Total Production             Total Injection  Total Max. Max. Change
 ---------------- ---------------- -------------------------------------- -----------------  PV   Mat. ------------
                C                    Oil      Gas     Water   GOR.  Wat.    Gas     Water   Avg.  bal. Satur. Pres.
        Size    U                                             SCF/   Cut                    Pres. err. DSMAX  DPMAX
  No.   Days IT T Days   yy:mm:dd   STB/D    MCF/D    STB/D    STB    %    MCF/D    STB/D   psia   %          psia
 ------ ---- -- - ----- ---------- -------- -------- -------- ----- ----- -------- -------- ----- ---- ------ -----
    81w 30.0 1  0  2311 2031:05:01 778.8481 18963.88          24349                          2156 .44g -.002o -7.59
    82w 31.0 1  0  2342 2031:06:01 744.4303 18106.42          24323                          2149 .44g -.002o -7.48
    83w 30.0 1  0  2372 2031:07:01 712.6822 17314.56          24295                          2143 .45g -.001o -6.91
    84w 31.0 1  0  2403 2031:08:01 681.4446 16534.71          24264                          2136 .45g -.001o -6.81
    85w 31.0 1  0  2434 2031:09:01 651.6999 15791.32          24231                          2130 .45g -.001o -6.49
    86w 30.0 1  0  2464 2031:10:01 624.2441 15104.41          24196                          2125 .45g -.001o -6.00
    87w 31.0 1  0  2495 2031:11:01 597.2203 14427.72          24158                          2120 .45g -.001o -5.92
    88w 30.0 1  0  2525 2031:12:01 572.2657 13802.14          24118                          2115 .45g -.001o -5.47
    89w 31.0 1  0  2556 2032:01:01 547.6879 13185.45          24075                          2110 .45g -.001o -5.39
    90w 31.0 1  0  2587 2032:02:01 524.2623 12597.07          24028                          2105 .45g -.001o -5.15
    91w 29.0 1  0  2616 2032:03:01 503.3113 12070.27          23982                          2101 .45g -.001o -4.61
    92w 31.0 1  0  2647 2032:04:01 481.9531 11532.84          23929                          2096 .45g -.001o -4.70
    93w 30.0 1  0  2677 2032:05:01 462.2177 11035.69          23876                          2092 .45g -.001o -4.35
    94w 31.0 1  0  2708 2032:06:01 442.7664 10545.28          23817                          2089 .46g -.001o -4.29
    95w 30.0 1  0  2738 2032:07:01 424.7874 10091.52          23757                          2085 .46g -9e-4o -3.97
    96w 31.0 1  0  2769 2032:08:01 407.0630 9643.822          23691                          2081 .46g -9e-4o -3.92
    97w 31.0 1  0  2800 2032:09:01 390.1543 9216.302          23622                          2078 .46g -9e-4o -3.74
    98w 30.0 1  0  2830 2032:10:01 374.5200 8820.619          23552                          2075 .46g -9e-4o -3.46
    99w 31.0 1  0  2861 2032:11:01 359.1025 8430.112          23475                          2072 .46g -9e-4o -3.42
   100w 30.0 1  0  2891 2032:12:01 344.8448 8068.613          23398                          2069 .46g -8e-4o -3.17

                                    I M E X   T I M E   S T E P   S U M M A R Y
 ==================================================================================================================
    Time Step           Time                  Total Production             Total Injection  Total Max. Max. Change
 ---------------- ---------------- -------------------------------------- -----------------  PV   Mat. ------------
                C                    Oil      Gas     Water   GOR.  Wat.    Gas     Water   Avg.  bal. Satur. Pres.
        Size    U                                             SCF/   Cut                    Pres. err. DSMAX  DPMAX
  No.   Days IT T Days   yy:mm:dd   STB/D    MCF/D    STB/D    STB    %    MCF/D    STB/D   psia   %          psia
 ------ ---- -- - ----- ---------- -------- -------- -------- ----- ----- -------- -------- ----- ---- ------ -----
   101w 31.0 1  0  2922 2033:01:01 330.7820 7711.779          23314                          2066 .46g -8e-4o -3.12
   102w 31.0 1  0  2953 2033:02:01 317.3601 7370.882          23226                          2063 .46g -8e-4o -2.98
   103w 28.0 1  0  2981 2033:03:01 305.7392 7075.413          23142                          2061 .46g -7e-4o -2.59
   104w 31.0 1  0  3012 2033:04:01 293.4526 6762.877          23046                          2058 .46g -8e-4o -2.73
   105w 30.0 1  0  3042 2033:05:01 282.0875 6473.461          22948                          2056 .46g -8e-4o -2.53
   106w 31.0 1  0  3073 2033:06:01 270.8734 6187.682          22843                          2054 .46g -8e-4o -2.50
   107w 30.0 1  0  3103 2033:07:01 260.4974 5923.004          22737                          2052 .46g -7e-4o -2.32
   108w 31.0 1  0  3134 2033:08:01 250.2581 5661.629          22623                          2050 .46g -7e-4o -2.29
   109w 31.0 1  0  3165 2033:09:01 240.4809 5411.826          22504                          2048 .46g -7e-4o -2.18
   110w 30.0 1  0  3195 2033:10:01 231.4325 5180.435          22384                          2046 .46g -7e-4o -2.02
   111w 31.0 1  0  3226 2033:11:01 222.5018 4951.904          22256                          2044 .46g -7e-4o -2.00
   112w 30.0 1  0  3256 2033:12:01 214.2367 4740.205          22126                          2042 .46g -7e-4o -1.85
   113w 31.0 1  0  3287 2034:01:01 206.0784 4531.108          21987                          2041 .46g -7e-4o -1.83
   114w 31.0 1  0  3318 2034:02:01 198.2864 4331.230          21843                          2039 .46g -7e-4o -1.75
   115w 28.0 1  0  3346 2034:03:01 191.5357 4157.887          21708                          2038 .46g -6e-4o -1.51
   116w 31.0 1  0  3377 2034:04:01 184.3937 3974.598          21555                          2036 .46g -7e-4o -1.60
   117w 30.0 1  0  3407 2034:05:01 177.7742 3804.481          21401                          2035 .46g -6e-4o -1.48
   118w 31.0 1  0  3438 2034:06:01 171.2441 3636.622          21236                          2033 .46g -6e-4o -1.46
   119w 30.0 1  0  3468 2034:07:01 165.2001 3481.103          21072                          2032 .47g -6e-4o -1.36
   120w 31.0 1  0  3499 2034:08:01 159.2326 3327.465          20897                          2031 .47g -6e-4o -1.34

                                    I M E X   T I M E   S T E P   S U M M A R Y
 ==================================================================================================================
    Time Step           Time                  Total Production             Total Injection  Total Max. Max. Change
 ---------------- ---------------- -------------------------------------- -----------------  PV   Mat. ------------
                C                    Oil      Gas     Water   GOR.  Wat.    Gas     Water   Avg.  bal. Satur. Pres.
        Size    U                                             SCF/   Cut                    Pres. err. DSMAX  DPMAX
  No.   Days IT T Days   yy:mm:dd   STB/D    MCF/D    STB/D    STB    %    MCF/D    STB/D   psia   %          psia
 ------ ---- -- - ----- ---------- -------- -------- -------- ----- ----- -------- -------- ----- ---- ------ -----
   121w 31.0 1  0  3530 2034:09:01 153.5318 3180.573          20716                          2030 .47g -6e-4o -1.28
   122w 30.0 1  0  3560 2034:10:01 148.2566 3044.520          20535                          2029 .47g -6e-4o -1.19
   123w 31.0 1  0  3591 2034:11:01 143.0825 2910.148          20339                          2028 .47g -6e-4o -1.17
   124w 30.0 1  0  3621 2034:12:01 138.2858 2785.644          20144                          2027 .47g -6e-4o -1.08
   125w 31.0 1  0  3652 2035:01:01 133.5435 2662.460          19937                          2026 .47g -6e-4o -1.07
   126w 31.0 1  0  3683 2035:02:01 129.0170 2544.799          19725                          2025 .47g -6e-4o -1.02
   127w 28.0 1  0  3711 2035:03:01 125.0954 2442.750          19527                          2024 .47g -5e-4o -.888
   128w 31.0 1  0  3742 2035:04:01 120.9440 2334.668          19304                          2023 .47g -6e-4o -.939
   129w 30.0 1  0  3772 2035:05:01 117.0982 2234.433          19082                          2022 .47g -6e-4o -.870
   130w 31.0 1  0  3803 2035:06:01 113.3001 2135.378          18847                          2022 .47g -6e-4o -.859
   131w 30.0 1  0  3833 2035:07:01 109.7820 2043.533          18614                          2021 .47g -6e-4o -.796
   132w 31.0 1  0  3864 2035:08:01 106.3079 1952.783          18369                          2020 .47g -6e-4o -.786
   133w 31.0 1  0  3895 2035:09:01 102.9838 1865.858          18118                          2019 .47g -6e-4o -.752
   134w 30.0 1  0  3925 2035:10:01  99.9018 1785.197          17870                          2019 .47g -6e-4o -.698
   135w 31.0 1  0  3956 2035:11:01 96.84943 1705.248          17607                          2018 .47g -6e-4o -.691
   136w 30.0 1  0  3986 2035:12:01 94.01493 1630.933          17348                          2018 .47g -5e-4o -.650
   137w 31.0 1  0  4017 2036:01:01 91.21155 1557.401          17075                          2017 .47g -6e-4o -.639
   138w .500 2  1  4018 2036:01:02 91.17383 1556.227          17069                574592.6  2019 .47g -.188g   192
   139  .265 1  0  4018 2036:01:02 91.14990 1555.599          17066                368767.8  2020 .47g -.063g  74.0
   140  .421 1  0  4018 2036:01:02 91.11181 1554.602          17063                259699.5  2021 .47g -.056g   139

                                    I M E X   T I M E   S T E P   S U M M A R Y
 ==================================================================================================================
    Time Step           Time                  Total Production             Total Injection  Total Max. Max. Change
 ---------------- ---------------- -------------------------------------- -----------------  PV   Mat. ------------
                C                    Oil      Gas     Water   GOR.  Wat.    Gas     Water   Avg.  bal. Satur. Pres.
        Size    U                                             SCF/   Cut                    Pres. err. DSMAX  DPMAX
  No.   Days IT T Days   yy:mm:dd   STB/D    MCF/D    STB/D    STB    %    MCF/D    STB/D   psia   %          psia
 ------ ---- -- - ----- ---------- -------- -------- -------- ----- ----- -------- -------- ----- ---- ------ -----
   141  .758 1  0  4019 2036:01:03 91.04333 1552.809          17056                184343.5  2023 .47g -.049g   187
   142  1.56 1  0  4020 2036:01:04 90.90373 1549.183          17042                136277.1  2026 .47g -.062g   156
   143  2.49 1  0  4023 2036:01:07 90.69499 1544.198          17026                105878.9  2029 .48g -.065g   145
   144  3.84 1  0  4027 2036:01:11 90.51575 1542.670          17043                90533.02  2032 .48g -.058g   122
   145  6.64 1  0  4033 2036:01:17 91.33212 1577.749          17275                76402.21  2037 .48g -.077g  83.2
   146  7.26 1  0  4041 2036:01:25 94.08046 1671.984          17772                68231.83  2042 .48g -.093g  47.2
   147  7.26 2  0  4048 2036:02:01 98.88343 1822.120          18427                65528.08  2047 .48g -.067g  63.5
   148w 10.8 1  0  4059 2036:02:12 109.9220 2143.361          19499                63132.52  2053 .49g -.097g  84.6
   149  9.12 1  0  4068 2036:02:21 121.4108 2467.320          20322                62123.40  2060 .49g -.074g   113
   150  9.12 1  0  4077 2036:03:01 134.4059 2826.562          21030                61042.80  2066 .49g -.095g  81.0
   151w  9.6 1  0  4087 2036:03:11 149.2292 3232.074          21658                60334.33  2072 .49g -.083g  70.7
   152  10.7 1  0  4097 2036:03:21 166.6580 3706.947          22243                58905.45  2079 .49g -.142g  89.9
   153  5.35 1  0  4103 2036:03:27 175.5584 3948.887          22493                58319.26  2083 .49g -.038g  59.8
   154  5.35 1  0  4108 2036:04:01 184.5977 4193.856          22719                57766.11  2086 .49g -.054g  54.5
   155w  9.8 1  0  4118 2036:04:11 201.4250 4648.606          23079                57072.92  2093 .49g -.101g  58.2
   156   9.7 1  0  4128 2036:04:21 218.0785 5096.632          23371                56501.42  2099 .49g -.076g  64.1
   157  10.5 1  0  4138 2036:05:01 235.8091 5573.226          23634                55909.88  2106 .49g -.068g  67.4
   158w 15.3 2  0  4153 2036:05:16 261.2523 6257.484          23952                54899.63  2116 .49g -.115g  95.8
   159  7.86 1  0  4161 2036:05:24 274.2216 6606.650          24092                54528.97  2121 .49g -.056g  40.1
   160  7.86 1  0  4169 2036:06:01 287.0360 6951.782          24219                54186.32  2126 .49g -.058g  42.6

                                    I M E X   T I M E   S T E P   S U M M A R Y
 ==================================================================================================================
    Time Step           Time                  Total Production             Total Injection  Total Max. Max. Change
 ---------------- ---------------- -------------------------------------- -----------------  PV   Mat. ------------
                C                    Oil      Gas     Water   GOR.  Wat.    Gas     Water   Avg.  bal. Satur. Pres.
        Size    U                                             SCF/   Cut                    Pres. err. DSMAX  DPMAX
  No.   Days IT T Days   yy:mm:dd   STB/D    MCF/D    STB/D    STB    %    MCF/D    STB/D   psia   %          psia
 ------ ---- -- - ----- ---------- -------- -------- -------- ----- ----- -------- -------- ----- ---- ------ -----
   161w 13.5 1  0  4182 2036:06:14 308.6007 7533.619          24412                53883.72  2133 .49g  .066o  61.2
   162  16.5 1  0  4199 2036:07:01 334.7362 8241.696          24621                53747.29  2142 .49g -.073g  60.9
   163w 15.5 2  0  4215 2036:07:17 359.0720 8902.150          24792                53684.11  2150 .49g -.117g  47.2
   164  7.75 1  0  4222 2036:07:24 371.2001 9231.767          24870                53660.19  2154 .49g -.039g  24.3
   165  7.75 1  0  4230 2036:08:01 383.2791 9560.425          24944                53565.07  2158 .49g -.039g  25.5
   166w 15.5 1  0  4246 2036:08:17 407.2779 10214.67          25080                53492.32  2166 .49g -.106g  49.3
   167  15.5 1  0  4261 2036:09:01 431.3258 10872.23          25207                53333.76  2175 .49g -.063g  47.0
   168w 15.0 2  0  4276 2036:09:16 455.2430 11530.63          25329                53177.65  2184 .49g -.092g  47.3
   169  15.0 1  0  4291 2036:10:01 479.9277 12212.14          25446                53095.63  2192 .49g -.066g  39.4
   170w 15.5 1  0  4307 2036:10:17 506.9203 12961.93          25570                52967.89  2201 .49g -.063g  40.1
   171  15.5 1  0  4322 2036:11:01 535.7540 13765.54          25694                52827.26  2210 .49g -.059g  36.1
   172w 15.0 1  0  4337 2036:11:16 564.4006 14558.79          25795                52800.38  2219 .49g -.053g  28.5
   173  15.0 1  0  4352 2036:12:01 593.7092 15370.56          25889                52756.96  2227 .49g -.049g  31.0
   174w 31.0 2  0  4383 2037:01:01 650.5584 16928.15          26021                52647.52  2243 .49g -.117g  59.6
   175w 15.5 1  0  4399 2037:01:17 677.7631 17674.21          26077                52601.20  2251 .50g -.049g  28.2
   176  15.5 1  0  4414 2037:02:01 703.5389 18382.25          26128                52577.03  2258 .50g -.055g  24.2
   177w 28.0 2  0  4442 2037:03:01 748.0045 19593.91          26195                52376.79  2273 .50g -.085g  52.0
   178w 31.0 3  0  4473 2037:04:01 792.5336 20829.54          26282                52239.93  2287 .50g -.097g  42.5
   179w 30.0 3  0  4503 2037:05:01 832.9029 21957.79          26363                52094.89  2301 .50g -.095g  40.2
   180w 31.0 2  0  4534 2037:06:01 872.0780 23057.05          26439                52035.00  2313 .50g -.076g  39.5

                                    I M E X   T I M E   S T E P   S U M M A R Y
 ==================================================================================================================
    Time Step           Time                  Total Production             Total Injection  Total Max. Max. Change
 ---------------- ---------------- -------------------------------------- -----------------  PV   Mat. ------------
                C                    Oil      Gas     Water   GOR.  Wat.    Gas     Water   Avg.  bal. Satur. Pres.
        Size    U                                             SCF/   Cut                    Pres. err. DSMAX  DPMAX
  No.   Days IT T Days   yy:mm:dd   STB/D    MCF/D    STB/D    STB    %    MCF/D    STB/D   psia   %          psia
 ------ ---- -- - ----- ---------- -------- -------- -------- ----- ----- -------- -------- ----- ---- ------ -----
   181w 30.0 2  0  4564 2037:07:01 907.3737 24050.49          26506                52032.66  2325 .50g -.077g  33.2
   182w 31.0 3  0  4595 2037:08:01 939.2432 24946.80          26561                51987.44  2336 .51g -.088g  36.6
   183w 31.0 2  0  4626 2037:09:01 967.8363 25757.84          26614                51882.53  2348 .51g -.083g  35.0
   184w 30.0 2  0  4656 2037:10:01 993.5761 26492.51          26664                51774.79  2359 .51g -.077g  29.5
   185w 31.0 2  0  4687 2037:11:01 1021.602 27236.73          26661                51720.98  2369 .51g -.079g  27.9
   186w 30.0 2  0  4717 2037:12:01 1044.513 27899.78          26711                51663.54  2379 .51g  .077o  25.1
   187w 31.0 2  0  4748 2038:01:01 1065.916 28522.49          26759                51647.21  2388 .52g  .095o  27.1
   188w 31.0 3  0  4779 2038:02:01 1084.145 29056.56          26801                51621.08  2397 .52g  .089o  25.6
   189w 28.0 1  0  4807 2038:03:01 1098.835 29489.47          26837                51573.67  2405 .52g  .065o  22.5
   190w 31.0 2  0  4838 2038:04:01 1114.805 29961.55          26876                51523.94  2414 .52g -.078g  25.6
   191w 30.0 2  0  4868 2038:05:01 1129.460 30396.30          26912                51487.55  2422 .52g  .070o  23.1
   192w 31.0 3  0  4899 2038:06:01 1142.071 30774.03          26946                51450.15  2430 .53g  .087o  20.6
   193w 30.0 2  0  4929 2038:07:01 1152.779 31097.50          26976                51428.08  2438 .53g  .077o  21.0
   194w 31.0 2  0  4960 2038:08:01 1162.085 31382.02          27005                51383.24  2446 .53g  .077o  22.2
   195w 31.0 2  0  4991 2038:09:01 1171.815 31679.24          27034                51345.52  2453 .53g  .074o  19.1
   196w 30.0 2  0  5021 2038:10:01 1180.999 31960.52          27062                51303.45  2460 .53g  .061o  16.0
   197w 31.0 2  0  5052 2038:11:01 1189.156 32213.25          27089                51243.07  2468 .54g  .071o  18.3
   198w 30.0 2  0  5082 2038:12:01 1195.432 32411.71          27113                51207.38  2474 .54g  .080o  18.6
   199w 31.0 3  0  5113 2039:01:01 1198.793 32527.21          27133                51177.19  2481 .54g  .086o  16.8
   200w 31.0 1  0  5144 2039:02:01 1201.084 32612.41          27152                51147.26  2488 .54g  .080o  15.9

                                    I M E X   T I M E   S T E P   S U M M A R Y
 ==================================================================================================================
    Time Step           Time                  Total Production             Total Injection  Total Max. Max. Change
 ---------------- ---------------- -------------------------------------- -----------------  PV   Mat. ------------
                C                    Oil      Gas     Water   GOR.  Wat.    Gas     Water   Avg.  bal. Satur. Pres.
        Size    U                                             SCF/   Cut                    Pres. err. DSMAX  DPMAX
  No.   Days IT T Days   yy:mm:dd   STB/D    MCF/D    STB/D    STB    %    MCF/D    STB/D   psia   %          psia
 ------ ---- -- - ----- ---------- -------- -------- -------- ----- ----- -------- -------- ----- ---- ------ -----
   201w 28.0 1  0  5172 2039:03:01 1204.127 32717.38          27171                51123.96  2494 .55g  .054o  13.7
   202w 31.0 3  0  5203 2039:04:01 1206.828 32814.21          27190                51100.89  2500 .55g  .072o  15.4
   203w 30.0 2  0  5233 2039:05:01 1210.325 32933.51          27210                51093.33  2506 .55g  .072o  13.5
   204w 31.0 3  0  5264 2039:06:01 1211.430 32984.37          27228                51086.36  2512 .55g  .083o  13.9
   205w 30.0 2  0  5294 2039:07:01 1211.700 33010.64          27243                51069.77  2518 .56g  .070o  12.8
   206w 31.0 2  0  5325 2039:08:01 1211.690 33029.50          27259                51038.02  2524 .56g  .065o  13.4
   207w 31.0 1  0  5356 2039:09:01 1210.718 33020.36          27273                51007.70  2530 .56g  .078o  14.2
   208w 30.0 1  0  5386 2039:10:01 1211.255 33054.36          27289                50957.52  2537 .56g  .065o  13.6
   209w 31.0 2  0  5417 2039:11:01 1208.756 33000.78          27301                50897.54  2544 .57g  .083o  16.3
   210w 30.0 1  0  5447 2039:12:01 1207.511 32983.04          27315                50855.58  2550 .57g  .067o  13.5
   211w 31.0 3  0  5478 2040:01:01 1204.109 32903.28          27326                50819.25  2557 .57g  .087o  14.6
   212w 31.0 2  0  5509 2040:02:01 1200.369 32813.54          27336                50771.95  2563 .58g  .077o  12.9
   213w 29.0 1  0  5538 2040:03:01 1196.863 32729.36          27346                50723.76  2570 .58g  .066o  12.1
   214w 31.0 1  0  5569 2040:04:01 1193.918 32662.48          27357                50669.72  2577 .58g  .051o  12.5
   215w 30.0 3  0  5599 2040:05:01 1190.205 32572.49          27367                50622.45  2583 .59g  .063o  12.1
   216w 31.0 2  0  5630 2040:06:01 1186.474 32482.41          27377                50565.22  2590 .59g  .075o  15.8
   217w 30.0 2  0  5660 2040:07:01 1178.600 32271.15          27381                50498.45  2598 .59g  .086o  18.5
   218w 31.0 2  0  5691 2040:08:01 1167.871 31977.68          27381                50399.70  2607 .60g  .071o  23.1
   219w 31.0 3  0  5722 2040:09:01 1155.429 31634.68          27379                50256.59  2617 .60g  .058o  27.9
   220w 30.0 2  0  5752 2040:10:01 1139.933 31202.04          27372                50088.25  2628 .60g  .083o  29.2

                                    I M E X   T I M E   S T E P   S U M M A R Y
 ==================================================================================================================
    Time Step           Time                  Total Production             Total Injection  Total Max. Max. Change
 ---------------- ---------------- -------------------------------------- -----------------  PV   Mat. ------------
                C                    Oil      Gas     Water   GOR.  Wat.    Gas     Water   Avg.  bal. Satur. Pres.
        Size    U                                             SCF/   Cut                    Pres. err. DSMAX  DPMAX
  No.   Days IT T Days   yy:mm:dd   STB/D    MCF/D    STB/D    STB    %    MCF/D    STB/D   psia   %          psia
 ------ ---- -- - ----- ---------- -------- -------- -------- ----- ----- -------- -------- ----- ---- ------ -----
   221w 31.0 1  0  5783 2040:11:01 1126.274 30823.82          27368                49901.46  2639 .61g  .079o  29.9
   222w 30.0 2  0  5813 2040:12:01 1099.377 30059.54          27342                49674.68  2653 .61g  .092o  32.7
   223w 31.0 1  0  5844 2041:01:01 1070.578 29242.88          27315                49400.03  2668 .61g  .100o  35.1
   224w 31.0 3  0  5875 2041:02:01 1035.792 28253.01          27277                49044.87  2687 .61g  .099o  38.4
   225w 28.0 2  0  5903 2041:03:01 1007.944 27441.48          27225                48674.38  2706 .61g  .077o  36.7
   226w 31.0 1  0  5934 2041:04:01 985.1956 26756.22          27158                48236.31  2728 .61g  .075o  41.2
   227w 30.0 2  0  5964 2041:05:01 940.3654 25409.36          27021                47788.75  2750 .65g  .108o   213
   228w 15.5 1  0  5980 2041:05:17 923.8693 24987.05          27046                47553.57  2762 .65g  .060o  30.9
   229  15.5 2  0  5995 2041:06:01 907.8910 24536.11          27025                47290.31  2776 .65g  .060o  30.8
   230w 15.0 1  0  6010 2041:06:16 896.5539 24219.90          27014                47012.35  2791 .65g  .065o  23.8
   231  15.0 1  0  6025 2041:07:01 875.5431 23580.22          26932                46720.16  2805 .66g  .057o  25.0
   232w 15.5 2  0  6041 2041:07:17 848.2626 22840.89          26927                46404.78  2821 .66g  .082o  27.3
   233  15.5 1  0  6056 2041:08:01 824.5274 22168.80          26887                46078.98  2838 .66g  .071o  29.1
   234w 15.5 1  0  6072 2041:08:17 803.6022 21576.54          26850                45737.85  2855 .66g  .049o  34.6
   235  15.5 1  0  6087 2041:09:01 800.1740 21491.36          26858                45375.71  2874 .66g  .048o  25.8
   236w 30.0 4  0  6117 2041:10:01 757.5371 20251.23          26733                44644.69  2910 .66g  .143o  49.8
   237w 15.5 2  0  6133 2041:10:17 718.7829 19116.95          26596                44250.85  2931 .66g  .078o  33.9
   238  15.5 1  0  6148 2041:11:01 687.8494 18206.36          26469                43826.37  2954 .66g  .068o  39.0
   239w 15.0 1  0  6163 2041:11:16 676.0940 17802.49          26331                43381.65  2978 .66g  .052o  39.8
   240  15.0 1  0  6178 2041:12:01 670.7404 17447.57          26012                42903.58  3003 .66g  .065o  34.5

                                    I M E X   T I M E   S T E P   S U M M A R Y
 ==================================================================================================================
    Time Step           Time                  Total Production             Total Injection  Total Max. Max. Change
 ---------------- ---------------- -------------------------------------- -----------------  PV   Mat. ------------
                C                    Oil      Gas     Water   GOR.  Wat.    Gas     Water   Avg.  bal. Satur. Pres.
        Size    U                                             SCF/   Cut                    Pres. err. DSMAX  DPMAX
  No.   Days IT T Days   yy:mm:dd   STB/D    MCF/D    STB/D    STB    %    MCF/D    STB/D   psia   %          psia
 ------ ---- -- - ----- ---------- -------- -------- -------- ----- ----- -------- -------- ----- ---- ------ -----
   241w 15.5 2  0  6194 2041:12:17 617.3499 15090.73          24444                42374.37  3031 .66g  .120o  48.4
   242  7.75 1  0  6201 2041:12:24 595.2735 13906.68          23362                42100.95  3047 .66g  .049o  30.9
   243  7.75 1  0  6209 2042:01:01 591.9279 12958.71          21892                41815.89  3063 .66g  .043o  36.8
   244w 15.5 1  0  6225 2042:01:17 704.1892 11343.17          16108                41194.93  3098 .67g  .075o  57.8
   245  15.5 1  0  6240 2042:02:01 1180.715 9666.357           8187                40530.94  3133 .69g  .099o  57.6
   246w 14.0 1  0  6254 2042:02:15 2114.107 7863.124           3719                39898.77  3168 .69g  .092o  57.6
   247  14.0 2  0  6268 2042:03:01 4755.049 7372.315           1550                39219.82  3208 .69g  .101o   115
   248w 13.9 1  0  6282 2042:03:15 7324.685 7294.926          995.9                38490.52  3250 .69g  .059o  90.2
   249  17.1 1  0  6299 2042:04:01 9697.208 7832.710          807.7                37527.84  3300 .69g  .038o  79.4
   250w 30.0 1  0  6329 2042:05:01 11547.87 8584.951          743.4                35836.39  3380 .70g  .018o  99.1
   251w 31.0 1  0  6360 2042:06:01 12748.39 9392.435          736.8                34215.78  3451 .70g  .013w  79.9
   252w 30.0 1  0  6390 2042:07:01 13501.15 9941.212          736.3                32824.25  3510 .70g  .012w  66.0
   253w 31.0 1  0  6421 2042:08:01 14116.32 10422.46          738.3                31584.36  3562 .70g -.012o  58.2
   254w 31.0 1  0  6452 2042:09:01 14602.78 10822.19          741.1                30528.32  3606 .70g -.012o  49.5
   255w 30.0 1  0  6482 2042:10:01 15002.22 11152.24          743.4                29657.18  3642 .70g -.011o  40.8
   256w 31.0 1  0  6513 2042:11:01 15353.36 11443.59          745.3                28896.84  3673 .70g -.012o  35.6
   257w 30.0 1  0  6543 2042:12:01 15638.69 11681.30          746.9                28273.20  3699 .70g -.013o  29.3
   258w 31.0 1  0  6574 2043:01:01 15956.71 11866.56          743.7                27725.98  3722 .70g -.014o  25.8
   259w 31.0 1  0  6605 2043:02:01 16179.53 11991.82          741.2                27259.12  3742 .71g  .015w  22.1
   260w 28.0 1  0  6633 2043:03:01 16352.47 12091.05          739.4                26894.85  3757 .71g -.013o  17.4

                                    I M E X   T I M E   S T E P   S U M M A R Y
 ==================================================================================================================
    Time Step           Time                  Total Production             Total Injection  Total Max. Max. Change
 ---------------- ---------------- -------------------------------------- -----------------  PV   Mat. ------------
                C                    Oil      Gas     Water   GOR.  Wat.    Gas     Water   Avg.  bal. Satur. Pres.
        Size    U                                             SCF/   Cut                    Pres. err. DSMAX  DPMAX
  No.   Days IT T Days   yy:mm:dd   STB/D    MCF/D    STB/D    STB    %    MCF/D    STB/D   psia   %          psia
 ------ ---- -- - ----- ---------- -------- -------- -------- ----- ----- -------- -------- ----- ---- ------ -----
   261w 31.0 1  0  6664 2043:04:01 16514.47 12185.82          737.9                26551.64  3772 .71g  .014w  16.4
   262w 30.0 1  0  6694 2043:05:01 16651.53 12267.85          736.7                26269.22  3784 .71g -.014o  14.0
   263w 31.0 1  0  6725 2043:06:01 16769.74 12339.34          735.8                26021.74  3794 .71g -.014o  12.2
   264w 30.0 1  0  6755 2043:07:01 16867.93 12399.50          735.1                25817.76  3803 .71g -.013o  10.3
   265w 31.0 1  0  6786 2043:08:01 16957.34 12455.17          734.5                25639.67  3811 .72g  .013w  9.09
   266w 31.0 1  0  6817 2043:09:01 17031.89 12501.76          734.0                25490.04  3818 .72g -.012o  8.09
   267w 30.0 1  0  6847 2043:10:01 17093.69 12540.59          733.6                25368.14  3823 .72g  .012w  7.21
   268w 31.0 1  0  6878 2043:11:01 17146.33 12573.60          733.3                25261.75  3828 .72g -.013o  6.49
   269w 30.0 1  0  6908 2043:12:01 17188.58 12599.97          733.0                25174.25  3832 .72g  .013w  5.62
   270w 31.0 1  0  6939 2044:01:01 17223.71 12621.64          732.8                25097.26  3836 .72g -.014o  5.15
   271w 31.0 1  0  6970 2044:02:01 17254.39 12640.56          732.6                25032.34  3839 .73g -.015o  4.89
   272w 29.0 1  0  6999 2044:03:01 17286.25 12660.91          732.4                24981.24  3842 .73g -.013o  3.71
   273w 31.0 1  0  7030 2044:04:01 17321.20 12683.59          732.3                24937.22  3844 .73g  .014w  4.26
   274w 30.0 1  0  7060 2044:05:01 17343.01 12696.92          732.1                24902.49  3846 .73g  .013w  4.02
   275w 31.0 1  0  7091 2044:06:01 17360.33 12707.02          732.0                24873.42  3848 .73g -.014o  3.91
   276w 30.0 1  0  7121 2044:07:01 17370.57 12712.14          731.8                24849.36  3850 .73g  .015w  3.49
   277w 31.0 1  0  7152 2044:08:01 17379.13 12716.03          731.7                24828.08  3851 .74g -.016o  3.42
   278w 31.0 1  0  7183 2044:09:01 17401.73 12730.22          731.5                24812.10  3853 .74g  .018w  5.13
   279w 30.0 1  0  7213 2044:10:01 17422.48 12743.15          731.4                24801.26  3854 .74g -.016o  3.12
   280w 31.0 1  0  7244 2044:11:01 17440.95 12754.33          731.3                24793.72  3855 .74g  .016w  3.23

                                    I M E X   T I M E   S T E P   S U M M A R Y
 ==================================================================================================================
    Time Step           Time                  Total Production             Total Injection  Total Max. Max. Change
 ---------------- ---------------- -------------------------------------- -----------------  PV   Mat. ------------
                C                    Oil      Gas     Water   GOR.  Wat.    Gas     Water   Avg.  bal. Satur. Pres.
        Size    U                                             SCF/   Cut                    Pres. err. DSMAX  DPMAX
  No.   Days IT T Days   yy:mm:dd   STB/D    MCF/D    STB/D    STB    %    MCF/D    STB/D   psia   %          psia
 ------ ---- -- - ----- ---------- -------- -------- -------- ----- ----- -------- -------- ----- ---- ------ -----
   281w 30.0 1  0  7274 2044:12:01 17431.40 12745.46          731.2                24786.82  3856 .74g -.015o  2.48
   282w 31.0 1  0  7305 2045:01:01 17436.12 12746.58          731.0                24780.91  3857 .74g  .015w -3.16

 ===================== SUMMARY (from subroutine: TSIO)   ======================
  Simulation run terminated. Stopping time reached.
    
     1 Warning messages.    0 Error messages.
 ==============================================================================



                          Global Storage Usage
                          ====================

             Section           Bytes          Mbytes   # Objects
        ------------    ------------    ------------   ---------
              MXSLVR          511824           0.488          98
              GRMOD0          216624           0.207         482
               IMEX2          125666           0.120         693
               IMEX1          113584           0.108         588
               IMEX3           50818           0.048         249
              MXGR01           50312           0.048          18
              WMCOM1           42317           0.040         982
              GRMOD1           36256           0.035         151
              KWCOM1           34735           0.033          52
              EQTPAR           29876           0.028          69
               POINT           25144           0.024          96
              SR2COM           22000           0.021          92
             MXSLVR1           12880           0.012          14
              MXWELL            8976           0.009         262
           GLOBSTORE            7478           0.007          27
              MXINIT            6244           0.006          23
              CMPDIL            6112           0.006          25
               PRTCM            5760           0.005          17
              SECTOR            2464           0.002          13
               SAMG1            1873           0.002         255
              PGMCH1            1794           0.002         319
             CMGFILE            1206           0.001          19
                FLXB            1156           0.001          27
                CMB1             600           0.001          68
           PGSCOMMON             476           0.000          64
                 MTS             340           0.000          18
           PGPARASOL             296           0.000          65
              SGCOM2             216           0.000          54
              SGCOM1             180           0.000          44
              GRMOD2             156           0.000          38
              WMCOM3              92           0.000           4
              WMCOM2              76           0.000          15
              WMCOM5              52           0.000          13
              SGCOM3              32           0.000           8
        PGMATDOMAINS              16           0.000           4
              WMCOM7               8           0.000           2
              DEPTAB               8           0.000           2
              SGCOM4               4           0.000           1
            PGSINT3D               0           0.000           0
              MXPRSL               0           0.000           0
        ------------    ------------    ------------   ---------
               Total         1317651           1.257        4971
            Maximium         1678995           1.601

       Field Total                                   Fluid
                             Oil       Gas       Water    Solvent   Polymer    Salt
                            -------   -------   -------   -------   -------   -------
                            (MSTB)    (MMSCF)   (MSTB)    (MMSCF)    (MLB)     (MLB)
  Cumulative Production       37182    245827      0        NA        NA        NA   
  Cumulative Injection        NA         0       143593     NA        NA        NA   
  Cumulative Gas Lift         NA         0        NA        NA        NA        NA   
  Cumulative Aquifer Influx   NA        NA         0        NA        NA        NA   
  Current Fluids In Place    227525    161894    206866     NA        NA        NA   
  Production Rates           17.436    12.747      0        NA        NA        NA   
  Injection Rates             NA         0       24.781     NA        NA        NA   

  Timesteps:    282  Newton Cycles:      355  Cuts:      1  Solver Iterations:         2152
  Average Implicitness    : 0.712
  Fluid Component Model   : BLACKOIL (SINGLE-P)
  Material Balances (owg): 1.002 1.000 1.007
  Average Active Blocks:         300 Average Non-BHP Active Wells:     0
  Total Blocks :         300 Total Wells :     2
  Active Blocks:         300 Non-BHP Active Wells:     0
  Time at end of simulation:   7305.00     (days)   
  Average reservoir pressure excluding water zone: 3856.537 (psi)    
  Total Number of Solver Failures:       0  Stalls:       0  ITERMAX Reached:       0
  Jacobian Domains      1  
  Total lstpro/lstpar calls:     2  (   11)
  Linear Solver: Aimsol
  Preconditioner Ordering: REDBLACK
  Preconditioner Degree           1
  KMP_AFFINITY: Default
  OMP_SCHEDULE: Default
  Max Impl Blocks:      268  %Impl: 89.3%  (TS,CUT,NCYC): (   208, 0,  1 )
  Max Solver Iterations (TS,CUT,NCYC):       8 (    27, 0,  1 )
  Number of threads set:    1
  Total number of cpus:    4
  Memory Usage Peak:       64 MB on TS:   265 TS 1 Peak:       39 MB  Average:       57 MB  VM Size:       71 MB
  Host computer: IKIEARTH
  CPU Time:             2.69 seconds
  Elapsed Time:         2.74 seconds

  End of Simulation: Normal Termination

  Date and Time of End of Run:  Apr 19, 2025  07:09:41

