    Opened LOG FILE         on unit 10, filename is 'D:\TA MANDIRI\SKENARIO CMG\A2C.log'
 ********************************************************************************
 *                                                                              *
 *                                IMEX  2021.10                                 *
 *            Adaptive-Implicit Black Oil & Unconventional Simulator            *
 *                         General Release for Win x64                          *
 *                            2021-Nov-16   12:35:59                            *
 *                                                                              *
 *                          (c) Copyright 1977 - 2021                           *
 *                Computer Modelling Group Ltd., Calgary, Canada                *
 *                             All Rights Reserved                              *
 *                                                                              *
 ********************************************************************************


 Command-line Arguments:  -dimsum
                          -wd D:\TA MANDIRI\SKENARIO CMG
                          -log
                          -f D:\TA MANDIRI\SKENARIO CMG\A2C.dat

  Date and Time of Start of Run:  Apr 18, 2025  23:36:57


*** Input/Output files specification :
    Opened data file        on unit 11, filename is 'D:\TA MANDIRI\SKENARIO CMG\A2C.dat'
    Opened Scratch file     on unit 12
    Opened Scratch file     on unit 13
    Opened output file      on unit 14, filename is 'D:\TA MANDIRI\SKENARIO CMG\A2C.out'
    Opened SR3-OUT          on unit 15, filename is 'D:\TA MANDIRI\SKENARIO CMG\A2C.sr3'
    Opened Restart-SR3      on unit 16, filename is 'D:\TA MANDIRI\SKENARIO CMG\A2C.rstr.sr3'
    Opened GRID scratchfile on unit 17

 ===================== WARNING (from subroutine: INCOMP) ======================
  P/Z Output is disabled as Temperatures were not defined for all PVT Regions
  Please review the *TRES Keyword
  Line: 70   File Name: D:\TA MANDIRI\SKENARIO CMG\A2C.dat
 ==============================================================================


 ===================== SUMMARY (from subroutine: INDATA) ======================
  Reading of initial data is complete.
  Simulation will stop if there were error messages.
     1 Warning messages.    0 Error messages.
 ==============================================================================



                          Global Storage Usage
                          ====================

             Section           Bytes          Mbytes   # Objects
        ------------    ------------    ------------   ---------
              MXSLVR          244152           0.233          98
              GRMOD0          217956           0.208         482
               IMEX2          125666           0.120         693
               IMEX1          114236           0.109         588
              WMCOM1           58763           0.056         982
               IMEX3           50818           0.048         249
              MXGR01           50456           0.048          18
              GRMOD1           36256           0.035         151
              KWCOM1           34735           0.033          52
              EQTPAR           29876           0.028          69
               POINT           25252           0.024          96
              SR2COM           22036           0.021          92
              MXWELL           20796           0.020         262
             MXSLVR1           13096           0.012          14
           GLOBSTORE            7478           0.007          27
              MXINIT            6244           0.006          23
              CMPDIL            6112           0.006          25
               PRTCM            5760           0.005          17
              SECTOR            2464           0.002          13
               SAMG1            1873           0.002         255
              PGMCH1            1794           0.002         319
             CMGFILE            1206           0.001          19
                FLXB            1156           0.001          27
                CMB1             600           0.001          68
           PGSCOMMON             476           0.000          64
                 MTS             340           0.000          18
           PGPARASOL             296           0.000          65
              SGCOM2             216           0.000          54
              SGCOM1             180           0.000          44
              GRMOD2             156           0.000          38
              WMCOM3              92           0.000           4
              WMCOM2              76           0.000          15
              WMCOM5              52           0.000          13
              SGCOM3              32           0.000           8
        PGMATDOMAINS              16           0.000           4
              WMCOM7               8           0.000           2
              DEPTAB               8           0.000           2
              SGCOM4               4           0.000           1
            PGSINT3D               0           0.000           0
              MXPRSL               0           0.000           0
        ------------    ------------    ------------   ---------
               Total         1080733           1.031        4971
            Maximium         1712077           1.633

                                    I M E X   T I M E   S T E P   S U M M A R Y
 ==================================================================================================================
    Time Step           Time                  Total Production             Total Injection  Total Max. Max. Change
 ---------------- ---------------- -------------------------------------- -----------------  PV   Mat. ------------
                C                    Oil      Gas     Water   GOR.  Wat.    Gas     Water   Avg.  bal. Satur. Pres.
        Size    U                                             SCF/   Cut                    Pres. err. DSMAX  DPMAX
  No.   Days IT T Days   yy:mm:dd   STB/D    MCF/D    STB/D    STB    %    MCF/D    STB/D   psia   %          psia
 ------ ---- -- - ----- ---------- -------- -------- -------- ----- ----- -------- -------- ----- ---- ------ -----
     1w 1.00 2  0 1.000 2025:01:02 68745.05 101512.2           1477                          4791 e-3o -.029o  -232
     2  1.88 1  0 2.879 2025:01:04 61027.44 100462.9           1646                          4785 e-3g -.027o  -200
     3  4.08 1  0 6.958 2025:01:08 52971.56 94426.03           1783                          4771 e-4o -.016o  -168
     4  10.6 1  0 17.52 2025:01:19 49513.98 86008.43           1737                          4739 e-3g -.015o  -131
     5  13.5 1  0 31.00 2025:02:01 48367.47 80260.09           1659                          4699 .01g -.014o -76.6
     6w 28.0 1  0 59.00 2025:03:01 46410.68 75887.01           1635                          4623 .04g -.025o -97.9
     7w 31.0 1  0 90.00 2025:04:01 42609.26 74972.48           1760                          4546 .06g -.029o -86.5
     8w 30.0 1  0 120.0 2025:05:01 39811.89 74025.29           1859                          4477 .08g -.031o -75.3
     9w 31.0 2  0 151.0 2025:06:01 36865.45 76681.10           2080                          4411 .08g -.035o -71.3
    10w 30.0 2  0 181.0 2025:07:01 33969.82 81288.39           2393                          4348 .08g -.037o -66.5
    11w 31.0 1  0 212.0 2025:08:01 31068.04 85894.32           2765                          4284 .10g -.038o -69.4
    12w 31.0 1  0 243.0 2025:09:01 28259.65 90882.62           3216                          4220 .11g -.037o -69.7
    13w 30.0 2  0 273.0 2025:10:01 26078.01 100013.2           3835                          4157 .11g -.034o -66.8
    14w 31.0 1  0 304.0 2025:11:01 23955.57 109432.2           4568                          4090 .13g -.033o -73.2
    15w 30.0 1  0 334.0 2025:12:01 22151.72 122217.1           5517                          4022 .13g -.032o -73.0
    16w 31.0 1  0 365.0 2026:01:01 20393.01 133921.0           6567                          3947 .15g -.031o -79.4
    17w 31.0 2  0 396.0 2026:02:01 18904.71 148176.4           7838                          3868 .15g -.030o -82.9
    18w 28.0 2  0 424.0 2026:03:01 17810.55 165659.2           9301                          3792 .15g -.026o -80.1
    19w 31.0 2  0 455.0 2026:04:01 16621.96 180754.7          10874                          3703 .16g -.026o -96.2
    20w 30.0 1  0 485.0 2026:05:01 15469.24 191246.3          12363                          3614 .19g -.025o -99.3

                                    I M E X   T I M E   S T E P   S U M M A R Y
 ==================================================================================================================
    Time Step           Time                  Total Production             Total Injection  Total Max. Max. Change
 ---------------- ---------------- -------------------------------------- -----------------  PV   Mat. ------------
                C                    Oil      Gas     Water   GOR.  Wat.    Gas     Water   Avg.  bal. Satur. Pres.
        Size    U                                             SCF/   Cut                    Pres. err. DSMAX  DPMAX
  No.   Days IT T Days   yy:mm:dd   STB/D    MCF/D    STB/D    STB    %    MCF/D    STB/D   psia   %          psia
 ------ ---- -- - ----- ---------- -------- -------- -------- ----- ----- -------- -------- ----- ---- ------ -----
    21w 31.0 1  0 516.0 2026:06:01 14326.87 196276.5          13700                          3522 .23g -.023o  -101
    22w 30.0 2  0 546.0 2026:07:01 13315.34 196105.4          14728                          3438 .24g -.018o -92.1
    23w 31.0 2  0 577.0 2026:08:01 12339.82 198526.0          16088                          3353 .24g -.015o -91.5
    24w 31.0 1  0 608.0 2026:09:01 11414.72 199798.0          17504                          3267 .28g -.014o -90.5
    25w 30.0 1  0 638.0 2026:10:01 10561.16 198413.4          18787                          3187 .31g -.013o -86.4
    26w 31.0 2  0 669.0 2026:11:01 9750.588 194612.3          19959                          3109 .32g -.013o -83.9
    27w 30.0 1  0 699.0 2026:12:01 9005.959 189060.4          20993                          3037 .34g -.012o -78.3
    28w 31.0 1  0 730.0 2027:01:01 8278.601 180939.0          21856                          2965 .32g -.012o -76.6
    29w 31.0 1  0 761.0 2027:02:01 7594.222 170161.9          22407                          2894 .33g -.013o -74.9
    30w 28.0 1  0 789.0 2027:03:01 7022.686 160500.9          22855                          2834 .35g -.011o -64.9
    31w 31.0 1  0 820.0 2027:04:01 6448.413 150221.5          23296                          2774 .37g -.012o -65.1
    32w 30.0 1  0 850.0 2027:05:01 5950.768 140789.9          23659                          2719 .38g -.011o -57.8
    33w 31.0 1  0 881.0 2027:06:01 5481.463 131500.2          23990                          2668 .40g -.010o -54.9
    34w 30.0 1  0 911.0 2027:07:01 5068.631 123023.9          24272                          2622 .41g -.009o -49.1
    35w 31.0 1  0 942.0 2027:08:01 4680.686 114778.6          24522                          2578 .43g -.009o -46.7
    36w 31.0 1  0 973.0 2027:09:01 4324.822 106990.4          24739                          2537 .43g -.008o -43.1
    37w 30.0 1  0  1003 2027:10:01 4006.182 99843.22          24922                          2501 .42g -.008o -38.8
    38w 31.0 1  0  1034 2027:11:01 3693.660 92639.78          25081                          2464 .40g -.008o -38.0
    39w 30.0 1  0  1064 2027:12:01 3412.166 86009.47          25207                          2430 .41g -.007o -36.7
    40w 31.0 1  0  1095 2028:01:01 3145.714 79639.79          25317                          2398 .42g -.007o -34.4

                                    I M E X   T I M E   S T E P   S U M M A R Y
 ==================================================================================================================
    Time Step           Time                  Total Production             Total Injection  Total Max. Max. Change
 ---------------- ---------------- -------------------------------------- -----------------  PV   Mat. ------------
                C                    Oil      Gas     Water   GOR.  Wat.    Gas     Water   Avg.  bal. Satur. Pres.
        Size    U                                             SCF/   Cut                    Pres. err. DSMAX  DPMAX
  No.   Days IT T Days   yy:mm:dd   STB/D    MCF/D    STB/D    STB    %    MCF/D    STB/D   psia   %          psia
 ------ ---- -- - ----- ---------- -------- -------- -------- ----- ----- -------- -------- ----- ---- ------ -----
    41w 31.0 1  0  1126 2028:02:01 2902.546 73747.86          25408                          2369 .43g -.007o -31.4
    42w 29.0 1  0  1155 2028:03:01 2693.690 68630.28          25478                          2343 .43g -.006o -27.1
    43w 31.0 1  0  1186 2028:04:01 2489.307 63572.42          25538                          2319 .44g -.006o -26.6
    44w 30.0 1  0  1216 2028:05:01 2307.548 59030.77          25582                          2296 .44g -.005o -23.8
    45w 31.0 1  0  1247 2028:06:01 2135.734 54662.11          25594                          2275 .45g -.005o -22.6
    46w 30.0 1  0  1277 2028:07:01 1983.767 50778.78          25597                          2256 .45g -.005o -20.2
    47w 31.0 1  0  1308 2028:08:01 1839.142 47075.16          25596                          2238 .46g -.004o -19.3
    48w 31.0 1  0  1339 2028:09:01 1706.355 43669.11          25592                          2221 .46g -.004o -17.8
    49w 30.0 1  0  1369 2028:10:01 1588.626 40630.14          25576                          2206 .46g -.004o -16.0
    50w 31.0 1  0  1400 2028:11:01 1476.308 37730.91          25558                          2192 .47g -.003o -15.3
    51w 30.0 1  0  1430 2028:12:01 1375.642 35130.76          25538                          2179 .47g -.003o -13.7
    52w 31.0 1  0  1461 2029:01:01 1279.585 32646.33          25513                          2167 .47g -.003o -13.1
    53w 31.0 1  0  1492 2029:02:01 1190.764 30346.35          25485                          2155 .47g -.003o -12.2
    54w 28.0 1  0  1520 2029:03:01 1115.963 28407.80          25456                          2146 .48g -.002o -10.3
    55w 31.0 1  0  1551 2029:04:01 1039.238 26417.50          25420                          2136 .48g -.002o -10.5
    56w 30.0 1  0  1581 2029:05:01 970.2687 24627.11          25382                          2127 .48g -.002o -9.50
    57w 31.0 1  0  1612 2029:06:01 904.1920 22910.34          25338                          2118 .48g -.002o -9.11
    58w 30.0 1  0  1642 2029:07:01 844.7466 21364.73          25291                          2111 .48g -.002o -8.21
    59w 31.0 1  0  1673 2029:08:01 787.7503 19881.57          25238                          2103 .48g -.002o -7.88
    60w 31.0 1  0  1704 2029:09:01 734.8480 18503.90          25181                          2096 .49g -.002o -7.32

                                    I M E X   T I M E   S T E P   S U M M A R Y
 ==================================================================================================================
    Time Step           Time                  Total Production             Total Injection  Total Max. Max. Change
 ---------------- ---------------- -------------------------------------- -----------------  PV   Mat. ------------
                C                    Oil      Gas     Water   GOR.  Wat.    Gas     Water   Avg.  bal. Satur. Pres.
        Size    U                                             SCF/   Cut                    Pres. err. DSMAX  DPMAX
  No.   Days IT T Days   yy:mm:dd   STB/D    MCF/D    STB/D    STB    %    MCF/D    STB/D   psia   %          psia
 ------ ---- -- - ----- ---------- -------- -------- -------- ----- ----- -------- -------- ----- ---- ------ -----
    61w 30.0 1  0  1734 2029:10:01 687.2066 17262.32          25120                          2090 .49g -.002o -6.60
    62w 31.0 1  0  1765 2029:11:01 641.4852 16069.81          25051                          2084 .49g -.002o -6.34
    63w 30.0 1  0  1795 2029:12:01 600.2874 14994.53          24979                          2079 .49g -.001o -5.72
    64w 31.0 1  0  1826 2030:01:01 560.7302 13961.24          24898                          2074 .49g -.001o -5.49
    65w 31.0 1  0  1857 2030:02:01 523.9649 13000.17          24811                          2069 .49g -.001o -5.11
    66w 28.0 1  0  1885 2030:03:01 492.8861 12187.20          24726                          2065 .49g -.001o -4.32
    67w 31.0 1  0  1916 2030:04:01 460.8949 11349.61          24625                          2061 .49g -.001o -4.45
    68w 30.0 1  0  1946 2030:05:01 432.0392 10593.61          24520                          2057 .49g -.001o -4.02
    69w 31.0 1  0  1977 2030:06:01 404.3079 9866.477          24403                          2053 .49g -.001o -3.87
    70w 30.0 1  0  2007 2030:07:01 379.2887 9209.978          24282                          2050 .50g -.001o -3.49
    71w 31.0 1  0  2038 2030:08:01 355.2383 8578.371          24148                          2047 .50g -9e-4o -3.36
    72w 31.0 1  0  2069 2030:09:01 332.8617 7990.269          24005                          2044 .50g -9e-4o -3.13
    73w 30.0 1  0  2099 2030:10:01 312.6674 7459.111          23856                          2041 .50g -8e-4o -2.82
    74w 31.0 1  0  2130 2030:11:01 293.2493 6947.935          23693                          2039 .50g -8e-4o -2.71
    75w 30.0 1  0  2160 2030:12:01 275.7226 6486.205          23524                          2037 .50g -8e-4o -2.45
    76w 31.0 1  0  2191 2031:01:01 258.8663 6041.746          23339                          2034 .50g -8e-4o -2.36
    77w 31.0 1  0  2222 2031:02:01 243.1770 5627.733          23143                          2032 .50g -7e-4o -2.20
    78w 28.0 1  0  2250 2031:03:01 229.8982 5277.081          22954                          2031 .50g -6e-4o -1.86
    79w 31.0 1  0  2281 2031:04:01 216.2146 4915.389          22734                          2029 .50g -7e-4o -1.92
    80w 30.0 1  0  2311 2031:05:01 203.8593 4588.574          22509                          2027 .50g -6e-4o -1.73

                                    I M E X   T I M E   S T E P   S U M M A R Y
 ==================================================================================================================
    Time Step           Time                  Total Production             Total Injection  Total Max. Max. Change
 ---------------- ---------------- -------------------------------------- -----------------  PV   Mat. ------------
                C                    Oil      Gas     Water   GOR.  Wat.    Gas     Water   Avg.  bal. Satur. Pres.
        Size    U                                             SCF/   Cut                    Pres. err. DSMAX  DPMAX
  No.   Days IT T Days   yy:mm:dd   STB/D    MCF/D    STB/D    STB    %    MCF/D    STB/D   psia   %          psia
 ------ ---- -- - ----- ---------- -------- -------- -------- ----- ----- -------- -------- ----- ---- ------ -----
    81w 31.0 1  0  2342 2031:06:01 191.9746 4273.931          22263                          2026 .50g -6e-4o -1.67
    82w 30.0 1  0  2372 2031:07:01 181.2434 3989.763          22013                          2024 .50g -6e-4o -1.51
    83w 31.0 1  0  2403 2031:08:01 170.9137 3715.948          21742                          2023 .50g -6e-4o -1.45
    84w 31.0 1  0  2434 2031:09:01 161.2998 3460.955          21457                          2022 .50g -6e-4o -1.35
    85w 30.0 1  0  2464 2031:10:01 152.6193 3230.502          21167                          2021 .50g -5e-4o -1.22
    86w 31.0 1  0  2495 2031:11:01 144.2562 3008.225          20853                          2019 .50g -5e-4o -1.17
    87w 30.0 1  0  2525 2031:12:01 136.6675 2806.266          20534                          2018 .50g -5e-4o -1.06
    88w 31.0 1  0  2556 2032:01:01 129.3183 2610.490          20187                          2018 .50g -5e-4o -1.04
    89w 31.0 1  0  2587 2032:02:01 122.4696 2428.049          19826                          2017 .50g -5e-4o -.965
    90w 29.0 1  0  2616 2032:03:01 116.4820 2268.438          19475                          2016 .50g -4e-4o -.842
    91w 31.0 1  0  2647 2032:04:01 110.5303 2109.619          19086                          2015 .50g -5e-4o -.837
    92w 30.0 1  0  2677 2032:05:01 105.1624 1966.245          18697                          2014 .50g -4e-4o -.755
    93w 31.0 1  0  2708 2032:06:01 100.0052 1828.356          18283                          2014 .50g -4e-4o -.726
    94w 30.0 1  0  2738 2032:07:01 95.35424 1703.887          17869                          2013 .50g -4e-4o -.655
    95w 31.0 1  0  2769 2032:08:01 90.88610 1584.190          17430                          2012 .50g -4e-4o -.629
    96w 31.0 1  0  2800 2032:09:01 86.73090 1472.799          16981                          2012 .50g -4e-4o -.585
    97w 30.0 1  0  2830 2032:10:01 82.94914 1372.167          16542                          2011 .50g -4e-4o -.528
    98w 31.0 1  0  2861 2032:11:01 79.35020 1275.470          16074                          2011 .50g -4e-4o -.507
    99w 30.0 1  0  2891 2032:12:01 76.10816 1188.210          15612                          2011 .50g -4e-4o -.457
   100w 31.0 1  0  2922 2033:01:01 72.97558 1104.105          15130                          2010 .50g -4e-4o -.440

                                    I M E X   T I M E   S T E P   S U M M A R Y
 ==================================================================================================================
    Time Step           Time                  Total Production             Total Injection  Total Max. Max. Change
 ---------------- ---------------- -------------------------------------- -----------------  PV   Mat. ------------
                C                    Oil      Gas     Water   GOR.  Wat.    Gas     Water   Avg.  bal. Satur. Pres.
        Size    U                                             SCF/   Cut                    Pres. err. DSMAX  DPMAX
  No.   Days IT T Days   yy:mm:dd   STB/D    MCF/D    STB/D    STB    %    MCF/D    STB/D   psia   %          psia
 ------ ---- -- - ----- ---------- -------- -------- -------- ----- ----- -------- -------- ----- ---- ------ -----
   101w 31.0 1  0  2953 2033:02:01 70.06312 1025.648          14639                          2010 .50g -4e-4o -.409
   102w 28.0 1  0  2981 2033:03:01 67.56233 958.0229          14180                          2009 .50g -3e-4o -.350
   103w 31.0 1  0  3012 2033:04:01 64.97171 888.0037          13668                          2009 .50g -4e-4o -.369
   104w 30.0 1  0  3042 2033:05:01 62.63462 824.8430          13169                          2009 .50g -3e-4o -.331
   105w 31.0 1  0  3073 2033:06:01 60.39362 764.2448          12654                          2008 .50g -4e-4o -.317
   106w 30.0 1  0  3103 2033:07:01 58.37791 709.6958          12157                          2008 .50g -3e-4o -.285
   107w 31.0 1  0  3134 2033:08:01 56.44699 657.3956          11646                          2008 .50g -3e-4o -.273
   108w 31.0 1  0  3165 2033:09:01 54.65716 608.8741          11140                          2008 .50g -3e-4o -.253
   109w 30.0 1  0  3195 2033:10:01 53.04791 565.2108          10655                          2008 .50g -3e-4o -.227
   110w 31.0 1  0  3226 2033:11:01 51.50664 523.3567          10161                          2007 .50g -3e-4o -.218
   111w 30.0 1  0  3256 2033:12:01 50.12097 485.6975           9691                          2007 .50g -3e-4o -.196
   112w 31.0 1  0  3287 2034:01:01 48.79389 449.6023           9214                          2007 .50g -3e-4o -.188
   113w 31.0 1  0  3318 2034:02:01 47.56398 416.1242           8749                          2007 .50g -3e-4o -.174
   114w 28.0 1  0  3346 2034:03:01 46.52715 387.8807           8337                          2007 .50g -3e-4o -.147
   115w 31.0 1  0  3377 2034:04:01 45.46320 358.8806           7894                          2007 .50g -3e-4o -.150
   116w 30.0 1  0  3407 2034:05:01 44.50682 332.7937           7477                          2006 .50g -3e-4o -.135
   117w 31.0 1  0  3438 2034:06:01 43.59094 307.7962           7061                          2006 .50g -3e-4o -.129
   118w 30.0 1  0  3468 2034:07:01 42.76765 285.3116           6671                          2006 .50g -3e-4o -.116
   119w 31.0 1  0  3499 2034:08:01 41.97923 263.7681           6283                          2006 .50g -3e-4o -.111
   120w 31.0 1  0  3530 2034:09:01 41.24862 243.7934           5910                          2006 .50g -3e-4o -.103

                                    I M E X   T I M E   S T E P   S U M M A R Y
 ==================================================================================================================
    Time Step           Time                  Total Production             Total Injection  Total Max. Max. Change
 ---------------- ---------------- -------------------------------------- -----------------  PV   Mat. ------------
                C                    Oil      Gas     Water   GOR.  Wat.    Gas     Water   Avg.  bal. Satur. Pres.
        Size    U                                             SCF/   Cut                    Pres. err. DSMAX  DPMAX
  No.   Days IT T Days   yy:mm:dd   STB/D    MCF/D    STB/D    STB    %    MCF/D    STB/D   psia   %          psia
 ------ ---- -- - ----- ---------- -------- -------- -------- ----- ----- -------- -------- ----- ---- ------ -----
   121w 30.0 1  0  3560 2034:10:01 40.59189 225.8292           5563                          2006 .50g -3e-4o -.093
   122w 31.0 1  0  3591 2034:11:01 39.96294 208.6194           5220                          2006 .50g -3e-4o -.089
   123w 30.0 1  0  3621 2034:12:01 39.39762 193.1435           4902                          2006 .50g -3e-4o -.080
   124w 31.0 1  0  3652 2035:01:01 38.85620 178.3190           4589                          2006 .50g -3e-4o -.076
   125w 31.0 1  0  3683 2035:02:01 38.35449 164.5775           4291                          2006 .50g -3e-4o -.071
   126w 28.0 1  0  3711 2035:03:01 37.93162 152.9909           4033                          2006 .50g -2e-4o -.060
   127w 31.0 1  0  3742 2035:04:01 37.49751 141.1010           3763                          2005 .50g -3e-4o -.061
   128w 30.0 1  0  3772 2035:05:01 37.10737 130.4117           3514                          2005 .50g -3e-4o -.055
   129w 31.0 1  0  3803 2035:06:01 36.73365 120.1750           3272                          2005 .50g -3e-4o -.053
   130w 30.0 1  0  3833 2035:07:01 36.39769 110.9728           3049                          2005 .50g -3e-4o -.047
   131w 31.0 1  0  3864 2035:08:01 36.07583 102.1611           2832                          2005 .50g -3e-4o -.045
   132w 31.0 1  0  3895 2035:09:01 35.77749 93.99603           2627                          2005 .50g -3e-4o -.042
   133w 30.0 1  0  3925 2035:10:01 35.50923 86.65717           2440                          2005 .50g -3e-4o -.038
   134w 31.0 1  0  3956 2035:11:01 35.25214 79.63084           2259                          2005 .50g -3e-4o -.036
   135w 30.0 1  0  3986 2035:12:01 35.02096 73.31619           2093                          2005 .50g -3e-4o -.032
   136w 31.0 1  0  4017 2036:01:01 34.79935 67.27109           1933                          2005 .50g -3e-4o -.031
   137w .500 2  1  4018 2036:01:02 34.79864 67.75306           1947                 1908421  2013 .50g -.186g   178
   138  .269 1  0  4018 2036:01:02 34.79849 68.33668           1964                 1274481  2016 .50g -.056g  63.6
   139  .480 1  0  4018 2036:01:02 34.80765 72.01319           2069                946451.5  2021 .51g -.043g   115
   140  1.12 2  0  4019 2036:01:03 35.07554 117.4857           3350                606472.3  2030 .51g -.062g   175

                                    I M E X   T I M E   S T E P   S U M M A R Y
 ==================================================================================================================
    Time Step           Time                  Total Production             Total Injection  Total Max. Max. Change
 ---------------- ---------------- -------------------------------------- -----------------  PV   Mat. ------------
                C                    Oil      Gas     Water   GOR.  Wat.    Gas     Water   Avg.  bal. Satur. Pres.
        Size    U                                             SCF/   Cut                    Pres. err. DSMAX  DPMAX
  No.   Days IT T Days   yy:mm:dd   STB/D    MCF/D    STB/D    STB    %    MCF/D    STB/D   psia   %          psia
 ------ ---- -- - ----- ---------- -------- -------- -------- ----- ----- -------- -------- ----- ---- ------ -----
   141  1.80 1  0  4021 2036:01:05 37.14691 328.5252           8844                459758.8  2040 .51g -.061g   127
   142  2.94 1  0  4024 2036:01:08 47.63988 1009.902          21199                361851.5  2052 .52g -.067g   107
   143  4.38 2  0  4028 2036:01:12 78.78583 2448.074          31073                297933.3  2066 .52g -.052g  92.0
   144  8.34 2  0  4037 2036:01:21 166.2743 5561.661          33449                251440.0  2085 .52g -.084g  61.7
   145  5.58 2  0  4042 2036:01:26 232.5868 7672.109          32986                231082.6  2097 .52g -.060g  24.2
   146  5.58 1  0  4048 2036:02:01 302.2122 9736.446          32217                220403.2  2108 .52g -.059g  21.2
   147w 9.42 3  0  4057 2036:02:10 418.5661 13012.84          31089                210536.9  2127 .52g -.083g  64.4
   148   9.8 1  0  4067 2036:02:20 532.4143 16140.13          30315                203880.7  2147 .53g -.079g  75.9
   149   9.8 2  0  4077 2036:03:01 654.1518 19706.97          30126                200693.2  2174 .53g -.063g  91.5
   150w 15.5 2  0  4093 2036:03:17 913.9019 26381.88          28867                194489.0  2215 .53g -.118g   118
   151  7.75 1  0  4100 2036:03:24 1079.264 29711.94          27530                190389.9  2236 .53g -.060g  62.8
   152  7.75 1  0  4108 2036:04:01 1188.426 32819.13          27616                186932.4  2255 .54g -.086g  51.4
   153w 9.05 1  0  4117 2036:04:10 1305.352 36228.27          27754                184050.6  2276 .54g -.072g  72.4
   154  10.5 2  0  4128 2036:04:21 1433.053 39978.57          27897                180414.5  2299 .54g -.076g  69.1
   155  10.5 1  0  4138 2036:05:01 1554.598 43569.71          28026                177644.5  2321 .55g -.079g  52.4
   156w 13.3 2  0  4151 2036:05:14 1696.272 47781.33          28168                173947.4  2350 .55g -.075g  77.5
   157  17.7 2  0  4169 2036:06:01 1874.784 53132.61          28341                169996.7  2384 .55g -.083g  85.2
   158w 15.0 3  0  4184 2036:06:16 2023.211 57617.52          28478                167240.4  2412 .55g -.071g  68.5
   159  15.0 1  0  4199 2036:07:01 2152.322 61538.30          28592                164954.1  2438 .56g -.101g  55.6
   160w 14.9 1  0  4214 2036:07:16 2266.141 65018.32          28691                162934.7  2461 .57g -.080g  60.1

                                    I M E X   T I M E   S T E P   S U M M A R Y
 ==================================================================================================================
    Time Step           Time                  Total Production             Total Injection  Total Max. Max. Change
 ---------------- ---------------- -------------------------------------- -----------------  PV   Mat. ------------
                C                    Oil      Gas     Water   GOR.  Wat.    Gas     Water   Avg.  bal. Satur. Pres.
        Size    U                                             SCF/   Cut                    Pres. err. DSMAX  DPMAX
  No.   Days IT T Days   yy:mm:dd   STB/D    MCF/D    STB/D    STB    %    MCF/D    STB/D   psia   %          psia
 ------ ---- -- - ----- ---------- -------- -------- -------- ----- ----- -------- -------- ----- ---- ------ -----
   161  16.1 2  0  4230 2036:08:01 2392.682 68916.14          28803                161644.1  2484 .58g -.053g  51.2
   162w 31.0 4  0  4261 2036:09:01 2612.165 75726.24          28990                160537.0  2522 .58g -.110g  70.1
   163w 30.0 3  0  4291 2036:10:01 2789.803 81291.40          29139                158970.4  2558 .59g -.114g  65.6
   164w 15.5 2  0  4307 2036:10:17 2870.517 83837.50          29206                157948.1  2576 .59g -.064g  37.4
   165  15.5 2  0  4322 2036:11:01 2945.115 86202.80          29270                157256.5  2593 .59g -.050g  33.0
   166w 30.0 3  0  4352 2036:12:01 3062.568 89950.45          29371                156345.7  2622 .60g -.105g  54.1
   167w 31.0 2  0  4383 2037:01:01 3167.740 93328.29          29462                155266.5  2651 .61g -.085g  50.9
   168w 31.0 2  0  4414 2037:02:01 3258.810 96273.98          29543                154379.0  2678 .62g -.086g  44.8
   169w 28.0 3  0  4442 2037:03:01 3310.640 97969.12          29592                153593.6  2701 .63g -.086g  36.1
   170w 31.0 3  0  4473 2037:04:01 3345.060 99097.74          29625                152520.9  2726 .64g -.080g  49.8
   171w 30.0 2  0  4503 2037:05:01 3346.968 99133.01          29619                151451.8  2750 .65g -.085g  51.5
   172w 31.0 3  0  4534 2037:06:01 3281.504 96901.17          29529                149648.2  2779 .65g -.104g  60.7
   173w 30.0 3  0  4564 2037:07:01 3174.753 93169.14          29347                147125.4  2814 .66g -.099g  66.6
   174w 31.0 3  0  4595 2037:08:01 3037.021 86960.83          28634                143195.2  2864 .67g -.105g  76.2
   175w 31.0 4  0  4626 2037:09:01 3008.093 77352.32          25715                138476.3  2924 .68g  .133o  88.4
   176w 15.0 2  0  4641 2037:09:16 3137.653 69119.38          22029                135796.4  2959 .69g  .073o  53.1
   177  15.0 2  0  4656 2037:10:01 3817.107 53463.51          14006                132159.0  3009 .69g  .076o  72.6
   178w 15.5 2  0  4672 2037:10:17 5121.147 40054.89           7821                127364.9  3073 .69g  .081o  96.1
   179  15.5 1  0  4687 2037:11:01 7702.643 28429.33           3691                121348.3  3153 .63g  .085o   135
   180w 15.0 1  0  4702 2037:11:16 11033.45 22872.16           2073                113916.1  3248 .63g  .075o   142

                                    I M E X   T I M E   S T E P   S U M M A R Y
 ==================================================================================================================
    Time Step           Time                  Total Production             Total Injection  Total Max. Max. Change
 ---------------- ---------------- -------------------------------------- -----------------  PV   Mat. ------------
                C                    Oil      Gas     Water   GOR.  Wat.    Gas     Water   Avg.  bal. Satur. Pres.
        Size    U                                             SCF/   Cut                    Pres. err. DSMAX  DPMAX
  No.   Days IT T Days   yy:mm:dd   STB/D    MCF/D    STB/D    STB    %    MCF/D    STB/D   psia   %          psia
 ------ ---- -- - ----- ---------- -------- -------- -------- ----- ----- -------- -------- ----- ---- ------ -----
   181  15.0 2  0  4717 2037:12:01 14648.82 20754.92           1417                105054.1  3357 .63g  .080o   171
   182w 15.5 1  0  4733 2037:12:17 18151.60 21440.52           1181                95850.91  3464 .60g  .080o   175
   183  15.5 1  0  4748 2038:01:01 21829.67 20843.28          954.8                86817.54  3568 .61g  .055o   156
   184w 31.0 1  0  4779 2038:02:01 25619.00 22076.61          861.7                73445.24  3710 .62g  .057o   177
   185w 28.0 1  0  4807 2038:03:01 27730.43 23261.89          838.9                64695.36  3801 .62g  .025o   113
   186w 31.0 1  0  4838 2038:04:01 29023.99 24533.16          845.3                58271.59  3867 .62g  .023o  76.2
   187w 30.0 1  0  4868 2038:05:01 29826.41 25398.47 .1338295 851.5 44e-5          54061.23  3911 .62g  .020o  50.7
   188w 31.0 1  0  4899 2038:06:01 30268.23 25921.35 66.01888 856.4 .2176          51161.93  3941 .62g  .016w -62.9
   189w 30.0 1  0  4929 2038:07:01 30423.26 26141.23 263.0476 859.3 .8572          49341.28  3959 .62g  .017o -55.2
   190w 31.0 1  0  4960 2038:08:01 30160.65 25689.04 614.8660 851.7 1.998          48055.01  3973 .63g -.016o -60.9
   191w 31.0 1  0  4991 2038:09:01 29709.25 25215.00 984.9333 848.7 3.209          46997.49  3985 .63g -.016o -45.5
   192w 30.0 1  0  5021 2038:10:01 29163.20 24709.19 1361.411 847.3 4.460          46140.19  3995 .63g -.014o -40.7
   193w 31.0 1  0  5052 2038:11:01 28557.86 24179.64 1764.908 846.7 5.820          45380.79  4004 .64g  .015w -38.5
   194w 30.0 1  0  5082 2038:12:01 27942.20 23650.89 2167.973 846.4 7.200          44716.39  4012 .64g -.015o -34.3
   195w 31.0 1  0  5113 2039:01:01 27234.19 23063.48 2914.745 846.9  9.67          44080.36  4020 .64g  .015w -32.6
   196w 31.0 1  0  5144 2039:02:01 26631.77 22542.13 3606.377 846.4 11.93          43617.20  4026 .65g -.013o -30.2
   197w 28.0 1  0  5172 2039:03:01 26095.95 22089.29 4198.143 846.5 13.86          43279.02  4030 .65g -.011o -25.2
   198w 31.0 1  0  5203 2039:04:01 25539.86 21623.65 4818.886 846.7 15.87          42964.15  4035 .65g  .011w -25.9
   199w 30.0 1  0  5233 2039:05:01 25020.82 21192.98 5394.687 847.0 17.74          42699.41  4038 .65g -.011o -23.2
   200w 31.0 1  0  5264 2039:06:01 24492.77 20765.08 5967.293 847.8 19.59          42454.41  4042 .66g  .012w -22.2

                                    I M E X   T I M E   S T E P   S U M M A R Y
 ==================================================================================================================
    Time Step           Time                  Total Production             Total Injection  Total Max. Max. Change
 ---------------- ---------------- -------------------------------------- -----------------  PV   Mat. ------------
                C                    Oil      Gas     Water   GOR.  Wat.    Gas     Water   Avg.  bal. Satur. Pres.
        Size    U                                             SCF/   Cut                    Pres. err. DSMAX  DPMAX
  No.   Days IT T Days   yy:mm:dd   STB/D    MCF/D    STB/D    STB    %    MCF/D    STB/D   psia   %          psia
 ------ ---- -- - ----- ---------- -------- -------- -------- ----- ----- -------- -------- ----- ---- ------ -----
   201w 30.0 1  0  5294 2039:07:01 23969.51 20337.93 6555.196 848.5 21.48          42240.05  4045 .66g -.012o -20.0
   202w 31.0 1  0  5325 2039:08:01 23433.02 19903.07 7149.360 849.4 23.38          42031.39  4048 .66g  .012w -19.2
   203w 31.0 1  0  5356 2039:09:01 23041.99 19567.57 8128.559 849.2 26.08          41838.05  4051 .66g -.012o -17.9
   204w 30.0 1  0  5386 2039:10:01 22620.34 19208.58 8809.154 849.2 28.03          41848.34  4052 .66g  .011w -16.3
   205w 31.0 1  0  5417 2039:11:01 22250.36 18897.65 9530.275 849.3 29.99          41933.58  4052 .66g -.012o -15.8
   206w 30.0 1  0  5447 2039:12:01 21904.30 18609.08 10199.79 849.6 31.77          42049.36  4051 .67g  .012w -14.4
   207w 31.0 1  0  5478 2040:01:01 21562.64 18326.63 10870.03 849.9 33.52          42189.69  4051 .67g -.012o -14.2
   208w 31.0 1  0  5509 2040:02:01 21228.73 18052.38 11515.97 850.4 35.17          42338.94  4050 .67g -.011o -13.6
   209w 29.0 1  0  5538 2040:03:01 20937.59 17812.84 12155.90 850.8 36.73          42482.45  4049 .67g -.010o -12.2
   210w 31.0 1  0  5569 2040:04:01 20698.85 17605.36 12812.11 850.5 38.23          42693.79  4048 .68g -.011o -12.6
   211w 30.0 1  0  5599 2040:05:01 20500.67 17428.85 13467.41 850.2 39.65          42947.42  4046 .68g -.011o -11.8
   212w 31.0 1  0  5630 2040:06:01 20300.58 17249.83 14080.15 849.7 40.95          43232.26  4044 .68g -.011o -11.8
   213w 30.0 1  0  5660 2040:07:01 20117.01 17085.11 14637.81 849.3 42.12          43515.54  4041 .68g -.010o -12.1
   214w 31.0 1  0  5691 2040:08:01 19937.23 16923.55 15190.13 848.8 43.24          43807.61  4039 .68g  .010w -11.9
   215w 31.0 1  0  5722 2040:09:01 19765.32 16769.17 15730.11 848.4 44.32          44099.26  4037 .69g -.009o -11.3
   216w 30.0 1  0  5752 2040:10:01 19602.06 16622.81 16238.59 848.0 45.31          44378.09  4035 .69g  .009w -10.5
   217w 31.0 1  0  5783 2040:11:01 19438.10 16475.93 16748.75 847.6 46.28          44660.57  4033 .69g -.008o -10.3
   218w 30.0 1  0  5813 2040:12:01 19281.81 16334.70 17311.37 847.2 47.31          44948.45  4031 .69g -.008o  -9.6
   219w 31.0 1  0  5844 2041:01:01 19120.95 16188.88 17839.04 846.7 48.27          45247.21  4028 .69g -.008o -9.49
   220w 31.0 1  0  5875 2041:02:01 18969.09 16050.46 18342.59 846.1 49.16          45540.31  4026 .70g -.008o -8.97

                                    I M E X   T I M E   S T E P   S U M M A R Y
 ==================================================================================================================
    Time Step           Time                  Total Production             Total Injection  Total Max. Max. Change
 ---------------- ---------------- -------------------------------------- -----------------  PV   Mat. ------------
                C                    Oil      Gas     Water   GOR.  Wat.    Gas     Water   Avg.  bal. Satur. Pres.
        Size    U                                             SCF/   Cut                    Pres. err. DSMAX  DPMAX
  No.   Days IT T Days   yy:mm:dd   STB/D    MCF/D    STB/D    STB    %    MCF/D    STB/D   psia   %          psia
 ------ ---- -- - ----- ---------- -------- -------- -------- ----- ----- -------- -------- ----- ---- ------ -----
   221w 28.0 1  0  5903 2041:03:01 18842.19 15933.09 18766.43 845.6 49.90          45798.88  4024 .70g  .008w -7.76
   222w 31.0 1  0  5934 2041:04:01 18764.54 15845.72 19157.79 844.5 50.52          46078.37  4022 .70g -.009o -8.21
   223w 30.0 1  0  5964 2041:05:01 18682.26 15757.10 19562.05 843.4 51.15          46349.99  4020 .70g -.009o -7.62
   224w 31.0 1  0  5995 2041:06:01 18593.99 15664.52 19987.94 842.5 51.81          46634.94  4018 .70g -.009o -7.58
   225w 30.0 1  0  6025 2041:07:01 18508.14 15575.81 20397.90 841.6 52.43          46913.11  4016 .71g -.009o -7.08
   226w 31.0 1  0  6056 2041:08:01 18420.21 15485.84 20812.64 840.7 53.05          47197.78  4014 .71g -.009o -7.06
   227w 31.0 1  0  6087 2041:09:01 18334.62 15398.63 21211.17 839.9 53.64          47479.31  4012 .71g -.009o -6.84
   228w 30.0 1  0  6117 2041:10:01 18255.19 15317.60 21581.29 839.1 54.17          47745.36  4010 .71g  .009w -6.42
   229w 31.0 1  0  6148 2041:11:01 18187.35 15244.91 21893.59 838.2 54.62          48005.01  4009 .72g -.009o -6.43
   230w 30.0 1  0  6178 2041:12:01 18127.24 15179.05 22185.05 837.4 55.03          48238.17  4007 .72g -.009o -6.05
   231w 31.0 1  0  6209 2042:01:01 18068.50 15113.83 22473.98 836.5 55.43          48466.36  4006 .72g -.009o -6.09
   232w 31.0 1  0  6240 2042:02:01 18012.61 15051.07 22754.20 835.6 55.82          48682.80  4004 .72g -.009o -5.94
   233w 28.0 1  0  6268 2042:03:01 17963.99 14996.06 23001.43 834.8 56.15          48872.29  4003 .72g  .008w -5.24
   234w 31.0 1  0  6299 2042:04:01 17911.85 14936.75 23269.11 833.9 56.50          49074.85  4002 .73g  .009w -5.66
   235w 30.0 1  0  6329 2042:05:01 17862.83 14880.76 23523.39 833.1 56.84          49265.31  4001 .73g -.009o -5.36
   236w 31.0 1  0  6360 2042:06:01 17813.52 14824.25 23781.52 832.2 57.17          49456.48  4000 .73g  .010w -5.41
   237w 30.0 1  0  6390 2042:07:01 17766.78 14770.61 24027.20 831.4 57.49          49638.18  3999 .73g -.010o -5.12
   238w 31.0 1  0  6421 2042:08:01 17719.35 14716.15 24276.89 830.5 57.81          49821.31  3998 .73g -.011o -5.18
   239w 31.0 1  0  6452 2042:09:01 17672.76 14662.66 24522.39 829.7 58.12          50001.82  3997 .74g  .012w -5.07
   240w 30.0 1  0  6482 2042:10:01 17628.52 14611.82 24756.35 828.9 58.41          50172.88  3997 .74g  .012w -4.81

                                    I M E X   T I M E   S T E P   S U M M A R Y
 ==================================================================================================================
    Time Step           Time                  Total Production             Total Injection  Total Max. Max. Change
 ---------------- ---------------- -------------------------------------- -----------------  PV   Mat. ------------
                C                    Oil      Gas     Water   GOR.  Wat.    Gas     Water   Avg.  bal. Satur. Pres.
        Size    U                                             SCF/   Cut                    Pres. err. DSMAX  DPMAX
  No.   Days IT T Days   yy:mm:dd   STB/D    MCF/D    STB/D    STB    %    MCF/D    STB/D   psia   %          psia
 ------ ---- -- - ----- ---------- -------- -------- -------- ----- ----- -------- -------- ----- ---- ------ -----
   241w 31.0 1  0  6513 2042:11:01 17585.40 14561.51 24990.26 828.0 58.70          50346.69  3996 .74g -.013o -4.88
   242w 30.0 1  0  6543 2042:12:01 17545.60 14514.44 25208.74 827.2 58.96          50510.51  3995 .74g -.014o -4.63
   243w 31.0 1  0  6574 2043:01:01 17506.32 14467.42 25428.78 826.4 59.23          50676.55  3994 .74g  .014w -4.70
   244w 31.0 1  0  6605 2043:02:01 17468.23 14421.49 25643.50 825.6 59.48          50838.58  3994 .75g -.015o -4.61
   245w 28.0 1  0  6633 2043:03:01 17434.32 14380.55 25833.92 824.8 59.71          50981.94  3993 .75g -.013o -4.10
   246w 31.0 1  0  6664 2043:04:01 17397.61 14336.07 26041.62 824.0 59.95          51137.61  3992 .75g -.014o -4.46
   247w 30.0 1  0  6694 2043:05:01 17362.27 14293.40 26240.27 823.2 60.18          51285.89  3992 .75g -.013o -4.25
   248w 31.0 1  0  6725 2043:06:01 17326.17 14249.91 26443.67 822.5 60.42          51435.96  3991 .76g -.012o -4.32
   249w 30.0 1  0  6755 2043:07:01 17292.07 14208.74 26637.34 821.7 60.64          51578.79  3991 .76g  .012w -4.11
   250w 31.0 1  0  6786 2043:08:01 17257.61 14167.08 26834.35 820.9 60.86          51724.13  3990 .76g -.012o -4.18
   251w 31.0 1  0  6817 2043:09:01 17222.85 14125.39 27026.83 820.2 61.08          51865.84  3989 .76g -.011o -4.12
   252w 30.0 1  0  6847 2043:10:01 17190.63 14086.37 27207.43 819.4 61.28          52000.03  3989 .76g -.010o -3.93
   253w 31.0 1  0  6878 2043:11:01 17161.79 14049.60 27366.66 818.7 61.46          52129.63  3989 .77g  .009w -3.99
   254w 30.0 1  0  6908 2043:12:01 17144.45 14021.28 27512.29 817.8 61.61          52248.51  3988 .77g -.008o -3.81
   255w 31.0 1  0  6939 2044:01:01 17121.56 13988.21 27681.19 817.0 61.78          52375.35  3988 .77g -.008o -3.88
   256w 31.0 1  0  6970 2044:02:01 17097.32 13954.44 27856.32 816.2 61.97          52504.45  3987 .77g  .009w -3.82
   257w 29.0 1  0  6999 2044:03:01 17070.05 13919.57 28024.75 815.4 62.15          52626.06  3987 .78g -.008o -3.53
   258w 31.0 1  0  7030 2044:04:01 17037.60 13880.05 28213.83 814.7 62.35          52756.00  3987 .78g -.009o -3.72
   259w 30.0 1  0  7060 2044:05:01 17003.13 13839.71 28402.65 814.0 62.55          52883.26  3986 .78g  .009w -3.55
   260w 31.0 1  0  7091 2044:06:01 16964.92 13796.32 28604.60 813.2 62.77          53018.03  3985 .78g -.010o -3.62

                                    I M E X   T I M E   S T E P   S U M M A R Y
 ==================================================================================================================
    Time Step           Time                  Total Production             Total Injection  Total Max. Max. Change
 ---------------- ---------------- -------------------------------------- -----------------  PV   Mat. ------------
                C                    Oil      Gas     Water   GOR.  Wat.    Gas     Water   Avg.  bal. Satur. Pres.
        Size    U                                             SCF/   Cut                    Pres. err. DSMAX  DPMAX
  No.   Days IT T Days   yy:mm:dd   STB/D    MCF/D    STB/D    STB    %    MCF/D    STB/D   psia   %          psia
 ------ ---- -- - ----- ---------- -------- -------- -------- ----- ----- -------- -------- ----- ---- ------ -----
   261w 30.0 1  0  7121 2044:07:01 16922.45 13750.20 28806.31 812.5 62.99          53151.40  3985 .78g -.010o -3.46
   262w 31.0 1  0  7152 2044:08:01 16823.49 13659.45 29036.43 811.9 63.32          53286.30  3984 .79g -.011o -3.53
   263w 31.0 1  0  7183 2044:09:01 16732.00 13574.53 29290.74 811.3 63.64          53398.90  3984 .79g  .011w -3.48
   264w 30.0 1  0  7213 2044:10:01 16644.79 13493.45 29527.91 810.7 63.95          53505.25  3984 .79g -.011o -3.32
   265w 31.0 1  0  7244 2044:11:01 16560.73 13414.66 29762.20 810.0 64.25          53614.90  3983 .79g  .011w -3.39
   266w 30.0 1  0  7274 2044:12:01 16483.57 13341.95 29979.38 809.4 64.52          53719.96  3983 .80g -.011o -3.23
   267w 31.0 1  0  7305 2045:01:01 16407.10 13269.62 30194.62 808.8 64.79          53825.15  3983 .80g -.012o -3.29

 ===================== SUMMARY (from subroutine: TSIO)   ======================
  Simulation run terminated. Stopping time reached.
    
     1 Warning messages.    0 Error messages.
 ==============================================================================



                          Global Storage Usage
                          ====================

             Section           Bytes          Mbytes   # Objects
        ------------    ------------    ------------   ---------
              MXSLVR          514016           0.490          98
              GRMOD0          217956           0.208         482
               IMEX2          125666           0.120         693
               IMEX1          114236           0.109         588
              WMCOM1           58763           0.056         982
               IMEX3           50818           0.048         249
              MXGR01           50456           0.048          18
              GRMOD1           36256           0.035         151
              KWCOM1           34735           0.033          52
              EQTPAR           29876           0.028          69
               POINT           25252           0.024          96
              SR2COM           22036           0.021          92
              MXWELL           20796           0.020         262
             MXSLVR1           13096           0.012          14
           GLOBSTORE            7478           0.007          27
              MXINIT            6244           0.006          23
              CMPDIL            6112           0.006          25
               PRTCM            5760           0.005          17
              SECTOR            2464           0.002          13
               SAMG1            1873           0.002         255
              PGMCH1            1794           0.002         319
             CMGFILE            1206           0.001          19
                FLXB            1156           0.001          27
                CMB1             600           0.001          68
           PGSCOMMON             476           0.000          64
                 MTS             340           0.000          18
           PGPARASOL             296           0.000          65
              SGCOM2             216           0.000          54
              SGCOM1             180           0.000          44
              GRMOD2             156           0.000          38
              WMCOM3              92           0.000           4
              WMCOM2              76           0.000          15
              WMCOM5              52           0.000          13
              SGCOM3              32           0.000           8
        PGMATDOMAINS              16           0.000           4
              WMCOM7               8           0.000           2
              DEPTAB               8           0.000           2
              SGCOM4               4           0.000           1
            PGSINT3D               0           0.000           0
              MXPRSL               0           0.000           0
        ------------    ------------    ------------   ---------
               Total         1350597           1.288        4971
            Maximium         1712077           1.633

       Field Total                                   Fluid
                             Oil       Gas       Water    Solvent   Polymer    Salt
                            -------   -------   -------   -------   -------   -------
                            (MSTB)    (MMSCF)   (MSTB)    (MMSCF)    (MLB)     (MLB)
  Cumulative Production       75244    270096     44995     NA        NA        NA   
  Cumulative Injection        NA         0       241289     NA        NA        NA   
  Cumulative Gas Lift         NA         0        NA        NA        NA        NA   
  Cumulative Aquifer Influx   NA        NA         0        NA        NA        NA   
  Current Fluids In Place    189481    137731    259481     NA        NA        NA   
  Production Rates           16.407    13.270    30.195     NA        NA        NA   
  Injection Rates             NA         0       53.825     NA        NA        NA   

  Timesteps:    267  Newton Cycles:      324  Cuts:      1  Solver Iterations:         1664
  Average Implicitness    : 0.953
  Fluid Component Model   : BLACKOIL (SINGLE-P)
  Material Balances (owg): 1.003 1.001 1.008
  Average Active Blocks:         300 Average Non-BHP Active Wells:     0
  Total Blocks :         300 Total Wells :     5
  Active Blocks:         300 Non-BHP Active Wells:     0
  Time at end of simulation:   7305.00     (days)   
  Average reservoir pressure excluding water zone: 3982.851 (psi)    
  Total Number of Solver Failures:       0  Stalls:       0  ITERMAX Reached:       0
  Jacobian Domains      1  
  Total lstpro/lstpar calls:     2  (    9)
  Linear Solver: Aimsol
  Preconditioner Ordering: REDBLACK
  Preconditioner Degree           1
  KMP_AFFINITY: Default
  OMP_SCHEDULE: Default
  Max Impl Blocks:      300  %Impl:100.0%  (TS,CUT,NCYC): (    21, 0,  1 )
  Max Solver Iterations (TS,CUT,NCYC):       8 (    19, 0,  2 )
  Number of threads set:    1
  Total number of cpus:    4
  Memory Usage Peak:       64 MB on TS:   221 TS 1 Peak:       40 MB  Average:       57 MB  VM Size:       72 MB
  Host computer: IKIEARTH
  CPU Time:             2.62 seconds
  Elapsed Time:         2.74 seconds

  End of Simulation: Normal Termination

  Date and Time of End of Run:  Apr 18, 2025  23:36:59

