    Opened LOG FILE         on unit 10, filename is 'D:\TA MANDIRI\SKENARIO CMG\A2G1C.log'
 ********************************************************************************
 *                                                                              *
 *                                IMEX  2021.10                                 *
 *            Adaptive-Implicit Black Oil & Unconventional Simulator            *
 *                         General Release for Win x64                          *
 *                            2021-Nov-16   12:35:59                            *
 *                                                                              *
 *                          (c) Copyright 1977 - 2021                           *
 *                Computer Modelling Group Ltd., Calgary, Canada                *
 *                             All Rights Reserved                              *
 *                                                                              *
 ********************************************************************************


 Command-line Arguments:  -dimsum
                          -wd D:\TA MANDIRI\SKENARIO CMG
                          -log
                          -f D:\TA MANDIRI\SKENARIO CMG\A2G1C.dat

  Date and Time of Start of Run:  May  7, 2025  00:28:54


*** Input/Output files specification :
    Opened data file        on unit 11, filename is 'D:\TA MANDIRI\SKENARIO CMG\A2G1C.dat'
    Opened Scratch file     on unit 12
    Opened Scratch file     on unit 13
    Opened output file      on unit 14, filename is 'D:\TA MANDIRI\SKENARIO CMG\A2G1C.out'
    Opened SR3-OUT          on unit 15, filename is 'D:\TA MANDIRI\SKENARIO CMG\A2G1C.sr3'
    Opened Restart-SR3      on unit 16, filename is 'D:\TA MANDIRI\SKENARIO CMG\A2G1C.rstr.sr3'
    Opened GRID scratchfile on unit 17

 ===================== WARNING (from subroutine: INCOMP) ======================
  P/Z Output is disabled as Temperatures were not defined for all PVT Regions
  Please review the *TRES Keyword
  Line: 77   File Name: D:\TA MANDIRI\SKENARIO CMG\A2G1C.dat
 ==============================================================================


 ===================== SUMMARY (from subroutine: INDATA) ======================
  Reading of initial data is complete.
  Simulation will stop if there were error messages.
     1 Warning messages.    0 Error messages.
 ==============================================================================



                          Global Storage Usage
                          ====================

             Section           Bytes          Mbytes   # Objects
        ------------    ------------    ------------   ---------
              MXSLVR         5536296           5.280          98
              GRMOD0         5450008           5.198         482
               IMEX1         2781236           2.652         588
               IMEX2         2516066           2.400         693
              MXGR01         1280040           1.221          18
               IMEX3         1015618           0.969         249
              GRMOD1          871456           0.831         151
               POINT          637840           0.608          96
             MXSLVR1          344424           0.328          14
              CMPDIL          150112           0.143          25
               PRTCM          142560           0.136          17
              SECTOR           60064           0.057          13
              WMCOM1           58763           0.056         982
              KWCOM1           34735           0.033          52
              EQTPAR           29876           0.028          69
              SR2COM           22036           0.021          92
              MXWELL           20796           0.020         262
           GLOBSTORE            7478           0.007          27
              MXINIT            6244           0.006          23
               SAMG1            1873           0.002         255
              PGMCH1            1794           0.002         319
             CMGFILE            1206           0.001          19
                FLXB            1156           0.001          27
                CMB1             600           0.001          68
           PGSCOMMON             476           0.000          64
                 MTS             340           0.000          18
           PGPARASOL             296           0.000          65
              SGCOM2             216           0.000          54
              SGCOM1             180           0.000          44
              GRMOD2             156           0.000          38
              WMCOM3              92           0.000           4
              WMCOM2              76           0.000          15
              WMCOM5              52           0.000          13
              SGCOM3              32           0.000           8
        PGMATDOMAINS              16           0.000           4
              WMCOM7               8           0.000           2
              DEPTAB               8           0.000           2
              SGCOM4               4           0.000           1
            PGSINT3D               0           0.000           0
              MXPRSL               0           0.000           0
        ------------    ------------    ------------   ---------
               Total        20974229          20.003        4971
            Maximium        23284221          22.206

                                    I M E X   T I M E   S T E P   S U M M A R Y
 ==================================================================================================================
    Time Step           Time                  Total Production             Total Injection  Total Max. Max. Change
 ---------------- ---------------- -------------------------------------- -----------------  PV   Mat. ------------
                C                    Oil      Gas     Water   GOR.  Wat.    Gas     Water   Avg.  bal. Satur. Pres.
        Size    U                                             SCF/   Cut                    Pres. err. DSMAX  DPMAX
  No.   Days IT T Days   yy:mm:dd   STB/D    MCF/D    STB/D    STB    %    MCF/D    STB/D   psia   %          psia
 ------ ---- -- - ----- ---------- -------- -------- -------- ----- ----- -------- -------- ----- ---- ------ -----
     1w 1.00 5  0 1.000 2025:01:02 60157.55 104885.7           1744                          4792 e-3g -.079o  -849
     2  .513 1  0 1.513 2025:01:03 56914.63 97098.23           1706                          4790 e-3g -.011o  -103
     3  2.17 1  0 3.687 2025:01:05 53843.53 88883.08           1651                          4783 e-4o -.016o  -126
     4  7.52 1  0 11.21 2025:01:12 50348.26 81502.19           1619                          4760 e-3g -.018o  -131
     5  19.8 1  0 31.00 2025:02:01 46944.78 76582.86           1631                          4704 .02g -.017o  -121
     6w 28.0 2  0 59.00 2025:03:01 44193.00 73382.07           1660                          4632 .02g -.023o -91.2
     7w 31.0 3  0 90.00 2025:04:01 41389.08 71970.98           1739                          4559 .02g -.025o -78.0
     8w 30.0 1  0 120.0 2025:05:01 39150.76 70750.02           1807                          4492 .04g -.027o -68.8
     9w 31.0 3  0 151.0 2025:06:01 36298.96 73348.22           2021                          4428 .04g -.043o -65.8
    10w 30.0 2  0 181.0 2025:07:01 33456.16 78139.44           2336                          4366 .04g -.039o -63.1
    11w 31.0 2  0 212.0 2025:08:01 30838.33 82391.27           2672                          4304 .04g -.038o -63.5
    12w 31.0 1  0 243.0 2025:09:01 28285.79 86780.45           3068                          4242 .05g -.036o -64.5
    13w 30.0 2  0 273.0 2025:10:01 26185.91 93050.84           3553                          4182 .05g -.035o -62.4
    14w 31.0 2  0 304.0 2025:11:01 24223.64 103033.2           4253                          4118 .05g -.033o -66.1
    15w 30.0 2  0 334.0 2025:12:01 22395.74 112528.3           5025                          4054 .05g -.030o -67.5
    16w 31.0 2  0 365.0 2026:01:01 20759.79 125491.5           6045                          3984 .05g -.030o -73.6
    17w 31.0 2  0 396.0 2026:02:01 19175.02 136461.8           7117                          3910 .05g -.029o -78.1
    18w 28.0 2  0 424.0 2026:03:01 18073.42 152962.9           8463                          3838 .06g -.025o -74.6
    19w 31.0 1  0 455.0 2026:04:01 16898.01 171106.0          10126                          3750 .09g -.026o -91.2
    20w 30.0 1  0 485.0 2026:05:01 15776.24 183991.1          11663                          3663 .13g -.024o -93.8

                                    I M E X   T I M E   S T E P   S U M M A R Y
 ==================================================================================================================
    Time Step           Time                  Total Production             Total Injection  Total Max. Max. Change
 ---------------- ---------------- -------------------------------------- -----------------  PV   Mat. ------------
                C                    Oil      Gas     Water   GOR.  Wat.    Gas     Water   Avg.  bal. Satur. Pres.
        Size    U                                             SCF/   Cut                    Pres. err. DSMAX  DPMAX
  No.   Days IT T Days   yy:mm:dd   STB/D    MCF/D    STB/D    STB    %    MCF/D    STB/D   psia   %          psia
 ------ ---- -- - ----- ---------- -------- -------- -------- ----- ----- -------- -------- ----- ---- ------ -----
    21w 31.0 1  0 516.0 2026:06:01 14646.44 191913.7          13103                          3572 .17g -.023o -96.1
    22w 30.0 1  0 546.0 2026:07:01 13617.47 194385.0          14275                          3485 .20g -.018o -90.7
    23w 31.0 2  0 577.0 2026:08:01 12656.74 194943.9          15402                          3400 .20g -.014o -88.8
    24w 31.0 1  0 608.0 2026:09:01 11755.70 198202.6          16860                          3314 .24g -.014o -88.6
    25w 30.0 1  0 638.0 2026:10:01 10914.46 198321.0          18170                          3234 .27g -.013o -84.9
    26w 31.0 2  0 669.0 2026:11:01 10106.62 195938.0          19387                          3154 .28g -.013o -83.0
    27w 30.0 2  0 699.0 2026:12:01 9364.147 191541.2          20455                          3080 .28g -.014o -76.9
    28w 31.0 1  0 730.0 2027:01:01 8623.044 185238.6          21482                          3007 .30g -.015o -76.5
    29w 31.0 2  0 761.0 2027:02:01 7919.804 175057.4          22104                          2935 .30g -.013o -75.2
    30w 28.0 1  0 789.0 2027:03:01 7320.905 165432.0          22597                          2873 .32g -.011o -65.2
    31w 31.0 1  0 820.0 2027:04:01 6726.808 155144.5          23064                          2809 .34g -.012o -66.1
    32w 30.0 1  0 850.0 2027:05:01 6202.268 145599.7          23475                          2753 .36g -.012o -58.9
    33w 31.0 2  0 881.0 2027:06:01 5721.388 136306.9          23824                          2699 .36g -.010o -55.7
    34w 30.0 1  0 911.0 2027:07:01 5292.167 127676.3          24126                          2651 .38g -.009o -50.2
    35w 31.0 1  0 942.0 2027:08:01 4888.334 119259.7          24397                          2605 .39g -.009o -47.8
    36w 31.0 1  0 973.0 2027:09:01 4518.492 111311.2          24635                          2563 .40g -.009o -44.2
    37w 30.0 1  0  1003 2027:10:01 4191.906 104075.0          24828                          2525 .41g -.008o -39.6
    38w 31.0 1  0  1034 2027:11:01 3876.153 96944.64          25011                          2488 .37g -.008o -38.2
    39w 30.0 1  0  1064 2027:12:01 3581.626 90091.68          25154                          2452 .38g -.008o -37.2
    40w 31.0 1  0  1095 2028:01:01 3301.504 83460.82          25280                          2419 .39g -.007o -35.2

                                    I M E X   T I M E   S T E P   S U M M A R Y
 ==================================================================================================================
    Time Step           Time                  Total Production             Total Injection  Total Max. Max. Change
 ---------------- ---------------- -------------------------------------- -----------------  PV   Mat. ------------
                C                    Oil      Gas     Water   GOR.  Wat.    Gas     Water   Avg.  bal. Satur. Pres.
        Size    U                                             SCF/   Cut                    Pres. err. DSMAX  DPMAX
  No.   Days IT T Days   yy:mm:dd   STB/D    MCF/D    STB/D    STB    %    MCF/D    STB/D   psia   %          psia
 ------ ---- -- - ----- ---------- -------- -------- -------- ----- ----- -------- -------- ----- ---- ------ -----
    41w 31.0 1  0  1126 2028:02:01 3046.050 77321.45          25384                          2388 .40g -.007o -32.3
    42w 29.0 1  0  1155 2028:03:01 2826.681 71983.14          25466                          2361 .40g -.006o -27.9
    43w 31.0 1  0  1186 2028:04:01 2612.151 66704.45          25536                          2335 .41g -.006o -27.4
    44w 30.0 1  0  1216 2028:05:01 2421.381 61965.67          25591                          2311 .42g -.005o -24.5
    45w 31.0 1  0  1247 2028:06:01 2240.622 57419.71          25627                          2289 .42g -.005o -23.3
    46w 30.0 1  0  1277 2028:07:01 2081.745 53347.70          25626                          2269 .42g -.005o -20.9
    47w 31.0 1  0  1308 2028:08:01 1930.475 49476.59          25629                          2250 .43g -.005o -19.9
    48w 31.0 1  0  1339 2028:09:01 1791.337 45917.14          25633                          2232 .43g -.004o -18.4
    49w 30.0 1  0  1369 2028:10:01 1666.862 42727.35          25633                          2216 .44g -.004o -16.5
    50w 31.0 1  0  1400 2028:11:01 1548.238 39681.29          25630                          2201 .44g -.004o -15.8
    51w 30.0 1  0  1430 2028:12:01 1442.059 36949.37          25623                          2188 .44g -.003o -14.2
    52w 31.0 1  0  1461 2029:01:01 1340.806 34336.73          25609                          2175 .44g -.003o -13.6
    53w 31.0 1  0  1492 2029:02:01 1247.132 31915.91          25591                          2163 .45g -.003o -12.6
    54w 28.0 1  0  1520 2029:03:01 1168.262 29875.32          25572                          2152 .45g -.003o -10.6
    55w 31.0 1  0  1551 2029:04:01 1087.386 27779.63          25547                          2142 .45g -.003o -10.9
    56w 30.0 1  0  1581 2029:05:01 1014.699 25894.20          25519                          2133 .45g -.003o  -9.8
    57w 31.0 1  0  1612 2029:06:01 945.0787 24086.00          25486                          2124 .45g -.002o -9.39
    58w 30.0 1  0  1642 2029:07:01 882.4584 22457.92          25449                          2116 .46g -.002o -8.46
    59w 31.0 1  0  1673 2029:08:01 822.4340 20895.47          25407                          2108 .46g -.002o -8.12
    60w 31.0 1  0  1704 2029:09:01 766.7337 19444.07          25360                          2101 .46g -.002o -7.54

                                    I M E X   T I M E   S T E P   S U M M A R Y
 ==================================================================================================================
    Time Step           Time                  Total Production             Total Injection  Total Max. Max. Change
 ---------------- ---------------- -------------------------------------- -----------------  PV   Mat. ------------
                C                    Oil      Gas     Water   GOR.  Wat.    Gas     Water   Avg.  bal. Satur. Pres.
        Size    U                                             SCF/   Cut                    Pres. err. DSMAX  DPMAX
  No.   Days IT T Days   yy:mm:dd   STB/D    MCF/D    STB/D    STB    %    MCF/D    STB/D   psia   %          psia
 ------ ---- -- - ----- ---------- -------- -------- -------- ----- ----- -------- -------- ----- ---- ------ -----
    61w 30.0 1  0  1734 2029:10:01 716.5854 18136.00          25309                          2094 .46g -.002o -6.80
    62w 31.0 1  0  1765 2029:11:01 668.4720 16879.60          25251                          2088 .46g -.002o -6.53
    63w 30.0 1  0  1795 2029:12:01 625.1300 15746.72          25190                          2082 .46g -.002o -5.88
    64w 31.0 1  0  1826 2030:01:01 583.5271 14658.10          25120                          2077 .46g -.002o -5.65
    65w 31.0 1  0  1857 2030:02:01 544.8720 13645.61          25044                          2072 .46g -.002o -5.26
    66w 28.0 1  0  1885 2030:03:01 512.2040 12789.21          24969                          2068 .46g -.002o -4.45
    67w 31.0 1  0  1916 2030:04:01 478.5904 11906.91          24879                          2063 .47g -.002o -4.58
    68w 30.0 1  0  1946 2030:05:01 448.2801 11110.66          24785                          2059 .47g -.002o -4.13
    69w 31.0 1  0  1977 2030:06:01 419.1618 10344.88          24680                          2055 .47g -.002o -3.97
    70w 30.0 1  0  2007 2030:07:01 392.9001 9653.586          24570                          2052 .47g -.001o -3.58
    71w 31.0 1  0  2038 2030:08:01 367.6655 8988.593          24448                          2049 .47g -.001o -3.45
    72w 31.0 1  0  2069 2030:09:01 344.1961 8369.506          24316                          2046 .47g -.001o -3.21
    73w 30.0 1  0  2099 2030:10:01 323.0237 7810.459          24179                          2043 .47g -.001o -2.89
    74w 31.0 1  0  2130 2030:11:01 302.6741 7272.542          24028                          2040 .47g -.001o -2.78
    75w 30.0 1  0  2160 2030:12:01 284.3131 6786.730          23871                          2038 .47g -.001o -2.51
    76w 31.0 1  0  2191 2031:01:01 266.6633 6319.221          23697                          2036 .47g -.001o -2.42
    77w 31.0 1  0  2222 2031:02:01 250.2428 5883.836          23513                          2033 .47g -.001o -2.25
    78w 28.0 1  0  2250 2031:03:01 236.3503 5515.174          23335                          2032 .47g -.001o -1.90
    79w 31.0 1  0  2281 2031:04:01 222.0396 5135.113          23127                          2030 .47g -.001o -1.96
    80w 30.0 1  0  2311 2031:05:01 209.1234 4791.778          22914                          2028 .47g -.001o -1.77

                                    I M E X   T I M E   S T E P   S U M M A R Y
 ==================================================================================================================
    Time Step           Time                  Total Production             Total Injection  Total Max. Max. Change
 ---------------- ---------------- -------------------------------------- -----------------  PV   Mat. ------------
                C                    Oil      Gas     Water   GOR.  Wat.    Gas     Water   Avg.  bal. Satur. Pres.
        Size    U                                             SCF/   Cut                    Pres. err. DSMAX  DPMAX
  No.   Days IT T Days   yy:mm:dd   STB/D    MCF/D    STB/D    STB    %    MCF/D    STB/D   psia   %          psia
 ------ ---- -- - ----- ---------- -------- -------- -------- ----- ----- -------- -------- ----- ---- ------ -----
    81w 31.0 1  0  2342 2031:06:01 196.7057 4461.304          22680                          2026 .47g -.001o -1.70
    82w 30.0 1  0  2372 2031:07:01 185.4985 4162.741          22441                          2025 .47g -.001o -1.54
    83w 31.0 1  0  2403 2031:08:01 174.7225 3875.378          22180                          2024 .47g -.001o -1.48
    84w 31.0 1  0  2434 2031:09:01 164.6950 3607.680          21905                          2022 .47g -.001o -1.38
    85w 30.0 1  0  2464 2031:10:01 155.6433 3365.776          21625                          2021 .47g -9e-4o -1.24
    86w 31.0 1  0  2495 2031:11:01 146.9357 3132.786          21321                          2020 .47g -9e-4o -1.20
    87w 30.0 1  0  2525 2031:12:01 139.0615 2921.842          21011                          2019 .47g -9e-4o -1.08
    88w 31.0 1  0  2556 2032:01:01 131.4163 2716.607          20672                          2018 .47g -9e-4o -1.05
    89w 31.0 1  0  2587 2032:02:01 124.2900 2525.362          20318                          2017 .47g -9e-4o -.984
    90w 29.0 1  0  2616 2032:03:01 118.0621 2358.119          19974                          2016 .47g -8e-4o -.857
    91w 31.0 1  0  2647 2032:04:01 111.8691 2191.773          19592                          2015 .47g -8e-4o -.851
    92w 30.0 1  0  2677 2032:05:01 106.2927 2041.680          19208                          2015 .47g -8e-4o -.768
    93w 31.0 1  0  2708 2032:06:01 100.9387 1897.395          18797                          2014 .47g -8e-4o -.737
    94w 30.0 1  0  2738 2032:07:01 96.11334 1767.216          18387                          2013 .47g -8e-4o -.665
    95w 31.0 1  0  2769 2032:08:01 91.48054 1642.086          17950                          2013 .47g -8e-4o -.638
    96w 31.0 1  0  2800 2032:09:01 87.16702 1525.682          17503                          2012 .47g -7e-4o -.593
    97w 30.0 1  0  2830 2032:10:01 83.28832 1420.682          17057                          2012 .47g -7e-4o -.535
    98w 31.0 1  0  2861 2032:11:01 79.55940 1319.756          16588                          2011 .47g -7e-4o -.514
    99w 30.0 1  0  2891 2032:12:01 76.19263 1228.682          16126                          2011 .47g -7e-4o -.463
   100w 31.0 1  0  2922 2033:01:01 72.95775 1141.089          15640                          2010 .48g -7e-4o -.445

                                    I M E X   T I M E   S T E P   S U M M A R Y
 ==================================================================================================================
    Time Step           Time                  Total Production             Total Injection  Total Max. Max. Change
 ---------------- ---------------- -------------------------------------- -----------------  PV   Mat. ------------
                C                    Oil      Gas     Water   GOR.  Wat.    Gas     Water   Avg.  bal. Satur. Pres.
        Size    U                                             SCF/   Cut                    Pres. err. DSMAX  DPMAX
  No.   Days IT T Days   yy:mm:dd   STB/D    MCF/D    STB/D    STB    %    MCF/D    STB/D   psia   %          psia
 ------ ---- -- - ----- ---------- -------- -------- -------- ----- ----- -------- -------- ----- ---- ------ -----
   101w 31.0 1  0  2953 2033:02:01 69.94994 1059.440          15146                          2010 .48g -7e-4o -.414
   102w 28.0 1  0  2981 2033:03:01 67.38313 989.4643          14684                          2010 .47g -6e-4o -.353
   103w 31.0 1  0  3012 2033:04:01 64.71666 916.6728          14164                          2009 .47g -6e-4o -.371
   104w 30.0 1  0  3042 2033:05:01 62.30776 850.9323          13657                          2009 .48g -6e-4o -.334
   105w 31.0 1  0  3073 2033:06:01 59.99784 787.8687          13132                          2009 .48g -6e-4o -.319
   106w 30.0 1  0  3103 2033:07:01 57.92128 731.1333          12623                          2008 .48g -6e-4o -.287
   107w 31.0 1  0  3134 2033:08:01 55.93348 676.7716          12100                          2008 .48g -6e-4o -.275
   108w 31.0 1  0  3165 2033:09:01 54.09224 626.3708          11580                          2008 .48g -6e-4o -.254
   109w 30.0 1  0  3195 2033:10:01 52.43802 581.0480          11081                          2008 .48g -5e-4o -.229
   110w 31.0 1  0  3226 2033:11:01 50.85484 537.6319          10572                          2007 .48g -5e-4o -.219
   111w 30.0 1  0  3256 2033:12:01 49.43254 498.5942          10086                          2007 .48g -5e-4o -.197
   112w 31.0 1  0  3287 2034:01:01 48.07163 461.2310           9595                          2007 .48g -5e-4o -.188
   113w 31.0 1  0  3318 2034:02:01 46.81752 426.5887           9112                          2007 .48g -5e-4o -.174
   114w 28.0 1  0  3346 2034:03:01 45.75910 397.3920           8684                          2007 .48g -5e-4o -.147
   115w 31.0 1  0  3377 2034:04:01 44.67406 367.4292           8225                          2007 .48g -5e-4o -.151
   116w 30.0 1  0  3407 2034:05:01 43.69944 340.4926           7792                          2006 .48g -5e-4o -.135
   117w 31.0 1  0  3438 2034:06:01 42.76697 314.6958           7358                          2006 .48g -5e-4o -.129
   118w 30.0 1  0  3468 2034:07:01 41.92948 291.5066           6952                          2006 .48g -5e-4o -.116
   119w 31.0 1  0  3499 2034:08:01 41.12825 269.3011           6548                          2006 .48g -5e-4o -.111
   120w 31.0 1  0  3530 2034:09:01 40.38646 248.7257           6159                          2006 .48g -5e-4o -.103

                                    I M E X   T I M E   S T E P   S U M M A R Y
 ==================================================================================================================
    Time Step           Time                  Total Production             Total Injection  Total Max. Max. Change
 ---------------- ---------------- -------------------------------------- -----------------  PV   Mat. ------------
                C                    Oil      Gas     Water   GOR.  Wat.    Gas     Water   Avg.  bal. Satur. Pres.
        Size    U                                             SCF/   Cut                    Pres. err. DSMAX  DPMAX
  No.   Days IT T Days   yy:mm:dd   STB/D    MCF/D    STB/D    STB    %    MCF/D    STB/D   psia   %          psia
 ------ ---- -- - ----- ---------- -------- -------- -------- ----- ----- -------- -------- ----- ---- ------ -----
   121w 30.0 1  0  3560 2034:10:01 39.72030 230.2330           5796                          2006 .48g -5e-4o -.092
   122w 31.0 1  0  3591 2034:11:01 39.08304 212.5284           5438                          2006 .48g -5e-4o -.088
   123w 30.0 1  0  3621 2034:12:01 38.51079 196.6182           5106                          2006 .48g -5e-4o -.079
   124w 31.0 1  0  3652 2035:01:01 37.96340 181.3880           4778                          2006 .48g -5e-4o -.076
   125w 31.0 1  0  3683 2035:02:01 37.45670 167.2804           4466                          2006 .48g -5e-4o -.070
   126w 28.0 1  0  3711 2035:03:01 37.03003 155.3933           4196                          2006 .48g -4e-4o -.059
   127w 31.0 1  0  3742 2035:04:01 36.59271 143.2037           3913                          2005 .48g -5e-4o -.061
   128w 30.0 1  0  3772 2035:05:01 36.20006 132.2527           3653                          2005 .48g -5e-4o -.054
   129w 31.0 1  0  3803 2035:06:01 35.82448 121.7731           3399                          2005 .48g -5e-4o -.052
   130w 30.0 1  0  3833 2035:07:01 35.48725 112.3596           3166                          2005 .48g -5e-4o -.047
   131w 31.0 1  0  3864 2035:08:01 35.16468 103.3525           2939                          2005 .48g -5e-4o -.045
   132w 31.0 1  0  3895 2035:09:01 34.86610 95.01303           2725                          2005 .48g -5e-4o -.041
   133w 30.0 1  0  3925 2035:10:01 34.59801 87.52329           2530                          2005 .48g -5e-4o -.037
   134w 31.0 1  0  3956 2035:11:01 34.34154 80.35829           2340                          2005 .48g -5e-4o -.035
   135w 30.0 1  0  3986 2035:12:01 34.11125 73.92410           2167                          2005 .48g -4e-4o -.032
   136w 31.0 1  0  4017 2036:01:01 33.89092 67.76978           2000                          2005 .48g -5e-4o -.030
   137w .035 2  3  4017 2036:01:01 33.89124 67.76445           1999                 1647142  2006 .48g -.232g   386
   138  .017 1  0  4017 2036:01:01 33.89111 67.76097           1999                 1144215  2006 .48g -.054g   212
   139  .033 1  0  4017 2036:01:01 33.89086 67.75452           1999                778180.8  2006 .48g -.060g   215
   140  .055 1  0  4017 2036:01:01 33.89046 67.74368           1999                549691.3  2007 .48g -.062g   143

                                    I M E X   T I M E   S T E P   S U M M A R Y
 ==================================================================================================================
    Time Step           Time                  Total Production             Total Injection  Total Max. Max. Change
 ---------------- ---------------- -------------------------------------- -----------------  PV   Mat. ------------
                C                    Oil      Gas     Water   GOR.  Wat.    Gas     Water   Avg.  bal. Satur. Pres.
        Size    U                                             SCF/   Cut                    Pres. err. DSMAX  DPMAX
  No.   Days IT T Days   yy:mm:dd   STB/D    MCF/D    STB/D    STB    %    MCF/D    STB/D   psia   %          psia
 ------ ---- -- - ----- ---------- -------- -------- -------- ----- ----- -------- -------- ----- ---- ------ -----
   141  .088 1  0  4017 2036:01:01 33.88981 67.72621           1998                438357.3  2007 .48g -.041g   129
   142  .217 1  0  4017 2036:01:01 33.88824 67.68377           1997                346400.5  2008 .48g -.108g   157
   143  .202 1  0  4018 2036:01:02 33.88680 67.64444           1996                310819.4  2008 .48g -.104g  92.0
   144  .195 1  0  4018 2036:01:02 33.88542 67.60868           1995                292438.9  2009 .48g -.081g  61.4
   145  .242 1  0  4018 2036:01:02 33.88372 67.58113           1995                278160.9  2010 .48g -.069g  68.7
   146  .352 1  0  4018 2036:01:02 33.88147 67.66230           1997                269918.7  2011 .48g -.101g  73.0
   147  .347 1  0  4019 2036:01:03 33.88004 68.16652           2012                264392.4  2012 .48g -.110g  64.3
   148  .315 1  0  4019 2036:01:03 33.88014 69.20971           2043                260328.3  2012 .48g -.075g  54.5
   149  .420 1  0  4020 2036:01:04 33.88591 72.37707           2136                259285.5  2014 .48g -.083g  72.9
   150  .507 1  0  4020 2036:01:04 33.90934 79.97804           2359                257110.9  2015 .48g -.082g  77.5
   151  .616 1  0  4021 2036:01:05 33.98422 97.45280           2868                254559.8  2017 .48g -.121g  69.9
   152  .509 1  0  4021 2036:01:05 34.09200 118.2935           3470                251585.1  2018 .48g -.078g  54.8
   153  .653 1  0  4022 2036:01:06 34.33915 157.0030           4572                247906.5  2020 .48g -.079g  58.0
   154  .822 1  0  4023 2036:01:07 34.89028 225.7882           6471                244698.9  2022 .48g -.123g  74.0
   155  .667 1  0  4023 2036:01:07 35.52802 294.4157           8287                242086.0  2023 .48g -.083g  44.4
   156  .804 1  0  4024 2036:01:08 36.62681 395.8855          10809                239468.1  2025 .48g -.085g  48.6
   157  .945 1  0  4025 2036:01:09 38.43309 537.6198          13988                236826.4  2028 .48g -.079g  50.3
   158  1.19 1  0  4026 2036:01:10 41.61004 749.1788          18005                233847.4  2030 .48g -.117g  53.1
   159  1.02 1  0  4027 2036:01:11 45.02179 951.2877          21129                231509.8  2033 .48g -.084g  45.0
   160  1.22 1  0  4028 2036:01:12 50.05751 1217.778          24328                228821.2  2036 .48g -.092g  45.3

                                    I M E X   T I M E   S T E P   S U M M A R Y
 ==================================================================================================================
    Time Step           Time                  Total Production             Total Injection  Total Max. Max. Change
 ---------------- ---------------- -------------------------------------- -----------------  PV   Mat. ------------
                C                    Oil      Gas     Water   GOR.  Wat.    Gas     Water   Avg.  bal. Satur. Pres.
        Size    U                                             SCF/   Cut                    Pres. err. DSMAX  DPMAX
  No.   Days IT T Days   yy:mm:dd   STB/D    MCF/D    STB/D    STB    %    MCF/D    STB/D   psia   %          psia
 ------ ---- -- - ----- ---------- -------- -------- -------- ----- ----- -------- -------- ----- ---- ------ -----
   161  1.33 1  0  4030 2036:01:14 56.65945 1532.380          27045                226403.3  2039 .48g -.105g  43.2
   162  1.26 1  0  4031 2036:01:15 63.87742 1849.544          28955                223959.0  2041 .48g -.091g  40.0
   163  1.38 1  0  4032 2036:01:16 72.85405 2214.402          30395                221455.5  2044 .48g -.076g  39.6
   164  1.81 1  0  4034 2036:01:18 85.96715 2711.678          31543                218990.7  2048 .49g -.110g  46.2
   165  1.65 1  0  4036 2036:01:20 98.39272 3173.438          32253                216680.5  2052 .49g -.106g  39.5
   166  1.55 1  0  4037 2036:01:21 110.5523 3615.682          32706                214813.1  2055 .49g -.083g  35.7
   167  1.88 1  0  4039 2036:01:23 126.4660 4160.479          32898                212701.2  2059 .49g -.095g  39.9
   168  1.98 1  0  4041 2036:01:25 144.0241 4742.263          32927                210681.8  2064 .49g -.115g  38.7
   169  1.72 1  0  4043 2036:01:27 160.0729 5253.830          32821                208942.6  2067 .49g -.075g  32.0
   170  2.28 1  0  4045 2036:01:29 182.2272 5939.620          32595                206972.1  2072 .49g -.088g  37.3
   171  2.69 1  0  4048 2036:02:01 209.2343 6755.291          32286                204954.2  2078 .49g -.119g  43.1
   172w 2.27 1  0  4050 2036:02:03 232.4042 7443.990          32030                203082.0  2082 .49g -.088g  34.8
   173  2.58 1  0  4053 2036:02:06 259.1177 8227.708          31753                201306.5  2088 .49g -.088g  34.9
   174  2.92 1  0  4056 2036:02:09 289.6895 9113.567          31460                199354.5  2093 .49g -.117g  37.2
   175  2.50 1  0  4058 2036:02:11 315.9728 9869.857          31236                197681.8  2099 .49g -.081g  34.7
   176  3.09 1  0  4061 2036:02:14 348.5217 10802.47          30995                195926.3  2105 .49g -.098g  37.1
   177  3.16 1  0  4065 2036:02:18 381.6970 11750.91          30786                194050.4  2111 .49g -.105g  35.8
   178  3.00 1  0  4068 2036:02:21 413.1922 12650.99          30618                192387.5  2117 .49g -.094g  32.8
   179  3.19 1  0  4071 2036:02:24 446.6310 13606.67          30465                190709.3  2124 .49g -.083g  34.8
   180  3.15 1  0  4074 2036:02:27 479.6030 14554.08          30346                189064.5  2130 .49g -.098g  31.6

                                    I M E X   T I M E   S T E P   S U M M A R Y
 ==================================================================================================================
    Time Step           Time                  Total Production             Total Injection  Total Max. Max. Change
 ---------------- ---------------- -------------------------------------- -----------------  PV   Mat. ------------
                C                    Oil      Gas     Water   GOR.  Wat.    Gas     Water   Avg.  bal. Satur. Pres.
        Size    U                                             SCF/   Cut                    Pres. err. DSMAX  DPMAX
  No.   Days IT T Days   yy:mm:dd   STB/D    MCF/D    STB/D    STB    %    MCF/D    STB/D   psia   %          psia
 ------ ---- -- - ----- ---------- -------- -------- -------- ----- ----- -------- -------- ----- ---- ------ -----
   181  3.15 1  0  4077 2036:03:01 512.6940 15514.80          30261                187599.3  2137 .49g -.091g  30.2
   182w 3.45 1  0  4080 2036:03:04 549.2661 16587.53          30199                185887.3  2145 .49g -.088g  35.7
   183  3.93 1  0  4084 2036:03:08 592.1758 17889.38          30210                184093.1  2154 .49g -.111g  37.0
   184  3.55 1  0  4088 2036:03:12 633.5039 19233.35          30360                182488.9  2163 .48g -.096g -41.2
   185  3.67 1  0  4092 2036:03:16 680.3713 20737.22          30479                180820.3  2173 .48g -.083g  34.4
   186  4.44 1  0  4096 2036:03:20 748.5770 22649.28          30256                178981.4  2184 .48g -.110g  39.2
   187  4.02 1  0  4100 2036:03:24 828.7700 24382.91          29421                177437.2  2193 .48g -.093g  33.3
   188  3.97 1  0  4104 2036:03:28 919.2244 26033.10          28321                175721.2  2203 .48g -.092g  34.7
   189  3.97 1  0  4108 2036:04:01 993.3821 27597.92          27782                174216.8  2212 .48g -.091g  32.4
   190w 4.36 1  0  4112 2036:04:05 1052.595 29241.31          27780                172693.4  2222 .49g -.099g  34.1
   191  4.39 1  0  4117 2036:04:10 1108.324 30851.16          27836                171197.6  2232 .49g -.093g  32.5
   192  4.71 1  0  4121 2036:04:14 1166.349 32538.23          27898                169785.0  2242 .49g -.114g  32.3
   193  4.11 1  0  4126 2036:04:19 1215.871 33983.96          27950                168680.4  2251 .49g -.100g  27.1
   194  4.10 1  0  4130 2036:04:23 1264.296 35402.22          28002                167540.4  2259 .49g -.109g  27.5
   195  3.78 1  0  4133 2036:04:26 1312.190 36693.08          27963                166536.1  2267 .49g -.106g  23.5
   196  2.28 1  0  4136 2036:04:29 1338.457 37461.33          27988                165984.2  2272 .49g -.062g  15.1
   197  2.28 1  0  4138 2036:05:01 1364.329 38220.79          28014                165422.7  2277 .49g -.064g  14.4
   198w 3.55 1  0  4142 2036:05:05 1404.124 39391.24          28054                164659.2  2284 .49g -.079g  19.3
   199  4.51 1  0  4146 2036:05:09 1453.999 40860.46          28102                163783.5  2292 .49g -.124g  23.1
   200  3.65 1  0  4150 2036:05:13 1493.834 42035.88          28140                163050.6  2299 .49g -.105g  20.2

                                    I M E X   T I M E   S T E P   S U M M A R Y
 ==================================================================================================================
    Time Step           Time                  Total Production             Total Injection  Total Max. Max. Change
 ---------------- ---------------- -------------------------------------- -----------------  PV   Mat. ------------
                C                    Oil      Gas     Water   GOR.  Wat.    Gas     Water   Avg.  bal. Satur. Pres.
        Size    U                                             SCF/   Cut                    Pres. err. DSMAX  DPMAX
  No.   Days IT T Days   yy:mm:dd   STB/D    MCF/D    STB/D    STB    %    MCF/D    STB/D   psia   %          psia
 ------ ---- -- - ----- ---------- -------- -------- -------- ----- ----- -------- -------- ----- ---- ------ -----
   201  3.46 1  0  4153 2036:05:16 1530.944 43132.05          28174                162376.5  2306 .49g -.099g  18.9
   202  3.51 1  0  4157 2036:05:20 1568.028 44229.20          28207                161757.5  2312 .49g -.101g  17.6
   203  3.48 1  0  4160 2036:05:23 1604.443 45308.12          28239                161170.7  2319 .49g -.099g  16.4
   204  3.51 1  0  4164 2036:05:27 1640.681 46383.05          28271                160592.8  2325 .50g -.107g  16.4
   205  2.66 1  0  4166 2036:05:29 1667.810 47188.59          28294                160184.5  2330 .50g -.075g  12.9
   206  2.66 1  0  4169 2036:06:01 1694.643 47986.12          28316                159781.7  2334 .50g -.080g  12.8
   207w 3.33 1  0  4172 2036:06:04 1727.694 48969.27          28344                159297.9  2340 .50g -.090g  14.7
   208  3.69 1  0  4176 2036:06:08 1763.983 50050.46          28374                158784.5  2346 .50g -.092g  15.0
   209  4.01 1  0  4180 2036:06:12 1802.885 51210.87          28405                158255.7  2353 .50g -.111g  15.6
   210  3.61 1  0  4184 2036:06:16 1837.272 52237.41          28432                157785.4  2359 .50g -.099g  14.5
   211  3.63 1  0  4187 2036:06:19 1871.200 53251.40          28458                157309.4  2365 .50g -.097g  14.7
   212  3.74 1  0  4191 2036:06:23 1905.695 54284.05          28485                156871.6  2370 .50g -.093g  13.6
   213  4.00 1  0  4195 2036:06:27 1941.973 55371.01          28513                156411.9  2376 .50g -.097g  14.4
   214  4.00 1  0  4199 2036:07:01 1977.518 56437.03          28539                155943.2  2383 .50g -.091g  14.7
   215w 4.40 1  0  4203 2036:07:05 2015.771 57585.48          28567                155427.2  2389 .50g -.109g  15.8
   216  4.03 1  0  4207 2036:07:09 2050.105 58617.66          28593                154978.7  2395 .51g -.099g  14.9
   217  4.05 1  0  4211 2036:07:13 2084.082 59640.31          28617                154518.8  2401 .51g -.085g  13.9
   218  4.75 1  0  4216 2036:07:18 2123.217 60819.51          28645                154056.5  2408 .51g -.102g  14.7
   219  4.64 1  0  4221 2036:07:23 2160.646 61948.49          28671                153599.6  2414 .51g -.101g  14.4
   220  4.56 1  0  4225 2036:07:27 2196.381 63027.20          28696                153158.5  2420 .51g -.096g  14.2

                                    I M E X   T I M E   S T E P   S U M M A R Y
 ==================================================================================================================
    Time Step           Time                  Total Production             Total Injection  Total Max. Max. Change
 ---------------- ---------------- -------------------------------------- -----------------  PV   Mat. ------------
                C                    Oil      Gas     Water   GOR.  Wat.    Gas     Water   Avg.  bal. Satur. Pres.
        Size    U                                             SCF/   Cut                    Pres. err. DSMAX  DPMAX
  No.   Days IT T Days   yy:mm:dd   STB/D    MCF/D    STB/D    STB    %    MCF/D    STB/D   psia   %          psia
 ------ ---- -- - ----- ---------- -------- -------- -------- ----- ----- -------- -------- ----- ---- ------ -----
   221  4.56 1  0  4230 2036:08:01 2231.166 64078.39          28720                152713.8  2426 .51g -.093g  14.7
   222w 4.91 1  0  4235 2036:08:06 2267.755 65185.48          28745                152242.5  2433 .51g -.101g  14.2
   223  4.87 1  0  4240 2036:08:11 2303.379 66264.77          28769                151820.5  2439 .51g -.103g  13.8
   224  4.74 1  0  4245 2036:08:16 2337.324 67293.96          28791                151409.2  2445 .51g -.095g  14.0
   225  4.98 1  0  4249 2036:08:20 2372.004 68346.43          28814                150983.7  2451 .52g -.093g  13.6
   226  5.34 1  0  4255 2036:08:26 2408.455 69453.98          28838                150543.2  2458 .52g -.103g  13.8
   227  3.08 1  0  4258 2036:08:29 2428.969 70077.62          28851                150296.9  2461 .52g -.058g  8.34
   228  3.08 1  0  4261 2036:09:01 2449.055 70688.48          28864                150040.4  2465 .52g -.058g  8.39
   229w 5.31 1  0  4266 2036:09:06 2482.682 71711.75          28885                149618.3  2471 .52g -.100g  12.8
   230  5.33 1  0  4272 2036:09:12 2515.732 72719.21          28906                149229.0  2477 .52g -.101g  13.5
   231  5.30 1  0  4277 2036:09:17 2547.945 73701.99          28926                148862.9  2483 .52g  .089o  12.5
   232  5.98 1  0  4283 2036:09:23 2583.345 74782.64          28948                148463.2  2490 .52g  .109o  13.3
   233  4.04 1  0  4287 2036:09:27 2606.462 75488.69          28962                148184.2  2494 .52g  .071o   9.5
   234  4.04 1  0  4291 2036:10:01 2628.760 76169.78          28976                147908.5  2498 .52g  .073o  9.23
   235w 5.51 1  0  4297 2036:10:07 2658.405 77076.79          28994                147542.4  2504 .53g  .090o  11.9
   236  6.11 1  0  4303 2036:10:13 2690.327 78054.00          29013                147171.1  2510 .53g  .104o  12.5
   237  5.88 1  0  4308 2036:10:18 2720.095 78966.35          29031                146827.8  2515 .53g  .102o  11.9
   238  5.78 1  0  4314 2036:10:24 2748.413 79834.80          29048                146493.5  2521 .53g  .098o  11.4
   239  3.87 1  0  4318 2036:10:28 2766.769 80397.78          29058                146265.9  2525 .53g  .065o  7.75
   240  3.87 1  0  4322 2036:11:01 2784.704 80948.39          29069                146041.4  2528 .53g  .061o  7.64

                                    I M E X   T I M E   S T E P   S U M M A R Y
 ==================================================================================================================
    Time Step           Time                  Total Production             Total Injection  Total Max. Max. Change
 ---------------- ---------------- -------------------------------------- -----------------  PV   Mat. ------------
                C                    Oil      Gas     Water   GOR.  Wat.    Gas     Water   Avg.  bal. Satur. Pres.
        Size    U                                             SCF/   Cut                    Pres. err. DSMAX  DPMAX
  No.   Days IT T Days   yy:mm:dd   STB/D    MCF/D    STB/D    STB    %    MCF/D    STB/D   psia   %          psia
 ------ ---- -- - ----- ---------- -------- -------- -------- ----- ----- -------- -------- ----- ---- ------ -----
   241w 6.32 1  0  4328 2036:11:07 2813.172 81823.03          29086                145692.5  2534 .53g  .104o  11.5
   242  6.09 1  0  4334 2036:11:13 2839.541 82633.70          29101                145375.4  2539 .54g  .104o  11.0
   243  5.86 1  0  4340 2036:11:19 2863.889 83382.92          29115                145082.7  2544 .54g  .097o  10.3
   244  5.86 1  0  4346 2036:11:25 2887.322 84104.48          29129                144805.4  2549 .54g  .090o  10.2
   245  5.86 1  0  4352 2036:12:01 2910.386 84815.90          29142                144532.4  2554 .54g  .094o   9.8
   246w 6.25 1  0  4358 2036:12:07 2933.939 85542.15          29156                144253.4  2559 .54g  .102o   9.9
   247  6.14 1  0  4364 2036:12:13 2955.625 86213.31          29169                143992.9  2564 .54g  .098o   9.7
   248  6.27 1  0  4371 2036:12:20 2976.677 86865.86          29182                143716.7  2569 .54g  .100o   9.9
   249  6.17 1  0  4377 2036:12:26 2996.590 87485.45          29195                143447.7  2573 .55g  .086o   9.5
   250  6.17 1  0  4383 2037:01:01 3016.117 88094.32          29208                143202.0  2578 .55g  .096o  8.91
   251w 6.41 1  0  4389 2037:01:07 3035.467 88698.08          29221                142973.9  2582 .55g  .100o  8.90
   252  6.42 1  0  4396 2037:01:14 3053.514 89261.84          29232                142739.6  2587 .55g  .099o  9.36
   253  6.47 1  0  4402 2037:01:20 3070.604 89796.86          29244                142506.0  2591 .55g  .098o  9.03
   254  5.85 1  0  4408 2037:01:26 3085.584 90266.96          29254                142301.2  2595 .55g  .086o  7.91
   255  5.85 1  0  4414 2037:02:01 3099.581 90706.47          29264                142111.7  2599 .55g  .089o -7.84
   256w 6.59 1  0  4421 2037:02:08 3114.395 91172.90          29275                141888.5  2603 .55g  .100o -9.40
   257  6.62 1  0  4427 2037:02:14 3128.582 91620.49          29285                141680.7  2607 .56g  .099o -8.62
   258  6.72 1  0  4434 2037:02:21 3142.593 92063.72          29295                141483.0  2611 .56g  .092o  -9.5
   259  4.03 1  0  4438 2037:02:25 3150.437 92311.79          29301                141366.0  2614 .56g  .059o -5.45
   260  4.03 1  0  4442 2037:03:01 3157.907 92548.64          29307                141251.1  2616 .56g  .060o -5.16

                                    I M E X   T I M E   S T E P   S U M M A R Y
 ==================================================================================================================
    Time Step           Time                  Total Production             Total Injection  Total Max. Max. Change
 ---------------- ---------------- -------------------------------------- -----------------  PV   Mat. ------------
                C                    Oil      Gas     Water   GOR.  Wat.    Gas     Water   Avg.  bal. Satur. Pres.
        Size    U                                             SCF/   Cut                    Pres. err. DSMAX  DPMAX
  No.   Days IT T Days   yy:mm:dd   STB/D    MCF/D    STB/D    STB    %    MCF/D    STB/D   psia   %          psia
 ------ ---- -- - ----- ---------- -------- -------- -------- ----- ----- -------- -------- ----- ---- ------ -----
   261w 6.74 1  0  4449 2037:03:08 3169.725 92924.38          29316                141067.3  2620 .56g  .101o -8.63
   262  6.65 1  0  4455 2037:03:14 3180.413 93265.06          29325                140891.8  2624 .56g  .093o -9.08
   263  7.16 1  0  4463 2037:03:22 3191.772 93628.67          29334                140708.8  2628 .57g  .100o -10.0
   264  5.23 1  0  4468 2037:03:27 3199.049 93861.58          29340                140565.4  2631 .57g  .075o -7.41
   265  5.23 1  0  4473 2037:04:01 3205.914 94082.38          29347                140425.1  2633 .57g  .077o -6.97
   266w 6.79 1  0  4480 2037:04:08 3214.179 94349.22          29354                140263.8  2637 .57g  .097o -8.37
   267  7.01 1  0  4487 2037:04:15 3222.309 94612.89          29362                140104.0  2641 .57g  .099o  -9.9
   268  7.11 1  0  4494 2037:04:22 3229.850 94858.35          29369                139945.5  2644 .57g  .097o -9.21
   269  4.54 1  0  4498 2037:04:26 3233.778 94986.87          29373                139844.5  2646 .58g  .064o -5.61
   270  4.54 1  0  4503 2037:05:01 3237.327 95104.06          29377                139743.0  2649 .58g  .064o -5.84
   271w 7.15 1  0  4510 2037:05:08 3242.290 95269.43          29383                139583.4  2652 .58g  .103o -10.2
   272  6.91 1  0  4517 2037:05:15 3246.368 95406.99          29389                139421.6  2656 .58g  .098o -10.3
   273  7.07 1  0  4524 2037:05:22 3251.112 95567.09          29395                139262.1  2659 .58g  .097o  -9.7
   274  4.93 1  0  4529 2037:05:27 3253.368 95644.28          29399                139151.6  2662 .58g  .069o -6.35
   275  4.93 1  0  4534 2037:06:01 3255.162 95707.78          29402                139047.7  2664 .59g  .070o -6.22
   276w 7.06 1  0  4541 2037:06:08 3257.279 95784.77          29406                138910.0  2668 .59g  .100o -8.29
   277  7.04 1  0  4548 2037:06:15 3258.791 95842.93          29411                138763.1  2671 .59g  .098o -10.1
   278  7.19 1  0  4555 2037:06:22 3259.493 95875.72          29414                138615.2  2674 .59g  .102o -9.48
   279  4.36 1  0  4560 2037:06:27 3258.876 95862.24          29416                138519.5  2676 .59g  .062o -6.25
   280  4.36 1  0  4564 2037:07:01 3257.960 95840.15          29417                138419.2  2679 .59g  .062o -6.51

                                    I M E X   T I M E   S T E P   S U M M A R Y
 ==================================================================================================================
    Time Step           Time                  Total Production             Total Injection  Total Max. Max. Change
 ---------------- ---------------- -------------------------------------- -----------------  PV   Mat. ------------
                C                    Oil      Gas     Water   GOR.  Wat.    Gas     Water   Avg.  bal. Satur. Pres.
        Size    U                                             SCF/   Cut                    Pres. err. DSMAX  DPMAX
  No.   Days IT T Days   yy:mm:dd   STB/D    MCF/D    STB/D    STB    %    MCF/D    STB/D   psia   %          psia
 ------ ---- -- - ----- ---------- -------- -------- -------- ----- ----- -------- -------- ----- ---- ------ -----
   281w 7.06 1  0  4571 2037:07:08 3256.076 95792.05          29419                138251.1  2682 .60g  .103o  -9.9
   282  6.84 1  0  4578 2037:07:15 3253.309 95715.52          29421                138079.7  2686 .60g  .096o -8.95
   283  7.11 1  0  4585 2037:07:22 3251.195 95661.60          29424                137907.5  2689 .60g  .102o  -9.7
   284  5.00 1  0  4590 2037:07:27 3247.699 95557.31          29423                137781.7  2692 .60g  .072o  6.84
   285  5.00 1  0  4595 2037:08:01 3242.984 95416.25          29422                137651.3  2694 .60g  .072o  6.75
   286w 6.92 2  0  4602 2037:08:08 3235.434 95189.88          29421                137450.9  2698 .61g  .095o  11.7
   287  7.31 1  0  4609 2037:08:15 3226.430 94917.61          29419                137229.8  2702 .61g  .102o  13.5
   288  7.15 2  0  4616 2037:08:22 3213.047 94505.62          29413                136975.7  2707 .61g  .097o  15.5
   289  4.81 1  0  4621 2037:08:27 3203.011 94196.96          29409                136792.9  2710 .61g  .068o  10.7
   290  4.81 1  0  4626 2037:09:01 3191.465 93840.45          29404                136590.2  2713 .61g  .070o  11.2
   291w 6.84 2  0  4633 2037:09:08 3168.924 93138.77          29391                136246.4  2718 .62g -.097g  17.4
   292  7.08 2  0  4640 2037:09:15 3142.650 92323.04          29377                135847.3  2724 .62g -.102g  18.8
   293  6.93 2  0  4647 2037:09:22 3112.201 91375.49          29360                135399.8  2730 .62g  .099o  19.4
   294  4.57 1  0  4651 2037:09:26 3090.653 90705.71          29348                135086.0  2734 .62g  .076o  14.0
   295  4.57 1  0  4656 2037:10:01 3066.906 89966.60          29335                134744.7  2739 .62g  .083o  15.3
   296w 5.47 2  0  4661 2037:10:06 3034.627 88960.80          29315                134288.5  2745 .62g  .109o  19.7
   297  5.01 1  0  4666 2037:10:11 3005.355 88052.70          29299                133846.8  2751 .62g -.098g  16.9
   298  5.13 2  0  4672 2037:10:17 2971.439 86996.79          29278                133355.5  2757 .63g  .118o  19.3
   299  4.34 1  0  4676 2037:10:21 2943.490 86131.26          29262                132924.1  2763 .63g  .113o  17.4
   300  3.84 1  0  4680 2037:10:25 2917.955 85339.11          29246                132531.9  2768 .63g  .112o  14.6

                                    I M E X   T I M E   S T E P   S U M M A R Y
 ==================================================================================================================
    Time Step           Time                  Total Production             Total Injection  Total Max. Max. Change
 ---------------- ---------------- -------------------------------------- -----------------  PV   Mat. ------------
                C                    Oil      Gas     Water   GOR.  Wat.    Gas     Water   Avg.  bal. Satur. Pres.
        Size    U                                             SCF/   Cut                    Pres. err. DSMAX  DPMAX
  No.   Days IT T Days   yy:mm:dd   STB/D    MCF/D    STB/D    STB    %    MCF/D    STB/D   psia   %          psia
 ------ ---- -- - ----- ---------- -------- -------- -------- ----- ----- -------- -------- ----- ---- ------ -----
   301  3.43 1  0  4683 2037:10:28 2894.233 84603.04          29232                132168.7  2773 .63g  .102o  14.9
   302  1.89 1  0  4685 2037:10:30 2879.965 84158.24          29222                131964.0  2775 .63g  .061o  10.6
   303  1.89 1  0  4687 2037:11:01 2865.328 83703.99          29213                131755.1  2778 .63g  .064o  8.26
   304w 2.94 1  0  4690 2037:11:04 2842.930 83010.76          29199                131419.6  2783 .63g  .103o  15.6
   305  2.86 1  0  4693 2037:11:07 2821.588 82350.52          29186                131085.3  2787 .63g  .084o  14.5
   306  3.39 1  0  4696 2037:11:10 2797.318 81600.92          29171                130679.4  2792 .63g  .119o  13.8
   307  2.86 1  0  4699 2037:11:13 2774.853 80902.95          29156                130329.6  2797 .63g  .104o  12.3
   308  2.75 1  0  4702 2037:11:16 2752.681 80217.64          29142                129983.6  2802 .63g  .101o  15.1
   309  2.73 1  0  4705 2037:11:19 2730.437 79529.91          29127                129630.5  2806 .63g  .078o  15.6
   310  3.48 2  0  4708 2037:11:22 2700.860 78614.19          29107                129167.2  2812 .63g  .116o  16.1
   311  2.99 1  0  4711 2037:11:25 2677.253 77885.87          29092                128761.1  2818 .63g  .110o  14.0
   312  2.73 1  0  4714 2037:11:28 2655.247 77205.67          29077                128384.8  2823 .63g  .085o  14.9
   313  3.27 1  0  4717 2037:12:01 2629.767 76419.37          29059                127929.1  2829 .64g  .104o  16.8
   314w 3.14 2  0  4720 2037:12:04 2598.368 75444.05          29035                127479.7  2835 .64g  .106o  17.7
   315  2.96 1  0  4723 2037:12:07 2572.646 74653.99          29018                127046.3  2841 .64g  .106o  14.6
   316  2.80 1  0  4726 2037:12:10 2548.205 73898.80          29000                126626.7  2847 .64g  .082o  16.9
   317  3.40 2  0  4729 2037:12:13 2514.093 72839.92          28973                126103.3  2854 .64g  .119o  17.3
   318  2.85 1  0  4732 2037:12:16 2488.628 72055.29          28954                125654.9  2860 .64g  .112o  13.9
   319  2.55 1  0  4735 2037:12:19 2462.613 71247.04          28931                125247.0  2866 .64g  .089o  14.6
   320  2.85 1  0  4738 2037:12:22 2432.396 70316.16          28908                124779.5  2872 .64g  .098o  14.8

                                    I M E X   T I M E   S T E P   S U M M A R Y
 ==================================================================================================================
    Time Step           Time                  Total Production             Total Injection  Total Max. Max. Change
 ---------------- ---------------- -------------------------------------- -----------------  PV   Mat. ------------
                C                    Oil      Gas     Water   GOR.  Wat.    Gas     Water   Avg.  bal. Satur. Pres.
        Size    U                                             SCF/   Cut                    Pres. err. DSMAX  DPMAX
  No.   Days IT T Days   yy:mm:dd   STB/D    MCF/D    STB/D    STB    %    MCF/D    STB/D   psia   %          psia
 ------ ---- -- - ----- ---------- -------- -------- -------- ----- ----- -------- -------- ----- ---- ------ -----
   321  2.91 2  0  4740 2037:12:24 2397.729 69240.36          28877                124288.0  2879 .64g  .107o  19.2
   322  2.71 1  0  4743 2037:12:27 2368.517 68336.64          28852                123814.4  2886 .64g  .110o  16.6
   323  2.41 1  0  4746 2037:12:30 2339.374 67429.87          28824                123383.0  2892 .64g  .089o  16.1
   324  2.41 1  0  4748 2038:01:01 2309.073 66487.23          28794                122942.1  2898 .64g  .090o  13.4
   325w 2.67 2  0  4751 2038:01:04 2271.775 65323.66          28754                122439.9  2905 .64g  .105o  18.5
   326  2.55 1  0  4753 2038:01:06 2243.857 64446.37          28721                121947.2  2912 .64g  .111o  15.8
   327  2.30 1  0  4756 2038:01:09 2214.215 63531.91          28693                121491.6  2919 .64g  .091o  16.3
   328  2.52 1  0  4758 2038:01:11 2177.368 62378.31          28648                120978.4  2926 .64g  .111o  17.2
   329  2.28 1  0  4760 2038:01:13 2144.617 61339.95          28602                120502.5  2933 .64g  .114o  14.8
   330  2.01 1  0  4762 2038:01:15 2106.773 60138.83          28545                120073.2  2940 .64g  .089o  19.4
   331  2.27 1  0  4765 2038:01:18 2071.124 58981.86          28478                119574.4  2947 .64g  .113o  17.5
   332  2.01 1  0  4767 2038:01:20 2029.694 57615.12          28386                119120.3  2954 .64g  .094o  18.4
   333  2.14 1  0  4769 2038:01:22 1990.871 56275.04          28267                118619.4  2961 .64g  .106o  17.8
   334  2.03 1  0  4771 2038:01:24 1949.548 54908.96          28165                118130.0  2969 .64g  .102o  19.6
   335  2.00 1  0  4773 2038:01:26 1910.321 53504.76          28008                117633.0  2976 .65g  .114o  21.2
   336  1.75 1  0  4775 2038:01:28 1870.258 52020.99          27815                117186.5  2983 .65g  .102o  20.3
   337  1.72 1  0  4776 2038:01:29 1831.291 50400.88          27522                116733.6  2990 .65g  .100o  19.8
   338  1.37 1  0  4778 2038:01:31 1798.430 48888.55          27184                116363.1  2996 .65g  .085o  15.8
   339  1.37 1  0  4779 2038:02:01 1770.106 47209.94          26671                115982.7  3002 .65g  .090o  20.7
   340w 1.53 1  0  4781 2038:02:03 1755.851 45615.71          25979                115546.8  3009 .65g  .100o  21.4

                                    I M E X   T I M E   S T E P   S U M M A R Y
 ==================================================================================================================
    Time Step           Time                  Total Production             Total Injection  Total Max. Max. Change
 ---------------- ---------------- -------------------------------------- -----------------  PV   Mat. ------------
                C                    Oil      Gas     Water   GOR.  Wat.    Gas     Water   Avg.  bal. Satur. Pres.
        Size    U                                             SCF/   Cut                    Pres. err. DSMAX  DPMAX
  No.   Days IT T Days   yy:mm:dd   STB/D    MCF/D    STB/D    STB    %    MCF/D    STB/D   psia   %          psia
 ------ ---- -- - ----- ---------- -------- -------- -------- ----- ----- -------- -------- ----- ---- ------ -----
   341  1.53 2  0  4782 2038:02:04 1734.062 42289.27          24387                115094.8  3016 .65g  .098o  28.2
   342  1.56 2  0  4784 2038:02:06 1781.606 39653.68          22257                114615.1  3024 .65g  .105o  24.8
   343  1.49 2  0  4785 2038:02:07 1905.382 36075.96          18934                114138.9  3033 .65g  .092o  30.3
   344  1.62 2  0  4787 2038:02:09 2374.435 28941.96          12189                113592.6  3043 .65g  .105o  47.9
   345  1.55 2  0  4788 2038:02:10 3254.455 21368.85           6566                113036.7  3054 .65g  .097o  62.3
   346  1.59 2  0  4790 2038:02:12 4759.179 16673.00           3503                112416.1  3067 .65g  .076o  71.5
   347  2.09 2  0  4792 2038:02:14 6924.227 14261.35           2060                111487.0  3088 .65g  .115o  97.2
   348  1.81 1  0  4794 2038:02:16 8847.242 12909.75           1459                110567.0  3107 .65g  .100o  80.3
   349  1.81 1  0  4796 2038:02:18 10966.42 12331.56           1124                109534.1  3127 .65g  .091o  80.7
   350  1.99 1  0  4798 2038:02:20 13007.12 11634.84          894.5                108264.2  3149 .65g  .073o  71.3
   351  2.72 1  0  4800 2038:02:22 15007.36 12029.59          801.6                106324.6  3181 .65g  .045o  76.4
   352  3.35 1  0  4804 2038:02:26 16440.57 12614.86          767.3                103747.0  3218 .65g  .029o  60.2
   353  3.35 1  0  4807 2038:03:01 17407.71 13100.09          752.5                101081.3  3254 .65g  .015o  47.9
   354w 15.5 1  0  4823 2038:03:17 20291.23 15226.89          750.4                90100.58  3390 .65g  .034o   155
   355  15.5 1  0  4838 2038:04:01 22267.69 17013.46          764.0                81003.67  3499 .64g  .092o   121
   356w 15.0 3  0  4853 2038:04:16 23847.12 17944.86          752.5                73797.55  3585 .65g -.028o  -189
   357  15.0 1  0  4868 2038:05:01 25066.41 18577.09          741.1                67914.91  3656 .65g -.031o  -113
   358w 31.0 1  0  4899 2038:06:01 26770.18 19650.47          734.0                59662.30  3753 .65g -.062o   108
   359w 30.0 1  0  4929 2038:07:01 27908.13 20433.15          732.2                54211.61  3818 .65g -.055o  71.8
   360w 31.0 1  0  4960 2038:08:01 28698.71 21007.94          732.0                50413.53  3863 .66g -.065o  51.1

                                    I M E X   T I M E   S T E P   S U M M A R Y
 ==================================================================================================================
    Time Step           Time                  Total Production             Total Injection  Total Max. Max. Change
 ---------------- ---------------- -------------------------------------- -----------------  PV   Mat. ------------
                C                    Oil      Gas     Water   GOR.  Wat.    Gas     Water   Avg.  bal. Satur. Pres.
        Size    U                                             SCF/   Cut                    Pres. err. DSMAX  DPMAX
  No.   Days IT T Days   yy:mm:dd   STB/D    MCF/D    STB/D    STB    %    MCF/D    STB/D   psia   %          psia
 ------ ---- -- - ----- ---------- -------- -------- -------- ----- ----- -------- -------- ----- ---- ------ -----
   361w 31.0 1  0  4991 2038:09:01 29238.69 21420.19          732.6                47862.44  3893 .66g  .058w  34.6
   362w 30.0 1  0  5021 2038:10:01 29595.88 21706.73          733.4                46191.46  3913 .66g -.064o  23.7
   363w 31.0 1  0  5052 2038:11:01 29849.14 21921.62          734.4                45042.21  3927 .66g -.066o -19.2
   364w 30.0 1  0  5082 2038:12:01 30017.17 22074.03          735.4                44304.27  3936 .67g -.064o -16.2
   365w 31.0 1  0  5113 2039:01:01 30138.30 22192.57          736.4                43802.09  3942 .67g -.063o -14.6
   366w 31.0 1  0  5144 2039:02:01 30223.47 22283.54          737.3                43480.69  3946 .67g  .067w -12.8
   367w 28.0 1  0  5172 2039:03:01 30278.93 22348.52          738.1                43293.50  3949 .67g -.062o -10.3
   368w 31.0 1  0  5203 2039:04:01 30322.63 22405.40          738.9                43166.11  3951 .68g  .065w -10.1
   369w 30.0 1  0  5233 2039:05:01 30353.80 22450.19          739.6                43103.21  3952 .68g -.072o  10.6
   370w 31.0 1  0  5264 2039:06:01 30373.46 22484.91          740.3                43065.44  3953 .68g -.082o -11.4
   371w 30.0 1  0  5294 2039:07:01 30390.88 22515.30          740.9                43050.53  3953 .69g  .077w   9.9
   372w 31.0 1  0  5325 2039:08:01 30399.99 22538.78          741.4                43053.21  3954 .69g -.091o  13.9
   373w 31.0 1  0  5356 2039:09:01 30408.15 22560.67          741.9                43059.83  3954 .69g -.090o -10.9
   374w 30.0 2  0  5386 2039:10:01 30386.95 22565.69          742.6                43052.38  3955 .69g -.074o  12.6
   375w 31.0 4  0  5417 2039:11:01 30159.85 22439.34 242.8500 744.0 .7988          43040.96  3956 .70g  .073w  7.72
   376w 30.0 2  0  5447 2039:12:01 29332.75 21914.08 837.4134 747.1 2.776          42913.29  3958 .70g -.059o  11.2
   377w 31.0 2  0  5478 2040:01:01 28100.72 21107.29 1601.109 751.1 5.391          42587.57  3964 .70g  .055w  17.2
   378w 31.0 2  0  5509 2040:02:01 26570.87 20090.43 2809.046 756.1  9.56          42104.66  3971 .71g -.059o -30.7
   379w 29.0 1  0  5538 2040:03:01 25433.92 19333.51 3980.135 760.1 13.53          41639.08  3978 .71g  .063w  14.3
   380w 31.0 2  0  5569 2040:04:01 24174.21 18491.70 5327.817 764.9 18.06          41158.62  3984 .71g  .057w  16.0

                                    I M E X   T I M E   S T E P   S U M M A R Y
 ==================================================================================================================
    Time Step           Time                  Total Production             Total Injection  Total Max. Max. Change
 ---------------- ---------------- -------------------------------------- -----------------  PV   Mat. ------------
                C                    Oil      Gas     Water   GOR.  Wat.    Gas     Water   Avg.  bal. Satur. Pres.
        Size    U                                             SCF/   Cut                    Pres. err. DSMAX  DPMAX
  No.   Days IT T Days   yy:mm:dd   STB/D    MCF/D    STB/D    STB    %    MCF/D    STB/D   psia   %          psia
 ------ ---- -- - ----- ---------- -------- -------- -------- ----- ----- -------- -------- ----- ---- ------ -----
   381w 30.0 1  0  5599 2040:05:01 23082.13 17754.56 6579.378 769.2 22.18          40741.57  3990 .71g -.067o -16.8
   382w 31.0 3  0  5630 2040:06:01 22213.13 17161.92 7908.592 772.6 26.26          40449.62  3994 .72g  .032w -17.5
   383w 30.0 1  0  5660 2040:07:01 21621.97 16754.60 9014.009 774.9 29.42          40301.20  3996 .72g  .028o -15.4
   384w 31.0 1  0  5691 2040:08:01 21184.55 16445.77 9960.918 776.3 31.98          40282.64  3997 .72g  .026w -14.1
   385w 31.0 1  0  5722 2040:09:01 20805.29 16175.55 10738.58 777.5 34.04          40329.33  3996 .72g -.027o -13.2
   386w 30.0 1  0  5752 2040:10:01 20480.35 15941.22 11434.10 778.4 35.83          40434.43  3995 .73g -.025o -12.7
   387w 31.0 1  0  5783 2040:11:01 20240.31 15763.74 12124.41 778.8 37.46          40573.67  3994 .73g  .025w -12.2
   388w 30.0 1  0  5813 2040:12:01 20003.49 15589.17 12713.28 779.3 38.86          40779.79  3992 .73g  .025w -8.70
   389w 31.0 1  0  5844 2041:01:01 19817.35 15449.75 13253.99 779.6 40.08          41017.29  3989 .73g -.025o -8.55
   390w 31.0 1  0  5875 2041:02:01 19641.77 15316.81 13790.45 779.8 41.25          41267.41  3986 .73g -.025o -8.15
   391w 28.0 1  0  5903 2041:03:01 19490.68 15202.36 14233.97 780.0 42.21          41500.51  3984 .74g  .025w -7.05
   392w 31.0 1  0  5934 2041:04:01 19328.78 15079.24 14716.93 780.1 43.23          41758.46  3981 .74g -.029o -7.51
   393w 30.0 1  0  5964 2041:05:01 19178.41 14964.55 15162.24 780.3 44.15          42005.36  3979 .74g -.028o -6.91
   394w 31.0 1  0  5995 2041:06:01 19033.32 14852.85 15599.23 780.4 45.04          42254.65  3976 .74g  .026w -6.80
   395w 30.0 1  0  6025 2041:07:01 18904.89 14752.70 15990.97 780.4 45.82          42483.50  3973 .74g -.026o -6.21
   396w 31.0 1  0  6056 2041:08:01 18772.27 14649.35 16398.34 780.4 46.63          42716.29  3971 .75g  .028w -6.32
   397w 31.0 1  0  6087 2041:09:01 18643.00 14548.21 16799.96 780.4 47.40          42945.07  3969 .75g -.026o -6.19
   398w 30.0 1  0  6117 2041:10:01 18521.45 14452.86 17175.92 780.3 48.12          43163.38  3967 .75g  .026w -5.97
   399w 31.0 1  0  6148 2041:11:01 18399.93 14357.23 17555.12 780.3 48.83          43380.55  3964 .75g -.030o -5.92
   400w 30.0 1  0  6178 2041:12:01 18293.24 14272.09 17890.67 780.2 49.44          43583.98  3962 .75g  .029w -5.76

                                    I M E X   T I M E   S T E P   S U M M A R Y
 ==================================================================================================================
    Time Step           Time                  Total Production             Total Injection  Total Max. Max. Change
 ---------------- ---------------- -------------------------------------- -----------------  PV   Mat. ------------
                C                    Oil      Gas     Water   GOR.  Wat.    Gas     Water   Avg.  bal. Satur. Pres.
        Size    U                                             SCF/   Cut                    Pres. err. DSMAX  DPMAX
  No.   Days IT T Days   yy:mm:dd   STB/D    MCF/D    STB/D    STB    %    MCF/D    STB/D   psia   %          psia
 ------ ---- -- - ----- ---------- -------- -------- -------- ----- ----- -------- -------- ----- ---- ------ -----
   401w 31.0 1  0  6209 2042:01:01 18208.31 14200.59 18175.93 779.9 49.96          43781.64  3960 .76g -.029o -5.94
   402w 31.0 1  0  6240 2042:02:01 18128.51 14130.77 18488.70 779.5 50.49          43970.73  3959 .76g -.029o -5.91
   403w 28.0 1  0  6268 2042:03:01 17998.74 14032.17 18965.97 779.6 51.31          44192.67  3956 .76g -.027o -5.64
   404w 31.0 1  0  6299 2042:04:01 17921.02 13968.31 19363.37 779.4 51.93          44436.72  3954 .76g -.031o -5.92
   405w 30.0 1  0  6329 2042:05:01 17853.67 13911.25 19668.05 779.2 52.42          44670.69  3951 .77g  .033w -5.57
   406w 31.0 1  0  6360 2042:06:01 17778.23 13848.59 20004.97 779.0 52.95          44907.61  3949 .77g -.034o -5.84
   407w 30.0 1  0  6390 2042:07:01 17705.38 13788.21 20331.28 778.8 53.45          45135.79  3946 .77g -.030o -5.66
   408w 31.0 1  0  6421 2042:08:01 17630.94 13726.64 20660.72 778.6 53.96          45367.34  3944 .77g  .029w -5.87
   409w 31.0 1  0  6452 2042:09:01 17558.36 13666.54 20983.05 778.3 54.44          45596.02  3942 .77g  .033w -5.90
   410w 30.0 1  0  6482 2042:10:01 17494.37 13612.67 21267.77 778.1 54.87          45806.59  3940 .78g -.031o -5.74
   411w 31.0 1  0  6513 2042:11:01 17428.27 13557.15 21567.25 777.9 55.31          46018.58  3937 .78g  .034w -6.00
   412w 30.0 1  0  6543 2042:12:01 17364.55 13503.75 21856.26 777.7 55.73          46221.99  3935 .78g -.034o -5.76
   413w 31.0 1  0  6574 2043:01:01 17299.14 13448.99 22149.96 777.4 56.15          46435.34  3933 .78g -.033o -5.95
   414w 31.0 1  0  6605 2043:02:01 17238.74 13397.66 22427.53 777.2 56.54          46635.16  3931 .78g  .034w -5.92
   415w 28.0 1  0  6633 2043:03:01 17184.70 13351.68 22675.97 777.0 56.89          46817.65  3929 .79g  .034w -5.22
   416w 31.0 1  0  6664 2043:04:01 17125.52 13301.35 22950.40 776.7 57.27          47013.54  3928 .79g -.040o -5.77
   417w 30.0 1  0  6694 2043:05:01 17070.43 13254.28 23205.35 776.4 57.62          47199.56  3926 .79g -.037o -5.60
   418w 31.0 1  0  6725 2043:06:01 17015.34 13206.98 23463.65 776.2 57.97          47387.32  3924 .79g  .031w -5.77
   419w 30.0 1  0  6755 2043:07:01 16963.04 13161.95 23710.23 775.9 58.29          47566.51  3922 .80g -.033o -5.54
   420w 31.0 1  0  6786 2043:08:01 16910.11 13116.08 23955.91 775.6 58.62          47746.10  3920 .80g -.036o -5.70

                                    I M E X   T I M E   S T E P   S U M M A R Y
 ==================================================================================================================
    Time Step           Time                  Total Production             Total Injection  Total Max. Max. Change
 ---------------- ---------------- -------------------------------------- -----------------  PV   Mat. ------------
                C                    Oil      Gas     Water   GOR.  Wat.    Gas     Water   Avg.  bal. Satur. Pres.
        Size    U                                             SCF/   Cut                    Pres. err. DSMAX  DPMAX
  No.   Days IT T Days   yy:mm:dd   STB/D    MCF/D    STB/D    STB    %    MCF/D    STB/D   psia   %          psia
 ------ ---- -- - ----- ---------- -------- -------- -------- ----- ----- -------- -------- ----- ---- ------ -----
   421w 31.0 1  0  6817 2043:09:01 16857.69 13070.69 24198.08 775.4 58.94          47923.16  3919 .80g -.037o -5.64
   422w 30.0 1  0  6847 2043:10:01 16809.37 13028.44 24419.62 775.1 59.23          48091.46  3917 .80g -.036o -5.36
   423w 31.0 1  0  6878 2043:11:01 16761.07 12985.93 24643.14 774.8 59.52          48258.92  3916 .80g -.036o -5.54
   424w 30.0 1  0  6908 2043:12:01 16715.31 12945.53 24858.22 774.5 59.79          48415.22  3914 .81g -.039o -5.35
   425w 31.0 1  0  6939 2044:01:01 16668.75 12904.39 25078.29 774.2 60.07          48574.01  3913 .81g -.042o -5.36
   426w 31.0 1  0  6970 2044:02:01 16624.97 12865.19 25285.11 773.8 60.33          48731.22  3911 .81g -.039o -5.26
   427w 29.0 1  0  6999 2044:03:01 16589.09 12831.96 25461.90 773.5 60.55          48875.05  3910 .81g -.031o -4.84
   428w 31.0 1  0  7030 2044:04:01 16549.07 12795.22 25645.36 773.2 60.78          49021.27  3909 .82g  .033w -4.93
   429w 30.0 1  0  7060 2044:05:01 16511.01 12759.96 25816.44 772.8 60.99          49157.84  3908 .82g -.037o -4.62
   430w 31.0 1  0  7091 2044:06:01 16463.12 12717.29 25994.71 772.5 61.22          49288.04  3907 .82g -.040o -4.60
   431w 30.0 1  0  7121 2044:07:01 16415.51 12675.04 26163.88 772.1 61.45          49406.43  3906 .82g -.037o -4.25
   432w 31.0 1  0  7152 2044:08:01 16348.52 12617.54 26321.16 771.8 61.69          49513.66  3905 .82g -.043o -4.18
   433w 31.0 1  0  7183 2044:09:01 16301.77 12575.04 26478.13 771.4 61.89          49610.60  3904 .83g  .041w -3.95
   434w 30.0 1  0  7213 2044:10:01 16272.85 12546.90 26697.24 771.0 62.13          49714.69  3903 .83g -.040o -3.61
   435w 31.0 1  0  7244 2044:11:01 16248.11 12522.05 26930.41 770.7 62.37          49853.32  3902 .83g -.037o -3.68
   436w 30.0 1  0  7274 2044:12:01 16226.76 12500.15 27152.19 770.3 62.59          50002.27  3900 .83g  .036w -3.49
   437w 31.0 1  0  7305 2045:01:01 16182.70 12460.73 27343.22 770.0 62.82          50149.07  3899 .84g -.037o -3.54

 ===================== SUMMARY (from subroutine: TSIO)   ======================
  Simulation run terminated. Stopping time reached.
    
     1 Warning messages.    0 Error messages.
 ==============================================================================



                          Global Storage Usage
                          ====================

             Section           Bytes          Mbytes   # Objects
        ------------    ------------    ------------   ---------
              MXSLVR        12626552          12.042          98
              GRMOD0         5450008           5.198         482
               IMEX1         2781236           2.652         588
               IMEX2         2516066           2.400         693
              MXGR01         1280040           1.221          18
               IMEX3         1015618           0.969         249
              GRMOD1          871456           0.831         151
               POINT          637840           0.608          96
             MXSLVR1          344424           0.328          14
              CMPDIL          150112           0.143          25
               PRTCM          142560           0.136          17
              SECTOR           60064           0.057          13
              WMCOM1           58763           0.056         982
              KWCOM1           34735           0.033          52
              EQTPAR           29876           0.028          69
              SR2COM           22036           0.021          92
              MXWELL           20796           0.020         262
           GLOBSTORE            7478           0.007          27
              MXINIT            6244           0.006          23
               SAMG1            1873           0.002         255
              PGMCH1            1794           0.002         319
             CMGFILE            1206           0.001          19
                FLXB            1156           0.001          27
                CMB1             600           0.001          68
           PGSCOMMON             476           0.000          64
                 MTS             340           0.000          18
           PGPARASOL             296           0.000          65
              SGCOM2             216           0.000          54
              SGCOM1             180           0.000          44
              GRMOD2             156           0.000          38
              WMCOM3              92           0.000           4
              WMCOM2              76           0.000          15
              WMCOM5              52           0.000          13
              SGCOM3              32           0.000           8
        PGMATDOMAINS              16           0.000           4
              WMCOM7               8           0.000           2
              DEPTAB               8           0.000           2
              SGCOM4               4           0.000           1
            PGSINT3D               0           0.000           0
              MXPRSL               0           0.000           0
        ------------    ------------    ------------   ---------
               Total        28064485          26.764        4971

       Field Total                                   Fluid
                             Oil       Gas       Water    Solvent   Polymer    Salt
                            -------   -------   -------   -------   -------   -------
                            (MSTB)    (MMSCF)   (MSTB)    (MMSCF)    (MLB)     (MLB)
  Cumulative Production       75425    272918     34976     NA        NA        NA   
  Cumulative Injection        NA         0       232111     NA        NA        NA   
  Cumulative Gas Lift         NA         0        NA        NA        NA        NA   
  Cumulative Aquifer Influx   NA        NA         0        NA        NA        NA   
  Current Fluids In Place    189356    134882    260514     NA        NA        NA   
  Production Rates           16.183    12.461    27.343     NA        NA        NA   
  Injection Rates             NA         0       50.149     NA        NA        NA   

  Timesteps:    437  Newton Cycles:      500  Cuts:      3  Solver Iterations:         7530
  Average Implicitness    : 0.955
  Fluid Component Model   : BLACKOIL (SINGLE-P)
  Material Balances (owg): 1.003 1.000 1.008
  Average Active Blocks:        7500 Average Non-BHP Active Wells:     0
  Total Blocks :        7500 Total Wells :     5
  Active Blocks:        7500 Non-BHP Active Wells:     0
  Time at end of simulation:   7305.00     (days)   
  Average reservoir pressure excluding water zone: 3899.065 (psi)    
  Total Number of Solver Failures:       0  Stalls:       0  ITERMAX Reached:       0
  Jacobian Domains      1  
  Total lstpro/lstpar calls:     2  (    8)
  Linear Solver: Aimsol
  Preconditioner Ordering: REDBLACK
  Preconditioner Degree           1
  KMP_AFFINITY: Default
  OMP_SCHEDULE: Default
  Max Impl Blocks:     7500  %Impl:100.0%  (TS,CUT,NCYC): (    22, 0,  1 )
  Max Solver Iterations (TS,CUT,NCYC):      35 (    29, 0,  2 )
  Number of threads set:    1
  Total number of cpus:    4
  Memory Usage Peak:       97 MB on TS:   256 TS 1 Peak:       58 MB  Average:       91 MB  VM Size:      108 MB
  Host computer: IKIEARTH
  CPU Time:            31.89 seconds
  Elapsed Time:        35.49 seconds

  End of Simulation: Normal Termination

  Date and Time of End of Run:  May  7, 2025  00:29:30

