    Opened LOG FILE         on unit 10, filename is 'D:\TA MANDIRI\SKENARIO CMG\A2G2C.log'
 ********************************************************************************
 *                                                                              *
 *                                IMEX  2021.10                                 *
 *            Adaptive-Implicit Black Oil & Unconventional Simulator            *
 *                         General Release for Win x64                          *
 *                            2021-Nov-16   12:35:59                            *
 *                                                                              *
 *                          (c) Copyright 1977 - 2021                           *
 *                Computer Modelling Group Ltd., Calgary, Canada                *
 *                             All Rights Reserved                              *
 *                                                                              *
 ********************************************************************************


 Command-line Arguments:  -dimsum
                          -wd D:\TA MANDIRI\SKENARIO CMG
                          -log
                          -f D:\TA MANDIRI\SKENARIO CMG\A2G2C.dat

  Date and Time of Start of Run:  May  7, 2025  00:34:38


*** Input/Output files specification :
    Opened data file        on unit 11, filename is 'D:\TA MANDIRI\SKENARIO CMG\A2G2C.dat'
    Opened Scratch file     on unit 12
    Opened Scratch file     on unit 13
    Opened output file      on unit 14, filename is 'D:\TA MANDIRI\SKENARIO CMG\A2G2C.out'
    Opened SR3-OUT          on unit 15, filename is 'D:\TA MANDIRI\SKENARIO CMG\A2G2C.sr3'
    Opened Restart-SR3      on unit 16, filename is 'D:\TA MANDIRI\SKENARIO CMG\A2G2C.rstr.sr3'
    Opened GRID scratchfile on unit 17

 ===================== WARNING (from subroutine: INCOMP) ======================
  P/Z Output is disabled as Temperatures were not defined for all PVT Regions
  Please review the *TRES Keyword
  Line: 79   File Name: D:\TA MANDIRI\SKENARIO CMG\A2G2C.dat
 ==============================================================================


 ===================== SUMMARY (from subroutine: INDATA) ======================
  Reading of initial data is complete.
  Simulation will stop if there were error messages.
     1 Warning messages.    0 Error messages.
 ==============================================================================



                          Global Storage Usage
                          ====================

             Section           Bytes          Mbytes   # Objects
        ------------    ------------    ------------   ---------
              MXSLVR         7953712           7.585          98
              GRMOD0         7857584           7.494         482
               IMEX1         4006292           3.821         588
               IMEX2         3611666           3.444         693
              MXGR01         1844632           1.759          18
               IMEX3         1457818           1.390         249
              GRMOD1         1254256           1.196         151
               POINT          919384           0.877          96
             MXSLVR1          497456           0.474          14
              CMPDIL          216112           0.206          25
               PRTCM          205260           0.196          17
              SECTOR           86464           0.082          13
              WMCOM1           58763           0.056         982
              KWCOM1           34735           0.033          52
              EQTPAR           29876           0.028          69
              SR2COM           22036           0.021          92
              MXWELL           20796           0.020         262
           GLOBSTORE            7478           0.007          27
              MXINIT            6244           0.006          23
               SAMG1            1873           0.002         255
              PGMCH1            1794           0.002         319
             CMGFILE            1206           0.001          19
                FLXB            1156           0.001          27
                CMB1             600           0.001          68
           PGSCOMMON             476           0.000          64
                 MTS             340           0.000          18
           PGPARASOL             296           0.000          65
              SGCOM2             216           0.000          54
              SGCOM1             180           0.000          44
              GRMOD2             156           0.000          38
              WMCOM3              92           0.000           4
              WMCOM2              76           0.000          15
              WMCOM5              52           0.000          13
              SGCOM3              32           0.000           8
        PGMATDOMAINS              16           0.000           4
              WMCOM7               8           0.000           2
              DEPTAB               8           0.000           2
              SGCOM4               4           0.000           1
            PGSINT3D               0           0.000           0
              MXPRSL               0           0.000           0
        ------------    ------------    ------------   ---------
               Total        30099145          28.705        4971
            Maximium        33194505          31.657

                                    I M E X   T I M E   S T E P   S U M M A R Y
 ==================================================================================================================
    Time Step           Time                  Total Production             Total Injection  Total Max. Max. Change
 ---------------- ---------------- -------------------------------------- -----------------  PV   Mat. ------------
                C                    Oil      Gas     Water   GOR.  Wat.    Gas     Water   Avg.  bal. Satur. Pres.
        Size    U                                             SCF/   Cut                    Pres. err. DSMAX  DPMAX
  No.   Days IT T Days   yy:mm:dd   STB/D    MCF/D    STB/D    STB    %    MCF/D    STB/D   psia   %          psia
 ------ ---- -- - ----- ---------- -------- -------- -------- ----- ----- -------- -------- ----- ---- ------ -----
     1w .500 4  1 .5000 2025:01:02 62865.83 110738.7           1762                          4793 e-4g -.086o  -834
     2  .261 1  0 .7607 2025:01:02 59123.91 102034.6           1726                          4792 e-4g -.011o  -114
     3  1.00 1  0 1.757 2025:01:03 56030.73 93801.07           1674                          4789 e-4g -.015o  -126
     4  3.44 1  0 5.198 2025:01:06 52563.73 85370.00           1624                          4778 e-3g -.018o  -134
     5  11.2 1  0 16.39 2025:01:17 48799.81 79478.20           1629                          4745 e-3g -.019o  -133
     6  14.6 2  0 31.00 2025:02:01 46557.11 76021.08           1633                          4705 e-3g -.021o -80.4
     7w 28.0 6  0 59.00 2025:03:01 43859.09 73216.69           1669                          4633 e-3g -.022o -88.3
     8w 31.0 2  0 90.00 2025:04:01 41367.41 71491.28           1728                          4561 e-3g -.023o -77.2
     9w 30.0 3  0 120.0 2025:05:01 38614.48 71394.64           1849                          4495 e-3g -.030o -67.3
    10w 31.0 4  0 151.0 2025:06:01 36175.70 73235.51           2024                          4431 e-3g -.038o -65.8
    11w 30.0 2  0 181.0 2025:07:01 33604.88 77061.61           2293                          4370 e-3g -.040o -61.8
    12w 31.0 2  0 212.0 2025:08:01 30982.43 81529.61           2631                          4308 e-3g -.039o -63.1
    13w 31.0 1  0 243.0 2025:09:01 28387.07 86166.19           3035                          4246 .02g -.037o -64.2
    14w 30.0 2  0 273.0 2025:10:01 26236.02 92267.01           3517                          4187 .02g -.036o -62.0
    15w 31.0 2  0 304.0 2025:11:01 24266.06 102311.7           4216                          4123 .02g -.033o -65.6
    16w 30.0 2  0 334.0 2025:12:01 22430.16 111680.3           4979                          4059 .02g -.030o -67.1
    17w 31.0 2  0 365.0 2026:01:01 20800.51 124530.1           5987                          3989 .02g -.030o -73.1
    18w 31.0 1  0 396.0 2026:02:01 19176.63 136239.9           7104                          3914 .04g -.029o -78.5
    19w 28.0 2  0 424.0 2026:03:01 18080.56 152165.1           8416                          3842 .04g -.024o -74.9
    20w 31.0 2  0 455.0 2026:04:01 16951.88 169565.5          10003                          3757 .04g -.025o -89.5

                                    I M E X   T I M E   S T E P   S U M M A R Y
 ==================================================================================================================
    Time Step           Time                  Total Production             Total Injection  Total Max. Max. Change
 ---------------- ---------------- -------------------------------------- -----------------  PV   Mat. ------------
                C                    Oil      Gas     Water   GOR.  Wat.    Gas     Water   Avg.  bal. Satur. Pres.
        Size    U                                             SCF/   Cut                    Pres. err. DSMAX  DPMAX
  No.   Days IT T Days   yy:mm:dd   STB/D    MCF/D    STB/D    STB    %    MCF/D    STB/D   psia   %          psia
 ------ ---- -- - ----- ---------- -------- -------- -------- ----- ----- -------- -------- ----- ---- ------ -----
    21w 30.0 1  0 485.0 2026:05:01 15829.73 182907.3          11555                          3670 .07g -.024o -92.2
    22w 31.0 1  0 516.0 2026:06:01 14701.14 191249.7          13009                          3579 .11g -.022o -95.7
    23w 30.0 1  0 546.0 2026:07:01 13671.47 194095.6          14197                          3493 .14g -.018o -90.5
    24w 31.0 2  0 577.0 2026:08:01 12708.17 194284.7          15288                          3408 .15g -.014o -88.7
    25w 31.0 2  0 608.0 2026:09:01 11824.83 197815.7          16729                          3323 .15g -.013o -87.8
    26w 30.0 1  0 638.0 2026:10:01 10983.61 198249.6          18050                          3242 .18g -.013o -84.5
    27w 31.0 2  0 669.0 2026:11:01 10174.27 196139.0          19278                          3163 .18g -.013o -83.0
    28w 30.0 2  0 699.0 2026:12:01 9429.117 191959.3          20358                          3089 .19g -.014o -77.0
    29w 31.0 1  0 730.0 2027:01:01 8697.241 185852.7          21369                          3015 .20g -.015o -76.7
    30w 31.0 2  0 761.0 2027:02:01 7987.478 176006.6          22035                          2942 .20g -.013o -75.0
    31w 28.0 1  0 789.0 2027:03:01 7384.704 166412.4          22535                          2880 .22g -.011o -65.6
    32w 31.0 1  0 820.0 2027:04:01 6782.888 156099.8          23014                          2816 .24g -.012o -66.5
    33w 30.0 1  0 850.0 2027:05:01 6252.997 146537.6          23435                          2759 .26g -.012o -59.3
    34w 31.0 2  0 881.0 2027:06:01 5768.648 137216.7          23787                          2705 .26g -.011o -56.1
    35w 30.0 1  0 911.0 2027:07:01 5335.667 128554.6          24093                          2657 .27g -.010o -50.5
    36w 31.0 1  0 942.0 2027:08:01 4928.581 120103.0          24369                          2610 .28g -.009o -48.2
    37w 31.0 1  0 973.0 2027:09:01 4555.563 112119.2          24611                          2568 .29g -.009o -44.5
    38w 30.0 1  0  1003 2027:10:01 4226.716 104853.7          24807                          2529 .30g -.008o -39.9
    39w 31.0 1  0  1034 2027:11:01 3909.389 97707.70          24993                          2492 .27g -.008o -38.4
    40w 30.0 1  0  1064 2027:12:01 3612.182 90808.77          25140                          2456 .28g -.008o -37.3

                                    I M E X   T I M E   S T E P   S U M M A R Y
 ==================================================================================================================
    Time Step           Time                  Total Production             Total Injection  Total Max. Max. Change
 ---------------- ---------------- -------------------------------------- -----------------  PV   Mat. ------------
                C                    Oil      Gas     Water   GOR.  Wat.    Gas     Water   Avg.  bal. Satur. Pres.
        Size    U                                             SCF/   Cut                    Pres. err. DSMAX  DPMAX
  No.   Days IT T Days   yy:mm:dd   STB/D    MCF/D    STB/D    STB    %    MCF/D    STB/D   psia   %          psia
 ------ ---- -- - ----- ---------- -------- -------- -------- ----- ----- -------- -------- ----- ---- ------ -----
    41w 31.0 1  0  1095 2028:01:01 3329.570 84133.44          25269                          2422 .28g -.008o -35.8
    42w 31.0 1  0  1126 2028:02:01 3071.899 77951.23          25376                          2391 .29g -.007o -32.6
    43w 29.0 1  0  1155 2028:03:01 2850.619 72574.04          25459                          2364 .30g -.006o -28.1
    44w 31.0 1  0  1186 2028:04:01 2634.234 67255.95          25532                          2337 .30g -.006o -27.7
    45w 30.0 1  0  1216 2028:05:01 2441.849 62481.91          25588                          2314 .31g -.005o -24.7
    46w 31.0 1  0  1247 2028:06:01 2259.497 57905.43          25628                          2291 .31g -.005o -23.5
    47w 30.0 1  0  1277 2028:07:01 2099.444 53803.10          25627                          2271 .31g -.005o -21.0
    48w 31.0 1  0  1308 2028:08:01 1946.589 49901.11          25635                          2252 .32g -.006o -20.1
    49w 31.0 1  0  1339 2028:09:01 1806.266 46313.06          25640                          2234 .32g -.004o -18.5
    50w 30.0 1  0  1369 2028:10:01 1680.753 43095.48          25641                          2218 .32g -.004o -16.6
    51w 31.0 1  0  1400 2028:11:01 1561.123 40023.19          25637                          2203 .33g -.004o -15.9
    52w 30.0 1  0  1430 2028:12:01 1454.011 37267.08          25631                          2189 .33g -.003o -14.3
    53w 31.0 1  0  1461 2029:01:01 1351.878 34631.62          25617                          2176 .33g -.003o -13.7
    54w 31.0 1  0  1492 2029:02:01 1257.396 32189.80          25600                          2164 .33g -.003o -12.7
    55w 28.0 1  0  1520 2029:03:01 1177.844 30131.53          25582                          2154 .33g -.003o -10.7
    56w 31.0 1  0  1551 2029:04:01 1096.275 28017.81          25557                          2143 .34g -.003o -11.0
    57w 30.0 1  0  1581 2029:05:01 1022.964 26116.12          25530                          2134 .34g -.003o  -9.9
    58w 31.0 1  0  1612 2029:06:01 952.7452 24292.34          25497                          2125 .34g -.002o -9.47
    59w 30.0 1  0  1642 2029:07:01 889.5846 22650.16          25462                          2117 .34g -.002o -8.52
    60w 31.0 1  0  1673 2029:08:01 829.0466 21074.30          25420                          2109 .34g -.002o -8.18

                                    I M E X   T I M E   S T E P   S U M M A R Y
 ==================================================================================================================
    Time Step           Time                  Total Production             Total Injection  Total Max. Max. Change
 ---------------- ---------------- -------------------------------------- -----------------  PV   Mat. ------------
                C                    Oil      Gas     Water   GOR.  Wat.    Gas     Water   Avg.  bal. Satur. Pres.
        Size    U                                             SCF/   Cut                    Pres. err. DSMAX  DPMAX
  No.   Days IT T Days   yy:mm:dd   STB/D    MCF/D    STB/D    STB    %    MCF/D    STB/D   psia   %          psia
 ------ ---- -- - ----- ---------- -------- -------- -------- ----- ----- -------- -------- ----- ---- ------ -----
    61w 31.0 1  0  1704 2029:09:01 772.8699 19610.43          25374                          2101 .34g -.002o -7.60
    62w 30.0 1  0  1734 2029:10:01 722.2896 18291.04          25324                          2095 .34g -.002o -6.85
    63w 31.0 1  0  1765 2029:11:01 673.7628 17023.77          25267                          2089 .34g -.002o -6.58
    64w 30.0 1  0  1795 2029:12:01 630.0496 15881.13          25206                          2083 .34g -.002o -5.93
    65w 31.0 1  0  1826 2030:01:01 588.0910 14783.12          25137                          2077 .35g -.002o -5.70
    66w 31.0 1  0  1857 2030:02:01 549.1062 13761.93          25062                          2072 .35g -.002o -5.30
    67w 28.0 1  0  1885 2030:03:01 516.1611 12898.19          24989                          2068 .35g -.002o -4.48
    68w 31.0 1  0  1916 2030:04:01 482.2622 12008.31          24900                          2064 .35g -.002o -4.61
    69w 30.0 1  0  1946 2030:05:01 451.6954 11205.24          24807                          2060 .35g -.002o -4.16
    70w 31.0 1  0  1977 2030:06:01 422.3311 10432.90          24703                          2056 .35g -.002o -4.00
    71w 30.0 1  0  2007 2030:07:01 395.8481 9735.695          24595                          2052 .35g -.001o -3.61
    72w 31.0 1  0  2038 2030:08:01 370.4010 9065.012          24474                          2049 .35g -.001o -3.47
    73w 31.0 1  0  2069 2030:09:01 346.7344 8440.633          24343                          2046 .35g -.001o -3.23
    74w 30.0 1  0  2099 2030:10:01 325.3845 7876.812          24208                          2043 .35g -.001o -2.92
    75w 31.0 1  0  2130 2030:11:01 304.8643 7334.298          24058                          2041 .35g -.001o -2.80
    76w 30.0 1  0  2160 2030:12:01 286.3497 6844.337          23902                          2038 .35g -.001o -2.53
    77w 31.0 1  0  2191 2031:01:01 268.5525 6372.833          23730                          2036 .35g -.001o -2.43
    78w 31.0 1  0  2222 2031:02:01 251.9949 5933.728          23547                          2034 .35g -.001o -2.27
    79w 28.0 1  0  2250 2031:03:01 237.9867 5562.041          23371                          2032 .35g -.001o -1.92
    80w 31.0 1  0  2281 2031:04:01 223.5560 5178.642          23165                          2030 .35g -.001o -1.98

                                    I M E X   T I M E   S T E P   S U M M A R Y
 ==================================================================================================================
    Time Step           Time                  Total Production             Total Injection  Total Max. Max. Change
 ---------------- ---------------- -------------------------------------- -----------------  PV   Mat. ------------
                C                    Oil      Gas     Water   GOR.  Wat.    Gas     Water   Avg.  bal. Satur. Pres.
        Size    U                                             SCF/   Cut                    Pres. err. DSMAX  DPMAX
  No.   Days IT T Days   yy:mm:dd   STB/D    MCF/D    STB/D    STB    %    MCF/D    STB/D   psia   %          psia
 ------ ---- -- - ----- ---------- -------- -------- -------- ----- ----- -------- -------- ----- ---- ------ -----
    81w 30.0 1  0  2311 2031:05:01 210.5326 4832.365          22953                          2028 .35g -.001o -1.78
    82w 31.0 1  0  2342 2031:06:01 198.0117 4499.050          22721                          2027 .35g -.001o -1.72
    83w 30.0 1  0  2372 2031:07:01 186.7117 4197.926          22483                          2025 .35g -.001o -1.55
    84w 31.0 1  0  2403 2031:08:01 175.8467 3908.113          22225                          2024 .35g -.001o -1.49
    85w 31.0 1  0  2434 2031:09:01 165.7364 3638.126          21951                          2022 .35g -.001o -1.39
    86w 30.0 1  0  2464 2031:10:01 156.6106 3394.163          21673                          2021 .35g -9e-4o -1.25
    87w 31.0 1  0  2495 2031:11:01 147.8323 3159.207          21370                          2020 .35g -9e-4o -1.20
    88w 30.0 1  0  2525 2031:12:01 139.8963 2946.538          21062                          2019 .35g -9e-4o -1.09
    89w 31.0 1  0  2556 2032:01:01 132.2005 2739.901          20725                          2018 .35g -9e-4o -1.06
    90w 31.0 1  0  2587 2032:02:01 125.0194 2547.075          20373                          2017 .35g -9e-4o -.991
    91w 29.0 1  0  2616 2032:03:01 118.7398 2378.393          20030                          2016 .35g -8e-4o -.864
    92w 31.0 1  0  2647 2032:04:01 112.4974 2210.598          19650                          2015 .35g -9e-4o -.858
    93w 30.0 1  0  2677 2032:05:01 106.8745 2059.195          19267                          2015 .35g -8e-4o -.773
    94w 31.0 1  0  2708 2032:06:01 101.4759 1913.651          18858                          2014 .35g -8e-4o -.743
    95w 30.0 1  0  2738 2032:07:01 96.61044 1782.336          18449                          2013 .35g -8e-4o -.670
    96w 31.0 1  0  2769 2032:08:01 91.93930 1656.114          18013                          2013 .35g -8e-4o -.643
    97w 31.0 1  0  2800 2032:09:01 87.59209 1538.702          17567                          2012 .35g -8e-4o -.598
    98w 30.0 1  0  2830 2032:10:01 83.67668 1432.779          17123                          2012 .35g -7e-4o -.539
    99w 31.0 1  0  2861 2032:11:01 79.91960 1330.980          16654                          2011 .35g -7e-4o -.517
   100w 30.0 1  0  2891 2032:12:01 76.52458 1239.114          16192                          2011 .35g -7e-4o -.466

                                    I M E X   T I M E   S T E P   S U M M A R Y
 ==================================================================================================================
    Time Step           Time                  Total Production             Total Injection  Total Max. Max. Change
 ---------------- ---------------- -------------------------------------- -----------------  PV   Mat. ------------
                C                    Oil      Gas     Water   GOR.  Wat.    Gas     Water   Avg.  bal. Satur. Pres.
        Size    U                                             SCF/   Cut                    Pres. err. DSMAX  DPMAX
  No.   Days IT T Days   yy:mm:dd   STB/D    MCF/D    STB/D    STB    %    MCF/D    STB/D   psia   %          psia
 ------ ---- -- - ----- ---------- -------- -------- -------- ----- ----- -------- -------- ----- ---- ------ -----
   101w 31.0 1  0  2922 2033:01:01 73.26563 1150.779          15707                          2010 .35g -7e-4o -.448
   102w 31.0 1  0  2953 2033:02:01 70.23459 1068.463          15213                          2010 .35g -7e-4o -.417
   103w 28.0 1  0  2981 2033:03:01 67.65560 998.1588          14754                          2010 .35g -6e-4o -.354
   104w 31.0 1  0  3012 2033:04:01 64.97068 924.7896          14234                          2009 .35g -7e-4o -.373
   105w 30.0 1  0  3042 2033:05:01 62.54249 858.4670          13726                          2009 .35g -6e-4o -.336
   106w 31.0 1  0  3073 2033:06:01 60.21347 794.8369          13200                          2009 .35g -6e-4o -.322
   107w 30.0 1  0  3103 2033:07:01 58.11967 737.5911          12691                          2008 .35g -6e-4o -.289
   108w 31.0 1  0  3134 2033:08:01 56.11545 682.7417          12167                          2008 .35g -6e-4o -.277
   109w 31.0 1  0  3165 2033:09:01 54.25908 631.8893          11646                          2008 .35g -6e-4o -.256
   110w 30.0 1  0  3195 2033:10:01 52.59132 586.1608          11146                          2008 .35g -5e-4o -.230
   111w 31.0 1  0  3226 2033:11:01 50.99585 542.4230          10637                          2007 .35g -6e-4o -.221
   112w 30.0 1  0  3256 2033:12:01 49.56820 503.0353          10148                          2007 .35g -5e-4o -.198
   113w 31.0 1  0  3287 2034:01:01 48.19919 465.3375           9654                          2007 .35g -6e-4o -.190
   114w 31.0 1  0  3318 2034:02:01 46.93140 430.3935           9171                          2007 .35g -6e-4o -.176
   115w 28.0 1  0  3346 2034:03:01 45.86338 400.9300           8742                          2007 .35g -5e-4o -.148
   116w 31.0 1  0  3377 2034:04:01 44.76852 370.6935           8280                          2007 .35g -6e-4o -.152
   117w 30.0 1  0  3407 2034:05:01 43.78510 343.5115           7845                          2006 .35g -5e-4o -.136
   118w 31.0 1  0  3438 2034:06:01 42.84422 317.4804           7410                          2006 .35g -5e-4o -.130
   119w 30.0 1  0  3468 2034:07:01 41.99918 294.0810           7002                          2006 .35g -5e-4o -.117
   120w 31.0 1  0  3499 2034:08:01 41.19075 271.6751           6596                          2006 .35g -5e-4o -.112

                                    I M E X   T I M E   S T E P   S U M M A R Y
 ==================================================================================================================
    Time Step           Time                  Total Production             Total Injection  Total Max. Max. Change
 ---------------- ---------------- -------------------------------------- -----------------  PV   Mat. ------------
                C                    Oil      Gas     Water   GOR.  Wat.    Gas     Water   Avg.  bal. Satur. Pres.
        Size    U                                             SCF/   Cut                    Pres. err. DSMAX  DPMAX
  No.   Days IT T Days   yy:mm:dd   STB/D    MCF/D    STB/D    STB    %    MCF/D    STB/D   psia   %          psia
 ------ ---- -- - ----- ---------- -------- -------- -------- ----- ----- -------- -------- ----- ---- ------ -----
   121w 31.0 1  0  3530 2034:09:01 40.44231 250.9148           6204                          2006 .35g -5e-4o -.104
   122w 30.0 1  0  3560 2034:10:01 39.77018 232.2564           5840                          2006 .35g -5e-4o -.093
   123w 31.0 1  0  3591 2034:11:01 39.12722 214.3936           5479                          2006 .36g -5e-4o -.089
   124w 30.0 1  0  3621 2034:12:01 38.54986 198.3417           5145                          2006 .36g -5e-4o -.080
   125w 31.0 1  0  3652 2035:01:01 37.99757 182.9762           4815                          2006 .36g -5e-4o -.077
   126w 31.0 1  0  3683 2035:02:01 37.48633 168.7438           4501                          2006 .36g -5e-4o -.071
   127w 28.0 1  0  3711 2035:03:01 37.05584 156.7517           4230                          2006 .36g -5e-4o -.060
   128w 31.0 1  0  3742 2035:04:01 36.61460 144.4544           3945                          2005 .36g -5e-4o -.061
   129w 30.0 1  0  3772 2035:05:01 36.21843 133.4075           3683                          2005 .36g -5e-4o -.055
   130w 31.0 1  0  3803 2035:06:01 35.83949 122.8364           3427                          2005 .36g -5e-4o -.052
   131w 30.0 1  0  3833 2035:07:01 35.49924 113.3411           3193                          2005 .36g -5e-4o -.047
   132w 31.0 1  0  3864 2035:08:01 35.17377 104.2560           2964                          2005 .36g -5e-4o -.045
   133w 31.0 1  0  3895 2035:09:01 34.87251 95.84467           2748                          2005 .36g -5e-4o -.042
   134w 30.0 1  0  3925 2035:10:01 34.60200 88.29062           2552                          2005 .36g -5e-4o -.037
   135w 31.0 1  0  3956 2035:11:01 34.34322 81.06436           2360                          2005 .36g -5e-4o -.036
   136w 30.0 1  0  3986 2035:12:01 34.11085 74.57555           2186                          2005 .36g -5e-4o -.032
   137w 31.0 1  0  4017 2036:01:01 33.88853 68.36913           2017                          2005 .36g -5e-4o -.031
   138w .110 2  2  4017 2036:01:01 33.88828 68.34881           2017                702516.4  2006 .35g -.363g   668
   139  .055 1  0  4017 2036:01:01 33.88787 68.33784           2017                479797.3  2006 .35g -.062g   191
   140  .088 1  0  4017 2036:01:01 33.88721 68.32016           2016                389121.1  2007 .36g -.059g   139

                                    I M E X   T I M E   S T E P   S U M M A R Y
 ==================================================================================================================
    Time Step           Time                  Total Production             Total Injection  Total Max. Max. Change
 ---------------- ---------------- -------------------------------------- -----------------  PV   Mat. ------------
                C                    Oil      Gas     Water   GOR.  Wat.    Gas     Water   Avg.  bal. Satur. Pres.
        Size    U                                             SCF/   Cut                    Pres. err. DSMAX  DPMAX
  No.   Days IT T Days   yy:mm:dd   STB/D    MCF/D    STB/D    STB    %    MCF/D    STB/D   psia   %          psia
 ------ ---- -- - ----- ---------- -------- -------- -------- ----- ----- -------- -------- ----- ---- ------ -----
   141  .149 1  0  4017 2036:01:01 33.88613 68.29044           2015                327769.9  2007 .36g -.110g   128
   142  .135 1  0  4018 2036:01:02 33.88515 68.26348           2015                303683.9  2008 .36g -.090g  76.3
   143  .151 1  0  4018 2036:01:02 33.88406 68.23373           2014                287017.6  2008 .36g -.067g  76.0
   144  .223 1  0  4018 2036:01:02 33.88246 68.19280           2013                275260.2  2009 .36g -.092g  78.4
   145  .243 1  0  4018 2036:01:02 33.88075 68.16609           2012                270297.3  2010 .36g -.112g  59.6
   146  .216 1  0  4018 2036:01:02 33.87927 68.17904           2012                265913.3  2010 .36g -.084g  56.0
   147  .259 1  0  4019 2036:01:03 33.87770 68.31681           2017                264430.4  2011 .36g -.079g  58.6
   148  .327 1  0  4019 2036:01:03 33.87651 68.87028           2033                262042.3  2012 .36g -.080g  85.5
   149  .409 1  0  4019 2036:01:03 33.87842 70.82825           2091                259162.1  2013 .36g -.116g  76.2
   150  .354 1  0  4020 2036:01:04 33.88474 73.93392           2182                256191.0  2014 .36g -.089g  60.3
   151  .399 1  0  4020 2036:01:04 33.90220 80.03355           2361                252123.7  2015 .36g -.075g  57.6
   152  .533 1  0  4021 2036:01:05 33.95774 94.07374           2770                249522.5  2016 .36g -.115g  61.7
   153  .463 1  0  4021 2036:01:05 34.04134 111.8002           3284                246775.1  2017 .36g -.098g  48.3
   154  .471 1  0  4022 2036:01:06 34.17568 135.9456           3978                244258.4  2019 .36g -.085g  41.7
   155  .557 1  0  4022 2036:01:06 34.42403 173.2311           5032                241717.2  2020 .36g -.074g  52.0
   156  .758 1  0  4023 2036:01:07 34.97862 240.7645           6883                238870.7  2022 .36g -.119g  54.6
   157  .637 1  0  4024 2036:01:08 35.62784 310.0083           8701                236519.2  2023 .36g -.092g  42.6
   158  .690 1  0  4024 2036:01:08 36.57659 398.1558          10886                234486.7  2025 .36g -.083g  36.9
   159  .833 1  0  4025 2036:01:09 38.12019 521.6452          13684                231930.4  2027 .36g -.102g  44.3
   160  .813 1  0  4026 2036:01:10 40.03738 658.2638          16441                229762.8  2029 .36g -.105g  37.9

                                    I M E X   T I M E   S T E P   S U M M A R Y
 ==================================================================================================================
    Time Step           Time                  Total Production             Total Injection  Total Max. Max. Change
 ---------------- ---------------- -------------------------------------- -----------------  PV   Mat. ------------
                C                    Oil      Gas     Water   GOR.  Wat.    Gas     Water   Avg.  bal. Satur. Pres.
        Size    U                                             SCF/   Cut                    Pres. err. DSMAX  DPMAX
  No.   Days IT T Days   yy:mm:dd   STB/D    MCF/D    STB/D    STB    %    MCF/D    STB/D   psia   %          psia
 ------ ---- -- - ----- ---------- -------- -------- -------- ----- ----- -------- -------- ----- ---- ------ -----
   161  .772 1  0  4027 2036:01:11 42.24266 800.9983          18962                227841.3  2031 .36g -.081g  33.9
   162  .954 1  0  4028 2036:01:12 45.57431 994.8974          21830                225228.9  2033 .36g -.076g  39.1
   163  1.26 1  0  4029 2036:01:13 51.01670 1275.964          25011                222872.9  2036 .36g -.129g  45.5
   164  .979 1  0  4030 2036:01:14 55.85154 1507.498          26991                220880.1  2038 .36g -.083g  34.2
   165  1.18 1  0  4031 2036:01:15 62.53256 1801.800          28814                219049.0  2040 .36g -.098g  37.5
   166  1.21 1  0  4032 2036:01:16 70.18777 2117.400          30168                217265.5  2043 .36g -.104g  33.7
   167  1.16 1  0  4033 2036:01:17 78.14095 2426.733          31056                215354.8  2045 .36g -.092g  33.2
   168  1.26 1  0  4035 2036:01:19 87.24921 2769.635          31744                213840.8  2048 .36g -.084g  31.4
   169  1.50 1  0  4036 2036:01:20 98.42714 3185.452          32364                212057.2  2051 .36g -.097g  33.1
   170  1.55 1  0  4038 2036:01:22 110.5355 3622.649          32774                210255.3  2055 .36g -.113g  33.4
   171  1.37 1  0  4039 2036:01:23 121.9436 4014.815          32924                208824.9  2057 .36g -.087g  31.0
   172  1.59 1  0  4041 2036:01:25 135.8324 4473.372          32933                207156.4  2061 .37g -.086g  32.8
   173  1.85 1  0  4043 2036:01:27 152.6056 5014.973          32862                205456.4  2065 .37g -.118g  33.4
   174  1.57 1  0  4044 2036:01:28 167.4349 5481.193          32736                204102.5  2068 .37g -.082g  27.9
   175  1.92 1  0  4046 2036:01:30 186.0238 6051.738          32532                202516.4  2072 .37g -.097g  34.5
   176  1.99 1  0  4048 2036:02:01 205.7455 6645.850          32301                200966.5  2076 .37g -.112g  31.3
   177w 1.77 1  0  4050 2036:02:03 223.5864 7175.556          32093                199595.6  2079 .37g -.087g  26.7
   178  2.04 1  0  4052 2036:02:05 244.3585 7785.353          31860                198158.9  2084 .37g -.086g  27.1
   179  2.36 1  0  4054 2036:02:07 268.5914 8489.228          31606                196575.7  2088 .37g -.118g  34.5
   180  2.00 1  0  4056 2036:02:09 289.2569 9087.694          31417                195239.5  2092 .37g -.093g  27.9

                                    I M E X   T I M E   S T E P   S U M M A R Y
 ==================================================================================================================
    Time Step           Time                  Total Production             Total Injection  Total Max. Max. Change
 ---------------- ---------------- -------------------------------------- -----------------  PV   Mat. ------------
                C                    Oil      Gas     Water   GOR.  Wat.    Gas     Water   Avg.  bal. Satur. Pres.
        Size    U                                             SCF/   Cut                    Pres. err. DSMAX  DPMAX
  No.   Days IT T Days   yy:mm:dd   STB/D    MCF/D    STB/D    STB    %    MCF/D    STB/D   psia   %          psia
 ------ ---- -- - ----- ---------- -------- -------- -------- ----- ----- -------- -------- ----- ---- ------ -----
   181  2.15 1  0  4058 2036:02:11 311.4743 9726.414          31227                193901.0  2097 .37g -.087g  26.9
   182  2.48 1  0  4061 2036:02:14 337.1648 10462.57          31031                192519.2  2101 .37g -.106g  28.2
   183  2.33 1  0  4063 2036:02:16 361.3262 11152.26          30865                191146.2  2106 .37g -.100g  29.6
   184  2.32 1  0  4065 2036:02:18 385.3517 11837.34          30718                189947.9  2111 .37g -.081g  25.9
   185  2.86 1  0  4068 2036:02:21 414.8969 12679.63          30561                188372.8  2116 .37g -.107g  31.8
   186  2.67 1  0  4071 2036:02:24 442.4120 13466.74          30439                186985.3  2122 .37g -.104g  29.0
   187  2.56 1  0  4074 2036:02:27 468.7308 14221.96          30341                185736.7  2127 .37g -.085g  27.1
   188  1.73 1  0  4075 2036:02:28 486.5331 14735.60          30287                184885.9  2130 .37g -.054g  16.9
   189  1.73 1  0  4077 2036:03:01 504.3615 15252.33          30241                184022.4  2134 .37g -.061g  17.8
   190w 2.83 1  0  4080 2036:03:04 533.6768 16108.97          30185                182660.0  2140 .37g -.099g  26.7
   191  2.86 1  0  4083 2036:03:07 563.7129 17001.67          30160                181359.2  2146 .36g -.091g  28.6
   192  3.13 1  0  4086 2036:03:10 597.7334 18061.92          30217                180083.0  2154 .36g -.092g -30.8
   193  3.39 1  0  4089 2036:03:13 636.8348 19319.18          30336                178693.7  2163 .36g -.108g -51.1
   194  3.15 1  0  4092 2036:03:16 676.0970 20574.83          30432                177246.7  2171 .36g -.085g  30.5
   195  3.71 1  0  4096 2036:03:20 730.6414 22136.78          30298                175793.8  2179 .36g -.093g  33.1
   196  4.01 2  0  4100 2036:03:24 820.9102 23863.90          29070                174123.3  2189 .36g -.111g  36.0
   197  3.60 1  0  4104 2036:03:28 894.6307 25335.09          28319                172756.8  2197 .36g -.094g  29.5
   198  2.16 1  0  4106 2036:03:30 944.2077 26199.90          27748                171977.4  2202 .36g -.053g  18.7
   199  2.16 1  0  4108 2036:04:01 976.3632 27029.09          27683                171193.2  2207 .36g -.057g  17.8
   200w 3.82 1  0  4112 2036:04:05 1025.960 28447.05          27727                169905.7  2216 .36g -.097g  28.2

                                    I M E X   T I M E   S T E P   S U M M A R Y
 ==================================================================================================================
    Time Step           Time                  Total Production             Total Injection  Total Max. Max. Change
 ---------------- ---------------- -------------------------------------- -----------------  PV   Mat. ------------
                C                    Oil      Gas     Water   GOR.  Wat.    Gas     Water   Avg.  bal. Satur. Pres.
        Size    U                                             SCF/   Cut                    Pres. err. DSMAX  DPMAX
  No.   Days IT T Days   yy:mm:dd   STB/D    MCF/D    STB/D    STB    %    MCF/D    STB/D   psia   %          psia
 ------ ---- -- - ----- ---------- -------- -------- -------- ----- ----- -------- -------- ----- ---- ------ -----
   201  3.92 1  0  4116 2036:04:09 1075.078 29870.75          27785                168680.7  2224 .36g -.088g  29.9
   202  4.47 1  0  4120 2036:04:13 1129.802 31462.58          27848                167446.1  2234 .36g -.115g  31.1
   203  3.88 1  0  4124 2036:04:17 1176.332 32819.09          27900                166362.1  2242 .36g -.103g  27.3
   204  3.77 1  0  4128 2036:04:21 1220.645 34113.23          27947                165395.2  2250 .37g -.113g  24.4
   205  3.33 1  0  4131 2036:04:24 1259.238 35242.36          27987                164585.5  2257 .37g -.100g  22.0
   206  3.32 1  0  4135 2036:04:28 1297.058 36352.12          28027                163760.0  2263 .37g -.100g  20.4
   207  3.49 1  0  4138 2036:05:01 1336.253 37504.54          28067                162937.6  2270 .37g -.098g  20.5
   208w 3.56 1  0  4142 2036:05:05 1378.926 38661.84          28038                162145.6  2277 .37g -.120g  20.5
   209  2.98 1  0  4145 2036:05:08 1411.485 39617.95          28068                161542.8  2283 .37g -.102g  16.4
   210  2.92 1  0  4147 2036:05:10 1442.972 40545.23          28098                160974.5  2288 .37g -.092g  15.6
   211  3.17 1  0  4151 2036:05:14 1476.811 41543.34          28130                160369.9  2294 .37g -.105g  16.5
   212  3.02 1  0  4154 2036:05:17 1508.698 42484.70          28160                159830.8  2300 .37g -.101g  15.3
   213  2.98 1  0  4157 2036:05:20 1539.791 43403.54          28188                159352.4  2305 .37g -.105g  14.8
   214  2.83 1  0  4159 2036:05:22 1568.904 44264.67          28214                158876.0  2310 .37g -.093g  14.8
   215  3.05 1  0  4163 2036:05:26 1599.991 45185.34          28241                158388.5  2316 .37g -.108g  13.8
   216  2.83 1  0  4165 2036:05:28 1628.480 46029.67          28265                157949.2  2320 .37g -.087g  12.8
   217  1.82 1  0  4167 2036:05:30 1646.662 46568.70          28281                157676.8  2324 .37g -.064g  8.88
   218  1.82 1  0  4169 2036:06:01 1664.744 47105.46          28296                157409.8  2327 .37g -.062g  8.00
   219w 2.92 1  0  4172 2036:06:04 1693.561 47961.83          28320                157017.1  2332 .37g -.100g  12.3
   220  2.94 1  0  4175 2036:06:07 1722.138 48811.34          28343                156639.8  2336 .37g -.090g  12.2

                                    I M E X   T I M E   S T E P   S U M M A R Y
 ==================================================================================================================
    Time Step           Time                  Total Production             Total Injection  Total Max. Max. Change
 ---------------- ---------------- -------------------------------------- -----------------  PV   Mat. ------------
                C                    Oil      Gas     Water   GOR.  Wat.    Gas     Water   Avg.  bal. Satur. Pres.
        Size    U                                             SCF/   Cut                    Pres. err. DSMAX  DPMAX
  No.   Days IT T Days   yy:mm:dd   STB/D    MCF/D    STB/D    STB    %    MCF/D    STB/D   psia   %          psia
 ------ ---- -- - ----- ---------- -------- -------- -------- ----- ----- -------- -------- ----- ---- ------ -----
   221  3.26 1  0  4178 2036:06:10 1753.512 49745.17          28369                156213.1  2342 .37g -.100g  12.9
   222  3.25 1  0  4181 2036:06:13 1784.304 50662.23          28393                155792.2  2347 .37g -.096g  13.7
   223  3.39 1  0  4185 2036:06:17 1815.976 51606.28          28418                155379.9  2352 .37g -.110g  13.8
   224  3.09 1  0  4188 2036:06:20 1844.359 52452.86          28440                155021.6  2357 .38g -.094g  11.7
   225  3.28 1  0  4191 2036:06:23 1874.070 53340.11          28462                154628.2  2362 .38g -.100g  12.7
   226  3.29 1  0  4194 2036:06:26 1903.477 54219.14          28484                154246.3  2367 .38g -.089g  12.1
   227  2.29 1  0  4197 2036:06:29 1923.695 54824.13          28499                153986.4  2371 .38g -.063g  8.49
   228  2.29 1  0  4199 2036:07:01 1943.692 55422.67          28514                153716.2  2374 .38g -.066g  8.64
   229w 3.47 1  0  4202 2036:07:04 1973.638 56319.66          28536                153338.1  2379 .38g -.094g  12.0
   230  3.68 1  0  4206 2036:07:08 2004.805 57253.91          28558                152945.2  2385 .38g -.097g  12.4
   231  3.79 1  0  4210 2036:07:12 2036.507 58205.30          28581                152573.3  2390 .38g -.099g  12.0
   232  3.83 1  0  4214 2036:07:16 2067.996 59151.11          28603                152182.3  2395 .38g -.100g  12.5
   233  3.83 1  0  4218 2036:07:20 2098.808 60077.09          28624                151803.3  2401 .38g -.099g  13.0
   234  3.86 1  0  4221 2036:07:23 2129.281 60993.77          28645                151443.0  2406 .38g -.100g  12.3
   235  3.87 1  0  4225 2036:07:27 2159.254 61896.14          28666                151061.5  2411 .38g -.092g  12.0
   236  2.33 1  0  4228 2036:07:30 2177.120 62434.64          28678                150832.7  2414 .38g -.057g  7.26
   237  2.33 1  0  4230 2036:08:01 2194.729 62965.30          28689                150604.7  2417 .38g -.059g  7.21
   238w 3.95 1  0  4234 2036:08:05 2224.099 63851.16          28709                150258.6  2422 .38g -.098g  10.9
   239  4.04 1  0  4238 2036:08:09 2253.616 64742.21          28728                149925.7  2428 .38g -.099g  11.9
   240  4.08 1  0  4242 2036:08:13 2282.788 65623.43          28747                149577.3  2433 .39g -.097g  11.6

                                    I M E X   T I M E   S T E P   S U M M A R Y
 ==================================================================================================================
    Time Step           Time                  Total Production             Total Injection  Total Max. Max. Change
 ---------------- ---------------- -------------------------------------- -----------------  PV   Mat. ------------
                C                    Oil      Gas     Water   GOR.  Wat.    Gas     Water   Avg.  bal. Satur. Pres.
        Size    U                                             SCF/   Cut                    Pres. err. DSMAX  DPMAX
  No.   Days IT T Days   yy:mm:dd   STB/D    MCF/D    STB/D    STB    %    MCF/D    STB/D   psia   %          psia
 ------ ---- -- - ----- ---------- -------- -------- -------- ----- ----- -------- -------- ----- ---- ------ -----
   241  4.18 1  0  4246 2036:08:17 2312.111 66509.97          28766                149241.1  2438 .39g  .095o  11.3
   242  4.40 1  0  4251 2036:08:22 2342.236 67421.33          28785                148887.8  2443 .39g  .103o  11.7
   243  4.27 1  0  4255 2036:08:26 2370.702 68283.03          28803                148548.7  2448 .39g -.096g  11.3
   244  3.05 1  0  4258 2036:08:29 2390.691 68888.78          28815                148295.1  2452 .39g  .070o  8.59
   245  3.05 1  0  4261 2036:09:01 2410.377 69485.62          28828                148043.0  2455 .39g  .063o  8.29
   246w 4.86 1  0  4266 2036:09:06 2441.252 70422.24          28847                147690.9  2461 .39g  .111o  11.3
   247  4.37 1  0  4270 2036:09:10 2468.435 71247.63          28863                147389.0  2466 .39g  .097o  10.5
   248  4.49 1  0  4275 2036:09:15 2495.530 72070.33          28880                147067.7  2471 .39g  .099o  11.1
   249  4.52 1  0  4279 2036:09:19 2522.124 72878.76          28896                146761.4  2476 .39g  .099o  10.8
   250  4.56 1  0  4284 2036:09:24 2548.266 73673.89          28911                146440.9  2480 .39g  .094o  10.6
   251  3.60 1  0  4287 2036:09:27 2568.582 74292.45          28924                146194.9  2484 .39g  .078o  8.28
   252  3.60 1  0  4291 2036:10:01 2588.456 74897.51          28935                145952.8  2488 .39g  .076o  7.77
   253w 4.71 1  0  4296 2036:10:06 2613.847 75671.12          28950                145658.2  2493 .40g  .101o  10.2
   254  4.67 1  0  4300 2036:10:10 2638.473 76422.11          28965                145378.2  2497 .40g  .091o   9.8
   255  5.15 1  0  4306 2036:10:16 2664.878 77227.82          28980                145083.3  2502 .40g  .107o  10.2
   256  4.80 1  0  4310 2036:10:20 2688.680 77954.18          28993                144801.4  2507 .40g  .098o   9.8
   257  4.88 1  0  4315 2036:10:25 2712.018 78666.83          29007                144514.9  2511 .40g  .100o   9.9
   258  3.40 1  0  4319 2036:10:29 2727.827 79149.83          29016                144313.6  2515 .40g  .068o  7.09
   259  3.40 1  0  4322 2036:11:01 2743.455 79627.99          29025                144117.8  2518 .40g  .065o  6.50
   260w 5.24 1  0  4327 2036:11:06 2767.159 80353.50          29038                143850.2  2522 .40g  .106o  9.20

                                    I M E X   T I M E   S T E P   S U M M A R Y
 ==================================================================================================================
    Time Step           Time                  Total Production             Total Injection  Total Max. Max. Change
 ---------------- ---------------- -------------------------------------- -----------------  PV   Mat. ------------
                C                    Oil      Gas     Water   GOR.  Wat.    Gas     Water   Avg.  bal. Satur. Pres.
        Size    U                                             SCF/   Cut                    Pres. err. DSMAX  DPMAX
  No.   Days IT T Days   yy:mm:dd   STB/D    MCF/D    STB/D    STB    %    MCF/D    STB/D   psia   %          psia
 ------ ---- -- - ----- ---------- -------- -------- -------- ----- ----- -------- -------- ----- ---- ------ -----
   261  4.93 1  0  4332 2036:11:11 2788.708 81013.01          29050                143608.5  2527 .40g  .100o  8.86
   262  4.93 1  0  4337 2036:11:16 2809.380 81645.94          29062                143357.9  2531 .40g  .098o  8.95
   263  5.04 1  0  4342 2036:11:21 2829.837 82272.99          29073                143105.8  2535 .40g  .094o  8.80
   264  4.93 1  0  4347 2036:11:26 2849.379 82872.61          29084                142864.9  2539 .40g  .096o  8.65
   265  4.93 1  0  4352 2036:12:01 2868.229 83450.88          29095                142629.5  2543 .40g  .097o  8.26
   266w 5.11 1  0  4357 2036:12:06 2887.144 84031.79          29106                142395.3  2547 .41g  .099o  8.23
   267  5.16 1  0  4362 2036:12:11 2905.604 84599.08          29116                142175.1  2551 .41g  .099o  8.06
   268  5.21 1  0  4367 2036:12:16 2923.747 85158.74          29127                141956.1  2555 .41g  .093o  8.31
   269  5.62 1  0  4373 2036:12:22 2942.579 85740.78          29138                141725.9  2559 .41g  .106o  8.62
   270  4.95 1  0  4378 2036:12:27 2958.465 86233.14          29148                141521.7  2563 .41g  .091o  7.75
   271  4.95 1  0  4383 2037:01:01 2973.417 86696.75          29157                141320.4  2566 .41g  .093o  7.35
   272w 5.34 1  0  4388 2037:01:06 2989.144 87185.98          29168                141112.5  2570 .41g  .097o  7.78
   273  5.49 1  0  4394 2037:01:12 3005.042 87681.36          29178                140910.1  2574 .41g  .102o  7.53
   274  5.40 1  0  4399 2037:01:17 3020.098 88151.07          29188                140723.9  2577 .41g  .097o -7.53
   275  5.57 1  0  4405 2037:01:23 3034.588 88603.37          29198                140531.3  2581 .41g  .100o -8.33
   276  4.61 1  0  4409 2037:01:27 3045.882 88956.35          29205                140369.5  2584 .41g  .082o -6.58
   277  4.61 1  0  4414 2037:02:01 3056.878 89301.11          29213                140213.5  2587 .42g  .080o -6.17
   278w 5.77 1  0  4420 2037:02:07 3070.253 89721.18          29223                140029.2  2591 .42g  .106o -7.71
   279  5.47 1  0  4425 2037:02:12 3082.259 90098.81          29231                139857.9  2594 .42g  .095o -7.94
   280  5.72 1  0  4431 2037:02:18 3094.209 90475.37          29240                139683.6  2597 .42g  .100o -7.69

                                    I M E X   T I M E   S T E P   S U M M A R Y
 ==================================================================================================================
    Time Step           Time                  Total Production             Total Injection  Total Max. Max. Change
 ---------------- ---------------- -------------------------------------- -----------------  PV   Mat. ------------
                C                    Oil      Gas     Water   GOR.  Wat.    Gas     Water   Avg.  bal. Satur. Pres.
        Size    U                                             SCF/   Cut                    Pres. err. DSMAX  DPMAX
  No.   Days IT T Days   yy:mm:dd   STB/D    MCF/D    STB/D    STB    %    MCF/D    STB/D   psia   %          psia
 ------ ---- -- - ----- ---------- -------- -------- -------- ----- ----- -------- -------- ----- ---- ------ -----
   281  5.52 1  0  4436 2037:02:23 3105.297 90825.55          29249                139521.4  2601 .42g  .097o -7.88
   282  5.52 1  0  4442 2037:03:01 3115.977 91163.60          29257                139365.3  2604 .42g  .098o -8.01
   283w 5.63 1  0  4448 2037:03:07 3126.133 91485.50          29265                139205.4  2607 .42g  .101o -7.99
   284  5.57 1  0  4453 2037:03:12 3135.315 91777.19          29272                139048.3  2610 .42g  .094o -8.03
   285  5.93 1  0  4459 2037:03:18 3144.606 92073.41          29280                138892.9  2613 .42g  .101o -7.94
   286  5.88 1  0  4465 2037:03:24 3153.223 92348.89          29287                138749.7  2617 .42g  .104o -7.69
   287  3.99 1  0  4469 2037:03:28 3158.692 92524.07          29292                138649.4  2619 .43g  .069o -5.93
   288  3.99 1  0  4473 2037:04:01 3163.774 92687.25          29296                138547.3  2621 .43g  .068o -5.99
   289w 5.85 1  0  4479 2037:04:07 3171.225 92927.68          29303                138406.2  2624 .43g  .102o -8.72
   290  5.72 1  0  4485 2037:04:13 3178.125 93150.76          29310                138272.4  2627 .43g  .097o -8.07
   291  5.90 1  0  4490 2037:04:18 3184.782 93366.62          29316                138135.8  2630 .43g  .101o -8.08
   292  5.83 1  0  4496 2037:04:24 3190.613 93556.42          29322                138003.3  2633 .43g  .099o -7.98
   293  3.35 1  0  4500 2037:04:28 3193.162 93639.44          29325                137925.0  2634 .43g  .056o -5.15
   294  3.35 1  0  4503 2037:05:01 3195.685 93723.24          29328                137847.1  2636 .43g  .056o -4.92
   295w 5.93 1  0  4509 2037:05:07 3200.784 93892.06          29334                137724.5  2639 .43g  .100o -8.02
   296  5.92 1  0  4515 2037:05:13 3205.274 94040.95          29339                137603.3  2642 .43g  .101o -7.67
   297  5.85 1  0  4521 2037:05:19 3209.295 94175.46          29345                137486.0  2644 .44g  .099o -9.24
   298  5.92 1  0  4527 2037:05:25 3212.470 94283.20          29349                137369.7  2647 .44g  .100o -9.22
   299  3.69 1  0  4530 2037:05:28 3213.854 94331.61          29352                137291.0  2649 .44g  .058o -5.46
   300  3.69 1  0  4534 2037:06:01 3215.217 94380.14          29354                137209.2  2651 .44g  .062o -5.64

                                    I M E X   T I M E   S T E P   S U M M A R Y
 ==================================================================================================================
    Time Step           Time                  Total Production             Total Injection  Total Max. Max. Change
 ---------------- ---------------- -------------------------------------- -----------------  PV   Mat. ------------
                C                    Oil      Gas     Water   GOR.  Wat.    Gas     Water   Avg.  bal. Satur. Pres.
        Size    U                                             SCF/   Cut                    Pres. err. DSMAX  DPMAX
  No.   Days IT T Days   yy:mm:dd   STB/D    MCF/D    STB/D    STB    %    MCF/D    STB/D   psia   %          psia
 ------ ---- -- - ----- ---------- -------- -------- -------- ----- ----- -------- -------- ----- ---- ------ -----
   301w 5.99 1  0  4540 2037:06:07 3217.912 94474.46          29359                137084.6  2654 .44g  .104o -8.43
   302  5.76 1  0  4546 2037:06:13 3219.771 94541.19          29363                136969.2  2656 .44g  .097o -8.48
   303  5.96 1  0  4552 2037:06:19 3220.575 94574.95          29366                136847.6  2659 .44g  .101o -8.56
   304  5.92 1  0  4558 2037:06:25 3221.520 94614.45          29370                136730.5  2662 .44g  .099o -7.93
   305  6.38 1  0  4564 2037:07:01 3221.980 94638.82          29373                136605.9  2665 .45g  .109o  -9.8
   306w 5.86 1  0  4570 2037:07:07 3221.821 94642.77          29376                136489.0  2667 .45g  .101o -9.32
   307  5.82 1  0  4576 2037:07:13 3220.522 94610.66          29377                136369.9  2670 .45g  .099o -8.89
   308  5.90 1  0  4582 2037:07:19 3218.245 94548.23          29379                136243.7  2673 .45g  .100o -8.34
   309  5.88 1  0  4587 2037:07:24 3215.926 94485.24          29380                136110.6  2676 .45g  .103o -8.96
   310  3.77 1  0  4591 2037:07:28 3213.916 94428.07          29381                136023.3  2677 .45g  .064o -5.49
   311  3.77 1  0  4595 2037:08:01 3211.570 94360.30          29381                135935.0  2679 .45g  .064o -5.23
   312w 5.86 1  0  4601 2037:08:07 3207.503 94241.86          29382                135796.0  2682 .46g  .102o -8.09
   313  5.76 1  0  4607 2037:08:13 3203.302 94119.65          29382                135652.5  2685 .46g  .099o -8.50
   314  5.84 1  0  4612 2037:08:18 3198.137 93966.67          29382                135498.8  2688 .46g  .101o  -9.6
   315  5.78 1  0  4618 2037:08:24 3191.443 93765.37          29380                135341.4  2691 .46g  .101o  10.1
   316  3.89 1  0  4622 2037:08:28 3185.779 93592.88          29378                135227.9  2693 .46g  .068o  7.93
   317  3.89 1  0  4626 2037:09:01 3179.322 93396.15          29376                135105.1  2695 .46g  .069o  8.11
   318w 5.63 1  0  4632 2037:09:07 3168.627 93069.07          29372                134907.3  2699 .46g  .097o  12.4
   319  5.79 2  0  4637 2037:09:12 3153.502 92599.93          29364                134673.3  2703 .46g  .098o  14.0
   320  5.91 1  0  4643 2037:09:18 3136.485 92074.92          29356                134412.0  2707 .47g -.105g  14.4

                                    I M E X   T I M E   S T E P   S U M M A R Y
 ==================================================================================================================
    Time Step           Time                  Total Production             Total Injection  Total Max. Max. Change
 ---------------- ---------------- -------------------------------------- -----------------  PV   Mat. ------------
                C                    Oil      Gas     Water   GOR.  Wat.    Gas     Water   Avg.  bal. Satur. Pres.
        Size    U                                             SCF/   Cut                    Pres. err. DSMAX  DPMAX
  No.   Days IT T Days   yy:mm:dd   STB/D    MCF/D    STB/D    STB    %    MCF/D    STB/D   psia   %          psia
 ------ ---- -- - ----- ---------- -------- -------- -------- ----- ----- -------- -------- ----- ---- ------ -----
   321  5.61 1  0  4649 2037:09:24 3116.690 91460.76          29345                134134.1  2711 .47g -.102g  15.7
   322  3.53 1  0  4652 2037:09:27 3101.834 90998.02          29337                133942.4  2714 .47g  .068o  10.8
   323  3.53 1  0  4656 2037:10:01 3086.203 90513.44          29328                133732.0  2717 .47g  .070o  12.0
   324w 5.03 2  0  4661 2037:10:06 3060.633 89718.16          29314                133393.5  2721 .47g  .102o  17.7
   325  4.91 2  0  4666 2037:10:11 3034.457 88906.61          29299                133033.3  2726 .47g  .105o  17.2
   326  4.68 2  0  4671 2037:10:16 3008.260 88094.63          29284                132660.1  2731 .47g  .112o  16.0
   327  4.19 1  0  4675 2037:10:20 2984.612 87362.83          29271                132305.6  2736 .47g  .108o  14.6
   328  3.87 1  0  4679 2037:10:24 2961.702 86652.63          29258                131963.1  2741 .47g  .128o  15.4
   329  3.03 1  0  4682 2037:10:27 2943.007 86072.92          29247                131685.8  2744 .47g  .105o  12.2
   330  2.65 1  0  4684 2037:10:29 2925.467 85528.19          29236                131434.3  2748 .47g  .096o  14.0
   331  2.65 1  0  4687 2037:11:01 2907.294 84965.08          29225                131176.7  2751 .47g  .105o  11.8
   332w 2.52 1  0  4690 2037:11:04 2889.647 84418.90          29214                130925.3  2754 .47g  .100o  13.2
   333  2.51 1  0  4692 2037:11:06 2872.093 83876.45          29204                130668.3  2758 .47g  .096o  12.8
   334  2.60 1  0  4695 2037:11:09 2854.109 83321.38          29193                130393.9  2761 .47g  .110o  11.6
   335  2.36 1  0  4697 2037:11:11 2837.802 82817.81          29184                130138.9  2765 .47g  .101o  13.7
   336  2.34 1  0  4699 2037:11:13 2821.260 82306.32          29174                129880.9  2768 .47g  .081o  13.1
   337  2.89 2  0  4702 2037:11:16 2799.606 81635.74          29160                129554.3  2773 .48g  .113o  15.0
   338  2.56 1  0  4705 2037:11:19 2781.799 81088.23          29150                129258.6  2776 .48g  .106o  11.6
   339  2.42 1  0  4707 2037:11:21 2764.783 80562.67          29139                128975.0  2780 .48g  .084o  13.8
   340  2.88 2  0  4710 2037:11:24 2741.997 79856.76          29124                128628.9  2785 .48g  .115o  15.0

                                    I M E X   T I M E   S T E P   S U M M A R Y
 ==================================================================================================================
    Time Step           Time                  Total Production             Total Injection  Total Max. Max. Change
 ---------------- ---------------- -------------------------------------- -----------------  PV   Mat. ------------
                C                    Oil      Gas     Water   GOR.  Wat.    Gas     Water   Avg.  bal. Satur. Pres.
        Size    U                                             SCF/   Cut                    Pres. err. DSMAX  DPMAX
  No.   Days IT T Days   yy:mm:dd   STB/D    MCF/D    STB/D    STB    %    MCF/D    STB/D   psia   %          psia
 ------ ---- -- - ----- ---------- -------- -------- -------- ----- ----- -------- -------- ----- ---- ------ -----
   341  2.50 1  0  4713 2037:11:27 2723.221 79279.23          29112                128323.4  2789 .48g  .105o  12.3
   342  2.20 1  0  4715 2037:11:29 2706.811 78773.88          29102                128051.4  2793 .48g  .084o  11.0
   343  2.20 1  0  4717 2037:12:01 2690.443 78269.63          29092                127775.2  2796 .48g  .078o  13.3
   344w 2.81 2  0  4720 2037:12:04 2668.166 77581.21          29077                127413.2  2801 .48g  .114o  13.5
   345  2.46 1  0  4722 2037:12:06 2649.243 76998.85          29064                127087.6  2806 .48g  .107o  12.8
   346  2.30 1  0  4725 2037:12:09 2632.010 76468.34          29053                126780.3  2810 .48g  .085o  13.9
   347  2.72 1  0  4727 2037:12:11 2610.231 75795.51          29038                126413.0  2815 .48g  .123o  13.6
   348  2.21 1  0  4729 2037:12:13 2592.344 75244.67          29026                126111.9  2819 .48g  .102o  11.7
   349  2.16 1  0  4732 2037:12:16 2574.117 74682.75          29013                125814.4  2823 .48g  .101o  15.3
   350  2.13 1  0  4734 2037:12:18 2555.619 74112.60          29000                125516.9  2827 .48g  .089o  13.6
   351  2.39 1  0  4736 2037:12:20 2535.712 73500.55          28986                125177.2  2832 .48g  .112o  12.4
   352  2.14 1  0  4738 2037:12:22 2515.877 72886.42          28971                124868.4  2836 .48g  .097o  13.3
   353  2.21 2  0  4741 2037:12:25 2492.092 72150.97          28952                124541.3  2841 .48g  .096o  14.4
   354  2.31 1  0  4743 2037:12:27 2470.933 71503.23          28938                124192.5  2846 .48g  .102o  12.5
   355  2.27 1  0  4745 2037:12:29 2450.189 70864.73          28922                123844.2  2851 .48g  .107o  12.0
   356  1.45 1  0  4747 2037:12:31 2435.983 70424.73          28910                123618.7  2854 .48g  .068o   9.9
   357  1.45 1  0  4748 2038:01:01 2421.442 69976.65          28899                123389.6  2857 .48g  .069o  9.30
   358w 2.11 1  0  4750 2038:01:03 2400.887 69343.20          28882                123049.2  2862 .48g  .100o  13.3
   359  2.10 1  0  4752 2038:01:05 2378.340 68646.27          28863                122703.7  2867 .48g  .102o  13.3
   360  2.07 1  0  4754 2038:01:07 2355.130 67927.90          28843                122357.8  2872 .48g  .102o  11.7

                                    I M E X   T I M E   S T E P   S U M M A R Y
 ==================================================================================================================
    Time Step           Time                  Total Production             Total Injection  Total Max. Max. Change
 ---------------- ---------------- -------------------------------------- -----------------  PV   Mat. ------------
                C                    Oil      Gas     Water   GOR.  Wat.    Gas     Water   Avg.  bal. Satur. Pres.
        Size    U                                             SCF/   Cut                    Pres. err. DSMAX  DPMAX
  No.   Days IT T Days   yy:mm:dd   STB/D    MCF/D    STB/D    STB    %    MCF/D    STB/D   psia   %          psia
 ------ ---- -- - ----- ---------- -------- -------- -------- ----- ----- -------- -------- ----- ---- ------ -----
   361  2.03 1  0  4756 2038:01:09 2332.772 67238.86          28824                122012.6  2877 .48g  .098o  14.7
   362  2.07 1  0  4758 2038:01:11 2311.956 66598.88          28806                121653.5  2882 .48g  .115o  14.2
   363  1.80 1  0  4760 2038:01:13 2290.029 65917.33          28784                121336.3  2886 .48g  .081o  15.8
   364  2.22 1  0  4762 2038:01:15 2263.495 65093.92          28758                120934.6  2892 .48g  .111o  14.3
   365  2.01 1  0  4764 2038:01:17 2238.260 64314.49          28734                120564.9  2898 .48g  .114o  12.5
   366  1.77 1  0  4766 2038:01:19 2211.952 63493.04          28705                120232.9  2903 .48g  .091o  17.2
   367  1.94 1  0  4768 2038:01:21 2186.845 62711.14          28677                119860.8  2908 .49g  .109o  14.4
   368  1.78 1  0  4770 2038:01:23 2161.806 61931.26          28648                119511.3  2913 .49g  .096o  13.6
   369  1.86 1  0  4772 2038:01:25 2133.761 61045.57          28609                119137.9  2919 .49g  .101o  12.9
   370  1.84 1  0  4774 2038:01:27 2105.343 60169.35          28579                118760.9  2924 .49g  .094o  16.6
   371  1.96 1  0  4776 2038:01:29 2076.988 59277.85          28540                118347.1  2931 .49g  .120o  15.9
   372  1.64 1  0  4777 2038:01:30 2049.908 58413.61          28496                117994.0  2936 .49g  .094o  18.0
   373  1.81 1  0  4779 2038:02:01 2020.671 57479.40          28446                117594.3  2942 .49g  .109o  15.3
   374w 1.65 1  0  4781 2038:02:03 1988.375 56434.44          28382                117220.6  2948 .49g  .109o  13.4
   375  1.52 1  0  4782 2038:02:04 1955.072 55338.09          28305                116868.8  2953 .49g  .089o  19.2
   376  1.71 1  0  4784 2038:02:06 1926.151 54335.33          28209                116463.7  2959 .49g  .111o  15.7
   377  1.53 1  0  4785 2038:02:07 1894.382 53203.72          28085                116091.1  2965 .49g  .100o  17.5
   378  1.54 1  0  4787 2038:02:09 1857.601 51987.78          27987                115707.5  2971 .49g  .103o  15.8
   379  1.50 1  0  4788 2038:02:10 1823.591 50717.60          27812                115324.2  2977 .49g  .103o  17.5
   380  1.46 1  0  4790 2038:02:12 1791.191 49422.39          27592                114942.0  2983 .49g  .111o  18.8

                                    I M E X   T I M E   S T E P   S U M M A R Y
 ==================================================================================================================
    Time Step           Time                  Total Production             Total Injection  Total Max. Max. Change
 ---------------- ---------------- -------------------------------------- -----------------  PV   Mat. ------------
                C                    Oil      Gas     Water   GOR.  Wat.    Gas     Water   Avg.  bal. Satur. Pres.
        Size    U                                             SCF/   Cut                    Pres. err. DSMAX  DPMAX
  No.   Days IT T Days   yy:mm:dd   STB/D    MCF/D    STB/D    STB    %    MCF/D    STB/D   psia   %          psia
 ------ ---- -- - ----- ---------- -------- -------- -------- ----- ----- -------- -------- ----- ---- ------ -----
   381  1.32 1  0  4791 2038:02:13 1761.336 48112.46          27316                114587.6  2989 .49g  .099o  16.8
   382  1.33 1  0  4793 2038:02:15 1730.920 46635.99          26943                114220.6  2995 .49g  .104o  22.3
   383  1.28 1  0  4794 2038:02:16 1710.105 45200.24          26431                113859.3  3001 .49g  .104o  17.4
   384  1.24 1  0  4795 2038:02:17 1691.608 43393.16          25652                113501.9  3006 .49g  .111o  22.8
   385  1.11 1  0  4796 2038:02:18 1685.241 41722.84          24758                113171.0  3012 .49g  .097o  21.1
   386  1.15 2  0  4797 2038:02:19 1691.626 38756.78          22911                112817.9  3018 .49g  .099o  25.7
   387  1.17 2  0  4799 2038:02:21 1759.643 36339.21          20651                112448.7  3025 .49g  .105o  23.7
   388  1.11 2  0  4800 2038:02:22 1905.413 33199.00          17424                112085.3  3031 .49g  .091o  28.8
   389  1.22 2  0  4801 2038:02:23 2366.543 26379.77          11147                111668.5  3040 .49g  .104o  45.9
   390  1.17 2  0  4802 2038:02:24 3202.008 19546.30           6104                111249.3  3048 .49g  .096o  59.1
   391  1.22 1  0  4803 2038:02:25 4612.172 14444.93           3132                110786.4  3058 .49g  .082o  63.4
   392  1.49 2  0  4805 2038:02:27 6467.203 13121.60           2029                110166.9  3072 .49g  .109o  83.2
   393  1.12 1  0  4806 2038:02:28 7881.886 12170.33           1544                109667.3  3084 .49g  .081o  59.7
   394  1.12 1  0  4807 2038:03:01 9499.244 11118.96           1171                109126.3  3096 .49g  .073o  67.8
   395w 1.54 1  0  4809 2038:03:03 11607.18 10984.76          946.4                108295.8  3113 .49g  .087o  70.9
   396  1.76 1  0  4810 2038:03:04 13304.63 11209.97          842.6                107231.5  3134 .49g  .065o  64.3
   397  2.68 1  0  4813 2038:03:07 14986.26 11552.81          770.9                105387.5  3164 .49g  .051o  68.7
   398  5.30 1  0  4818 2038:03:12 16822.13 12575.93          747.6                101364.3  3222 .49g  .027o  81.5
   399  19.7 1  0  4838 2038:04:01 20339.24 15175.59          746.1                88175.32  3390 .49g -.046o   190
   400w 30.0 3  0  4868 2038:05:01 23503.20 17388.01          739.8                73856.62  3565 .49g -.062o  -215

                                    I M E X   T I M E   S T E P   S U M M A R Y
 ==================================================================================================================
    Time Step           Time                  Total Production             Total Injection  Total Max. Max. Change
 ---------------- ---------------- -------------------------------------- -----------------  PV   Mat. ------------
                C                    Oil      Gas     Water   GOR.  Wat.    Gas     Water   Avg.  bal. Satur. Pres.
        Size    U                                             SCF/   Cut                    Pres. err. DSMAX  DPMAX
  No.   Days IT T Days   yy:mm:dd   STB/D    MCF/D    STB/D    STB    %    MCF/D    STB/D   psia   %          psia
 ------ ---- -- - ----- ---------- -------- -------- -------- ----- ----- -------- -------- ----- ---- ------ -----
   401w 31.0 1  0  4899 2038:06:01 25663.76 18762.54          731.1                63736.26  3688 .49g -.073o   135
   402w 30.0 1  0  4929 2038:07:01 27098.75 19757.23          729.1                56990.75  3770 .49g -.064o  90.4
   403w 31.0 1  0  4960 2038:08:01 28105.11 20484.53          728.9                52269.48  3827 .49g  .074w  64.0
   404w 31.0 1  0  4991 2038:09:01 28791.78 20999.67          729.4                49078.36  3866 .50g  .074w  43.7
   405w 30.0 1  0  5021 2038:10:01 29247.19 21355.10          730.2                46973.43  3891 .50g -.074o  30.6
   406w 31.0 1  0  5052 2038:11:01 29570.85 21619.78          731.1                45512.19  3909 .50g  .076w  22.1
   407w 30.0 1  0  5082 2038:12:01 29787.13 21806.99          732.1                44563.43  3921 .50g  .075w  16.1
   408w 31.0 1  0  5113 2039:01:01 29941.44 21950.10          733.1                43912.02  3929 .50g -.083o -13.7
   409w 31.0 1  0  5144 2039:02:01 30049.58 22058.81          734.1                43485.14  3934 .51g  .085w -11.6
   410w 28.0 1  0  5172 2039:03:01 30120.77 22136.66          734.9                43230.34  3938 .51g -.076o -9.11
   411w 31.0 1  0  5203 2039:04:01 30176.07 22204.02          735.8                43053.39  3940 .51g  .088w  9.05
   412w 30.0 1  0  5233 2039:05:01 30215.60 22257.17          736.6                42958.70  3942 .51g -.087o  -9.9
   413w 31.0 1  0  5264 2039:06:01 30243.13 22300.18          737.4                42903.47  3943 .51g  .092w -11.5
   414w 30.0 1  0  5294 2039:07:01 30265.97 22336.89          738.0                42876.59  3944 .52g -.093o  10.2
   415w 31.0 1  0  5325 2039:08:01 30281.73 22366.87          738.6                42871.16  3944 .52g -.109o  13.5
   416w 31.0 2  0  5356 2039:09:01 30290.98 22390.53          739.2                42856.82  3945 .52g  .078w  10.6
   417w 30.0 1  0  5386 2039:10:01 30291.24 22406.37          739.7                42864.41  3945 .52g  .084w  17.4
   418w 31.0 3  0  5417 2039:11:01 30281.38 22420.74          740.4                42860.19  3946 .53g -.074o  13.3
   419w 30.0 5  0  5447 2039:12:01 30050.15 22290.29 243.0982 741.8 .8025          42838.35  3947 .53g  .072w  10.9
   420w 31.0 2  0  5478 2040:01:01 29202.70 21755.21 846.0714 745.0 2.816          42711.98  3950 .53g -.074o  12.0

                                    I M E X   T I M E   S T E P   S U M M A R Y
 ==================================================================================================================
    Time Step           Time                  Total Production             Total Injection  Total Max. Max. Change
 ---------------- ---------------- -------------------------------------- -----------------  PV   Mat. ------------
                C                    Oil      Gas     Water   GOR.  Wat.    Gas     Water   Avg.  bal. Satur. Pres.
        Size    U                                             SCF/   Cut                    Pres. err. DSMAX  DPMAX
  No.   Days IT T Days   yy:mm:dd   STB/D    MCF/D    STB/D    STB    %    MCF/D    STB/D   psia   %          psia
 ------ ---- -- - ----- ---------- -------- -------- -------- ----- ----- -------- -------- ----- ---- ------ -----
   421w 31.0 2  0  5509 2040:02:01 27725.54 20786.33 1790.519 749.7 6.066          42360.17  3955 .53g  .059w  24.1
   422w 29.0 2  0  5538 2040:03:01 26121.64 19723.95 3145.799 755.1 10.75          41889.47  3963 .53g  .065w -24.8
   423w 31.0 1  0  5569 2040:04:01 24922.44 18924.64 4377.011 759.3 14.94          41372.75  3970 .54g -.085o -17.9
   424w 30.0 2  0  5599 2040:05:01 23494.48 17969.52 5957.650 764.8 20.23          40895.72  3977 .54g -.051o  19.8
   425w 31.0 1  0  5630 2040:06:01 22446.14 17253.34 7370.290 768.7 24.72          40460.78  3983 .54g -.037o -23.2
   426w 30.0 1  0  5660 2040:07:01 21872.41 16858.49 8371.484 770.8 27.68          40217.79  3986 .54g -.028o -16.4
   427w 31.0 2  0  5691 2040:08:01 21371.24 16509.33 9410.085 772.5 30.57          40134.15  3987 .54g -.029o -15.9
   428w 31.0 1  0  5722 2040:09:01 20973.77 16227.84 10226.38 773.7 32.78          40154.78  3987 .54g -.030o -14.8
   429w 30.0 1  0  5752 2040:10:01 20637.01 15987.11 10917.91 774.7 34.60          40206.38  3987 .55g -.029o -13.5
   430w 31.0 1  0  5783 2040:11:01 20335.92 15769.13 11556.95 775.4 36.24          40314.86  3986 .55g -.029o -12.9
   431w 30.0 1  0  5813 2040:12:01 20146.56 15625.62 12239.69 775.6 37.79          40444.68  3985 .55g -.041o -10.6
   432w 31.0 1  0  5844 2041:01:01 19910.78 15452.52 12760.84 776.1 39.06          40659.04  3982 .55g -.027o -9.46
   433w 31.0 1  0  5875 2041:02:01 19727.38 15315.61 13278.77 776.4 40.23          40889.76  3980 .55g -.028o -8.86
   434w 28.0 1  0  5903 2041:03:01 19573.28 15199.12 13759.67 776.5 41.28          41112.86  3977 .55g  .028w -7.50
   435w 31.0 1  0  5934 2041:04:01 19414.67 15078.82 14223.39 776.7 42.28          41352.86  3975 .55g  .031w -8.54
   436w 30.0 1  0  5964 2041:05:01 19262.65 14963.23 14671.98 776.8 43.24          41589.85  3972 .56g -.028o -8.15
   437w 31.0 1  0  5995 2041:06:01 19109.12 14846.43 15123.21 776.9 44.18          41832.96  3969 .56g  .030w -7.53
   438w 30.0 1  0  6025 2041:07:01 18968.39 14738.41 15547.04 777.0 45.04          42069.04  3967 .56g -.029o -6.99
   439w 31.0 1  0  6056 2041:08:01 18834.59 14634.57 15947.07 777.0 45.85          42304.82  3964 .56g -.031o -7.03
   440w 31.0 1  0  6087 2041:09:01 18703.10 14532.37 16345.77 777.0 46.64          42535.45  3962 .56g -.033o -7.01

                                    I M E X   T I M E   S T E P   S U M M A R Y
 ==================================================================================================================
    Time Step           Time                  Total Production             Total Injection  Total Max. Max. Change
 ---------------- ---------------- -------------------------------------- -----------------  PV   Mat. ------------
                C                    Oil      Gas     Water   GOR.  Wat.    Gas     Water   Avg.  bal. Satur. Pres.
        Size    U                                             SCF/   Cut                    Pres. err. DSMAX  DPMAX
  No.   Days IT T Days   yy:mm:dd   STB/D    MCF/D    STB/D    STB    %    MCF/D    STB/D   psia   %          psia
 ------ ---- -- - ----- ---------- -------- -------- -------- ----- ----- -------- -------- ----- ---- ------ -----
   441w 30.0 1  0  6117 2041:10:01 18578.50 14435.13 16731.64 777.0 47.38          42755.30  3959 .56g -.031o -6.62
   442w 31.0 1  0  6148 2041:11:01 18453.91 14337.75 17113.36 776.9 48.12          42976.03  3957 .57g  .030w -6.43
   443w 30.0 1  0  6178 2041:12:01 18347.21 14252.80 17445.61 776.8 48.74          43177.55  3955 .57g  .031w -6.03
   444w 31.0 1  0  6209 2042:01:01 18237.73 14165.09 17770.34 776.7 49.35          43378.44  3953 .57g -.031o -6.11
   445w 31.0 1  0  6240 2042:02:01 18135.17 14081.93 18112.99 776.5 49.97          43568.21  3951 .57g -.033o -6.26
   446w 28.0 1  0  6268 2042:03:01 18044.11 14007.11 18368.65 776.3 50.45          43744.05  3949 .57g -.031o -5.74
   447w 31.0 1  0  6299 2042:04:01 17943.00 13928.20 18854.29 776.2 51.24          43970.40  3947 .57g  .034w -6.03
   448w 30.0 1  0  6329 2042:05:01 17864.01 13864.21 19225.02 776.1 51.83          44199.81  3944 .57g  .033w -5.92
   449w 31.0 1  0  6360 2042:06:01 17791.26 13803.60 19554.02 775.9 52.36          44428.29  3942 .58g -.035o -6.30
   450w 30.0 1  0  6390 2042:07:01 17712.83 13739.75 19894.70 775.7 52.90          44660.10  3940 .58g  .037w -5.78
   451w 31.0 1  0  6421 2042:08:01 17636.31 13677.13 20228.94 775.5 53.42          44887.60  3937 .58g -.038o -5.95
   452w 31.0 1  0  6452 2042:09:01 17561.87 13616.14 20554.32 775.3 53.93          45114.43  3935 .58g  .034w -6.14
   453w 30.0 1  0  6482 2042:10:01 17491.83 13558.67 20860.60 775.1 54.39          45332.21  3932 .58g  .033w -5.81
   454w 31.0 1  0  6513 2042:11:01 17424.21 13502.54 21158.28 774.9 54.84          45550.50  3930 .58g -.038o -6.14
   455w 30.0 1  0  6543 2042:12:01 17359.81 13448.98 21441.32 774.7 55.26          45758.29  3928 .59g -.038o -5.98
   456w 31.0 1  0  6574 2043:01:01 17294.06 13394.34 21733.41 774.5 55.69          45967.26  3926 .59g -.039o -6.18
   457w 31.0 1  0  6605 2043:02:01 17229.17 13340.39 22022.05 774.3 56.11          46171.03  3924 .59g  .037w -6.19
   458w 28.0 1  0  6633 2043:03:01 17174.40 13294.28 22265.43 774.1 56.45          46355.01  3922 .59g -.036o -5.62
   459w 31.0 1  0  6664 2043:04:01 17114.17 13243.55 22534.62 773.8 56.84          46550.24  3920 .59g -.044o -6.25
   460w 30.0 1  0  6694 2043:05:01 17055.93 13194.61 22795.26 773.6 57.20          46737.02  3918 .59g -.040o -6.07

                                    I M E X   T I M E   S T E P   S U M M A R Y
 ==================================================================================================================
    Time Step           Time                  Total Production             Total Injection  Total Max. Max. Change
 ---------------- ---------------- -------------------------------------- -----------------  PV   Mat. ------------
                C                    Oil      Gas     Water   GOR.  Wat.    Gas     Water   Avg.  bal. Satur. Pres.
        Size    U                                             SCF/   Cut                    Pres. err. DSMAX  DPMAX
  No.   Days IT T Days   yy:mm:dd   STB/D    MCF/D    STB/D    STB    %    MCF/D    STB/D   psia   %          psia
 ------ ---- -- - ----- ---------- -------- -------- -------- ----- ----- -------- -------- ----- ---- ------ -----
   461w 31.0 1  0  6725 2043:06:01 16996.39 13144.62 23061.33 773.4 57.57          46925.34  3916 .59g  .035w -6.26
   462w 30.0 1  0  6755 2043:07:01 16941.82 13098.36 23305.86 773.1 57.91          47104.02  3914 .60g  .037w -6.09
   463w 31.0 1  0  6786 2043:08:01 16886.98 13051.71 23553.42 772.9 58.24          47284.27  3913 .60g -.041o -6.31
   464w 31.0 1  0  6817 2043:09:01 16833.05 13005.75 23799.01 772.6 58.57          47460.67  3911 .60g  .042w -6.37
   465w 30.0 1  0  6847 2043:10:01 16781.90 12962.05 24032.75 772.4 58.88          47630.12  3909 .60g  .038w -6.27
   466w 31.0 1  0  6878 2043:11:01 16732.87 12919.59 24259.82 772.1 59.18          47791.91  3908 .60g -.045o -6.24
   467w 30.0 1  0  6908 2043:12:01 16686.72 12879.37 24473.89 771.8 59.46          47951.80  3906 .60g -.042o -6.03
   468w 31.0 1  0  6939 2044:01:01 16639.41 12838.11 24695.61 771.5 59.75          48111.96  3905 .61g  .039w -6.36
   469w 31.0 1  0  6970 2044:02:01 16592.85 12797.47 24916.01 771.3 60.03          48271.71  3903 .61g -.039o -6.10
   470w 29.0 1  0  6999 2044:03:01 16552.96 12761.78 25105.57 771.0 60.27          48416.05  3902 .61g  .042w -5.63
   471w 31.0 1  0  7030 2044:04:01 16500.75 12716.67 25301.91 770.7 60.53          48569.64  3900 .61g  .044w -5.89
   472w 30.0 1  0  7060 2044:05:01 16459.13 12679.23 25486.33 770.3 60.76          48714.19  3899 .61g -.045o -5.55
   473w 31.0 1  0  7091 2044:06:01 16409.17 12635.56 25673.83 770.0 61.01          48845.46  3898 .61g -.049o -5.49
   474w 30.0 1  0  7121 2044:07:01 16353.25 12587.58 25846.58 769.7 61.25          48967.86  3897 .62g  .046w -5.20
   475w 31.0 1  0  7152 2044:08:01 16306.30 12545.77 26009.48 769.4 61.47          49085.37  3896 .62g  .043w -5.10
   476w 31.0 1  0  7183 2044:09:01 16257.25 12502.10 26165.46 769.0 61.68          49191.26  3895 .62g -.043o -4.88
   477w 30.0 1  0  7213 2044:10:01 16206.95 12457.86 26322.92 768.7 61.89          49287.37  3894 .62g  .043w -4.49
   478w 31.0 1  0  7244 2044:11:01 16150.11 12408.23 26488.22 768.3 62.12          49379.73  3893 .62g  .048w -4.37
   479w 30.0 1  0  7274 2044:12:01 16123.81 12383.65 26757.72 768.0 62.40          49493.54  3892 .62g -.044o -3.99
   480w 31.0 1  0  7305 2045:01:01 16106.61 12364.99 26992.80 767.7 62.63          49642.42  3891 .63g -.048o -3.87

 ===================== SUMMARY (from subroutine: TSIO)   ======================
  Simulation run terminated. Stopping time reached.
    
     1 Warning messages.    0 Error messages.
 ==============================================================================



                          Global Storage Usage
                          ====================

             Section           Bytes          Mbytes   # Objects
        ------------    ------------    ------------   ---------
              MXSLVR        18223832          17.380          98
              GRMOD0         7857584           7.494         482
               IMEX1         4006292           3.821         588
               IMEX2         3611666           3.444         693
              MXGR01         1844632           1.759          18
               IMEX3         1457818           1.390         249
              GRMOD1         1254256           1.196         151
               POINT          919384           0.877          96
             MXSLVR1          497456           0.474          14
              CMPDIL          216112           0.206          25
               PRTCM          205260           0.196          17
              SECTOR           86464           0.082          13
              WMCOM1           58763           0.056         982
              KWCOM1           34735           0.033          52
              EQTPAR           29876           0.028          69
              SR2COM           22036           0.021          92
              MXWELL           20796           0.020         262
           GLOBSTORE            7478           0.007          27
              MXINIT            6244           0.006          23
               SAMG1            1873           0.002         255
              PGMCH1            1794           0.002         319
             CMGFILE            1206           0.001          19
                FLXB            1156           0.001          27
                CMB1             600           0.001          68
           PGSCOMMON             476           0.000          64
                 MTS             340           0.000          18
           PGPARASOL             296           0.000          65
              SGCOM2             216           0.000          54
              SGCOM1             180           0.000          44
              GRMOD2             156           0.000          38
              WMCOM3              92           0.000           4
              WMCOM2              76           0.000          15
              WMCOM5              52           0.000          13
              SGCOM3              32           0.000           8
        PGMATDOMAINS              16           0.000           4
              WMCOM7               8           0.000           2
              DEPTAB               8           0.000           2
              SGCOM4               4           0.000           1
            PGSINT3D               0           0.000           0
              MXPRSL               0           0.000           0
        ------------    ------------    ------------   ---------
               Total        40369265          38.499        4971

       Field Total                                   Fluid
                             Oil       Gas       Water    Solvent   Polymer    Salt
                            -------   -------   -------   -------   -------   -------
                            (MSTB)    (MMSCF)   (MSTB)    (MMSCF)    (MLB)     (MLB)
  Cumulative Production       75179    273177     34087     NA        NA        NA   
  Cumulative Injection        NA         0       230794     NA        NA        NA   
  Cumulative Gas Lift         NA         0        NA        NA        NA        NA   
  Cumulative Aquifer Influx   NA        NA         0        NA        NA        NA   
  Current Fluids In Place    189680    134905    260115     NA        NA        NA   
  Production Rates           16.107    12.365    26.993     NA        NA        NA   
  Injection Rates             NA         0       49.642     NA        NA        NA   

  Timesteps:    480  Newton Cycles:      549  Cuts:      3  Solver Iterations:         9435
  Average Implicitness    : 0.940
  Fluid Component Model   : BLACKOIL (SINGLE-P)
  Material Balances (owg): 1.002 1.000 1.006
  Average Active Blocks:       10800 Average Non-BHP Active Wells:     0
  Total Blocks :       10800 Total Wells :     5
  Active Blocks:       10800 Non-BHP Active Wells:     0
  Time at end of simulation:   7305.00     (days)   
  Average reservoir pressure excluding water zone: 3890.805 (psi)    
  Total Number of Solver Failures:       0  Stalls:       0  ITERMAX Reached:       0
  Jacobian Domains      1  
  Total lstpro/lstpar calls:     2  (    8)
  Linear Solver: Aimsol
  Preconditioner Ordering: REDBLACK
  Preconditioner Degree           1
  KMP_AFFINITY: Default
  OMP_SCHEDULE: Default
  Max Impl Blocks:    10800  %Impl:100.0%  (TS,CUT,NCYC): (    23, 0,  1 )
  Max Solver Iterations (TS,CUT,NCYC):      36 (    30, 0,  2 )
  Number of threads set:    1
  Total number of cpus:    4
  Memory Usage Peak:      109 MB on TS:   200 TS 1 Peak:       65 MB  Average:      104 MB  VM Size:      125 MB
  Host computer: IKIEARTH
  CPU Time:            50.42 seconds
  Elapsed Time:        53.82 seconds

  End of Simulation: Normal Termination

  Date and Time of End of Run:  May  7, 2025  00:35:32

