    Opened LOG FILE         on unit 10, filename is 'D:\TA MANDIRI\SKENARIO CMG\A2G3C.log'
 ********************************************************************************
 *                                                                              *
 *                                IMEX  2021.10                                 *
 *            Adaptive-Implicit Black Oil & Unconventional Simulator            *
 *                         General Release for Win x64                          *
 *                            2021-Nov-16   12:35:59                            *
 *                                                                              *
 *                          (c) Copyright 1977 - 2021                           *
 *                Computer Modelling Group Ltd., Calgary, Canada                *
 *                             All Rights Reserved                              *
 *                                                                              *
 ********************************************************************************


 Command-line Arguments:  -dimsum
                          -wd D:\TA MANDIRI\SKENARIO CMG
                          -log
                          -f D:\TA MANDIRI\SKENARIO CMG\A2G3C.dat

  Date and Time of Start of Run:  May  7, 2025  00:44:02


*** Input/Output files specification :
    Opened data file        on unit 11, filename is 'D:\TA MANDIRI\SKENARIO CMG\A2G3C.dat'
    Opened Scratch file     on unit 12
    Opened Scratch file     on unit 13
    Opened output file      on unit 14, filename is 'D:\TA MANDIRI\SKENARIO CMG\A2G3C.out'
    Opened SR3-OUT          on unit 15, filename is 'D:\TA MANDIRI\SKENARIO CMG\A2G3C.sr3'
    Opened Restart-SR3      on unit 16, filename is 'D:\TA MANDIRI\SKENARIO CMG\A2G3C.rstr.sr3'
    Opened GRID scratchfile on unit 17

 ===================== WARNING (from subroutine: INCOMP) ======================
  P/Z Output is disabled as Temperatures were not defined for all PVT Regions
  Please review the *TRES Keyword
  Line: 82   File Name: D:\TA MANDIRI\SKENARIO CMG\A2G3C.dat
 ==============================================================================


 ===================== SUMMARY (from subroutine: INDATA) ======================
  Reading of initial data is complete.
  Simulation will stop if there were error messages.
     1 Warning messages.    0 Error messages.
 ==============================================================================



                          Global Storage Usage
                          ====================

             Section           Bytes          Mbytes   # Objects
        ------------    ------------    ------------   ---------
              MXSLVR        10832720          10.331          98
              GRMOD0        10705000          10.209         482
               IMEX1         5454676           5.202         588
               IMEX2         4906466           4.679         693
              MXGR01         2512104           2.396          18
               IMEX3         1980418           1.889         249
              GRMOD1         1706656           1.628         151
               POINT         1252288           1.194          96
             MXSLVR1          678568           0.647          14
              CMPDIL          294112           0.280          25
               PRTCM          279360           0.266          17
              SECTOR          117664           0.112          13
              WMCOM1           58763           0.056         982
              KWCOM1           34735           0.033          52
              EQTPAR           29876           0.028          69
              SR2COM           22036           0.021          92
              MXWELL           20796           0.020         262
           GLOBSTORE            7478           0.007          27
              MXINIT            6244           0.006          23
               SAMG1            1873           0.002         255
              PGMCH1            1794           0.002         319
             CMGFILE            1206           0.001          19
                FLXB            1156           0.001          27
                CMB1             600           0.001          68
           PGSCOMMON             476           0.000          64
                 MTS             340           0.000          18
           PGPARASOL             296           0.000          65
              SGCOM2             216           0.000          54
              SGCOM1             180           0.000          44
              GRMOD2             156           0.000          38
              WMCOM3              92           0.000           4
              WMCOM2              76           0.000          15
              WMCOM5              52           0.000          13
              SGCOM3              32           0.000           8
        PGMATDOMAINS              16           0.000           4
              WMCOM7               8           0.000           2
              DEPTAB               8           0.000           2
              SGCOM4               4           0.000           1
            PGSINT3D               0           0.000           0
              MXPRSL               0           0.000           0
        ------------    ------------    ------------   ---------
               Total        40908541          39.013        4971
            Maximium        44911725          42.831

                                    I M E X   T I M E   S T E P   S U M M A R Y
 ==================================================================================================================
    Time Step           Time                  Total Production             Total Injection  Total Max. Max. Change
 ---------------- ---------------- -------------------------------------- -----------------  PV   Mat. ------------
                C                    Oil      Gas     Water   GOR.  Wat.    Gas     Water   Avg.  bal. Satur. Pres.
        Size    U                                             SCF/   Cut                    Pres. err. DSMAX  DPMAX
  No.   Days IT T Days   yy:mm:dd   STB/D    MCF/D    STB/D    STB    %    MCF/D    STB/D   psia   %          psia
 ------ ---- -- - ----- ---------- -------- -------- -------- ----- ----- -------- -------- ----- ---- ------ -----
     1w .245 4  2 .2449 2025:01:01 66529.86 117552.1           1767                          4794 e-4g -.084o  -804
     2  .132 1  0 .3773 2025:01:01 61709.08 108060.3           1751                          4794 e-5g -.011o  -134
     3  .431 1  0 .8084 2025:01:02 58673.98 98974.09           1687                          4792 e-4g -.014o  -122
     4  1.53 1  0 2.343 2025:01:03 54926.57 90584.28           1649                          4787 e-3g -.018o  -140
     5  4.78 1  0 7.125 2025:01:08 51359.31 83186.82           1620                          4772 e-3g -.018o  -133
     6  11.9 1  0 19.06 2025:01:20 48116.39 78229.52           1626                          4737 .01g -.016o  -116
     7  11.9 2  0 31.00 2025:02:01 46219.22 75751.66           1639                          4705 .01g -.017o -62.6
     8w 14.0 1  1 45.00 2025:02:15 44558.60 74330.27           1668                          4668 .02g -.011o -50.8
     9  14.0 1  0 59.00 2025:03:01 43207.32 73328.89           1697                          4632 .02g -.010o -41.2
    10w 31.0 2  0 90.00 2025:04:01 40930.72 71473.85           1746                          4560 .02g -.022o -75.0
    11w 30.0 4  0 120.0 2025:05:01 38651.58 70625.32           1827                          4495 .02g -.027o -66.5
    12w 31.0 5  0 151.0 2025:06:01 36308.35 72167.23           1988                          4431 .02g -.042o -65.1
    13w 30.0 2  0 181.0 2025:07:01 33572.79 76717.27           2285                          4370 .02g -.041o -61.9
    14w 31.0 2  0 212.0 2025:08:01 30907.06 81313.78           2631                          4308 .02g -.040o -62.9
    15w 31.0 1  0 243.0 2025:09:01 28328.56 85891.59           3032                          4247 .04g -.037o -63.9
    16w 30.0 2  0 273.0 2025:10:01 26198.64 91929.21           3509                          4187 .04g -.036o -61.7
    17w 31.0 2  0 304.0 2025:11:01 24239.15 101929.1           4205                          4124 .04g -.033o -65.3
    18w 30.0 2  0 334.0 2025:12:01 22407.47 111223.3           4964                          4060 .04g -.030o -66.8
    19w 31.0 2  0 365.0 2026:01:01 20784.42 124035.3           5968                          3990 .04g -.030o -72.8
    20w 31.0 1  0 396.0 2026:02:01 19169.62 135712.2           7080                          3916 .05g -.029o -78.2

                                    I M E X   T I M E   S T E P   S U M M A R Y
 ==================================================================================================================
    Time Step           Time                  Total Production             Total Injection  Total Max. Max. Change
 ---------------- ---------------- -------------------------------------- -----------------  PV   Mat. ------------
                C                    Oil      Gas     Water   GOR.  Wat.    Gas     Water   Avg.  bal. Satur. Pres.
        Size    U                                             SCF/   Cut                    Pres. err. DSMAX  DPMAX
  No.   Days IT T Days   yy:mm:dd   STB/D    MCF/D    STB/D    STB    %    MCF/D    STB/D   psia   %          psia
 ------ ---- -- - ----- ---------- -------- -------- -------- ----- ----- -------- -------- ----- ---- ------ -----
    21w 28.0 2  0 424.0 2026:03:01 18070.50 151343.1           8375                          3844 .05g -.024o -74.6
    22w 31.0 2  0 455.0 2026:04:01 16948.40 168814.4           9960                          3759 .05g -.025o -89.1
    23w 30.0 1  0 485.0 2026:05:01 15831.35 182270.3          11513                          3672 .09g -.024o -91.9
    24w 31.0 1  0 516.0 2026:06:01 14705.70 190763.4          12972                          3582 .12g -.022o -95.4
    25w 30.0 1  0 546.0 2026:07:01 13680.18 193770.5          14164                          3495 .16g -.018o -90.3
    26w 31.0 2  0 577.0 2026:08:01 12716.95 193840.6          15243                          3410 .16g -.014o -88.5
    27w 31.0 2  0 608.0 2026:09:01 11836.26 197484.7          16685                          3326 .16g -.012o -87.7
    28w 30.0 1  0 638.0 2026:10:01 10997.06 198025.9          18007                          3245 .19g -.013o -84.4
    29w 31.0 2  0 669.0 2026:11:01 10191.09 196086.4          19241                          3165 .20g -.013o -82.9
    30w 30.0 2  0 699.0 2026:12:01 9445.330 191963.1          20324                          3091 .20g -.014o -77.0
    31w 31.0 1  0 730.0 2027:01:01 8712.910 185925.8          21339                          3018 .21g -.015o -76.7
    32w 31.0 2  0 761.0 2027:02:01 8007.823 176205.0          22004                          2945 .22g -.014o -74.8
    33w 28.0 1  0 789.0 2027:03:01 7403.333 166638.8          22509                          2883 .24g -.011o -65.7
    34w 31.0 1  0 820.0 2027:04:01 6800.689 156348.7          22990                          2819 .26g -.012o -66.6
    35w 30.0 2  0 850.0 2027:05:01 6276.093 146895.9          23406                          2762 .26g -.012o -59.0
    36w 31.0 1  0 881.0 2027:06:01 5782.802 137487.4          23775                          2707 .28g -.011o -56.6
    37w 30.0 1  0 911.0 2027:07:01 5348.951 128828.9          24085                          2659 .29g -.010o -50.7
    38w 31.0 1  0 942.0 2027:08:01 4941.285 120368.3          24360                          2612 .30g -.009o -48.3
    39w 31.0 1  0 973.0 2027:09:01 4568.055 112379.4          24601                          2569 .31g -.009o -44.6
    40w 30.0 1  0  1003 2027:10:01 4239.110 105113.6          24796                          2531 .32g -.008o -40.0

                                    I M E X   T I M E   S T E P   S U M M A R Y
 ==================================================================================================================
    Time Step           Time                  Total Production             Total Injection  Total Max. Max. Change
 ---------------- ---------------- -------------------------------------- -----------------  PV   Mat. ------------
                C                    Oil      Gas     Water   GOR.  Wat.    Gas     Water   Avg.  bal. Satur. Pres.
        Size    U                                             SCF/   Cut                    Pres. err. DSMAX  DPMAX
  No.   Days IT T Days   yy:mm:dd   STB/D    MCF/D    STB/D    STB    %    MCF/D    STB/D   psia   %          psia
 ------ ---- -- - ----- ---------- -------- -------- -------- ----- ----- -------- -------- ----- ---- ------ -----
    41w 31.0 1  0  1034 2027:11:01 3921.728 97968.50          24981                          2494 .29g -.008o -38.4
    42w 30.0 1  0  1064 2027:12:01 3623.763 91066.69          25130                          2458 .30g -.008o -37.2
    43w 31.0 1  0  1095 2028:01:01 3340.460 84382.70          25261                          2424 .30g -.008o -35.9
    44w 31.0 1  0  1126 2028:02:01 3082.050 78188.20          25369                          2392 .31g -.007o -32.7
    45w 29.0 1  0  1155 2028:03:01 2860.131 72799.16          25453                          2365 .32g -.006o -28.2
    46w 31.0 1  0  1186 2028:04:01 2643.100 67468.42          25526                          2339 .32g -.006o -27.7
    47w 30.0 1  0  1216 2028:05:01 2450.138 62682.73          25583                          2315 .33g -.005o -24.8
    48w 31.0 1  0  1247 2028:06:01 2267.212 58096.78          25625                          2292 .33g -.005o -23.6
    49w 30.0 1  0  1277 2028:07:01 2106.813 53985.47          25624                          2272 .33g -.005o -21.1
    50w 31.0 1  0  1308 2028:08:01 1953.188 50073.84          25637                          2253 .34g -.006o -20.1
    51w 31.0 1  0  1339 2028:09:01 1812.487 46475.05          25642                          2235 .34g -.004o -18.6
    52w 30.0 1  0  1369 2028:10:01 1686.567 43246.19          25642                          2219 .34g -.004o -16.7
    53w 31.0 1  0  1400 2028:11:01 1566.523 40162.80          25638                          2204 .35g -.004o -15.9
    54w 30.0 1  0  1430 2028:12:01 1459.057 37397.54          25631                          2190 .35g -.003o -14.3
    55w 31.0 1  0  1461 2029:01:01 1356.579 34753.36          25618                          2177 .35g -.003o -13.7
    56w 31.0 1  0  1492 2029:02:01 1261.773 32303.49          25602                          2164 .35g -.003o -12.7
    57w 28.0 1  0  1520 2029:03:01 1181.948 30238.46          25584                          2154 .35g -.003o -10.7
    58w 31.0 1  0  1551 2029:04:01 1100.089 28117.63          25559                          2144 .36g -.003o -11.0
    59w 30.0 1  0  1581 2029:05:01 1026.517 26209.54          25532                          2134 .36g -.002o  -9.9
    60w 31.0 1  0  1612 2029:06:01 956.0475 24379.56          25500                          2125 .36g -.002o -9.49

                                    I M E X   T I M E   S T E P   S U M M A R Y
 ==================================================================================================================
    Time Step           Time                  Total Production             Total Injection  Total Max. Max. Change
 ---------------- ---------------- -------------------------------------- -----------------  PV   Mat. ------------
                C                    Oil      Gas     Water   GOR.  Wat.    Gas     Water   Avg.  bal. Satur. Pres.
        Size    U                                             SCF/   Cut                    Pres. err. DSMAX  DPMAX
  No.   Days IT T Days   yy:mm:dd   STB/D    MCF/D    STB/D    STB    %    MCF/D    STB/D   psia   %          psia
 ------ ---- -- - ----- ---------- -------- -------- -------- ----- ----- -------- -------- ----- ---- ------ -----
    61w 30.0 1  0  1642 2029:07:01 892.6627 22731.85          25465                          2117 .36g -.002o -8.55
    62w 31.0 1  0  1673 2029:08:01 831.9048 21150.49          25424                          2109 .36g -.002o -8.20
    63w 31.0 1  0  1704 2029:09:01 775.5236 19681.50          25378                          2102 .36g -.002o -7.62
    64w 30.0 1  0  1734 2029:10:01 724.7619 18357.56          25329                          2095 .36g -.002o -6.87
    65w 31.0 1  0  1765 2029:11:01 676.0613 17085.89          25273                          2089 .37g -.002o -6.60
    66w 30.0 1  0  1795 2029:12:01 632.1897 15939.22          25213                          2083 .37g -.002o -5.95
    67w 31.0 1  0  1826 2030:01:01 590.0792 14837.33          25145                          2078 .37g -.002o -5.71
    68w 31.0 1  0  1857 2030:02:01 550.9529 13812.50          25070                          2073 .37g -.002o -5.31
    69w 28.0 1  0  1885 2030:03:01 517.8875 12945.65          24997                          2068 .37g -.002o -4.49
    70w 31.0 1  0  1916 2030:04:01 483.8646 12052.55          24909                          2064 .37g -.002o -4.63
    71w 30.0 1  0  1946 2030:05:01 453.1856 11246.56          24817                          2060 .37g -.002o -4.17
    72w 31.0 1  0  1977 2030:06:01 423.7133 10471.40          24713                          2056 .37g -.002o -4.01
    73w 30.0 1  0  2007 2030:07:01 397.1328 9771.631          24605                          2053 .37g -.001o -3.62
    74w 31.0 1  0  2038 2030:08:01 371.5919 9098.473          24485                          2049 .37g -.001o -3.48
    75w 31.0 1  0  2069 2030:09:01 347.8381 8471.785          24356                          2046 .37g -.001o -3.24
    76w 30.0 1  0  2099 2030:10:01 326.4095 7905.873          24221                          2043 .37g -.001o -2.92
    77w 31.0 1  0  2130 2030:11:01 305.8139 7361.340          24071                          2041 .37g -.001o -2.81
    78w 30.0 1  0  2160 2030:12:01 287.2311 6869.555          23916                          2038 .37g -.001o -2.54
    79w 31.0 1  0  2191 2031:01:01 269.3686 6396.292          23746                          2036 .37g -.001o -2.44
    80w 31.0 1  0  2222 2031:02:01 252.7504 5955.549          23563                          2034 .37g -.001o -2.27

                                    I M E X   T I M E   S T E P   S U M M A R Y
 ==================================================================================================================
    Time Step           Time                  Total Production             Total Injection  Total Max. Max. Change
 ---------------- ---------------- -------------------------------------- -----------------  PV   Mat. ------------
                C                    Oil      Gas     Water   GOR.  Wat.    Gas     Water   Avg.  bal. Satur. Pres.
        Size    U                                             SCF/   Cut                    Pres. err. DSMAX  DPMAX
  No.   Days IT T Days   yy:mm:dd   STB/D    MCF/D    STB/D    STB    %    MCF/D    STB/D   psia   %          psia
 ------ ---- -- - ----- ---------- -------- -------- -------- ----- ----- -------- -------- ----- ---- ------ -----
    81w 28.0 1  0  2250 2031:03:01 238.6909 5582.599          23388                          2032 .37g -.001o -1.92
    82w 31.0 1  0  2281 2031:04:01 224.2072 5197.688          23183                          2030 .37g -.001o -1.98
    83w 30.0 1  0  2311 2031:05:01 211.1364 4850.105          22971                          2028 .37g -.001o -1.79
    84w 31.0 1  0  2342 2031:06:01 198.5702 4515.533          22740                          2027 .37g -.001o -1.72
    85w 30.0 1  0  2372 2031:07:01 187.2295 4213.277          22503                          2025 .37g -.001o -1.55
    86w 31.0 1  0  2403 2031:08:01 176.3254 3922.388          22245                          2024 .38g -.001o -1.49
    87w 31.0 1  0  2434 2031:09:01 166.1789 3651.397          21973                          2022 .38g -.001o -1.39
    88w 30.0 1  0  2464 2031:10:01 157.0206 3406.523          21695                          2021 .38g -.001o -1.26
    89w 31.0 1  0  2495 2031:11:01 148.2114 3170.695          21393                          2020 .38g -.001o -1.21
    90w 30.0 1  0  2525 2031:12:01 140.2485 2957.269          21086                          2019 .38g -9e-4o -1.09
    91w 31.0 1  0  2556 2032:01:01 132.5328 2750.076          20750                          2018 .38g -9e-4o -1.06
    92w 31.0 1  0  2587 2032:02:01 125.3272 2556.545          20399                          2017 .38g -9e-4o -.994
    93w 29.0 1  0  2616 2032:03:01 119.0229 2387.223          20057                          2016 .38g -8e-4o -.866
    94w 31.0 1  0  2647 2032:04:01 112.7622 2218.790          19677                          2015 .38g -9e-4o -.860
    95w 30.0 1  0  2677 2032:05:01 107.1191 2066.809          19294                          2015 .38g -8e-4o -.776
    96w 31.0 1  0  2708 2032:06:01 101.7011 1920.709          18886                          2014 .38g -8e-4o -.745
    97w 30.0 1  0  2738 2032:07:01 96.81828 1788.893          18477                          2013 .38g -8e-4o -.672
    98w 31.0 1  0  2769 2032:08:01 92.13058 1662.192          18042                          2013 .38g -8e-4o -.645
    99w 31.0 1  0  2800 2032:09:01 87.76938 1544.336          17595                          2012 .38g -8e-4o -.599
   100w 30.0 1  0  2830 2032:10:01 83.84100 1438.015          17152                          2012 .38g -7e-4o -.540

                                    I M E X   T I M E   S T E P   S U M M A R Y
 ==================================================================================================================
    Time Step           Time                  Total Production             Total Injection  Total Max. Max. Change
 ---------------- ---------------- -------------------------------------- -----------------  PV   Mat. ------------
                C                    Oil      Gas     Water   GOR.  Wat.    Gas     Water   Avg.  bal. Satur. Pres.
        Size    U                                             SCF/   Cut                    Pres. err. DSMAX  DPMAX
  No.   Days IT T Days   yy:mm:dd   STB/D    MCF/D    STB/D    STB    %    MCF/D    STB/D   psia   %          psia
 ------ ---- -- - ----- ---------- -------- -------- -------- ----- ----- -------- -------- ----- ---- ------ -----
   101w 31.0 1  0  2861 2032:11:01 80.06604 1335.820          16684                          2011 .38g -7e-4o -.519
   102w 30.0 1  0  2891 2032:12:01 76.66274 1243.617          16222                          2011 .38g -7e-4o -.468
   103w 31.0 1  0  2922 2033:01:01 73.39298 1154.959          15737                          2010 .38g -7e-4o -.449
   104w 31.0 1  0  2953 2033:02:01 70.35115 1072.343          15243                          2010 .38g -7e-4o -.418
   105w 28.0 1  0  2981 2033:03:01 67.76545 1001.846          14784                          2010 .38g -6e-4o -.355
   106w 31.0 1  0  3012 2033:04:01 65.07205 928.2072          14264                          2009 .38g -7e-4o -.374
   107w 30.0 1  0  3042 2033:05:01 62.63563 861.6296          13756                          2009 .38g -6e-4o -.337
   108w 31.0 1  0  3073 2033:06:01 60.29869 797.7548          13230                          2009 .38g -6e-4o -.323
   109w 30.0 1  0  3103 2033:07:01 58.19782 740.2900          12720                          2008 .38g -6e-4o -.290
   110w 31.0 1  0  3134 2033:08:01 56.18688 685.2312          12196                          2008 .38g -6e-4o -.278
   111w 31.0 1  0  3165 2033:09:01 54.32458 634.2087          11674                          2008 .38g -6e-4o -.257
   112w 30.0 1  0  3195 2033:10:01 52.65546 588.3373          11173                          2008 .38g -6e-4o -.231
   113w 31.0 1  0  3226 2033:11:01 51.05676 544.4036          10663                          2007 .38g -6e-4o -.221
   114w 30.0 1  0  3256 2033:12:01 49.62052 504.8960          10175                          2007 .38g -6e-4o -.199
   115w 31.0 1  0  3287 2034:01:01 48.24617 467.0502           9681                          2007 .38g -6e-4o -.190
   116w 31.0 1  0  3318 2034:02:01 46.97348 431.9694           9196                          2007 .38g -6e-4o -.176
   117w 28.0 1  0  3346 2034:03:01 45.90135 402.3911           8766                          2007 .38g -5e-4o -.148
   118w 31.0 1  0  3377 2034:04:01 44.80228 372.0370           8304                          2007 .38g -6e-4o -.152
   119w 30.0 1  0  3407 2034:05:01 43.81509 344.7499           7868                          2006 .38g -6e-4o -.137
   120w 31.0 1  0  3438 2034:06:01 42.87061 318.6185           7432                          2006 .38g -6e-4o -.131

                                    I M E X   T I M E   S T E P   S U M M A R Y
 ==================================================================================================================
    Time Step           Time                  Total Production             Total Injection  Total Max. Max. Change
 ---------------- ---------------- -------------------------------------- -----------------  PV   Mat. ------------
                C                    Oil      Gas     Water   GOR.  Wat.    Gas     Water   Avg.  bal. Satur. Pres.
        Size    U                                             SCF/   Cut                    Pres. err. DSMAX  DPMAX
  No.   Days IT T Days   yy:mm:dd   STB/D    MCF/D    STB/D    STB    %    MCF/D    STB/D   psia   %          psia
 ------ ---- -- - ----- ---------- -------- -------- -------- ----- ----- -------- -------- ----- ---- ------ -----
   121w 30.0 1  0  3468 2034:07:01 42.02235 295.1294           7023                          2006 .38g -6e-4o -.117
   122w 31.0 1  0  3499 2034:08:01 41.21084 272.6380           6616                          2006 .38g -6e-4o -.112
   123w 31.0 1  0  3530 2034:09:01 40.45957 251.7989           6223                          2006 .38g -6e-4o -.104
   124w 30.0 1  0  3560 2034:10:01 39.78489 233.0701           5858                          2006 .38g -5e-4o -.093
   125w 31.0 1  0  3591 2034:11:01 39.13950 215.1403           5497                          2006 .38g -6e-4o -.089
   126w 30.0 1  0  3621 2034:12:01 38.55996 199.0285           5162                          2006 .38g -5e-4o -.080
   127w 31.0 1  0  3652 2035:01:01 38.00559 183.6060           4831                          2006 .38g -6e-4o -.077
   128w 31.0 1  0  3683 2035:02:01 37.49244 169.3211           4516                          2006 .38g -6e-4o -.071
   129w 28.0 1  0  3711 2035:03:01 37.06033 157.2852           4244                          2006 .38g -5e-4o -.060
   130w 31.0 1  0  3742 2035:04:01 36.61743 144.9431           3958                          2005 .38g -5e-4o -.061
   131w 30.0 1  0  3772 2035:05:01 36.21978 133.8562           3696                          2005 .38g -5e-4o -.055
   132w 31.0 1  0  3803 2035:06:01 35.83941 123.2472           3439                          2005 .38g -5e-4o -.053
   133w 30.0 1  0  3833 2035:07:01 35.49788 113.7181           3204                          2005 .38g -5e-4o -.047
   134w 31.0 1  0  3864 2035:08:01 35.17119 104.6009           2974                          2005 .38g -5e-4o -.045
   135w 31.0 1  0  3895 2035:09:01 34.86880 96.16008           2758                          2005 .38g -5e-4o -.042
   136w 30.0 1  0  3925 2035:10:01 34.59727 88.57979           2560                          2005 .38g -5e-4o -.037
   137w 31.0 1  0  3956 2035:11:01 34.33751 81.32862           2369                          2005 .38g -5e-4o -.036
   138w 30.0 1  0  3986 2035:12:01 34.10426 74.81766           2194                          2005 .38g -5e-4o -.032
   139w 31.0 1  0  4017 2036:01:01 33.88110 68.59024           2024                          2005 .38g -5e-4o -.031
   140w .010 2  4  4017 2036:01:01 33.88164 68.59003           2024                 2310483  2005 .38g -.196g   361

                                    I M E X   T I M E   S T E P   S U M M A R Y
 ==================================================================================================================
    Time Step           Time                  Total Production             Total Injection  Total Max. Max. Change
 ---------------- ---------------- -------------------------------------- -----------------  PV   Mat. ------------
                C                    Oil      Gas     Water   GOR.  Wat.    Gas     Water   Avg.  bal. Satur. Pres.
        Size    U                                             SCF/   Cut                    Pres. err. DSMAX  DPMAX
  No.   Days IT T Days   yy:mm:dd   STB/D    MCF/D    STB/D    STB    %    MCF/D    STB/D   psia   %          psia
 ------ ---- -- - ----- ---------- -------- -------- -------- ----- ----- -------- -------- ----- ---- ------ -----
   141  .005 1  0  4017 2036:01:01 33.88160 68.58900           2024                 1528797  2005 .38g -.059g  82.9
   142  .009 1  0  4017 2036:01:01 33.88152 68.58723           2024                 1061839  2006 .38g -.059g   276
   143  .014 1  0  4017 2036:01:01 33.88141 68.58445           2024                770613.6  2006 .38g -.051g   243
   144  .025 1  0  4017 2036:01:01 33.88121 68.57946           2024                563353.3  2006 .38g -.051g   169
   145  .049 1  0  4017 2036:01:01 33.88083 68.56970           2024                453182.3  2006 .38g -.047g   147
   146  .104 1  0  4017 2036:01:01 33.88005 68.54894           2023                359988.3  2007 .38g -.107g   172
   147  .098 1  0  4017 2036:01:01 33.87933 68.52941           2023                323198.6  2007 .38g -.103g   106
   148  .095 1  0  4017 2036:01:01 33.87864 68.51053           2022                304016.7  2007 .38g -.081g  68.6
   149  .116 1  0  4018 2036:01:02 33.87779 68.48720           2022                288787.7  2008 .38g -.068g  74.0
   150  .170 1  0  4018 2036:01:02 33.87656 68.45344           2021                279953.4  2008 .38g -.103g  76.3
   151  .166 1  0  4018 2036:01:02 33.87537 68.42104           2020                274744.4  2008 .38g -.111g  65.4
   152  .150 1  0  4018 2036:01:02 33.87430 68.39395           2019                270164.1  2009 .38g -.078g  60.0
   153  .192 1  0  4018 2036:01:02 33.87293 68.36869           2018                269256.8  2009 .38g -.081g  61.7
   154  .236 1  0  4018 2036:01:02 33.87131 68.37604           2019                267090.9  2010 .38g -.078g  85.8
   155  .303 1  0  4019 2036:01:03 33.86951 68.55870           2024                263681.5  2011 .38g -.124g  81.3
   156  .245 1  0  4019 2036:01:03 33.86848 68.95783           2036                260887.3  2012 .38g -.084g  55.6
   157  .291 1  0  4019 2036:01:03 33.86848 69.94065           2065                256899.8  2012 .38g -.078g  56.0
   158  .375 1  0  4020 2036:01:04 33.87269 72.60129           2143                254148.9  2013 .38g -.121g  66.2
   159  .311 1  0  4020 2036:01:04 33.88083 76.14166           2247                250897.3  2014 .38g -.091g  46.2
   160  .340 1  0  4020 2036:01:04 33.89836 82.11463           2422                247914.1  2015 .38g -.085g  43.0

                                    I M E X   T I M E   S T E P   S U M M A R Y
 ==================================================================================================================
    Time Step           Time                  Total Production             Total Injection  Total Max. Max. Change
 ---------------- ---------------- -------------------------------------- -----------------  PV   Mat. ------------
                C                    Oil      Gas     Water   GOR.  Wat.    Gas     Water   Avg.  bal. Satur. Pres.
        Size    U                                             SCF/   Cut                    Pres. err. DSMAX  DPMAX
  No.   Days IT T Days   yy:mm:dd   STB/D    MCF/D    STB/D    STB    %    MCF/D    STB/D   psia   %          psia
 ------ ---- -- - ----- ---------- -------- -------- -------- ----- ----- -------- -------- ----- ---- ------ -----
   161  .399 1  0  4021 2036:01:05 33.93641 92.35755           2721                245633.6  2016 .38g -.075g  51.1
   162  .534 1  0  4021 2036:01:05 34.03529 113.0977           3323                242741.6  2017 .38g -.122g  53.5
   163  .438 1  0  4022 2036:01:06 34.15948 135.8257           3976                240464.6  2018 .38g -.088g  40.6
   164  .496 1  0  4022 2036:01:06 34.36987 168.5701           4905                238042.0  2020 .38g -.088g  40.8
   165  .564 1  0  4023 2036:01:07 34.72263 215.5447           6208                235540.9  2021 .38g -.102g  42.2
   166  .555 1  0  4023 2036:01:07 35.19972 271.0491           7700                233217.1  2022 .38g -.105g  37.6
   167  .530 1  0  4024 2036:01:08 35.78916 332.2548           9284                231200.3  2024 .38g -.083g  32.6
   168  .641 1  0  4024 2036:01:08 36.72208 417.2265          11362                229298.6  2025 .38g -.075g  34.8
   169  .858 1  0  4025 2036:01:09 38.40458 549.0044          14295                226812.6  2027 .38g -.128g  46.7
   170  .672 1  0  4026 2036:01:10 40.00561 663.1871          16577                224794.6  2029 .38g -.082g  34.9
   171  .822 1  0  4027 2036:01:11 42.40561 817.0437          19267                222811.7  2030 .38g -.099g  35.2
   172  .833 1  0  4028 2036:01:12 45.29765 985.8991          21765                221264.7  2032 .38g -.101g  34.0
   173  .826 1  0  4028 2036:01:12 48.61823 1164.698          23956                219464.9  2034 .38g -.095g  32.5
   174  .870 1  0  4029 2036:01:13 52.60482 1363.579          25921                217977.7  2036 .38g -.087g  30.1
   175  1.00 1  0  4030 2036:01:14 57.81796 1604.929          27758                216323.1  2038 .38g -.094g  33.8
   176  1.06 1  0  4031 2036:01:15 63.99976 1871.769          29247                214697.0  2040 .38g -.112g  31.3
   177  .951 1  0  4032 2036:01:16 70.02191 2117.432          30240                213142.1  2042 .38g -.087g  27.7
   178  1.09 1  0  4033 2036:01:17 77.45730 2405.972          31062                211700.2  2045 .39g -.082g  31.1
   179  1.33 1  0  4035 2036:01:19 87.06664 2764.864          31756                210067.0  2048 .39g -.116g  32.3
   180  1.14 1  0  4036 2036:01:20 95.47002 3077.262          32233                208626.5  2050 .39g -.096g  25.6

                                    I M E X   T I M E   S T E P   S U M M A R Y
 ==================================================================================================================
    Time Step           Time                  Total Production             Total Injection  Total Max. Max. Change
 ---------------- ---------------- -------------------------------------- -----------------  PV   Mat. ------------
                C                    Oil      Gas     Water   GOR.  Wat.    Gas     Water   Avg.  bal. Satur. Pres.
        Size    U                                             SCF/   Cut                    Pres. err. DSMAX  DPMAX
  No.   Days IT T Days   yy:mm:dd   STB/D    MCF/D    STB/D    STB    %    MCF/D    STB/D   psia   %          psia
 ------ ---- -- - ----- ---------- -------- -------- -------- ----- ----- -------- -------- ----- ---- ------ -----
   181  1.19 1  0  4037 2036:01:21 104.5583 3407.299          32588                207328.7  2052 .39g -.087g  26.5
   182  1.36 1  0  4038 2036:01:22 115.3781 3788.575          32836                205770.1  2055 .39g -.104g  30.7
   183  1.31 1  0  4040 2036:01:24 126.3569 4158.699          32912                204518.6  2058 .39g -.095g  27.2
   184  1.37 1  0  4041 2036:01:25 138.3907 4551.824          32891                203279.9  2061 .39g -.087g  25.4
   185  1.58 1  0  4043 2036:01:27 152.6308 5009.913          32824                201736.7  2064 .39g -.105g  29.0
   186  1.50 1  0  4044 2036:01:28 166.6335 5448.405          32697                200446.4  2067 .39g -.107g  28.7
   187  1.41 1  0  4046 2036:01:30 180.0805 5861.470          32549                199375.9  2070 .39g -.081g  23.9
   188  1.18 1  0  4047 2036:01:31 191.5610 6210.202          32419                198401.1  2072 .39g -.065g  19.6
   189  1.18 1  0  4048 2036:02:01 203.1857 6559.546          32284                197531.1  2074 .39g -.072g  18.4
   190w 1.65 1  0  4050 2036:02:03 219.5871 7045.537          32085                196365.7  2078 .39g -.103g  24.1
   191  1.60 1  0  4051 2036:02:04 235.6730 7518.288          31901                195247.8  2081 .39g -.079g  24.8
   192  2.02 1  0  4053 2036:02:06 256.1559 8114.530          31678                193985.6  2085 .39g -.108g  27.5
   193  1.87 1  0  4055 2036:02:08 275.1435 8664.736          31492                192795.4  2088 .39g -.107g  25.3
   194  1.74 1  0  4057 2036:02:10 292.9448 9177.357          31328                191699.9  2092 .39g -.085g  22.8
   195  2.04 1  0  4059 2036:02:12 313.8020 9774.854          31150                190504.2  2096 .39g -.094g  26.1
   196  2.18 2  0  4061 2036:02:14 336.1462 10414.85          30983                189197.2  2100 .39g -.100g  25.9
   197  2.18 1  0  4063 2036:02:16 358.3883 11048.28          30828                188036.6  2104 .39g -.101g  24.3
   198  2.15 1  0  4065 2036:02:18 380.3377 11674.11          30694                186898.0  2109 .39g -.090g  25.9
   199  2.39 1  0  4068 2036:02:21 404.6266 12367.23          30565                185647.7  2113 .39g -.109g  25.7
   200  2.19 1  0  4070 2036:02:23 426.8402 13001.24          30459                184508.2  2117 .39g -.092g  25.5

                                    I M E X   T I M E   S T E P   S U M M A R Y
 ==================================================================================================================
    Time Step           Time                  Total Production             Total Injection  Total Max. Max. Change
 ---------------- ---------------- -------------------------------------- -----------------  PV   Mat. ------------
                C                    Oil      Gas     Water   GOR.  Wat.    Gas     Water   Avg.  bal. Satur. Pres.
        Size    U                                             SCF/   Cut                    Pres. err. DSMAX  DPMAX
  No.   Days IT T Days   yy:mm:dd   STB/D    MCF/D    STB/D    STB    %    MCF/D    STB/D   psia   %          psia
 ------ ---- -- - ----- ---------- -------- -------- -------- ----- ----- -------- -------- ----- ---- ------ -----
   201  2.37 1  0  4072 2036:02:25 450.8788 13688.54          30360                183356.4  2122 .39g -.086g  24.0
   202  2.31 1  0  4075 2036:02:28 474.3227 14362.19          30279                182283.7  2127 .39g -.099g  23.7
   203  2.31 1  0  4077 2036:03:01 497.7982 15040.90          30215                181227.0  2131 .39g -.093g  22.6
   204w 2.48 1  0  4079 2036:03:03 523.0568 15776.18          30162                180065.0  2137 .39g -.090g  25.2
   205  2.75 1  0  4082 2036:03:06 551.3392 16608.20          30123                178830.5  2142 .39g -.108g  27.0
   206  2.55 1  0  4085 2036:03:09 577.9666 17415.82          30133                177750.3  2148 .38g -.096g -27.8
   207  2.66 1  0  4087 2036:03:11 606.8485 18333.17          30210                176648.5  2155 .38g -.084g -52.4
   208  3.15 1  0  4091 2036:03:15 643.0061 19492.77          30315                175308.0  2163 .38g -.118g  29.2
   209  2.67 1  0  4093 2036:03:17 676.0741 20552.65          30400                174222.4  2169 .38g -.091g  25.3
   210  2.92 1  0  4096 2036:03:20 718.1383 21768.27          30312                173087.4  2176 .38g -.088g  26.0
   211  3.31 1  0  4099 2036:03:23 777.9100 23154.88          29766                171810.1  2184 .38g -.116g  29.1
   212  2.86 1  0  4102 2036:03:26 841.9964 24337.59          28905                170705.0  2190 .38g -.094g  24.7
   213  2.82 1  0  4105 2036:03:29 902.8419 25459.33          28199                169713.5  2197 .38g -.085g  23.6
   214  2.82 1  0  4108 2036:04:01 951.8658 26535.88          27878                168701.0  2203 .38g -.081g  22.9
   215w 3.49 1  0  4111 2036:04:04 1004.845 27826.37          27692                167542.2  2211 .38g -.107g  26.5
   216  3.26 1  0  4115 2036:04:08 1045.962 28997.35          27723                166584.9  2218 .38g -.089g  23.5
   217  3.65 1  0  4118 2036:04:11 1090.445 30288.72          27776                165571.2  2225 .38g -.097g  25.5
   218  3.77 1  0  4122 2036:04:15 1135.379 31597.49          27830                164503.7  2233 .38g -.105g  26.2
   219  3.57 1  0  4126 2036:04:19 1177.258 32819.95          27878                163637.3  2240 .39g -.109g  23.2
   220  3.26 1  0  4129 2036:04:22 1214.882 33919.54          27920                162818.1  2247 .39g -.107g  21.5

                                    I M E X   T I M E   S T E P   S U M M A R Y
 ==================================================================================================================
    Time Step           Time                  Total Production             Total Injection  Total Max. Max. Change
 ---------------- ---------------- -------------------------------------- -----------------  PV   Mat. ------------
                C                    Oil      Gas     Water   GOR.  Wat.    Gas     Water   Avg.  bal. Satur. Pres.
        Size    U                                             SCF/   Cut                    Pres. err. DSMAX  DPMAX
  No.   Days IT T Days   yy:mm:dd   STB/D    MCF/D    STB/D    STB    %    MCF/D    STB/D   psia   %          psia
 ------ ---- -- - ----- ---------- -------- -------- -------- ----- ----- -------- -------- ----- ---- ------ -----
   221  3.05 1  0  4132 2036:04:25 1249.568 34934.91          27958                162075.6  2253 .39g -.091g  19.2
   222  2.97 1  0  4135 2036:04:28 1282.931 35912.73          27993                161400.9  2259 .39g -.096g  18.5
   223  2.97 1  0  4138 2036:05:01 1315.841 36877.77          28026                160753.1  2265 .39g -.101g  17.7
   224w 2.94 1  0  4141 2036:05:04 1348.051 37823.78          28058                160131.2  2271 .39g -.106g  16.2
   225  2.78 1  0  4144 2036:05:07 1378.199 38710.06          28087                159578.8  2276 .39g -.099g  16.1
   226  2.82 1  0  4147 2036:05:10 1408.480 39601.00          28116                159066.0  2281 .39g -.106g  14.6
   227  2.66 1  0  4149 2036:05:12 1436.642 40433.81          28145                158586.6  2286 .39g -.107g  14.1
   228  2.50 1  0  4152 2036:05:15 1462.815 41207.21          28170                158142.5  2290 .39g -.104g  13.1
   229  2.40 1  0  4154 2036:05:17 1490.797 41945.38          28136                157716.9  2295 .39g -.086g  12.3
   230  2.78 1  0  4157 2036:05:20 1519.452 42789.38          28161                157272.5  2300 .39g -.110g  13.9
   231  2.53 1  0  4159 2036:05:22 1545.278 43552.67          28184                156891.8  2304 .39g -.099g  12.1
   232  2.55 1  0  4162 2036:05:25 1571.048 44315.03          28207                156534.5  2308 .39g -.103g  11.1
   233  2.48 1  0  4164 2036:05:27 1595.830 45048.63          28229                156170.2  2313 .39g -.098g  12.4
   234  2.28 1  0  4167 2036:05:30 1618.334 45714.79          28248                155843.8  2317 .39g -.085g  11.9
   235  2.28 1  0  4169 2036:06:01 1640.685 46377.69          28267                155516.0  2320 .39g -.080g  10.3
   236w 2.86 1  0  4172 2036:06:04 1668.529 47203.84          28291                155145.3  2325 .39g -.113g  11.6
   237  2.53 1  0  4174 2036:06:06 1692.931 47928.07          28311                154824.4  2329 .39g -.093g  10.7
   238  2.71 1  0  4177 2036:06:09 1718.684 48692.82          28331                154472.7  2334 .39g -.099g  11.7
   239  2.72 1  0  4180 2036:06:12 1744.308 49454.58          28352                154135.4  2338 .39g -.100g  11.2
   240  2.73 1  0  4183 2036:06:15 1769.724 50210.63          28372                153801.4  2342 .39g -.094g  11.1

                                    I M E X   T I M E   S T E P   S U M M A R Y
 ==================================================================================================================
    Time Step           Time                  Total Production             Total Injection  Total Max. Max. Change
 ---------------- ---------------- -------------------------------------- -----------------  PV   Mat. ------------
                C                    Oil      Gas     Water   GOR.  Wat.    Gas     Water   Avg.  bal. Satur. Pres.
        Size    U                                             SCF/   Cut                    Pres. err. DSMAX  DPMAX
  No.   Days IT T Days   yy:mm:dd   STB/D    MCF/D    STB/D    STB    %    MCF/D    STB/D   psia   %          psia
 ------ ---- -- - ----- ---------- -------- -------- -------- ----- ----- -------- -------- ----- ---- ------ -----
   241  2.90 1  0  4185 2036:06:17 1796.325 51002.34          28393                153469.0  2347 .39g -.107g  11.2
   242  2.71 1  0  4188 2036:06:20 1820.954 51736.06          28412                153144.2  2351 .40g -.098g  11.2
   243  2.76 1  0  4191 2036:06:23 1845.669 52472.70          28430                152810.6  2355 .40g -.096g  10.4
   244  2.88 1  0  4194 2036:06:26 1871.077 53230.61          28449                152483.4  2359 .40g -.086g  10.7
   245  2.60 1  0  4196 2036:06:28 1893.845 53910.52          28466                152194.6  2363 .40g -.085g  9.39
   246  2.60 1  0  4199 2036:07:01 1916.380 54583.69          28483                151921.2  2367 .40g -.089g  9.18
   247w 2.92 1  0  4202 2036:07:04 1941.304 55328.28          28501                151619.0  2371 .40g -.093g  10.0
   248  3.15 1  0  4205 2036:07:07 1967.845 56122.31          28520                151296.6  2376 .40g -.098g  11.1
   249  3.21 1  0  4208 2036:07:10 1994.549 56921.50          28539                150960.3  2380 .40g -.101g  11.2
   250  3.17 1  0  4211 2036:07:13 2020.490 57698.05          28556                150643.1  2385 .40g -.097g  10.4
   251  3.26 1  0  4215 2036:07:17 2046.801 58486.60          28575                150329.0  2389 .40g -.098g  10.5
   252  3.32 1  0  4218 2036:07:20 2073.128 59276.04          28593                150011.7  2394 .40g -.102g  10.6
   253  3.24 1  0  4221 2036:07:23 2098.458 60036.26          28610                149703.2  2398 .40g -.093g   9.9
   254  3.50 1  0  4225 2036:07:27 2125.418 60846.07          28628                149379.6  2403 .40g -.103g  10.7
   255  2.62 1  0  4227 2036:07:29 2145.233 61441.40          28641                149135.5  2406 .40g -.076g  8.60
   256  2.62 1  0  4230 2036:08:01 2164.787 62029.18          28654                148890.2  2410 .40g -.077g  7.99
   257w 3.38 1  0  4233 2036:08:04 2189.738 62779.58          28670                148583.2  2414 .40g -.094g   9.7
   258  3.61 1  0  4237 2036:08:08 2216.079 63572.81          28687                148285.7  2419 .40g -.100g   9.8
   259  3.62 1  0  4241 2036:08:12 2241.984 64352.79          28704                147984.0  2423 .40g  .101o  10.2
   260  3.58 1  0  4244 2036:08:15 2267.160 65111.57          28719                147694.7  2427 .41g  .100o  10.6

                                    I M E X   T I M E   S T E P   S U M M A R Y
 ==================================================================================================================
    Time Step           Time                  Total Production             Total Injection  Total Max. Max. Change
 ---------------- ---------------- -------------------------------------- -----------------  PV   Mat. ------------
                C                    Oil      Gas     Water   GOR.  Wat.    Gas     Water   Avg.  bal. Satur. Pres.
        Size    U                                             SCF/   Cut                    Pres. err. DSMAX  DPMAX
  No.   Days IT T Days   yy:mm:dd   STB/D    MCF/D    STB/D    STB    %    MCF/D    STB/D   psia   %          psia
 ------ ---- -- - ----- ---------- -------- -------- -------- ----- ----- -------- -------- ----- ---- ------ -----
   261  3.57 1  0  4248 2036:08:19 2291.667 65850.38          28735                147404.0  2432 .41g  .100o   9.7
   262  3.57 1  0  4251 2036:08:22 2315.674 66574.63          28750                147116.2  2436 .41g -.095g   9.7
   263  3.77 1  0  4255 2036:08:26 2340.649 67328.69          28765                146809.4  2440 .41g  .100o  10.0
   264  2.95 1  0  4258 2036:08:29 2359.891 67910.13          28777                146582.7  2444 .41g  .078o  7.96
   265  2.95 1  0  4261 2036:09:01 2378.802 68481.52          28788                146361.3  2447 .41g  .080o  7.82
   266w 3.71 1  0  4265 2036:09:05 2402.205 69189.18          28802                146093.6  2451 .41g  .096o  9.30
   267  3.86 1  0  4269 2036:09:09 2426.133 69913.14          28817                145817.1  2456 .41g  .097o  9.25
   268  3.99 1  0  4273 2036:09:13 2450.314 70645.01          28831                145532.0  2460 .41g  .102o  9.49
   269  3.89 1  0  4276 2036:09:16 2473.306 71341.10          28844                145254.5  2464 .41g  .100o   9.6
   270  3.88 1  0  4280 2036:09:20 2495.704 72019.70          28857                144991.0  2468 .41g  .100o  9.28
   271  3.88 1  0  4284 2036:09:24 2517.712 72687.04          28870                144726.2  2472 .41g  .095o  9.02
   272  3.40 1  0  4288 2036:09:28 2536.725 73264.08          28881                144500.1  2476 .41g  .082o  7.44
   273  3.40 1  0  4291 2036:10:01 2555.375 73830.00          28892                144279.4  2479 .41g  .086o  7.41
   274w 3.96 1  0  4295 2036:10:05 2576.588 74473.86          28904                144031.1  2483 .41g  .099o  8.77
   275  4.00 1  0  4299 2036:10:09 2597.464 75107.91          28916                143783.5  2487 .42g  .097o  8.39
   276  4.11 1  0  4303 2036:10:13 2618.437 75745.27          28928                143530.3  2491 .42g  .092o  8.62
   277  4.46 1  0  4308 2036:10:18 2640.864 76427.62          28940                143274.0  2495 .42g  .107o  8.73
   278  4.15 1  0  4312 2036:10:22 2661.146 77044.45          28952                143036.0  2499 .42g  .100o  8.46
   279  4.17 1  0  4316 2036:10:26 2680.915 77646.04          28963                142798.8  2503 .42g  .100o  8.65
   280  3.07 1  0  4319 2036:10:29 2695.152 78079.72          28970                142626.2  2506 .42g  .071o  6.24

                                    I M E X   T I M E   S T E P   S U M M A R Y
 ==================================================================================================================
    Time Step           Time                  Total Production             Total Injection  Total Max. Max. Change
 ---------------- ---------------- -------------------------------------- -----------------  PV   Mat. ------------
                C                    Oil      Gas     Water   GOR.  Wat.    Gas     Water   Avg.  bal. Satur. Pres.
        Size    U                                             SCF/   Cut                    Pres. err. DSMAX  DPMAX
  No.   Days IT T Days   yy:mm:dd   STB/D    MCF/D    STB/D    STB    %    MCF/D    STB/D   psia   %          psia
 ------ ---- -- - ----- ---------- -------- -------- -------- ----- ----- -------- -------- ----- ---- ------ -----
   281  3.07 1  0  4322 2036:11:01 2709.181 78507.28          28978                142456.7  2509 .42g  .070o  5.83
   282w 4.38 1  0  4326 2036:11:05 2728.721 79102.80          28989                142223.5  2513 .42g  .105o  8.12
   283  4.18 1  0  4331 2036:11:10 2746.881 79656.58          28999                142008.1  2516 .42g  .097o  7.57
   284  4.30 1  0  4335 2036:11:14 2765.052 80210.97          29009                141792.3  2520 .42g  .097o  7.81
   285  4.41 1  0  4339 2036:11:18 2783.284 80767.76          29019                141574.3  2523 .42g  .096o  7.93
   286  4.59 1  0  4344 2036:11:23 2801.810 81333.87          29029                141355.7  2527 .42g  .105o  7.76
   287  4.08 1  0  4348 2036:11:27 2817.644 81817.55          29038                141164.7  2530 .42g  .093o  6.99
   288  4.08 1  0  4352 2036:12:01 2832.968 82286.06          29046                140972.3  2534 .42g  .093o  7.03
   289w 4.39 1  0  4356 2036:12:05 2849.072 82778.95          29055                140770.5  2537 .42g  .096o  7.18
   290  4.56 1  0  4361 2036:12:10 2865.450 83280.69          29064                140568.8  2541 .43g  .099o  7.41
   291  4.62 1  0  4366 2036:12:15 2881.562 83774.36          29073                140378.5  2544 .43g  .104o  7.47
   292  4.45 1  0  4370 2036:12:19 2896.487 84231.80          29081                140197.8  2547 .43g  .098o  6.81
   293  4.56 1  0  4375 2036:12:24 2911.184 84682.54          29089                140015.0  2551 .43g  .102o  6.91
   294  4.21 1  0  4379 2036:12:28 2924.425 85092.27          29097                139847.8  2554 .43g  .088o  6.36
   295  4.21 1  0  4383 2037:01:01 2937.428 85492.87          29105                139681.8  2557 .43g  .091o  6.34
   296w 4.61 1  0  4388 2037:01:06 2951.080 85915.30          29113                139502.7  2560 .43g  .100o  6.82
   297  4.63 1  0  4392 2037:01:10 2964.162 86320.63          29121                139329.7  2563 .43g  .100o -7.11
   298  4.65 1  0  4397 2037:01:15 2977.057 86721.56          29130                139165.4  2566 .43g  .100o -6.99
   299  4.67 1  0  4402 2037:01:20 2989.639 87113.04          29138                139007.0  2569 .43g  .099o -7.01
   300  4.71 1  0  4406 2037:01:24 3001.912 87495.51          29147                138852.7  2572 .43g  .099o -7.10

                                    I M E X   T I M E   S T E P   S U M M A R Y
 ==================================================================================================================
    Time Step           Time                  Total Production             Total Injection  Total Max. Max. Change
 ---------------- ---------------- -------------------------------------- -----------------  PV   Mat. ------------
                C                    Oil      Gas     Water   GOR.  Wat.    Gas     Water   Avg.  bal. Satur. Pres.
        Size    U                                             SCF/   Cut                    Pres. err. DSMAX  DPMAX
  No.   Days IT T Days   yy:mm:dd   STB/D    MCF/D    STB/D    STB    %    MCF/D    STB/D   psia   %          psia
 ------ ---- -- - ----- ---------- -------- -------- -------- ----- ----- -------- -------- ----- ---- ------ -----
   301  3.87 1  0  4410 2037:01:28 3011.320 87788.73          29153                138727.0  2575 .43g  .080o -5.48
   302  3.87 1  0  4414 2037:02:01 3020.317 88069.71          29159                138598.7  2577 .44g  .081o -5.34
   303w 4.79 1  0  4419 2037:02:06 3031.357 88415.72          29167                138439.4  2580 .44g  .097o -7.04
   304  4.93 1  0  4424 2037:02:11 3042.555 88767.07          29175                138282.2  2583 .44g  .103o -7.56
   305  4.80 1  0  4429 2037:02:16 3052.907 89092.08          29183                138140.3  2586 .44g  .098o -6.82
   306  4.88 1  0  4433 2037:02:20 3062.847 89404.91          29190                137999.0  2589 .44g  .101o -7.75
   307  4.30 1  0  4438 2037:02:25 3071.213 89668.54          29196                137875.6  2591 .44g  .088o -6.70
   308  4.30 1  0  4442 2037:03:01 3079.329 89925.15          29203                137751.6  2594 .44g  .087o -6.43
   309w 4.92 1  0  4447 2037:03:06 3088.353 90210.97          29210                137621.5  2596 .44g  .100o -6.88
   310  4.92 1  0  4452 2037:03:11 3096.660 90474.40          29217                137494.7  2599 .44g  .100o -7.69
   311  4.92 1  0  4457 2037:03:16 3104.585 90726.44          29223                137365.8  2602 .44g  .099o -8.11
   312  4.95 1  0  4462 2037:03:21 3112.248 90970.70          29230                137238.5  2604 .44g  .098o -7.91
   313  5.03 1  0  4467 2037:03:26 3119.757 91210.91          29237                137113.7  2607 .45g  .103o -7.46
   314  3.13 1  0  4470 2037:03:29 3123.956 91344.60          29240                137034.7  2609 .45g  .062o -5.11
   315  3.13 1  0  4473 2037:04:01 3127.971 91473.58          29244                136955.8  2610 .45g  .063o -4.89
   316w 4.99 1  0  4478 2037:04:06 3134.435 91682.35          29250                136834.0  2613 .45g  .099o -7.25
   317  5.05 1  0  4483 2037:04:11 3140.761 91886.57          29256                136717.8  2615 .45g  .098o -7.63
   318  5.14 1  0  4488 2037:04:16 3146.654 92077.19          29262                136603.6  2618 .45g  .102o -8.32
   319  5.04 1  0  4493 2037:04:21 3151.942 92248.90          29267                136493.4  2620 .45g  .101o -8.19
   320  4.89 1  0  4498 2037:04:26 3156.648 92402.48          29272                136389.9  2623 .45g  .096o -7.42

                                    I M E X   T I M E   S T E P   S U M M A R Y
 ==================================================================================================================
    Time Step           Time                  Total Production             Total Injection  Total Max. Max. Change
 ---------------- ---------------- -------------------------------------- -----------------  PV   Mat. ------------
                C                    Oil      Gas     Water   GOR.  Wat.    Gas     Water   Avg.  bal. Satur. Pres.
        Size    U                                             SCF/   Cut                    Pres. err. DSMAX  DPMAX
  No.   Days IT T Days   yy:mm:dd   STB/D    MCF/D    STB/D    STB    %    MCF/D    STB/D   psia   %          psia
 ------ ---- -- - ----- ---------- -------- -------- -------- ----- ----- -------- -------- ----- ---- ------ -----
   321  4.89 1  0  4503 2037:05:01 3161.027 92546.41          29277                136287.8  2625 .45g  .093o -8.03
   322w 5.26 1  0  4508 2037:05:06 3165.854 92705.59          29283                136180.4  2627 .46g  .104o -8.06
   323  5.04 1  0  4513 2037:05:11 3169.521 92826.78          29287                136076.3  2630 .46g  .098o -8.03
   324  5.12 1  0  4518 2037:05:16 3172.863 92939.06          29292                135972.3  2632 .46g  .100o -7.58
   325  5.11 1  0  4524 2037:05:22 3176.053 93046.90          29296                135872.5  2635 .46g  .099o -8.10
   326  5.14 1  0  4529 2037:05:27 3178.920 93144.43          29301                135769.0  2637 .46g  .102o -8.63
   327  5.32 1  0  4534 2037:06:01 3181.843 93244.64          29305                135664.0  2639 .46g  .105o -8.70
   328w 5.06 1  0  4539 2037:06:06 3183.975 93319.19          29309                135567.6  2642 .46g  .099o -7.67
   329  5.11 1  0  4544 2037:06:11 3185.749 93382.82          29313                135471.9  2644 .46g  .099o -8.31
   330  5.14 1  0  4549 2037:06:16 3187.338 93441.20          29316                135376.0  2646 .47g  .102o -7.79
   331  5.04 1  0  4554 2037:06:21 3188.478 93485.06          29320                135279.8  2648 .47g  .099o -7.15
   332  4.82 1  0  4559 2037:06:26 3188.742 93500.62          29322                135183.8  2651 .47g  .095o -7.90
   333  4.82 1  0  4564 2037:07:01 3188.841 93511.99          29325                135087.8  2653 .47g  .091o -7.93
   334w 5.27 1  0  4569 2037:07:06 3189.124 93530.21          29328                134983.7  2655 .47g  .103o -8.59
   335  5.11 1  0  4574 2037:07:11 3188.865 93530.43          29330                134884.9  2657 .47g  .101o -7.83
   336  5.08 1  0  4579 2037:07:16 3188.173 93517.15          29333                134786.0  2660 .47g  .100o -8.66
   337  5.08 1  0  4585 2037:07:22 3186.974 93488.12          29334                134689.7  2662 .48g  .101o -8.03
   338  5.06 1  0  4590 2037:07:27 3185.440 93448.74          29336                134589.5  2664 .48g  .099o -8.10
   339  5.41 1  0  4595 2037:08:01 3183.578 93399.72          29338                134479.4  2667 .48g  .107o -8.05
   340w 5.05 1  0  4600 2037:08:06 3180.910 93324.29          29339                134374.9  2669 .48g  .100o -8.00

                                    I M E X   T I M E   S T E P   S U M M A R Y
 ==================================================================================================================
    Time Step           Time                  Total Production             Total Injection  Total Max. Max. Change
 ---------------- ---------------- -------------------------------------- -----------------  PV   Mat. ------------
                C                    Oil      Gas     Water   GOR.  Wat.    Gas     Water   Avg.  bal. Satur. Pres.
        Size    U                                             SCF/   Cut                    Pres. err. DSMAX  DPMAX
  No.   Days IT T Days   yy:mm:dd   STB/D    MCF/D    STB/D    STB    %    MCF/D    STB/D   psia   %          psia
 ------ ---- -- - ----- ---------- -------- -------- -------- ----- ----- -------- -------- ----- ---- ------ -----
   341  5.06 1  0  4605 2037:08:11 3177.555 93227.63          29339                134263.0  2671 .48g  .102o -8.56
   342  4.96 1  0  4610 2037:08:16 3174.206 93131.70          29340                134148.0  2674 .48g  .099o -8.79
   343  5.02 1  0  4615 2037:08:21 3170.295 93017.81          29340                134028.0  2676 .48g  .100o -8.62
   344  5.00 1  0  4620 2037:08:26 3165.742 92883.19          29340                133903.6  2679 .49g  .100o -7.97
   345  2.95 1  0  4623 2037:08:29 3162.469 92785.30          29340                133828.6  2680 .49g  .058o -5.20
   346  2.95 1  0  4626 2037:09:01 3159.048 92683.32          29339                133749.7  2682 .49g  .060o -4.98
   347w 4.95 1  0  4631 2037:09:06 3153.019 92503.44          29338                133610.4  2684 .49g  .101o  8.99
   348  4.88 1  0  4636 2037:09:11 3146.166 92297.00          29336                133463.6  2687 .49g  .100o  9.47
   349  4.89 2  0  4641 2037:09:16 3136.395 91996.09          29332                133304.5  2690 .49g  .093o  11.2
   350  5.24 2  0  4646 2037:09:21 3123.821 91609.75          29326                133111.4  2693 .49g  .099o  12.3
   351  5.02 2  0  4651 2037:09:26 3109.742 91176.23          29320                132899.9  2696 .49g -.094g  12.5
   352  5.02 2  0  4656 2037:10:01 3093.141 90663.43          29311                132661.4  2700 .49g  .095o  13.4
   353w 5.30 2  0  4661 2037:10:06 3072.668 90030.01          29300                132382.3  2704 .49g -.100g  15.4
   354  5.27 2  0  4667 2037:10:12 3049.686 89319.18          29288                132070.8  2709 .50g  .102o  16.3
   355  5.18 2  0  4672 2037:10:17 3024.614 88543.16          29274                131728.3  2713 .50g  .111o  17.0
   356  4.67 2  0  4676 2037:10:21 3000.547 87798.87          29261                131397.1  2718 .50g  .110o  16.0
   357  4.23 2  0  4681 2037:10:26 2977.104 87073.26          29248                131066.2  2723 .50g  .116o  14.9
   358  3.17 1  0  4684 2037:10:29 2959.073 86516.28          29238                130805.9  2726 .50g  .096o  12.0
   359  3.17 2  0  4687 2037:11:01 2939.340 85904.58          29226                130532.0  2730 .50g  .108o  14.0
   360w 2.94 1  0  4690 2037:11:04 2921.404 85351.97          29216                130267.4  2733 .50g  .109o  11.4

                                    I M E X   T I M E   S T E P   S U M M A R Y
 ==================================================================================================================
    Time Step           Time                  Total Production             Total Injection  Total Max. Max. Change
 ---------------- ---------------- -------------------------------------- -----------------  PV   Mat. ------------
                C                    Oil      Gas     Water   GOR.  Wat.    Gas     Water   Avg.  bal. Satur. Pres.
        Size    U                                             SCF/   Cut                    Pres. err. DSMAX  DPMAX
  No.   Days IT T Days   yy:mm:dd   STB/D    MCF/D    STB/D    STB    %    MCF/D    STB/D   psia   %          psia
 ------ ---- -- - ----- ---------- -------- -------- -------- ----- ----- -------- -------- ----- ---- ------ -----
   361  2.70 1  0  4693 2037:11:07 2904.820 84840.45          29207                130016.5  2737 .50g  .111o  11.4
   362  2.44 1  0  4695 2037:11:09 2889.108 84354.46          29197                129784.9  2740 .50g  .109o  11.1
   363  2.23 1  0  4697 2037:11:11 2874.287 83896.42          29189                129568.9  2743 .50g  .094o  11.2
   364  2.39 1  0  4700 2037:11:14 2858.482 83409.13          29180                129333.5  2746 .50g  .120o  12.0
   365  1.98 1  0  4702 2037:11:16 2844.630 82980.39          29171                129134.5  2748 .50g  .099o  11.2
   366  2.01 1  0  4704 2037:11:18 2830.326 82538.98          29162                128929.0  2751 .50g  .092o  10.7
   367  2.18 1  0  4706 2037:11:20 2815.166 82072.60          29154                128701.7  2754 .50g  .106o  13.6
   368  2.05 1  0  4708 2037:11:22 2800.902 81633.16          29145                128485.2  2757 .50g  .101o  10.1
   369  2.03 1  0  4710 2037:11:24 2786.394 81185.89          29137                128266.0  2760 .50g  .103o  13.1
   370  1.98 1  0  4712 2037:11:26 2772.508 80758.79          29128                128048.7  2763 .50g  .090o  12.7
   371  2.21 2  0  4714 2037:11:28 2755.925 80246.19          29118                127801.4  2766 .50g  .106o  11.6
   372  1.43 1  0  4716 2037:11:30 2745.165 79914.83          29111                127639.2  2769 .50g  .070o  8.49
   373  1.43 1  0  4717 2037:12:01 2734.366 79582.23          29104                127475.2  2771 .51g  .067o  7.85
   374w 2.15 1  0  4719 2037:12:03 2719.422 79124.68          29096                127225.4  2774 .51g  .084o  10.5
   375  2.56 2  0  4722 2037:12:06 2700.278 78534.11          29084                126922.4  2778 .51g  .120o  13.0
   376  2.13 1  0  4724 2037:12:08 2685.277 78074.46          29075                126664.8  2782 .51g  .111o  10.5
   377  1.92 1  0  4726 2037:12:10 2671.557 77652.38          29066                126430.9  2785 .51g  .084o  12.0
   378  2.28 2  0  4728 2037:12:12 2653.946 77109.15          29055                126149.8  2789 .51g  .112o  13.4
   379  2.04 1  0  4730 2037:12:14 2638.852 76646.20          29045                125896.2  2792 .51g  .101o  10.1
   380  2.02 1  0  4732 2037:12:16 2623.617 76177.52          29035                125642.2  2796 .51g  .100o  11.3

                                    I M E X   T I M E   S T E P   S U M M A R Y
 ==================================================================================================================
    Time Step           Time                  Total Production             Total Injection  Total Max. Max. Change
 ---------------- ---------------- -------------------------------------- -----------------  PV   Mat. ------------
                C                    Oil      Gas     Water   GOR.  Wat.    Gas     Water   Avg.  bal. Satur. Pres.
        Size    U                                             SCF/   Cut                    Pres. err. DSMAX  DPMAX
  No.   Days IT T Days   yy:mm:dd   STB/D    MCF/D    STB/D    STB    %    MCF/D    STB/D   psia   %          psia
 ------ ---- -- - ----- ---------- -------- -------- -------- ----- ----- -------- -------- ----- ---- ------ -----
   381  2.01 1  0  4734 2037:12:18 2608.150 75701.60          29025                125385.0  2799 .51g  .086o  12.7
   382  2.35 2  0  4736 2037:12:20 2588.647 75100.27          29011                125078.5  2804 .51g  .118o  12.4
   383  1.98 1  0  4738 2037:12:22 2573.253 74628.95          29002                124815.4  2807 .51g  .099o  11.2
   384  1.99 1  0  4740 2037:12:24 2557.707 74151.38          28991                124548.3  2811 .51g  .100o  11.7
   385  1.99 1  0  4742 2037:12:26 2541.623 73656.24          28980                124278.7  2815 .51g  .096o  10.9
   386  2.07 2  0  4745 2037:12:29 2522.957 73080.99          28966                123995.1  2819 .51g  .106o  11.5
   387  1.75 1  0  4746 2037:12:30 2507.486 72606.57          28956                123752.4  2822 .51g  .091o  11.5
   388  1.75 1  0  4748 2038:01:01 2492.555 72149.02          28946                123506.0  2826 .51g  .086o  10.1
   389w 2.04 1  0  4750 2038:01:03 2476.063 71643.95          28935                123213.7  2830 .51g  .105o  11.2
   390  1.93 1  0  4752 2038:01:05 2460.392 71161.96          28923                122932.4  2834 .51g  .117o   9.7
   391  1.66 1  0  4754 2038:01:07 2444.915 70683.64          28910                122688.7  2837 .51g  .090o  12.2
   392  1.84 1  0  4755 2038:01:08 2427.795 70158.37          28898                122413.7  2841 .51g  .104o  11.7
   393  1.76 1  0  4757 2038:01:10 2410.100 69613.99          28884                122146.7  2845 .51g  .097o  12.8
   394  1.81 1  0  4759 2038:01:12 2391.582 69044.45          28870                121868.3  2849 .51g  .104o  10.2
   395  1.73 1  0  4761 2038:01:14 2374.617 68525.08          28857                121596.9  2853 .51g  .100o  11.1
   396  1.73 1  0  4762 2038:01:15 2358.122 68018.66          28844                121321.9  2857 .51g  .107o  12.4
   397  1.62 1  0  4764 2038:01:17 2340.593 67476.81          28829                121060.2  2861 .51g  .090o  13.5
   398  1.81 1  0  4766 2038:01:19 2321.427 66887.49          28813                120762.8  2865 .51g  .108o  11.5
   399  1.68 1  0  4768 2038:01:21 2302.616 66308.10          28797                120482.2  2869 .51g  .108o   9.7
   400  1.55 1  0  4769 2038:01:22 2284.763 65758.55          28781                120219.3  2873 .51g  .086o  12.9

                                    I M E X   T I M E   S T E P   S U M M A R Y
 ==================================================================================================================
    Time Step           Time                  Total Production             Total Injection  Total Max. Max. Change
 ---------------- ---------------- -------------------------------------- -----------------  PV   Mat. ------------
                C                    Oil      Gas     Water   GOR.  Wat.    Gas     Water   Avg.  bal. Satur. Pres.
        Size    U                                             SCF/   Cut                    Pres. err. DSMAX  DPMAX
  No.   Days IT T Days   yy:mm:dd   STB/D    MCF/D    STB/D    STB    %    MCF/D    STB/D   psia   %          psia
 ------ ---- -- - ----- ---------- -------- -------- -------- ----- ----- -------- -------- ----- ---- ------ -----
   401  1.80 1  0  4771 2038:01:24 2264.781 65143.68          28764                119908.2  2878 .51g  .116o  15.5
   402  1.56 1  0  4773 2038:01:26 2246.123 64566.69          28746                119635.2  2882 .51g  .085o  15.1
   403  1.82 1  0  4774 2038:01:27 2225.341 63923.14          28725                119308.2  2886 .52g  .113o  11.5
   404  1.61 1  0  4776 2038:01:29 2203.931 63264.14          28705                119014.5  2891 .52g  .103o  10.8
   405  1.53 1  0  4777 2038:01:30 2182.603 62603.86          28683                118731.5  2895 .52g  .097o  13.3
   406  1.53 1  0  4779 2038:02:01 2162.298 61976.29          28662                118443.1  2899 .52g  .098o  11.6
   407w 1.55 1  0  4781 2038:02:03 2142.145 61350.27          28640                118144.0  2904 .52g  .097o  15.1
   408  1.60 1  0  4782 2038:02:04 2120.823 60683.55          28613                117829.3  2909 .52g  .104o  10.0
   409  1.54 1  0  4784 2038:02:06 2097.427 59954.37          28585                117520.7  2913 .52g  .094o  13.7
   410  1.64 1  0  4785 2038:02:07 2073.395 59201.08          28553                117186.6  2918 .52g  .117o  13.7
   411  1.41 1  0  4787 2038:02:09 2051.339 58514.56          28525                116895.2  2923 .52g  .097o  15.4
   412  1.45 1  0  4788 2038:02:10 2030.044 57846.02          28495                116588.8  2928 .52g  .099o  13.1
   413  1.46 1  0  4790 2038:02:12 2004.676 57040.68          28454                116274.1  2932 .52g  .108o  12.1
   414  1.35 1  0  4791 2038:02:13 1978.546 56203.38          28406                115977.1  2937 .52g  .091o  14.5
   415  1.49 1  0  4792 2038:02:14 1952.787 55386.85          28363                115641.8  2942 .52g  .110o  14.8
   416  1.36 1  0  4794 2038:02:16 1924.672 54470.37          28301                115330.6  2947 .52g  .102o  14.9
   417  1.33 1  0  4795 2038:02:17 1901.049 53674.35          28234                115020.0  2952 .52g  .101o  13.8
   418  1.32 1  0  4796 2038:02:18 1872.785 52707.40          28144                114705.9  2957 .52g  .100o  13.3
   419  1.31 1  0  4798 2038:02:20 1844.286 51697.84          28031                114385.7  2962 .52g  .096o  16.9
   420  1.37 1  0  4799 2038:02:21 1813.604 50659.89          27933                114043.3  2967 .52g  .113o  15.0

                                    I M E X   T I M E   S T E P   S U M M A R Y
 ==================================================================================================================
    Time Step           Time                  Total Production             Total Injection  Total Max. Max. Change
 ---------------- ---------------- -------------------------------------- -----------------  PV   Mat. ------------
                C                    Oil      Gas     Water   GOR.  Wat.    Gas     Water   Avg.  bal. Satur. Pres.
        Size    U                                             SCF/   Cut                    Pres. err. DSMAX  DPMAX
  No.   Days IT T Days   yy:mm:dd   STB/D    MCF/D    STB/D    STB    %    MCF/D    STB/D   psia   %          psia
 ------ ---- -- - ----- ---------- -------- -------- -------- ----- ----- -------- -------- ----- ---- ------ -----
   421  1.21 1  0  4800 2038:02:22 1783.751 49552.11          27780                113734.5  2972 .52g  .099o  16.5
   422  1.22 1  0  4802 2038:02:24 1756.861 48475.65          27592                113416.9  2977 .52g  .106o  15.0
   423  1.16 1  0  4803 2038:02:25 1728.510 47263.90          27344                113109.3  2982 .52g  .097o  16.5
   424  1.19 1  0  4804 2038:02:26 1702.733 46025.02          27030                112784.2  2988 .52g  .116o  17.3
   425  1.03 1  0  4805 2038:02:27 1679.325 44766.40          26657                112498.4  2993 .52g  .100o  15.7
   426  1.00 1  0  4806 2038:02:28 1660.090 43466.78          26183                112213.3  2997 .52g  .099o  20.5
   427  1.00 1  0  4807 2038:03:01 1646.959 42085.43          25553                111921.8  3002 .52g  .102o  17.4
   428w .989 1  0  4808 2038:03:02 1639.741 40456.36          24672                111628.3  3007 .52g  .113o  20.1
   429  .874 1  0  4809 2038:03:03 1645.253 38902.64          23645                111363.3  3012 .52g  .094o  20.5
   430  .925 2  0  4810 2038:03:04 1667.711 36097.46          21645                111075.3  3017 .52g  .097o  25.4
   431  .956 2  0  4811 2038:03:05 1750.284 33839.78          19334                110769.8  3023 .52g  .109o  22.9
   432  .879 2  0  4812 2038:03:06 1898.639 30986.39          16320                110481.0  3028 .52g  .090o  26.8
   433  .973 2  0  4813 2038:03:07 2331.378 24689.72          10590                110150.2  3035 .52g  .105o  43.6
   434  .928 2  0  4814 2038:03:08 3107.411 18394.52           5920                109822.4  3042 .52g  .096o  55.7
   435  .963 1  0  4814 2038:03:08 4423.260 13646.09           3085                109467.5  3050 .52g  .081o  58.1
   436  1.19 2  0  4816 2038:03:10 6126.630 12393.63           2023                108999.9  3061 .52g  .107o  74.8
   437  1.11 1  0  4817 2038:03:11 7689.934 11272.02           1466                108530.1  3072 .52g  .101o  65.8
   438  1.10 1  0  4818 2038:03:12 9538.478 10759.25           1128                108026.8  3084 .52g  .091o  72.6
   439  1.21 1  0  4819 2038:03:13 11456.72 10271.65          896.6                107419.9  3098 .52g  .076o  66.8
   440  1.60 1  0  4821 2038:03:15 13220.30 10668.15          807.0                106519.5  3116 .52g  .057o  64.2

                                    I M E X   T I M E   S T E P   S U M M A R Y
 ==================================================================================================================
    Time Step           Time                  Total Production             Total Injection  Total Max. Max. Change
 ---------------- ---------------- -------------------------------------- -----------------  PV   Mat. ------------
                C                    Oil      Gas     Water   GOR.  Wat.    Gas     Water   Avg.  bal. Satur. Pres.
        Size    U                                             SCF/   Cut                    Pres. err. DSMAX  DPMAX
  No.   Days IT T Days   yy:mm:dd   STB/D    MCF/D    STB/D    STB    %    MCF/D    STB/D   psia   %          psia
 ------ ---- -- - ----- ---------- -------- -------- -------- ----- ----- -------- -------- ----- ---- ------ -----
   441  2.80 1  0  4823 2038:03:17 14721.60 11114.09          755.0                104684.4  3148 .52g  .046o  65.3
   442  6.05 1  0  4830 2038:03:24 16770.35 12406.78          739.8                100224.3  3214 .52g  .036o  90.5
   443  8.46 1  0  4838 2038:04:01 18562.44 13709.15          738.5                94041.04  3296 .52g  .023w  95.4
   444w 30.0 4  0  4868 2038:05:01 22286.40 16348.56          733.6                78058.84  3496 .52g -.067o   221
   445w 31.0 1  0  4899 2038:06:01 24796.80 18016.65          726.6                66643.81  3638 .52g  .078w   155
   446w 30.0 1  0  4929 2038:07:01 26462.91 19193.91          725.3                58998.18  3732 .53g -.072o   104
   447w 31.0 1  0  4960 2038:08:01 27631.68 20051.68          725.7                53621.88  3799 .53g -.085o  73.9
   448w 31.0 1  0  4991 2038:09:01 28430.62 20656.57          726.6                49968.46  3844 .53g -.086o  50.7
   449w 30.0 1  0  5021 2038:10:01 28962.96 21072.42          727.6                47544.86  3873 .53g -.082o  34.7
   450w 31.0 1  0  5052 2038:11:01 29339.57 21378.36          728.7                45860.18  3894 .53g  .087w  25.5
   451w 30.0 1  0  5082 2038:12:01 29595.12 21595.82          729.7                44753.39  3908 .54g -.090o  17.7
   452w 31.0 1  0  5113 2039:01:01 29775.41 21759.27          730.8                43988.94  3918 .54g  .092w  13.3
   453w 31.0 1  0  5144 2039:02:01 29902.89 21883.27          731.8                43483.12  3924 .54g -.087o  10.3
   454w 28.0 1  0  5172 2039:03:01 29986.76 21971.43          732.7                43176.73  3928 .54g -.084o -8.34
   455w 31.0 1  0  5203 2039:04:01 30050.85 22046.50          733.6                42959.05  3931 .55g  .104w -10.8
   456w 30.0 1  0  5233 2039:05:01 30097.46 22106.07          734.5                42833.87  3933 .55g -.102o -8.86
   457w 31.0 1  0  5264 2039:06:01 30130.59 22154.59          735.3                42764.33  3935 .55g -.114o -11.3
   458w 15.0 1  0  5279 2039:06:16 30146.98 22177.85          735.7                42738.67  3935 .55g -.043o  4.84
   459  15.0 1  0  5294 2039:07:01 30160.02 22198.14          736.0                42717.81  3936 .55g  .049w  4.79
   460w 31.0 1  0  5325 2039:08:01 30180.03 22232.50          736.7                42709.41  3936 .55g  .112w  11.0

                                    I M E X   T I M E   S T E P   S U M M A R Y
 ==================================================================================================================
    Time Step           Time                  Total Production             Total Injection  Total Max. Max. Change
 ---------------- ---------------- -------------------------------------- -----------------  PV   Mat. ------------
                C                    Oil      Gas     Water   GOR.  Wat.    Gas     Water   Avg.  bal. Satur. Pres.
        Size    U                                             SCF/   Cut                    Pres. err. DSMAX  DPMAX
  No.   Days IT T Days   yy:mm:dd   STB/D    MCF/D    STB/D    STB    %    MCF/D    STB/D   psia   %          psia
 ------ ---- -- - ----- ---------- -------- -------- -------- ----- ----- -------- -------- ----- ---- ------ -----
   461w 15.5 1  0  5341 2039:08:17 30186.54 22246.52          737.0                42703.11  3936 .56g  .048w  5.39
   462  15.5 1  0  5356 2039:09:01 30193.15 22260.05          737.3                42700.94  3937 .56g  .052w  6.17
   463w 30.0 2  0  5386 2039:10:01 30203.51 22282.82          737.8                42698.68  3937 .56g -.095o  10.2
   464w 31.0 2  0  5417 2039:11:01 30202.81 22298.71          738.3                42703.93  3938 .56g  .080w  11.3
   465w 30.0 2  0  5447 2039:12:01 30182.86 22305.56          739.0                42704.30  3938 .56g -.080o  11.6
   466w 31.0 4  0  5478 2040:01:01 29793.30 22076.45 370.6562 741.0 1.229          42686.67  3939 .57g -.076o  11.7
   467w 31.0 2  0  5509 2040:02:01 28709.98 21382.12 1062.686 744.8 3.569          42496.97  3943 .57g -.079o  17.0
   468w 29.0 2  0  5538 2040:03:01 26959.49 20224.33 2217.280 750.2 7.599          42071.18  3950 .57g  .064w  32.4
   469w 31.0 3  0  5569 2040:04:01 25421.91 19205.47 3751.119 755.5 12.86          41540.43  3958 .57g  .071w  18.8
   470w 30.0 2  0  5599 2040:05:01 24056.27 18295.26 5191.098 760.5 17.75          41029.23  3965 .58g  .061w -16.8
   471w 31.0 2  0  5630 2040:06:01 22813.63 17454.16 6655.121 765.1 22.58          40557.42  3972 .58g  .048w -23.5
   472w 30.0 3  0  5660 2040:07:01 22067.43 16942.12 7845.701 767.7 26.23          40240.37  3976 .58g -.030o -17.4
   473w 31.0 1  0  5691 2040:08:01 21495.86 16544.59 8885.650 769.7 29.25          40063.26  3979 .58g -.033w -19.6
   474w 31.0 1  0  5722 2040:09:01 21109.99 16271.28 9788.749 770.8 31.68          40014.49  3980 .58g -.032o -16.7
   475w 30.0 1  0  5752 2040:10:01 20770.81 16027.95 10505.90 771.7 33.59          40044.65  3979 .59g -.031o -14.6
   476w 31.0 1  0  5783 2040:11:01 20457.53 15802.48 11143.31 772.5 35.26          40126.32  3979 .59g  .031w -13.3
   477w 30.0 1  0  5813 2040:12:01 20214.66 15623.51 11686.77 772.9 36.63          40233.26  3978 .59g -.032o -11.8
   478w 31.0 1  0  5844 2041:01:01 19991.44 15458.11 12315.55 773.2 38.12          40395.84  3976 .59g -.030o -10.3
   479w 31.0 1  0  5875 2041:02:01 19805.38 15319.50 12866.94 773.5 39.38          40596.79  3974 .59g -.033o -9.39
   480w 28.0 1  0  5903 2041:03:01 19644.64 15199.01 13354.43 773.7 40.47          40802.28  3971 .59g  .031w -8.45

                                    I M E X   T I M E   S T E P   S U M M A R Y
 ==================================================================================================================
    Time Step           Time                  Total Production             Total Injection  Total Max. Max. Change
 ---------------- ---------------- -------------------------------------- -----------------  PV   Mat. ------------
                C                    Oil      Gas     Water   GOR.  Wat.    Gas     Water   Avg.  bal. Satur. Pres.
        Size    U                                             SCF/   Cut                    Pres. err. DSMAX  DPMAX
  No.   Days IT T Days   yy:mm:dd   STB/D    MCF/D    STB/D    STB    %    MCF/D    STB/D   psia   %          psia
 ------ ---- -- - ----- ---------- -------- -------- -------- ----- ----- -------- -------- ----- ---- ------ -----
   481w 31.0 1  0  5934 2041:04:01 19475.89 15072.22 13845.97 773.9 41.55          41040.80  3969 .60g -.032o -9.38
   482w 30.0 1  0  5964 2041:05:01 19322.64 14956.25 14291.31 774.0 42.52          41274.16  3966 .60g  .032w -8.88
   483w 31.0 1  0  5995 2041:06:01 19169.41 14839.91 14737.97 774.1 43.47          41512.95  3963 .60g  .032w -8.08
   484w 30.0 1  0  6025 2041:07:01 19024.15 14729.30 15164.90 774.2 44.36          41744.01  3961 .60g -.031o -7.75
   485w 31.0 1  0  6056 2041:08:01 18879.53 14618.63 15596.32 774.3 45.24          41977.02  3958 .60g  .035w -7.87
   486w 31.0 1  0  6087 2041:09:01 18748.26 14516.79 15989.16 774.3 46.03          42208.84  3956 .60g -.034o -7.73
   487w 30.0 1  0  6117 2041:10:01 18623.98 14420.13 16369.45 774.3 46.78          42419.15  3953 .61g -.034o -6.97
   488w 31.0 1  0  6148 2041:11:01 18493.41 14318.55 16751.27 774.3 47.53          42635.07  3951 .61g -.034o -7.12
   489w 30.0 1  0  6178 2041:12:01 18382.15 14230.62 17095.27 774.2 48.19          42835.07  3949 .61g  .036w -6.67
   490w 31.0 1  0  6209 2042:01:01 18272.76 14143.75 17429.54 774.0 48.82          43035.46  3947 .61g -.037o -6.85
   491w 31.0 1  0  6240 2042:02:01 18157.11 14052.54 17782.97 773.9 49.48          43229.84  3945 .61g  .035w -6.72
   492w 28.0 1  0  6268 2042:03:01 18031.45 13954.49 18078.63 773.9 50.07          43405.65  3943 .61g  .032w -5.86
   493w 31.0 1  0  6299 2042:04:01 17949.79 13884.21 18337.14 773.5 50.53          43582.67  3941 .62g -.036o -6.42
   494w 30.0 1  0  6329 2042:05:01 17854.90 13810.94 18812.96 773.5 51.31          43787.13  3939 .62g  .037w -6.10
   495w 31.0 1  0  6360 2042:06:01 17782.20 13752.62 19190.32 773.4 51.90          44017.86  3936 .62g -.038o -6.39
   496w 30.0 1  0  6390 2042:07:01 17703.98 13689.08 19524.59 773.2 52.45          44241.18  3934 .62g  .036w -6.31
   497w 31.0 1  0  6421 2042:08:01 17630.92 13629.85 19880.03 773.1 53.00          44481.19  3931 .62g  .041w -6.45
   498w 31.0 1  0  6452 2042:09:01 17552.00 13566.27 20213.53 772.9 53.52          44714.94  3929 .62g  .044w -6.62
   499w 30.0 1  0  6482 2042:10:01 17482.72 13509.62 20525.34 772.7 54.00          44939.35  3926 .63g -.038o -6.32
   500w 31.0 1  0  6513 2042:11:01 17412.48 13452.10 20829.19 772.6 54.47          45163.10  3924 .63g -.039o -6.65

                                    I M E X   T I M E   S T E P   S U M M A R Y
 ==================================================================================================================
    Time Step           Time                  Total Production             Total Injection  Total Max. Max. Change
 ---------------- ---------------- -------------------------------------- -----------------  PV   Mat. ------------
                C                    Oil      Gas     Water   GOR.  Wat.    Gas     Water   Avg.  bal. Satur. Pres.
        Size    U                                             SCF/   Cut                    Pres. err. DSMAX  DPMAX
  No.   Days IT T Days   yy:mm:dd   STB/D    MCF/D    STB/D    STB    %    MCF/D    STB/D   psia   %          psia
 ------ ---- -- - ----- ---------- -------- -------- -------- ----- ----- -------- -------- ----- ---- ------ -----
   501w 30.0 1  0  6543 2042:12:01 17346.25 13397.72 21116.55 772.4 54.90          45374.98  3922 .63g  .040w -6.37
   502w 31.0 1  0  6574 2043:01:01 17283.08 13345.07 21390.99 772.1 55.31          45584.28  3920 .63g  .043w -6.70
   503w 31.0 1  0  6605 2043:02:01 17218.25 13291.46 21676.64 771.9 55.73          45789.26  3917 .63g -.042o -6.66
   504w 28.0 1  0  6633 2043:03:01 17160.59 13243.81 21933.72 771.8 56.10          45964.03  3916 .63g -.037o -5.99
   505w 31.0 1  0  6664 2043:04:01 17101.24 13194.09 22198.97 771.5 56.49          46153.61  3914 .64g  .047w -6.60
   506w 30.0 1  0  6694 2043:05:01 17043.29 13145.66 22458.99 771.3 56.85          46339.99  3912 .64g -.043o -6.44
   507w 31.0 1  0  6725 2043:06:01 16983.60 13095.89 22726.06 771.1 57.23          46525.52  3910 .64g -.040o -6.78
   508w 30.0 1  0  6755 2043:07:01 16926.51 13048.31 22980.15 770.9 57.58          46705.89  3908 .64g  .042w -6.62
   509w 31.0 1  0  6786 2043:08:01 16870.67 13001.33 23229.48 770.6 57.93          46887.67  3906 .64g -.046o -6.85
   510w 31.0 1  0  6817 2043:09:01 16816.36 12955.44 23472.43 770.4 58.26          47067.17  3904 .64g -.042o -6.87
   511w 30.0 1  0  6847 2043:10:01 16764.31 12911.44 23705.86 770.2 58.58          47239.65  3902 .65g  .045w -6.69
   512w 31.0 1  0  6878 2043:11:01 16711.33 12866.64 23946.09 769.9 58.90          47413.35  3901 .65g -.050o -6.85
   513w 30.0 1  0  6908 2043:12:01 16663.39 12825.56 24162.89 769.7 59.18          47576.27  3899 .65g -.041o -6.53
   514w 31.0 1  0  6939 2044:01:01 16615.82 12784.44 24381.97 769.4 59.47          47738.10  3897 .65g -.044o -6.72
   515w 31.0 1  0  6970 2044:02:01 16567.97 12743.09 24604.48 769.1 59.76          47898.00  3896 .65g  .052w -6.65
   516w 29.0 1  0  6999 2044:03:01 16525.83 12706.28 24803.83 768.9 60.01          48040.45  3894 .66g -.046o -6.11
   517w 31.0 1  0  7030 2044:04:01 16480.09 12666.38 25008.86 768.6 60.28          48191.17  3893 .66g -.055o -6.51
   518w 30.0 1  0  7060 2044:05:01 16430.58 12623.63 25199.47 768.3 60.53          48339.76  3892 .66g -.052o -6.28
   519w 31.0 1  0  7091 2044:06:01 16380.89 12580.36 25384.98 768.0 60.78          48479.80  3890 .66g -.045o -6.21
   520w 30.0 1  0  7121 2044:07:01 16322.40 12530.80 25564.14 767.7 61.03          48611.73  3889 .66g -.046o -5.85

                                    I M E X   T I M E   S T E P   S U M M A R Y
 ==================================================================================================================
    Time Step           Time                  Total Production             Total Injection  Total Max. Max. Change
 ---------------- ---------------- -------------------------------------- -----------------  PV   Mat. ------------
                C                    Oil      Gas     Water   GOR.  Wat.    Gas     Water   Avg.  bal. Satur. Pres.
        Size    U                                             SCF/   Cut                    Pres. err. DSMAX  DPMAX
  No.   Days IT T Days   yy:mm:dd   STB/D    MCF/D    STB/D    STB    %    MCF/D    STB/D   psia   %          psia
 ------ ---- -- - ----- ---------- -------- -------- -------- ----- ----- -------- -------- ----- ---- ------ -----
   521w 31.0 1  0  7152 2044:08:01 16271.95 12486.84 25736.20 767.4 61.26          48732.88  3888 .66g  .049w -5.85
   522w 31.0 1  0  7183 2044:09:01 16221.11 12443.16 25902.77 767.1 61.49          48845.71  3887 .67g -.051o -5.63
   523w 30.0 1  0  7213 2044:10:01 16165.81 12395.22 26060.25 766.8 61.72          48943.00  3886 .67g  .047w -5.19
   524w 31.0 1  0  7244 2044:11:01 16108.56 12345.83 26217.55 766.4 61.94          49039.07  3885 .67g -.053o -5.14
   525w 30.0 1  0  7274 2044:12:01 16062.95 12304.97 26375.61 766.0 62.15          49128.76  3885 .67g  .045w -4.75
   526w 31.0 1  0  7305 2045:01:01 16034.57 12278.83 26654.92 765.8 62.44          49244.01  3884 .67g -.047o -4.66

 ===================== SUMMARY (from subroutine: TSIO)   ======================
  Simulation run terminated. Stopping time reached.
    
     1 Warning messages.    0 Error messages.
 ==============================================================================



                          Global Storage Usage
                          ====================

             Section           Bytes          Mbytes   # Objects
        ------------    ------------    ------------   ---------
              MXSLVR        24826552          23.676          98
              GRMOD0        10705000          10.209         482
               IMEX1         5454676           5.202         588
               IMEX2         4906466           4.679         693
              MXGR01         2512104           2.396          18
               IMEX3         1980418           1.889         249
              GRMOD1         1706656           1.628         151
               POINT         1252288           1.194          96
             MXSLVR1          678568           0.647          14
              CMPDIL          294112           0.280          25
               PRTCM          279360           0.266          17
              SECTOR          117664           0.112          13
              WMCOM1           58763           0.056         982
              KWCOM1           34735           0.033          52
              EQTPAR           29876           0.028          69
              SR2COM           22036           0.021          92
              MXWELL           20796           0.020         262
           GLOBSTORE            7478           0.007          27
              MXINIT            6244           0.006          23
               SAMG1            1873           0.002         255
              PGMCH1            1794           0.002         319
             CMGFILE            1206           0.001          19
                FLXB            1156           0.001          27
                CMB1             600           0.001          68
           PGSCOMMON             476           0.000          64
                 MTS             340           0.000          18
           PGPARASOL             296           0.000          65
              SGCOM2             216           0.000          54
              SGCOM1             180           0.000          44
              GRMOD2             156           0.000          38
              WMCOM3              92           0.000           4
              WMCOM2              76           0.000          15
              WMCOM5              52           0.000          13
              SGCOM3              32           0.000           8
        PGMATDOMAINS              16           0.000           4
              WMCOM7               8           0.000           2
              DEPTAB               8           0.000           2
              SGCOM4               4           0.000           1
            PGSINT3D               0           0.000           0
              MXPRSL               0           0.000           0
        ------------    ------------    ------------   ---------
               Total        54902373          52.359        4971

       Field Total                                   Fluid
                             Oil       Gas       Water    Solvent   Polymer    Salt
                            -------   -------   -------   -------   -------   -------
                            (MSTB)    (MMSCF)   (MSTB)    (MMSCF)    (MLB)     (MLB)
  Cumulative Production       74917    273081     33356     NA        NA        NA   
  Cumulative Injection        NA         0       229705     NA        NA        NA   
  Cumulative Gas Lift         NA         0        NA        NA        NA        NA   
  Cumulative Aquifer Influx   NA        NA         0        NA        NA        NA   
  Current Fluids In Place    189977    134937    259747     NA        NA        NA   
  Production Rates           16.035    12.279    26.655     NA        NA        NA   
  Injection Rates             NA         0       49.244     NA        NA        NA   

  Timesteps:    526  Newton Cycles:      616  Cuts:      7  Solver Iterations:        11503
  Average Implicitness    : 0.936
  Fluid Component Model   : BLACKOIL (SINGLE-P)
  Material Balances (owg): 1.002 1.000 1.007
  Average Active Blocks:       14700 Average Non-BHP Active Wells:     0
  Total Blocks :       14700 Total Wells :     5
  Active Blocks:       14700 Non-BHP Active Wells:     0
  Time at end of simulation:   7305.00     (days)   
  Average reservoir pressure excluding water zone: 3883.596 (psi)    
  Total Number of Solver Failures:       1  Stalls:       0  ITERMAX Reached:       1
  Jacobian Domains      1  
  Total lstpro/lstpar calls:     2  (    8)
  Linear Solver: Aimsol
  Preconditioner Ordering: REDBLACK
  Preconditioner Degree           1
  KMP_AFFINITY: Default
  OMP_SCHEDULE: Default
  Max Impl Blocks:    14700  %Impl:100.0%  (TS,CUT,NCYC): (    25, 0,  1 )
  Max Solver Iterations (TS,CUT,NCYC):      40 (    32, 0,  2 )
  Number of threads set:    1
  Total number of cpus:    4
  Memory Usage Peak:      127 MB on TS:   289 TS 1 Peak:       74 MB  Average:      121 MB  VM Size:      143 MB
  Host computer: IKIEARTH
  CPU Time:            88.58 seconds
  Elapsed Time:        92.10 seconds

  End of Simulation: Normal Termination

  Date and Time of End of Run:  May  7, 2025  00:45:35

