    Opened LOG FILE         on unit 10, filename is 'D:\TA MANDIRI\SKENARIO CMG\A2P1C.log'
 ********************************************************************************
 *                                                                              *
 *                                IMEX  2021.10                                 *
 *            Adaptive-Implicit Black Oil & Unconventional Simulator            *
 *                         General Release for Win x64                          *
 *                            2021-Nov-16   12:35:59                            *
 *                                                                              *
 *                          (c) Copyright 1977 - 2021                           *
 *                Computer Modelling Group Ltd., Calgary, Canada                *
 *                             All Rights Reserved                              *
 *                                                                              *
 ********************************************************************************


 Command-line Arguments:  -dimsum
                          -wd D:\TA MANDIRI\SKENARIO CMG
                          -log
                          -f D:\TA MANDIRI\SKENARIO CMG\A2P1C.dat

  Date and Time of Start of Run:  Apr 19, 2025  07:18:13


*** Input/Output files specification :
    Opened data file        on unit 11, filename is 'D:\TA MANDIRI\SKENARIO CMG\A2P1C.dat'
    Opened Scratch file     on unit 12
    Opened Scratch file     on unit 13
    Opened output file      on unit 14, filename is 'D:\TA MANDIRI\SKENARIO CMG\A2P1C.out'
    Opened SR3-OUT          on unit 15, filename is 'D:\TA MANDIRI\SKENARIO CMG\A2P1C.sr3'
    Opened Restart-SR3      on unit 16, filename is 'D:\TA MANDIRI\SKENARIO CMG\A2P1C.rstr.sr3'
    Opened GRID scratchfile on unit 17

 ===================== WARNING (from subroutine: INCOMP) ======================
  P/Z Output is disabled as Temperatures were not defined for all PVT Regions
  Please review the *TRES Keyword
  Line: 73   File Name: D:\TA MANDIRI\SKENARIO CMG\A2P1C.dat
 ==============================================================================


 ===================== SUMMARY (from subroutine: INDATA) ======================
  Reading of initial data is complete.
  Simulation will stop if there were error messages.
     1 Warning messages.    0 Error messages.
 ==============================================================================



                          Global Storage Usage
                          ====================

             Section           Bytes          Mbytes   # Objects
        ------------    ------------    ------------   ---------
              MXSLVR          244152           0.233          98
              GRMOD0          217956           0.208         482
               IMEX2          125666           0.120         693
               IMEX1          114236           0.109         588
              WMCOM1           58763           0.056         982
               IMEX3           50818           0.048         249
              MXGR01           50456           0.048          18
              GRMOD1           36256           0.035         151
              KWCOM1           34735           0.033          52
              EQTPAR           29876           0.028          69
               POINT           25252           0.024          96
              SR2COM           22036           0.021          92
              MXWELL           20796           0.020         262
             MXSLVR1           13096           0.012          14
           GLOBSTORE            7478           0.007          27
              MXINIT            6244           0.006          23
              CMPDIL            6112           0.006          25
               PRTCM            5760           0.005          17
              SECTOR            2464           0.002          13
               SAMG1            1873           0.002         255
              PGMCH1            1794           0.002         319
             CMGFILE            1206           0.001          19
                FLXB            1156           0.001          27
                CMB1             600           0.001          68
           PGSCOMMON             476           0.000          64
                 MTS             340           0.000          18
           PGPARASOL             296           0.000          65
              SGCOM2             216           0.000          54
              SGCOM1             180           0.000          44
              GRMOD2             156           0.000          38
              WMCOM3              92           0.000           4
              WMCOM2              76           0.000          15
              WMCOM5              52           0.000          13
              SGCOM3              32           0.000           8
        PGMATDOMAINS              16           0.000           4
              WMCOM7               8           0.000           2
              DEPTAB               8           0.000           2
              SGCOM4               4           0.000           1
            PGSINT3D               0           0.000           0
              MXPRSL               0           0.000           0
        ------------    ------------    ------------   ---------
               Total         1080733           1.031        4971
            Maximium         1712077           1.633

                                    I M E X   T I M E   S T E P   S U M M A R Y
 ==================================================================================================================
    Time Step           Time                  Total Production             Total Injection  Total Max. Max. Change
 ---------------- ---------------- -------------------------------------- -----------------  PV   Mat. ------------
                C                    Oil      Gas     Water   GOR.  Wat.    Gas     Water   Avg.  bal. Satur. Pres.
        Size    U                                             SCF/   Cut                    Pres. err. DSMAX  DPMAX
  No.   Days IT T Days   yy:mm:dd   STB/D    MCF/D    STB/D    STB    %    MCF/D    STB/D   psia   %          psia
 ------ ---- -- - ----- ---------- -------- -------- -------- ----- ----- -------- -------- ----- ---- ------ -----
     1w 1.00 2  0 1.000 2025:01:02 68745.05 101512.2           1477                          4791 e-3o -.029o  -232
     2  1.88 1  0 2.879 2025:01:04 61027.44 100462.9           1646                          4785 e-3g -.027o  -200
     3  4.08 1  0 6.958 2025:01:08 52971.56 94426.03           1783                          4771 e-4o -.016o  -168
     4  10.6 1  0 17.52 2025:01:19 49513.98 86008.43           1737                          4739 e-3g -.015o  -131
     5  13.5 1  0 31.00 2025:02:01 48367.47 80260.09           1659                          4699 .01g -.014o -76.6
     6w 28.0 1  0 59.00 2025:03:01 46410.68 75887.01           1635                          4623 .04g -.025o -97.9
     7w 31.0 1  0 90.00 2025:04:01 42609.26 74972.48           1760                          4546 .06g -.029o -86.5
     8w 30.0 1  0 120.0 2025:05:01 39811.89 74025.29           1859                          4477 .08g -.031o -75.3
     9w 31.0 2  0 151.0 2025:06:01 36865.45 76681.10           2080                          4411 .08g -.035o -71.3
    10w 30.0 2  0 181.0 2025:07:01 33969.82 81288.39           2393                          4348 .08g -.037o -66.5
    11w 31.0 1  0 212.0 2025:08:01 31068.04 85894.32           2765                          4284 .10g -.038o -69.4
    12w 31.0 1  0 243.0 2025:09:01 28259.65 90882.62           3216                          4220 .11g -.037o -69.7
    13w 30.0 2  0 273.0 2025:10:01 26078.01 100013.2           3835                          4157 .11g -.034o -66.8
    14w 31.0 1  0 304.0 2025:11:01 23955.57 109432.2           4568                          4090 .13g -.033o -73.2
    15w 30.0 1  0 334.0 2025:12:01 22151.72 122217.1           5517                          4022 .13g -.032o -73.0
    16w 31.0 1  0 365.0 2026:01:01 20393.01 133921.0           6567                          3947 .15g -.031o -79.4
    17w 31.0 2  0 396.0 2026:02:01 18904.71 148176.4           7838                          3868 .15g -.030o -82.9
    18w 28.0 2  0 424.0 2026:03:01 17810.55 165659.2           9301                          3792 .15g -.026o -80.1
    19w 31.0 2  0 455.0 2026:04:01 16621.96 180754.7          10874                          3703 .16g -.026o -96.2
    20w 30.0 1  0 485.0 2026:05:01 15469.24 191246.3          12363                          3614 .19g -.025o -99.3

                                    I M E X   T I M E   S T E P   S U M M A R Y
 ==================================================================================================================
    Time Step           Time                  Total Production             Total Injection  Total Max. Max. Change
 ---------------- ---------------- -------------------------------------- -----------------  PV   Mat. ------------
                C                    Oil      Gas     Water   GOR.  Wat.    Gas     Water   Avg.  bal. Satur. Pres.
        Size    U                                             SCF/   Cut                    Pres. err. DSMAX  DPMAX
  No.   Days IT T Days   yy:mm:dd   STB/D    MCF/D    STB/D    STB    %    MCF/D    STB/D   psia   %          psia
 ------ ---- -- - ----- ---------- -------- -------- -------- ----- ----- -------- -------- ----- ---- ------ -----
    21w 31.0 1  0 516.0 2026:06:01 14326.87 196276.5          13700                          3522 .23g -.023o  -101
    22w 30.0 2  0 546.0 2026:07:01 13315.34 196105.4          14728                          3438 .24g -.018o -92.1
    23w 31.0 2  0 577.0 2026:08:01 12339.82 198526.0          16088                          3353 .24g -.015o -91.5
    24w 31.0 1  0 608.0 2026:09:01 11414.72 199798.0          17504                          3267 .28g -.014o -90.5
    25w 30.0 1  0 638.0 2026:10:01 10561.16 198413.4          18787                          3187 .31g -.013o -86.4
    26w 31.0 2  0 669.0 2026:11:01 9750.588 194612.3          19959                          3109 .32g -.013o -83.9
    27w 30.0 1  0 699.0 2026:12:01 9005.959 189060.4          20993                          3037 .34g -.012o -78.3
    28w 31.0 1  0 730.0 2027:01:01 8278.601 180939.0          21856                          2965 .32g -.012o -76.6
    29w 31.0 1  0 761.0 2027:02:01 7594.222 170161.9          22407                          2894 .33g -.013o -74.9
    30w 28.0 1  0 789.0 2027:03:01 7022.686 160500.9          22855                          2834 .35g -.011o -64.9
    31w 31.0 1  0 820.0 2027:04:01 6448.413 150221.5          23296                          2774 .37g -.012o -65.1
    32w 30.0 1  0 850.0 2027:05:01 5950.768 140789.9          23659                          2719 .38g -.011o -57.8
    33w 31.0 1  0 881.0 2027:06:01 5481.463 131500.2          23990                          2668 .40g -.010o -54.9
    34w 30.0 1  0 911.0 2027:07:01 5068.631 123023.9          24272                          2622 .41g -.009o -49.1
    35w 31.0 1  0 942.0 2027:08:01 4680.686 114778.6          24522                          2578 .43g -.009o -46.7
    36w 31.0 1  0 973.0 2027:09:01 4324.822 106990.4          24739                          2537 .43g -.008o -43.1
    37w 30.0 1  0  1003 2027:10:01 4006.182 99843.22          24922                          2501 .42g -.008o -38.8
    38w 31.0 1  0  1034 2027:11:01 3693.660 92639.78          25081                          2464 .40g -.008o -38.0
    39w 30.0 1  0  1064 2027:12:01 3412.166 86009.47          25207                          2430 .41g -.007o -36.7
    40w 31.0 1  0  1095 2028:01:01 3145.714 79639.79          25317                          2398 .42g -.007o -34.4

                                    I M E X   T I M E   S T E P   S U M M A R Y
 ==================================================================================================================
    Time Step           Time                  Total Production             Total Injection  Total Max. Max. Change
 ---------------- ---------------- -------------------------------------- -----------------  PV   Mat. ------------
                C                    Oil      Gas     Water   GOR.  Wat.    Gas     Water   Avg.  bal. Satur. Pres.
        Size    U                                             SCF/   Cut                    Pres. err. DSMAX  DPMAX
  No.   Days IT T Days   yy:mm:dd   STB/D    MCF/D    STB/D    STB    %    MCF/D    STB/D   psia   %          psia
 ------ ---- -- - ----- ---------- -------- -------- -------- ----- ----- -------- -------- ----- ---- ------ -----
    41w 31.0 1  0  1126 2028:02:01 2902.546 73747.86          25408                          2369 .43g -.007o -31.4
    42w 29.0 1  0  1155 2028:03:01 2693.690 68630.28          25478                          2343 .43g -.006o -27.1
    43w 31.0 1  0  1186 2028:04:01 2489.307 63572.42          25538                          2319 .44g -.006o -26.6
    44w 30.0 1  0  1216 2028:05:01 2307.548 59030.77          25582                          2296 .44g -.005o -23.8
    45w 31.0 1  0  1247 2028:06:01 2135.734 54662.11          25594                          2275 .45g -.005o -22.6
    46w 30.0 1  0  1277 2028:07:01 1983.767 50778.78          25597                          2256 .45g -.005o -20.2
    47w 31.0 1  0  1308 2028:08:01 1839.142 47075.16          25596                          2238 .46g -.004o -19.3
    48w 31.0 1  0  1339 2028:09:01 1706.355 43669.11          25592                          2221 .46g -.004o -17.8
    49w 30.0 1  0  1369 2028:10:01 1588.626 40630.14          25576                          2206 .46g -.004o -16.0
    50w 31.0 1  0  1400 2028:11:01 1476.308 37730.91          25558                          2192 .47g -.003o -15.3
    51w 30.0 1  0  1430 2028:12:01 1375.642 35130.76          25538                          2179 .47g -.003o -13.7
    52w 31.0 1  0  1461 2029:01:01 1279.585 32646.33          25513                          2167 .47g -.003o -13.1
    53w 31.0 1  0  1492 2029:02:01 1190.764 30346.35          25485                          2155 .47g -.003o -12.2
    54w 28.0 1  0  1520 2029:03:01 1115.963 28407.80          25456                          2146 .48g -.002o -10.3
    55w 31.0 1  0  1551 2029:04:01 1039.238 26417.50          25420                          2136 .48g -.002o -10.5
    56w 30.0 1  0  1581 2029:05:01 970.2687 24627.11          25382                          2127 .48g -.002o -9.50
    57w 31.0 1  0  1612 2029:06:01 904.1920 22910.34          25338                          2118 .48g -.002o -9.11
    58w 30.0 1  0  1642 2029:07:01 844.7466 21364.73          25291                          2111 .48g -.002o -8.21
    59w 31.0 1  0  1673 2029:08:01 787.7503 19881.57          25238                          2103 .48g -.002o -7.88
    60w 31.0 1  0  1704 2029:09:01 734.8480 18503.90          25181                          2096 .49g -.002o -7.32

                                    I M E X   T I M E   S T E P   S U M M A R Y
 ==================================================================================================================
    Time Step           Time                  Total Production             Total Injection  Total Max. Max. Change
 ---------------- ---------------- -------------------------------------- -----------------  PV   Mat. ------------
                C                    Oil      Gas     Water   GOR.  Wat.    Gas     Water   Avg.  bal. Satur. Pres.
        Size    U                                             SCF/   Cut                    Pres. err. DSMAX  DPMAX
  No.   Days IT T Days   yy:mm:dd   STB/D    MCF/D    STB/D    STB    %    MCF/D    STB/D   psia   %          psia
 ------ ---- -- - ----- ---------- -------- -------- -------- ----- ----- -------- -------- ----- ---- ------ -----
    61w 30.0 1  0  1734 2029:10:01 687.2066 17262.32          25120                          2090 .49g -.002o -6.60
    62w 31.0 1  0  1765 2029:11:01 641.4852 16069.81          25051                          2084 .49g -.002o -6.34
    63w 30.0 1  0  1795 2029:12:01 600.2874 14994.53          24979                          2079 .49g -.001o -5.72
    64w 31.0 1  0  1826 2030:01:01 560.7302 13961.24          24898                          2074 .49g -.001o -5.49
    65w 31.0 1  0  1857 2030:02:01 523.9649 13000.17          24811                          2069 .49g -.001o -5.11
    66w 28.0 1  0  1885 2030:03:01 492.8861 12187.20          24726                          2065 .49g -.001o -4.32
    67w 31.0 1  0  1916 2030:04:01 460.8949 11349.61          24625                          2061 .49g -.001o -4.45
    68w 30.0 1  0  1946 2030:05:01 432.0392 10593.61          24520                          2057 .49g -.001o -4.02
    69w 31.0 1  0  1977 2030:06:01 404.3079 9866.477          24403                          2053 .49g -.001o -3.87
    70w 30.0 1  0  2007 2030:07:01 379.2887 9209.978          24282                          2050 .50g -.001o -3.49
    71w 31.0 1  0  2038 2030:08:01 355.2383 8578.371          24148                          2047 .50g -9e-4o -3.36
    72w 31.0 1  0  2069 2030:09:01 332.8617 7990.269          24005                          2044 .50g -9e-4o -3.13
    73w 30.0 1  0  2099 2030:10:01 312.6674 7459.111          23856                          2041 .50g -8e-4o -2.82
    74w 31.0 1  0  2130 2030:11:01 293.2493 6947.935          23693                          2039 .50g -8e-4o -2.71
    75w 30.0 1  0  2160 2030:12:01 275.7226 6486.205          23524                          2037 .50g -8e-4o -2.45
    76w 31.0 1  0  2191 2031:01:01 258.8663 6041.746          23339                          2034 .50g -8e-4o -2.36
    77w 31.0 1  0  2222 2031:02:01 243.1770 5627.733          23143                          2032 .50g -7e-4o -2.20
    78w 28.0 1  0  2250 2031:03:01 229.8982 5277.081          22954                          2031 .50g -6e-4o -1.86
    79w 31.0 1  0  2281 2031:04:01 216.2146 4915.389          22734                          2029 .50g -7e-4o -1.92
    80w 30.0 1  0  2311 2031:05:01 203.8593 4588.574          22509                          2027 .50g -6e-4o -1.73

                                    I M E X   T I M E   S T E P   S U M M A R Y
 ==================================================================================================================
    Time Step           Time                  Total Production             Total Injection  Total Max. Max. Change
 ---------------- ---------------- -------------------------------------- -----------------  PV   Mat. ------------
                C                    Oil      Gas     Water   GOR.  Wat.    Gas     Water   Avg.  bal. Satur. Pres.
        Size    U                                             SCF/   Cut                    Pres. err. DSMAX  DPMAX
  No.   Days IT T Days   yy:mm:dd   STB/D    MCF/D    STB/D    STB    %    MCF/D    STB/D   psia   %          psia
 ------ ---- -- - ----- ---------- -------- -------- -------- ----- ----- -------- -------- ----- ---- ------ -----
    81w 31.0 1  0  2342 2031:06:01 191.9746 4273.931          22263                          2026 .50g -6e-4o -1.67
    82w 30.0 1  0  2372 2031:07:01 181.2434 3989.763          22013                          2024 .50g -6e-4o -1.51
    83w 31.0 1  0  2403 2031:08:01 170.9137 3715.948          21742                          2023 .50g -6e-4o -1.45
    84w 31.0 1  0  2434 2031:09:01 161.2998 3460.955          21457                          2022 .50g -6e-4o -1.35
    85w 30.0 1  0  2464 2031:10:01 152.6193 3230.502          21167                          2021 .50g -5e-4o -1.22
    86w 31.0 1  0  2495 2031:11:01 144.2562 3008.225          20853                          2019 .50g -5e-4o -1.17
    87w 30.0 1  0  2525 2031:12:01 136.6675 2806.266          20534                          2018 .50g -5e-4o -1.06
    88w 31.0 1  0  2556 2032:01:01 129.3183 2610.490          20187                          2018 .50g -5e-4o -1.04
    89w 31.0 1  0  2587 2032:02:01 122.4696 2428.049          19826                          2017 .50g -5e-4o -.965
    90w 29.0 1  0  2616 2032:03:01 116.4820 2268.438          19475                          2016 .50g -4e-4o -.842
    91w 31.0 1  0  2647 2032:04:01 110.5303 2109.619          19086                          2015 .50g -5e-4o -.837
    92w 30.0 1  0  2677 2032:05:01 105.1624 1966.245          18697                          2014 .50g -4e-4o -.755
    93w 31.0 1  0  2708 2032:06:01 100.0052 1828.356          18283                          2014 .50g -4e-4o -.726
    94w 30.0 1  0  2738 2032:07:01 95.35424 1703.887          17869                          2013 .50g -4e-4o -.655
    95w 31.0 1  0  2769 2032:08:01 90.88610 1584.190          17430                          2012 .50g -4e-4o -.629
    96w 31.0 1  0  2800 2032:09:01 86.73090 1472.799          16981                          2012 .50g -4e-4o -.585
    97w 30.0 1  0  2830 2032:10:01 82.94914 1372.167          16542                          2011 .50g -4e-4o -.528
    98w 31.0 1  0  2861 2032:11:01 79.35020 1275.470          16074                          2011 .50g -4e-4o -.507
    99w 30.0 1  0  2891 2032:12:01 76.10816 1188.210          15612                          2011 .50g -4e-4o -.457
   100w 31.0 1  0  2922 2033:01:01 72.97558 1104.105          15130                          2010 .50g -4e-4o -.440

                                    I M E X   T I M E   S T E P   S U M M A R Y
 ==================================================================================================================
    Time Step           Time                  Total Production             Total Injection  Total Max. Max. Change
 ---------------- ---------------- -------------------------------------- -----------------  PV   Mat. ------------
                C                    Oil      Gas     Water   GOR.  Wat.    Gas     Water   Avg.  bal. Satur. Pres.
        Size    U                                             SCF/   Cut                    Pres. err. DSMAX  DPMAX
  No.   Days IT T Days   yy:mm:dd   STB/D    MCF/D    STB/D    STB    %    MCF/D    STB/D   psia   %          psia
 ------ ---- -- - ----- ---------- -------- -------- -------- ----- ----- -------- -------- ----- ---- ------ -----
   101w 31.0 1  0  2953 2033:02:01 70.06312 1025.648          14639                          2010 .50g -4e-4o -.409
   102w 28.0 1  0  2981 2033:03:01 67.56233 958.0229          14180                          2009 .50g -3e-4o -.350
   103w 31.0 1  0  3012 2033:04:01 64.97171 888.0037          13668                          2009 .50g -4e-4o -.369
   104w 30.0 1  0  3042 2033:05:01 62.63462 824.8430          13169                          2009 .50g -3e-4o -.331
   105w 31.0 1  0  3073 2033:06:01 60.39362 764.2448          12654                          2008 .50g -4e-4o -.317
   106w 30.0 1  0  3103 2033:07:01 58.37791 709.6958          12157                          2008 .50g -3e-4o -.285
   107w 31.0 1  0  3134 2033:08:01 56.44699 657.3956          11646                          2008 .50g -3e-4o -.273
   108w 31.0 1  0  3165 2033:09:01 54.65716 608.8741          11140                          2008 .50g -3e-4o -.253
   109w 30.0 1  0  3195 2033:10:01 53.04791 565.2108          10655                          2008 .50g -3e-4o -.227
   110w 31.0 1  0  3226 2033:11:01 51.50664 523.3567          10161                          2007 .50g -3e-4o -.218
   111w 30.0 1  0  3256 2033:12:01 50.12097 485.6975           9691                          2007 .50g -3e-4o -.196
   112w 31.0 1  0  3287 2034:01:01 48.79389 449.6023           9214                          2007 .50g -3e-4o -.188
   113w 31.0 1  0  3318 2034:02:01 47.56398 416.1242           8749                          2007 .50g -3e-4o -.174
   114w 28.0 1  0  3346 2034:03:01 46.52715 387.8807           8337                          2007 .50g -3e-4o -.147
   115w 31.0 1  0  3377 2034:04:01 45.46320 358.8806           7894                          2007 .50g -3e-4o -.150
   116w 30.0 1  0  3407 2034:05:01 44.50682 332.7937           7477                          2006 .50g -3e-4o -.135
   117w 31.0 1  0  3438 2034:06:01 43.59094 307.7962           7061                          2006 .50g -3e-4o -.129
   118w 30.0 1  0  3468 2034:07:01 42.76765 285.3116           6671                          2006 .50g -3e-4o -.116
   119w 31.0 1  0  3499 2034:08:01 41.97923 263.7681           6283                          2006 .50g -3e-4o -.111
   120w 31.0 1  0  3530 2034:09:01 41.24862 243.7934           5910                          2006 .50g -3e-4o -.103

                                    I M E X   T I M E   S T E P   S U M M A R Y
 ==================================================================================================================
    Time Step           Time                  Total Production             Total Injection  Total Max. Max. Change
 ---------------- ---------------- -------------------------------------- -----------------  PV   Mat. ------------
                C                    Oil      Gas     Water   GOR.  Wat.    Gas     Water   Avg.  bal. Satur. Pres.
        Size    U                                             SCF/   Cut                    Pres. err. DSMAX  DPMAX
  No.   Days IT T Days   yy:mm:dd   STB/D    MCF/D    STB/D    STB    %    MCF/D    STB/D   psia   %          psia
 ------ ---- -- - ----- ---------- -------- -------- -------- ----- ----- -------- -------- ----- ---- ------ -----
   121w 30.0 1  0  3560 2034:10:01 40.59189 225.8292           5563                          2006 .50g -3e-4o -.093
   122w 31.0 1  0  3591 2034:11:01 39.96294 208.6194           5220                          2006 .50g -3e-4o -.089
   123w 30.0 1  0  3621 2034:12:01 39.39762 193.1435           4902                          2006 .50g -3e-4o -.080
   124w 31.0 1  0  3652 2035:01:01 38.85620 178.3190           4589                          2006 .50g -3e-4o -.076
   125w 31.0 1  0  3683 2035:02:01 38.35449 164.5775           4291                          2006 .50g -3e-4o -.071
   126w 28.0 1  0  3711 2035:03:01 37.93162 152.9909           4033                          2006 .50g -2e-4o -.060
   127w 31.0 1  0  3742 2035:04:01 37.49751 141.1010           3763                          2005 .50g -3e-4o -.061
   128w 30.0 1  0  3772 2035:05:01 37.10737 130.4117           3514                          2005 .50g -3e-4o -.055
   129w 31.0 1  0  3803 2035:06:01 36.73365 120.1750           3272                          2005 .50g -3e-4o -.053
   130w 30.0 1  0  3833 2035:07:01 36.39769 110.9728           3049                          2005 .50g -3e-4o -.047
   131w 31.0 1  0  3864 2035:08:01 36.07583 102.1611           2832                          2005 .50g -3e-4o -.045
   132w 31.0 1  0  3895 2035:09:01 35.77749 93.99603           2627                          2005 .50g -3e-4o -.042
   133w 30.0 1  0  3925 2035:10:01 35.50923 86.65717           2440                          2005 .50g -3e-4o -.038
   134w 31.0 1  0  3956 2035:11:01 35.25214 79.63084           2259                          2005 .50g -3e-4o -.036
   135w 30.0 1  0  3986 2035:12:01 35.02096 73.31619           2093                          2005 .50g -3e-4o -.032
   136w 31.0 1  0  4017 2036:01:01 34.79935 67.27109           1933                          2005 .50g -3e-4o -.031
   137w 1.00 1  0  4018 2036:01:02 34.79353 67.08462           1928                1036.365  2005 .50g -1e-4g  .319
   138  5.00 1  0  4023 2036:01:07 34.77585 67.18019           1932                451.4235  2005 .50g -7e-4g  .114
   139  25.0 1  0  4048 2036:02:01 34.79164 68.17648           1960                          2005 .50g -4e-4g -.163
   140w 29.0 1  0  4077 2036:03:01 34.69177 64.75326           1867                          2005 .50g -2e-4o -.100

                                    I M E X   T I M E   S T E P   S U M M A R Y
 ==================================================================================================================
    Time Step           Time                  Total Production             Total Injection  Total Max. Max. Change
 ---------------- ---------------- -------------------------------------- -----------------  PV   Mat. ------------
                C                    Oil      Gas     Water   GOR.  Wat.    Gas     Water   Avg.  bal. Satur. Pres.
        Size    U                                             SCF/   Cut                    Pres. err. DSMAX  DPMAX
  No.   Days IT T Days   yy:mm:dd   STB/D    MCF/D    STB/D    STB    %    MCF/D    STB/D   psia   %          psia
 ------ ---- -- - ----- ---------- -------- -------- -------- ----- ----- -------- -------- ----- ---- ------ -----
   141w 31.0 2  0  4108 2036:04:01 35.34118 86.24485           2440                812.2016  2005 .50g -.007g  .619
   142w 30.0 1  0  4138 2036:05:01 35.65893 93.26626           2616                          2005 .50g  3e-4g -.359
   143w 31.0 1  0  4169 2036:06:01 35.59332 89.54235           2516                          2005 .50g -3e-4o -.142
   144w 30.0 2  0  4199 2036:07:01 36.05893 105.1421           2916                695.2499  2005 .50g -.006g  .525
   145w 31.0 1  0  4230 2036:08:01 36.21510 107.8238           2977                          2005 .50g -3e-4o -.368
   146w 31.0 1  0  4261 2036:09:01 36.07418 102.5707           2843                          2005 .50g -2e-4o -.278
   147w 30.0 2  0  4291 2036:10:01 36.42257 114.8323           3153                634.3972  2005 .50g -.005g  .650
   148w 31.0 1  0  4322 2036:11:01 36.49405 115.4204           3163                          2005 .50g -5e-4o -.356
   149w 30.0 1  0  4352 2036:12:01 36.32261 109.5884           3017                          2005 .50g -3e-4g -.305
   150w 31.0 2  0  4383 2037:01:01 36.61813 120.3390           3286                590.4433  2005 .50g -.005g  .659
   151w 31.0 1  0  4414 2037:02:01 36.64235 119.7401           3268                          2005 .50g -6e-4o -.349
   152w 28.0 1  0  4442 2037:03:01 36.46787 113.9772           3125                          2005 .50g -3e-4o -.320
   153w 31.0 2  0  4473 2037:04:01 36.71832 123.4058           3361                560.8316  2005 .50g -.005g  .661
   154w 30.0 1  0  4503 2037:05:01 36.71564 122.1635           3327                          2005 .50g -7e-4o -.342
   155w 31.0 1  0  4534 2037:06:01 36.49977 115.3087           3159                          2005 .50g -4e-4o -.332
   156w 30.0 1  0  4564 2037:07:01 36.67129 122.3327           3336                586.4007  2005 .51g -.005g  1.71
   157w 31.0 1  0  4595 2037:08:01 36.69845 122.4761           3337                          2005 .51g  2e-4g -1.34
   158w 31.0 1  0  4626 2037:09:01 36.49455 115.8422           3174                          2005 .51g -3e-4g -.311
   159w 30.0 1  0  4656 2037:10:01 36.65506 122.4833           3342                566.9662  2005 .51g -.005g  1.65
   160w 31.0 1  0  4687 2037:11:01 36.67335 122.4043           3338                          2005 .51g -2e-4o -1.34

                                    I M E X   T I M E   S T E P   S U M M A R Y
 ==================================================================================================================
    Time Step           Time                  Total Production             Total Injection  Total Max. Max. Change
 ---------------- ---------------- -------------------------------------- -----------------  PV   Mat. ------------
                C                    Oil      Gas     Water   GOR.  Wat.    Gas     Water   Avg.  bal. Satur. Pres.
        Size    U                                             SCF/   Cut                    Pres. err. DSMAX  DPMAX
  No.   Days IT T Days   yy:mm:dd   STB/D    MCF/D    STB/D    STB    %    MCF/D    STB/D   psia   %          psia
 ------ ---- -- - ----- ---------- -------- -------- -------- ----- ----- -------- -------- ----- ---- ------ -----
   161w 30.0 1  0  4717 2037:12:01 36.47468 115.9376           3179                          2005 .51g -3e-4g -.289
   162w 31.0 1  0  4748 2038:01:01 36.63070 122.4590           3343                546.5686  2005 .51g -.005g  1.61
   163w 31.0 1  0  4779 2038:02:01 36.63879 122.0994           3333                          2005 .51g -2e-4o -1.33
   164w 28.0 1  0  4807 2038:03:01 36.45546 116.0968           3185                          2005 .51g -2e-4g -.275
   165w 31.0 1  0  4838 2038:04:01 36.59633 122.1433           3338                529.8623  2005 .51g -.005g  1.56
   166w 30.0 1  0  4868 2038:05:01 36.59858 121.6662           3324                          2005 .51g -2e-4o -1.29
   167w 31.0 1  0  4899 2038:06:01 36.38470 114.8074           3155                          2005 .51g -3e-4g -.275
   168w 30.0 1  0  4929 2038:07:01 36.50671 120.3239           3296                523.9486  2005 .52g -.005g  1.53
   169w 31.0 1  0  4960 2038:08:01 36.49976 119.6332           3278                          2005 .52g -2e-4o -1.27
   170w 31.0 1  0  4991 2038:09:01 36.28578 112.8063           3109                          2005 .52g  3e-4g -.263
   171w 30.0 1  0  5021 2038:10:01 36.40526 118.2671           3249                517.3903  2005 .52g -.005g  1.50
   172w 31.0 1  0  5052 2038:11:01 36.39858 117.5996           3231                          2005 .52g -2e-4o -1.25
   173w 30.0 1  0  5082 2038:12:01 36.19694 111.1221           3070                          2005 .52g  3e-4g -.247
   174w 31.0 1  0  5113 2039:01:01 36.32119 116.7269           3214                506.0203  2005 .52g -.005g  1.48
   175w 31.0 1  0  5144 2039:02:01 36.31569 116.0965           3197                          2005 .52g -2e-4o -1.24
   176w 28.0 1  0  5172 2039:03:01 36.13484 110.2025           3050                          2005 .52g  3e-4g -.227
   177w 31.0 1  0  5203 2039:04:01 36.25141 115.5342           3187                497.9318  2005 .53g -.005g  1.45
   178w 30.0 1  0  5233 2039:05:01 36.24846 115.0223           3173                          2005 .52g -2e-4o -1.23
   179w 31.0 1  0  5264 2039:06:01 36.04151 108.3676           3007                          2005 .52g  3e-4g -.215
   180w 30.0 1  0  5294 2039:07:01 36.14983 113.4868           3139                499.3294  2005 .53g -.005g  1.43

                                    I M E X   T I M E   S T E P   S U M M A R Y
 ==================================================================================================================
    Time Step           Time                  Total Production             Total Injection  Total Max. Max. Change
 ---------------- ---------------- -------------------------------------- -----------------  PV   Mat. ------------
                C                    Oil      Gas     Water   GOR.  Wat.    Gas     Water   Avg.  bal. Satur. Pres.
        Size    U                                             SCF/   Cut                    Pres. err. DSMAX  DPMAX
  No.   Days IT T Days   yy:mm:dd   STB/D    MCF/D    STB/D    STB    %    MCF/D    STB/D   psia   %          psia
 ------ ---- -- - ----- ---------- -------- -------- -------- ----- ----- -------- -------- ----- ---- ------ -----
   181w 31.0 1  0  5325 2039:08:01 36.14531 112.9607           3125                          2005 .53g -2e-4o -1.23
   182w 31.0 1  0  5356 2039:09:01 35.94001 106.3539           2959                          2005 .53g  3e-4g -.192
   183w 30.0 1  0  5386 2039:10:01 36.05491 111.7097           3098                496.0004  2005 .53g -.005g  1.39
   184w 31.0 1  0  5417 2039:11:01 36.05373 111.2569           3086                          2005 .53g -3e-4w -1.20
   185w 30.0 1  0  5447 2039:12:01 35.86014 104.9657           2927                          2005 .53g  3e-4g -.171
   186w 31.0 1  0  5478 2040:01:01 35.98672 110.7000           3076                487.7764  2005 .53g -.005g  1.32
   187w 31.0 1  0  5509 2040:02:01 35.98613 110.2199           3063                          2005 .53g -3e-4w -1.15
   188w 29.0 1  0  5538 2040:03:01 35.80223 104.1938           2910                          2005 .53g  4e-4g -.154
   189w 31.0 1  0  5569 2040:04:01 35.92776 109.8988           3059                480.6306  2005 .54g -.005g  1.25
   190w 30.0 1  0  5599 2040:05:01 35.92849 109.4558           3046                          2005 .54g -3e-4w -1.10
   191w 31.0 1  0  5630 2040:06:01 35.72768 102.9340           2881                          2005 .54g  4e-4g -.146
   192w 30.0 1  0  5660 2040:07:01 35.84491 108.4172           3025                479.2856  2005 .54g -.005g  1.19
   193w 31.0 1  0  5691 2040:08:01 35.83909 107.7832           3007                          2005 .54g -4e-4w -1.06
   194w 31.0 1  0  5722 2040:09:01 35.63818 101.2801           2842                          2005 .54g  4e-4g -.135
   195w 30.0 1  0  5752 2040:10:01 35.75871 106.8908           2989                476.7083  2005 .54g -.005g  1.15
   196w 31.0 1  0  5783 2040:11:01 35.75435 106.2896           2973                          2005 .54g -4e-4w -1.02
   197w 30.0 1  0  5813 2040:12:01 35.56458 100.0967           2815                          2005 .54g  4e-4g -.126
   198w 31.0 1  0  5844 2041:01:01 35.69720 106.1054           2972                468.4626  2005 .54g -.005g  1.10
   199w 31.0 1  0  5875 2041:02:01 35.69062 105.3752           2952                          2005 .54g -4e-4w -.984
   200w 28.0 1  0  5903 2041:03:01 35.51834  99.6868           2807                          2005 .54g  4e-4g -.119

                                    I M E X   T I M E   S T E P   S U M M A R Y
 ==================================================================================================================
    Time Step           Time                  Total Production             Total Injection  Total Max. Max. Change
 ---------------- ---------------- -------------------------------------- -----------------  PV   Mat. ------------
                C                    Oil      Gas     Water   GOR.  Wat.    Gas     Water   Avg.  bal. Satur. Pres.
        Size    U                                             SCF/   Cut                    Pres. err. DSMAX  DPMAX
  No.   Days IT T Days   yy:mm:dd   STB/D    MCF/D    STB/D    STB    %    MCF/D    STB/D   psia   %          psia
 ------ ---- -- - ----- ---------- -------- -------- -------- ----- ----- -------- -------- ----- ---- ------ -----
   201w 31.0 1  0  5934 2041:04:01 35.65103 105.6955           2965                459.7457  2005 .55g -.005g  1.06
   202w 30.0 1  0  5964 2041:05:01 35.64267 104.8855           2943                          2005 .55g -4e-4w -.943
   203w 31.0 1  0  5995 2041:06:01 35.44427 98.44669           2778                          2005 .55g  4e-4g -.120
   204w 30.0 1  0  6025 2041:07:01 35.56759 104.1946           2929                459.1108  2005 .55g -.005g  1.01
   205w 31.0 1  0  6056 2041:08:01 35.55266 103.2126           2903                          2005 .55g -4e-4w -.908
   206w 31.0 1  0  6087 2041:09:01 35.35444 96.80382           2738                          2005 .55g  4e-4g -.114
   207w 30.0 1  0  6117 2041:10:01 35.48124 102.6888           2894                457.8033  2005 .55g -.005g  .986
   208w 31.0 1  0  6148 2041:11:01 35.46850 101.7582           2869                          2005 .55g -4e-4w -.881
   209w 30.0 1  0  6178 2041:12:01 35.28184 95.67264           2712                          2005 .55g  4e-4g -.109
   210w 31.0 1  0  6209 2042:01:01 35.41854 101.8770           2876                451.5124  2005 .56g -.005g  .959
   211w 31.0 1  0  6240 2042:02:01 35.40605 100.9134           2850                          2005 .55g -4e-4w -.856
   212w 28.0 1  0  6268 2042:03:01 35.23731 95.33714           2706                          2005 .55g  4e-4g -.105
   213w 31.0 1  0  6299 2042:04:01 35.37113 101.4339           2868                445.1691  2005 .56g -.005g  .927
   214w 30.0 1  0  6329 2042:05:01 35.35962 100.5009           2842                          2005 .56g -4e-4w -.826
   215w 31.0 1  0  6360 2042:06:01 35.16695 94.22728           2679                          2005 .56g  4e-4g -.108
   216w 30.0 1  0  6390 2042:07:01 35.29124 100.0652           2835                446.1739  2005 .56g -.005g  .901
   217w 31.0 1  0  6421 2042:08:01 35.27423 98.98008           2806                          2005 .56g -4e-4w -.804
   218w 31.0 1  0  6452 2042:09:01 35.08254 92.75574           2644                          2005 .56g  4e-4g -.104
   219w 30.0 1  0  6482 2042:10:01 35.20874 98.67694           2803                442.7708  2005 .56g -.005g  .881
   220w 31.0 1  0  6513 2042:11:01 35.19310 97.61881           2774                          2005 .56g -4e-4w -.784

                                    I M E X   T I M E   S T E P   S U M M A R Y
 ==================================================================================================================
    Time Step           Time                  Total Production             Total Injection  Total Max. Max. Change
 ---------------- ---------------- -------------------------------------- -----------------  PV   Mat. ------------
                C                    Oil      Gas     Water   GOR.  Wat.    Gas     Water   Avg.  bal. Satur. Pres.
        Size    U                                             SCF/   Cut                    Pres. err. DSMAX  DPMAX
  No.   Days IT T Days   yy:mm:dd   STB/D    MCF/D    STB/D    STB    %    MCF/D    STB/D   psia   %          psia
 ------ ---- -- - ----- ---------- -------- -------- -------- ----- ----- -------- -------- ----- ---- ------ -----
   221w 30.0 1  0  6543 2042:12:01 35.01247 91.70787           2619                          2005 .56g  4e-4g -.102
   222w 31.0 1  0  6574 2043:01:01 35.14613 97.86562           2785                434.6234  2005 .57g -.005g  .850
   223w 31.0 1  0  6605 2043:02:01 35.12946 96.74337           2754                          2005 .57g  4e-4g -.755
   224w 28.0 1  0  6633 2043:03:01 34.96568 91.31865           2612                          2005 .57g  4e-4g -.097
   225w 31.0 1  0  6664 2043:04:01 35.09495 97.31627           2773                426.4688  2005 .57g -.005g  .814
   226w 30.0 1  0  6694 2043:05:01 35.07877 96.21561           2743                          2005 .57g  4e-4g -.721
   227w 31.0 1  0  6725 2043:06:01 34.89177 90.11482           2583                          2005 .57g  4e-4g -.099
   228w 30.0 1  0  6755 2043:07:01 35.01073 95.82139           2737                424.7236  2005 .57g -.005g  .784
   229w 31.0 1  0  6786 2043:08:01 34.98863 94.55976           2703                          2005 .57g  4e-4g -.696
   230w 31.0 1  0  6817 2043:09:01 34.80301 88.52581           2544                          2005 .57g  4e-4g -.096
   231w 30.0 1  0  6847 2043:10:01 34.92332 94.29171           2700                421.9299  2005 .57g -.005g  .760
   232w 31.0 1  0  6878 2043:11:01 34.90285 93.06947           2667                          2005 .57g  4e-4g -.673
   233w 30.0 1  0  6908 2043:12:01 34.72804 87.34168           2515                          2005 .57g  4e-4g -.092
   234w 31.0 1  0  6939 2044:01:01 34.85644 93.36712           2679                414.7824  2005 .58g -.005g  .737
   235w 31.0 1  0  6970 2044:02:01 34.83620 92.11818           2644                          2005 .58g  4e-4g -.651
   236w 29.0 1  0  6999 2044:03:01 34.67043 86.64724           2499                          2005 .58g  4e-4g -.089
   237w 31.0 1  0  7030 2044:04:01 34.79574 92.56507           2660                408.3532  2005 .58g -.005g  .712
   238w 30.0 1  0  7060 2044:05:01 34.77778 91.39247           2628                          2005 .58g  4e-4g -.628
   239w 31.0 2  0  7091 2044:06:01 34.59907 85.54824           2473                          2005 .58g  4e-4g -.091
   240w 30.0 1  0  7121 2044:07:01 34.61226 87.51867           2529                308.7906  2005 .58g -.004g  .689

                                    I M E X   T I M E   S T E P   S U M M A R Y
 ==================================================================================================================
    Time Step           Time                  Total Production             Total Injection  Total Max. Max. Change
 ---------------- ---------------- -------------------------------------- -----------------  PV   Mat. ------------
                C                    Oil      Gas     Water   GOR.  Wat.    Gas     Water   Avg.  bal. Satur. Pres.
        Size    U                                             SCF/   Cut                    Pres. err. DSMAX  DPMAX
  No.   Days IT T Days   yy:mm:dd   STB/D    MCF/D    STB/D    STB    %    MCF/D    STB/D   psia   %          psia
 ------ ---- -- - ----- ---------- -------- -------- -------- ----- ----- -------- -------- ----- ---- ------ -----
   241w 31.0 1  0  7152 2044:08:01 34.65275 89.18225           2574                104.6620  2005 .58g -.005g  .682
   242w 31.0 2  0  7183 2044:09:01 34.51927 84.49219           2448                          2005 .58g  4e-4g -.631
   243w 30.0 1  0  7213 2044:10:01 34.30782 78.17057           2279                          2005 .58g  3e-4g -.066
   244w 31.0 1  0  7244 2044:11:01 34.34598 81.09769           2361                324.4227  2005 .58g -.005g  .702
   245w 30.0 1  0  7274 2044:12:01 34.42420 83.65414           2430                108.7076  2005 .59g -.005g  .677
   246w 31.0 2  0  7305 2045:01:01 34.31926 79.48107           2316                          2005 .59g  3e-4g -.617

 ===================== SUMMARY (from subroutine: TSIO)   ======================
  Simulation run terminated. Stopping time reached.
    
     1 Warning messages.    0 Error messages.
 ==============================================================================



                          Global Storage Usage
                          ====================

             Section           Bytes          Mbytes   # Objects
        ------------    ------------    ------------   ---------
              MXSLVR          514016           0.490          98
              GRMOD0          217956           0.208         482
               IMEX2          125666           0.120         693
               IMEX1          114236           0.109         588
              WMCOM1           58763           0.056         982
               IMEX3           50818           0.048         249
              MXGR01           50456           0.048          18
              GRMOD1           36256           0.035         151
              KWCOM1           34735           0.033          52
              EQTPAR           29876           0.028          69
               POINT           25252           0.024          96
              SR2COM           22036           0.021          92
              MXWELL           20796           0.020         262
             MXSLVR1           13096           0.012          14
           GLOBSTORE            7478           0.007          27
              MXINIT            6244           0.006          23
              CMPDIL            6112           0.006          25
               PRTCM            5760           0.005          17
              SECTOR            2464           0.002          13
               SAMG1            1873           0.002         255
              PGMCH1            1794           0.002         319
             CMGFILE            1206           0.001          19
                FLXB            1156           0.001          27
                CMB1             600           0.001          68
           PGSCOMMON             476           0.000          64
                 MTS             340           0.000          18
           PGPARASOL             296           0.000          65
              SGCOM2             216           0.000          54
              SGCOM1             180           0.000          44
              GRMOD2             156           0.000          38
              WMCOM3              92           0.000           4
              WMCOM2              76           0.000          15
              WMCOM5              52           0.000          13
              SGCOM3              32           0.000           8
        PGMATDOMAINS              16           0.000           4
              WMCOM7               8           0.000           2
              DEPTAB               8           0.000           2
              SGCOM4               4           0.000           1
            PGSINT3D               0           0.000           0
              MXPRSL               0           0.000           0
        ------------    ------------    ------------   ---------
               Total         1350597           1.288        4971
            Maximium         1712077           1.633

       Field Total                                   Fluid
                             Oil       Gas       Water    Solvent   Polymer    Salt
                            -------   -------   -------   -------   -------   -------
                            (MSTB)    (MMSCF)   (MSTB)    (MMSCF)    (MLB)     (MLB)
  Cumulative Production       20284    178574      0        NA        NA        NA   
  Cumulative Injection        NA         0       537.13     NA        NA        NA   
  Cumulative Gas Lift         NA         0        NA        NA        NA        NA   
  Cumulative Aquifer Influx   NA        NA         0        NA        NA        NA   
  Current Fluids In Place    244941    229012     64233     NA        NA        NA   
  Production Rates           .03432    .07948      0        NA        NA        NA   
  Injection Rates             NA         0         0        NA        NA        NA   

  Timesteps:    246  Newton Cycles:      264  Cuts:      0  Solver Iterations:         1698
  Average Implicitness    : 0.942
  Fluid Component Model   : BLACKOIL (SINGLE-P)
  Material Balances (owg): 1.000 0.995 1.006
  Average Active Blocks:         300 Average Non-BHP Active Wells:     0
  Total Blocks :         300 Total Wells :     5
  Active Blocks:         300 Non-BHP Active Wells:     0
  Time at end of simulation:   7305.00     (days)   
  Average reservoir pressure excluding water zone: 2005.168 (psi)    
  Total Number of Solver Failures:       0  Stalls:       0  ITERMAX Reached:       0
  Jacobian Domains      1  
  Total lstpro/lstpar calls:     2  (    9)
  Linear Solver: Aimsol
  Preconditioner Ordering: REDBLACK
  Preconditioner Degree           1
  KMP_AFFINITY: Default
  OMP_SCHEDULE: Default
  Max Impl Blocks:      300  %Impl:100.0%  (TS,CUT,NCYC): (    21, 0,  1 )
  Max Solver Iterations (TS,CUT,NCYC):       8 (    19, 0,  2 )
  Number of threads set:    1
  Total number of cpus:    4
  Memory Usage Peak:       65 MB on TS:   246 TS 1 Peak:       40 MB  Average:       57 MB  VM Size:       72 MB
  Host computer: IKIEARTH
  CPU Time:             2.48 seconds
  Elapsed Time:         2.55 seconds

  End of Simulation: Normal Termination

  Date and Time of End of Run:  Apr 19, 2025  07:18:15

