    Opened LOG FILE         on unit 10, filename is 'D:\TA MANDIRI\SKENARIO CMG\A2P2C.log'
 ********************************************************************************
 *                                                                              *
 *                                IMEX  2021.10                                 *
 *            Adaptive-Implicit Black Oil & Unconventional Simulator            *
 *                         General Release for Win x64                          *
 *                            2021-Nov-16   12:35:59                            *
 *                                                                              *
 *                          (c) Copyright 1977 - 2021                           *
 *                Computer Modelling Group Ltd., Calgary, Canada                *
 *                             All Rights Reserved                              *
 *                                                                              *
 ********************************************************************************


 Command-line Arguments:  -dimsum
                          -wd D:\TA MANDIRI\SKENARIO CMG
                          -log
                          -f D:\TA MANDIRI\SKENARIO CMG\A2P2C.dat

  Date and Time of Start of Run:  Apr 19, 2025  07:28:14


*** Input/Output files specification :
    Opened data file        on unit 11, filename is 'D:\TA MANDIRI\SKENARIO CMG\A2P2C.dat'
    Opened Scratch file     on unit 12
    Opened Scratch file     on unit 13
    Opened output file      on unit 14, filename is 'D:\TA MANDIRI\SKENARIO CMG\A2P2C.out'
    Opened SR3-OUT          on unit 15, filename is 'D:\TA MANDIRI\SKENARIO CMG\A2P2C.sr3'
    Opened Restart-SR3      on unit 16, filename is 'D:\TA MANDIRI\SKENARIO CMG\A2P2C.rstr.sr3'
    Opened GRID scratchfile on unit 17

 ===================== WARNING (from subroutine: INCOMP) ======================
  P/Z Output is disabled as Temperatures were not defined for all PVT Regions
  Please review the *TRES Keyword
  Line: 74   File Name: D:\TA MANDIRI\SKENARIO CMG\A2P2C.dat
 ==============================================================================


 ===================== SUMMARY (from subroutine: INDATA) ======================
  Reading of initial data is complete.
  Simulation will stop if there were error messages.
     1 Warning messages.    0 Error messages.
 ==============================================================================



                          Global Storage Usage
                          ====================

             Section           Bytes          Mbytes   # Objects
        ------------    ------------    ------------   ---------
              MXSLVR          244152           0.233          98
              GRMOD0          217956           0.208         482
               IMEX2          125666           0.120         693
               IMEX1          114236           0.109         588
              WMCOM1           58763           0.056         982
               IMEX3           50818           0.048         249
              MXGR01           50456           0.048          18
              GRMOD1           36256           0.035         151
              KWCOM1           34735           0.033          52
              EQTPAR           29876           0.028          69
               POINT           25252           0.024          96
              SR2COM           22036           0.021          92
              MXWELL           20796           0.020         262
             MXSLVR1           13096           0.012          14
           GLOBSTORE            7478           0.007          27
              MXINIT            6244           0.006          23
              CMPDIL            6112           0.006          25
               PRTCM            5760           0.005          17
              SECTOR            2464           0.002          13
               SAMG1            1873           0.002         255
              PGMCH1            1794           0.002         319
             CMGFILE            1206           0.001          19
                FLXB            1156           0.001          27
                CMB1             600           0.001          68
           PGSCOMMON             476           0.000          64
                 MTS             340           0.000          18
           PGPARASOL             296           0.000          65
              SGCOM2             216           0.000          54
              SGCOM1             180           0.000          44
              GRMOD2             156           0.000          38
              WMCOM3              92           0.000           4
              WMCOM2              76           0.000          15
              WMCOM5              52           0.000          13
              SGCOM3              32           0.000           8
        PGMATDOMAINS              16           0.000           4
              WMCOM7               8           0.000           2
              DEPTAB               8           0.000           2
              SGCOM4               4           0.000           1
            PGSINT3D               0           0.000           0
              MXPRSL               0           0.000           0
        ------------    ------------    ------------   ---------
               Total         1080733           1.031        4971
            Maximium         1712077           1.633

                                    I M E X   T I M E   S T E P   S U M M A R Y
 ==================================================================================================================
    Time Step           Time                  Total Production             Total Injection  Total Max. Max. Change
 ---------------- ---------------- -------------------------------------- -----------------  PV   Mat. ------------
                C                    Oil      Gas     Water   GOR.  Wat.    Gas     Water   Avg.  bal. Satur. Pres.
        Size    U                                             SCF/   Cut                    Pres. err. DSMAX  DPMAX
  No.   Days IT T Days   yy:mm:dd   STB/D    MCF/D    STB/D    STB    %    MCF/D    STB/D   psia   %          psia
 ------ ---- -- - ----- ---------- -------- -------- -------- ----- ----- -------- -------- ----- ---- ------ -----
     1w 1.00 2  0 1.000 2025:01:02 68745.05 101512.2           1477                          4791 e-3o -.029o  -232
     2  1.88 1  0 2.879 2025:01:04 61027.44 100462.9           1646                          4785 e-3g -.027o  -200
     3  4.08 1  0 6.958 2025:01:08 52971.56 94426.03           1783                          4771 e-4o -.016o  -168
     4  10.6 1  0 17.52 2025:01:19 49513.98 86008.43           1737                          4739 e-3g -.015o  -131
     5  13.5 1  0 31.00 2025:02:01 48367.47 80260.09           1659                          4699 .01g -.014o -76.6
     6w 28.0 1  0 59.00 2025:03:01 46410.68 75887.01           1635                          4623 .04g -.025o -97.9
     7w 31.0 1  0 90.00 2025:04:01 42609.26 74972.48           1760                          4546 .06g -.029o -86.5
     8w 30.0 1  0 120.0 2025:05:01 39811.89 74025.29           1859                          4477 .08g -.031o -75.3
     9w 31.0 2  0 151.0 2025:06:01 36865.45 76681.10           2080                          4411 .08g -.035o -71.3
    10w 30.0 2  0 181.0 2025:07:01 33969.82 81288.39           2393                          4348 .08g -.037o -66.5
    11w 31.0 1  0 212.0 2025:08:01 31068.04 85894.32           2765                          4284 .10g -.038o -69.4
    12w 31.0 1  0 243.0 2025:09:01 28259.65 90882.62           3216                          4220 .11g -.037o -69.7
    13w 30.0 2  0 273.0 2025:10:01 26078.01 100013.2           3835                          4157 .11g -.034o -66.8
    14w 31.0 1  0 304.0 2025:11:01 23955.57 109432.2           4568                          4090 .13g -.033o -73.2
    15w 30.0 1  0 334.0 2025:12:01 22151.72 122217.1           5517                          4022 .13g -.032o -73.0
    16w 31.0 1  0 365.0 2026:01:01 20393.01 133921.0           6567                          3947 .15g -.031o -79.4
    17w 31.0 2  0 396.0 2026:02:01 18904.71 148176.4           7838                          3868 .15g -.030o -82.9
    18w 28.0 2  0 424.0 2026:03:01 17810.55 165659.2           9301                          3792 .15g -.026o -80.1
    19w 31.0 2  0 455.0 2026:04:01 16621.96 180754.7          10874                          3703 .16g -.026o -96.2
    20w 30.0 1  0 485.0 2026:05:01 15469.24 191246.3          12363                          3614 .19g -.025o -99.3

                                    I M E X   T I M E   S T E P   S U M M A R Y
 ==================================================================================================================
    Time Step           Time                  Total Production             Total Injection  Total Max. Max. Change
 ---------------- ---------------- -------------------------------------- -----------------  PV   Mat. ------------
                C                    Oil      Gas     Water   GOR.  Wat.    Gas     Water   Avg.  bal. Satur. Pres.
        Size    U                                             SCF/   Cut                    Pres. err. DSMAX  DPMAX
  No.   Days IT T Days   yy:mm:dd   STB/D    MCF/D    STB/D    STB    %    MCF/D    STB/D   psia   %          psia
 ------ ---- -- - ----- ---------- -------- -------- -------- ----- ----- -------- -------- ----- ---- ------ -----
    21w 31.0 1  0 516.0 2026:06:01 14326.87 196276.5          13700                          3522 .23g -.023o  -101
    22w 30.0 2  0 546.0 2026:07:01 13315.34 196105.4          14728                          3438 .24g -.018o -92.1
    23w 31.0 2  0 577.0 2026:08:01 12339.82 198526.0          16088                          3353 .24g -.015o -91.5
    24w 31.0 1  0 608.0 2026:09:01 11414.72 199798.0          17504                          3267 .28g -.014o -90.5
    25w 30.0 1  0 638.0 2026:10:01 10561.16 198413.4          18787                          3187 .31g -.013o -86.4
    26w 31.0 2  0 669.0 2026:11:01 9750.588 194612.3          19959                          3109 .32g -.013o -83.9
    27w 30.0 1  0 699.0 2026:12:01 9005.959 189060.4          20993                          3037 .34g -.012o -78.3
    28w 31.0 1  0 730.0 2027:01:01 8278.601 180939.0          21856                          2965 .32g -.012o -76.6
    29w 31.0 1  0 761.0 2027:02:01 7594.222 170161.9          22407                          2894 .33g -.013o -74.9
    30w 28.0 1  0 789.0 2027:03:01 7022.686 160500.9          22855                          2834 .35g -.011o -64.9
    31w 31.0 1  0 820.0 2027:04:01 6448.413 150221.5          23296                          2774 .37g -.012o -65.1
    32w 30.0 1  0 850.0 2027:05:01 5950.768 140789.9          23659                          2719 .38g -.011o -57.8
    33w 31.0 1  0 881.0 2027:06:01 5481.463 131500.2          23990                          2668 .40g -.010o -54.9
    34w 30.0 1  0 911.0 2027:07:01 5068.631 123023.9          24272                          2622 .41g -.009o -49.1
    35w 31.0 1  0 942.0 2027:08:01 4680.686 114778.6          24522                          2578 .43g -.009o -46.7
    36w 31.0 1  0 973.0 2027:09:01 4324.822 106990.4          24739                          2537 .43g -.008o -43.1
    37w 30.0 1  0  1003 2027:10:01 4006.182 99843.22          24922                          2501 .42g -.008o -38.8
    38w 31.0 1  0  1034 2027:11:01 3693.660 92639.78          25081                          2464 .40g -.008o -38.0
    39w 30.0 1  0  1064 2027:12:01 3412.166 86009.47          25207                          2430 .41g -.007o -36.7
    40w 31.0 1  0  1095 2028:01:01 3145.714 79639.79          25317                          2398 .42g -.007o -34.4

                                    I M E X   T I M E   S T E P   S U M M A R Y
 ==================================================================================================================
    Time Step           Time                  Total Production             Total Injection  Total Max. Max. Change
 ---------------- ---------------- -------------------------------------- -----------------  PV   Mat. ------------
                C                    Oil      Gas     Water   GOR.  Wat.    Gas     Water   Avg.  bal. Satur. Pres.
        Size    U                                             SCF/   Cut                    Pres. err. DSMAX  DPMAX
  No.   Days IT T Days   yy:mm:dd   STB/D    MCF/D    STB/D    STB    %    MCF/D    STB/D   psia   %          psia
 ------ ---- -- - ----- ---------- -------- -------- -------- ----- ----- -------- -------- ----- ---- ------ -----
    41w 31.0 1  0  1126 2028:02:01 2902.546 73747.86          25408                          2369 .43g -.007o -31.4
    42w 29.0 1  0  1155 2028:03:01 2693.690 68630.28          25478                          2343 .43g -.006o -27.1
    43w 31.0 1  0  1186 2028:04:01 2489.307 63572.42          25538                          2319 .44g -.006o -26.6
    44w 30.0 1  0  1216 2028:05:01 2307.548 59030.77          25582                          2296 .44g -.005o -23.8
    45w 31.0 1  0  1247 2028:06:01 2135.734 54662.11          25594                          2275 .45g -.005o -22.6
    46w 30.0 1  0  1277 2028:07:01 1983.767 50778.78          25597                          2256 .45g -.005o -20.2
    47w 31.0 1  0  1308 2028:08:01 1839.142 47075.16          25596                          2238 .46g -.004o -19.3
    48w 31.0 1  0  1339 2028:09:01 1706.355 43669.11          25592                          2221 .46g -.004o -17.8
    49w 30.0 1  0  1369 2028:10:01 1588.626 40630.14          25576                          2206 .46g -.004o -16.0
    50w 31.0 1  0  1400 2028:11:01 1476.308 37730.91          25558                          2192 .47g -.003o -15.3
    51w 30.0 1  0  1430 2028:12:01 1375.642 35130.76          25538                          2179 .47g -.003o -13.7
    52w 31.0 1  0  1461 2029:01:01 1279.585 32646.33          25513                          2167 .47g -.003o -13.1
    53w 31.0 1  0  1492 2029:02:01 1190.764 30346.35          25485                          2155 .47g -.003o -12.2
    54w 28.0 1  0  1520 2029:03:01 1115.963 28407.80          25456                          2146 .48g -.002o -10.3
    55w 31.0 1  0  1551 2029:04:01 1039.238 26417.50          25420                          2136 .48g -.002o -10.5
    56w 30.0 1  0  1581 2029:05:01 970.2687 24627.11          25382                          2127 .48g -.002o -9.50
    57w 31.0 1  0  1612 2029:06:01 904.1920 22910.34          25338                          2118 .48g -.002o -9.11
    58w 30.0 1  0  1642 2029:07:01 844.7466 21364.73          25291                          2111 .48g -.002o -8.21
    59w 31.0 1  0  1673 2029:08:01 787.7503 19881.57          25238                          2103 .48g -.002o -7.88
    60w 31.0 1  0  1704 2029:09:01 734.8480 18503.90          25181                          2096 .49g -.002o -7.32

                                    I M E X   T I M E   S T E P   S U M M A R Y
 ==================================================================================================================
    Time Step           Time                  Total Production             Total Injection  Total Max. Max. Change
 ---------------- ---------------- -------------------------------------- -----------------  PV   Mat. ------------
                C                    Oil      Gas     Water   GOR.  Wat.    Gas     Water   Avg.  bal. Satur. Pres.
        Size    U                                             SCF/   Cut                    Pres. err. DSMAX  DPMAX
  No.   Days IT T Days   yy:mm:dd   STB/D    MCF/D    STB/D    STB    %    MCF/D    STB/D   psia   %          psia
 ------ ---- -- - ----- ---------- -------- -------- -------- ----- ----- -------- -------- ----- ---- ------ -----
    61w 30.0 1  0  1734 2029:10:01 687.2066 17262.32          25120                          2090 .49g -.002o -6.60
    62w 31.0 1  0  1765 2029:11:01 641.4852 16069.81          25051                          2084 .49g -.002o -6.34
    63w 30.0 1  0  1795 2029:12:01 600.2874 14994.53          24979                          2079 .49g -.001o -5.72
    64w 31.0 1  0  1826 2030:01:01 560.7302 13961.24          24898                          2074 .49g -.001o -5.49
    65w 31.0 1  0  1857 2030:02:01 523.9649 13000.17          24811                          2069 .49g -.001o -5.11
    66w 28.0 1  0  1885 2030:03:01 492.8861 12187.20          24726                          2065 .49g -.001o -4.32
    67w 31.0 1  0  1916 2030:04:01 460.8949 11349.61          24625                          2061 .49g -.001o -4.45
    68w 30.0 1  0  1946 2030:05:01 432.0392 10593.61          24520                          2057 .49g -.001o -4.02
    69w 31.0 1  0  1977 2030:06:01 404.3079 9866.477          24403                          2053 .49g -.001o -3.87
    70w 30.0 1  0  2007 2030:07:01 379.2887 9209.978          24282                          2050 .50g -.001o -3.49
    71w 31.0 1  0  2038 2030:08:01 355.2383 8578.371          24148                          2047 .50g -9e-4o -3.36
    72w 31.0 1  0  2069 2030:09:01 332.8617 7990.269          24005                          2044 .50g -9e-4o -3.13
    73w 30.0 1  0  2099 2030:10:01 312.6674 7459.111          23856                          2041 .50g -8e-4o -2.82
    74w 31.0 1  0  2130 2030:11:01 293.2493 6947.935          23693                          2039 .50g -8e-4o -2.71
    75w 30.0 1  0  2160 2030:12:01 275.7226 6486.205          23524                          2037 .50g -8e-4o -2.45
    76w 31.0 1  0  2191 2031:01:01 258.8663 6041.746          23339                          2034 .50g -8e-4o -2.36
    77w 31.0 1  0  2222 2031:02:01 243.1770 5627.733          23143                          2032 .50g -7e-4o -2.20
    78w 28.0 1  0  2250 2031:03:01 229.8982 5277.081          22954                          2031 .50g -6e-4o -1.86
    79w 31.0 1  0  2281 2031:04:01 216.2146 4915.389          22734                          2029 .50g -7e-4o -1.92
    80w 30.0 1  0  2311 2031:05:01 203.8593 4588.574          22509                          2027 .50g -6e-4o -1.73

                                    I M E X   T I M E   S T E P   S U M M A R Y
 ==================================================================================================================
    Time Step           Time                  Total Production             Total Injection  Total Max. Max. Change
 ---------------- ---------------- -------------------------------------- -----------------  PV   Mat. ------------
                C                    Oil      Gas     Water   GOR.  Wat.    Gas     Water   Avg.  bal. Satur. Pres.
        Size    U                                             SCF/   Cut                    Pres. err. DSMAX  DPMAX
  No.   Days IT T Days   yy:mm:dd   STB/D    MCF/D    STB/D    STB    %    MCF/D    STB/D   psia   %          psia
 ------ ---- -- - ----- ---------- -------- -------- -------- ----- ----- -------- -------- ----- ---- ------ -----
    81w 31.0 1  0  2342 2031:06:01 191.9746 4273.931          22263                          2026 .50g -6e-4o -1.67
    82w 30.0 1  0  2372 2031:07:01 181.2434 3989.763          22013                          2024 .50g -6e-4o -1.51
    83w 31.0 1  0  2403 2031:08:01 170.9137 3715.948          21742                          2023 .50g -6e-4o -1.45
    84w 31.0 1  0  2434 2031:09:01 161.2998 3460.955          21457                          2022 .50g -6e-4o -1.35
    85w 30.0 1  0  2464 2031:10:01 152.6193 3230.502          21167                          2021 .50g -5e-4o -1.22
    86w 31.0 1  0  2495 2031:11:01 144.2562 3008.225          20853                          2019 .50g -5e-4o -1.17
    87w 30.0 1  0  2525 2031:12:01 136.6675 2806.266          20534                          2018 .50g -5e-4o -1.06
    88w 31.0 1  0  2556 2032:01:01 129.3183 2610.490          20187                          2018 .50g -5e-4o -1.04
    89w 31.0 1  0  2587 2032:02:01 122.4696 2428.049          19826                          2017 .50g -5e-4o -.965
    90w 29.0 1  0  2616 2032:03:01 116.4820 2268.438          19475                          2016 .50g -4e-4o -.842
    91w 31.0 1  0  2647 2032:04:01 110.5303 2109.619          19086                          2015 .50g -5e-4o -.837
    92w 30.0 1  0  2677 2032:05:01 105.1624 1966.245          18697                          2014 .50g -4e-4o -.755
    93w 31.0 1  0  2708 2032:06:01 100.0052 1828.356          18283                          2014 .50g -4e-4o -.726
    94w 30.0 1  0  2738 2032:07:01 95.35424 1703.887          17869                          2013 .50g -4e-4o -.655
    95w 31.0 1  0  2769 2032:08:01 90.88610 1584.190          17430                          2012 .50g -4e-4o -.629
    96w 31.0 1  0  2800 2032:09:01 86.73090 1472.799          16981                          2012 .50g -4e-4o -.585
    97w 30.0 1  0  2830 2032:10:01 82.94914 1372.167          16542                          2011 .50g -4e-4o -.528
    98w 31.0 1  0  2861 2032:11:01 79.35020 1275.470          16074                          2011 .50g -4e-4o -.507
    99w 30.0 1  0  2891 2032:12:01 76.10816 1188.210          15612                          2011 .50g -4e-4o -.457
   100w 31.0 1  0  2922 2033:01:01 72.97558 1104.105          15130                          2010 .50g -4e-4o -.440

                                    I M E X   T I M E   S T E P   S U M M A R Y
 ==================================================================================================================
    Time Step           Time                  Total Production             Total Injection  Total Max. Max. Change
 ---------------- ---------------- -------------------------------------- -----------------  PV   Mat. ------------
                C                    Oil      Gas     Water   GOR.  Wat.    Gas     Water   Avg.  bal. Satur. Pres.
        Size    U                                             SCF/   Cut                    Pres. err. DSMAX  DPMAX
  No.   Days IT T Days   yy:mm:dd   STB/D    MCF/D    STB/D    STB    %    MCF/D    STB/D   psia   %          psia
 ------ ---- -- - ----- ---------- -------- -------- -------- ----- ----- -------- -------- ----- ---- ------ -----
   101w 31.0 1  0  2953 2033:02:01 70.06312 1025.648          14639                          2010 .50g -4e-4o -.409
   102w 28.0 1  0  2981 2033:03:01 67.56233 958.0229          14180                          2009 .50g -3e-4o -.350
   103w 31.0 1  0  3012 2033:04:01 64.97171 888.0037          13668                          2009 .50g -4e-4o -.369
   104w 30.0 1  0  3042 2033:05:01 62.63462 824.8430          13169                          2009 .50g -3e-4o -.331
   105w 31.0 1  0  3073 2033:06:01 60.39362 764.2448          12654                          2008 .50g -4e-4o -.317
   106w 30.0 1  0  3103 2033:07:01 58.37791 709.6958          12157                          2008 .50g -3e-4o -.285
   107w 31.0 1  0  3134 2033:08:01 56.44699 657.3956          11646                          2008 .50g -3e-4o -.273
   108w 31.0 1  0  3165 2033:09:01 54.65716 608.8741          11140                          2008 .50g -3e-4o -.253
   109w 30.0 1  0  3195 2033:10:01 53.04791 565.2108          10655                          2008 .50g -3e-4o -.227
   110w 31.0 1  0  3226 2033:11:01 51.50664 523.3567          10161                          2007 .50g -3e-4o -.218
   111w 30.0 1  0  3256 2033:12:01 50.12097 485.6975           9691                          2007 .50g -3e-4o -.196
   112w 31.0 1  0  3287 2034:01:01 48.79389 449.6023           9214                          2007 .50g -3e-4o -.188
   113w 31.0 1  0  3318 2034:02:01 47.56398 416.1242           8749                          2007 .50g -3e-4o -.174
   114w 28.0 1  0  3346 2034:03:01 46.52715 387.8807           8337                          2007 .50g -3e-4o -.147
   115w 31.0 1  0  3377 2034:04:01 45.46320 358.8806           7894                          2007 .50g -3e-4o -.150
   116w 30.0 1  0  3407 2034:05:01 44.50682 332.7937           7477                          2006 .50g -3e-4o -.135
   117w 31.0 1  0  3438 2034:06:01 43.59094 307.7962           7061                          2006 .50g -3e-4o -.129
   118w 30.0 1  0  3468 2034:07:01 42.76765 285.3116           6671                          2006 .50g -3e-4o -.116
   119w 31.0 1  0  3499 2034:08:01 41.97923 263.7681           6283                          2006 .50g -3e-4o -.111
   120w 31.0 1  0  3530 2034:09:01 41.24862 243.7934           5910                          2006 .50g -3e-4o -.103

                                    I M E X   T I M E   S T E P   S U M M A R Y
 ==================================================================================================================
    Time Step           Time                  Total Production             Total Injection  Total Max. Max. Change
 ---------------- ---------------- -------------------------------------- -----------------  PV   Mat. ------------
                C                    Oil      Gas     Water   GOR.  Wat.    Gas     Water   Avg.  bal. Satur. Pres.
        Size    U                                             SCF/   Cut                    Pres. err. DSMAX  DPMAX
  No.   Days IT T Days   yy:mm:dd   STB/D    MCF/D    STB/D    STB    %    MCF/D    STB/D   psia   %          psia
 ------ ---- -- - ----- ---------- -------- -------- -------- ----- ----- -------- -------- ----- ---- ------ -----
   121w 30.0 1  0  3560 2034:10:01 40.59189 225.8292           5563                          2006 .50g -3e-4o -.093
   122w 31.0 1  0  3591 2034:11:01 39.96294 208.6194           5220                          2006 .50g -3e-4o -.089
   123w 30.0 1  0  3621 2034:12:01 39.39762 193.1435           4902                          2006 .50g -3e-4o -.080
   124w 31.0 1  0  3652 2035:01:01 38.85620 178.3190           4589                          2006 .50g -3e-4o -.076
   125w 31.0 1  0  3683 2035:02:01 38.35449 164.5775           4291                          2006 .50g -3e-4o -.071
   126w 28.0 1  0  3711 2035:03:01 37.93162 152.9909           4033                          2006 .50g -2e-4o -.060
   127w 31.0 1  0  3742 2035:04:01 37.49751 141.1010           3763                          2005 .50g -3e-4o -.061
   128w 30.0 1  0  3772 2035:05:01 37.10737 130.4117           3514                          2005 .50g -3e-4o -.055
   129w 31.0 1  0  3803 2035:06:01 36.73365 120.1750           3272                          2005 .50g -3e-4o -.053
   130w 30.0 1  0  3833 2035:07:01 36.39769 110.9728           3049                          2005 .50g -3e-4o -.047
   131w 31.0 1  0  3864 2035:08:01 36.07583 102.1611           2832                          2005 .50g -3e-4o -.045
   132w 31.0 1  0  3895 2035:09:01 35.77749 93.99603           2627                          2005 .50g -3e-4o -.042
   133w 30.0 1  0  3925 2035:10:01 35.50923 86.65717           2440                          2005 .50g -3e-4o -.038
   134w 31.0 1  0  3956 2035:11:01 35.25214 79.63084           2259                          2005 .50g -3e-4o -.036
   135w 30.0 1  0  3986 2035:12:01 35.02096 73.31619           2093                          2005 .50g -3e-4o -.032
   136w 31.0 1  0  4017 2036:01:01 34.79935 67.27109           1933                          2005 .50g -3e-4o -.031
   137w 1.00 3  0  4018 2036:01:02 34.83070 74.46510           2138                822798.4  2011 .50g -.161g   126
   138  .619 1  0  4019 2036:01:03 34.87931 84.25376           2416                562145.7  2014 .51g -.056g  43.6
   139  1.10 1  0  4020 2036:01:04 35.20897 131.4087           3732                397136.7  2017 .50g -.045g  42.3
   140  2.46 2  0  4022 2036:01:06 38.66790 409.7722          10597                271238.0  2025 .50g -.055g  96.3

                                    I M E X   T I M E   S T E P   S U M M A R Y
 ==================================================================================================================
    Time Step           Time                  Total Production             Total Injection  Total Max. Max. Change
 ---------------- ---------------- -------------------------------------- -----------------  PV   Mat. ------------
                C                    Oil      Gas     Water   GOR.  Wat.    Gas     Water   Avg.  bal. Satur. Pres.
        Size    U                                             SCF/   Cut                    Pres. err. DSMAX  DPMAX
  No.   Days IT T Days   yy:mm:dd   STB/D    MCF/D    STB/D    STB    %    MCF/D    STB/D   psia   %          psia
 ------ ---- -- - ----- ---------- -------- -------- -------- ----- ----- -------- -------- ----- ---- ------ -----
   141  4.45 3  0  4027 2036:01:11 56.06747 1288.083          22974                204753.9  2033 .50g -.076g  50.8
   142  5.86 1  0  4032 2036:01:16 93.56514 2710.893          28973                174053.5  2042 .50g -.070g  21.8
   143  7.76 1  0  4040 2036:01:24 150.6535 4566.372          30310                141685.0  2051 .50g -.049g  13.9
   144  7.76 1  0  4048 2036:02:01 208.5774 6196.024          29706                115260.0  2057 .51g -.035g  8.59
   145w 14.5 1  0  4063 2036:02:16 301.3966 8614.024          28580                97422.13  2067 .51g -.066g  11.8
   146  14.5 2  0  4077 2036:03:01 379.4222 10618.76          27987                87061.48  2076 .51g -.074g   9.8
   147w 15.5 2  0  4093 2036:03:17 450.2428 12475.20          27708                81556.36  2084 .51g -.069g  13.3
   148  15.5 2  0  4108 2036:04:01 511.6754 14106.76          27570                78140.24  2093 .51g -.082g  22.9
   149w 15.0 1  0  4123 2036:04:16 565.0940 15554.37          27525                76168.53  2101 .51g -.084g  23.7
   150  15.0 1  0  4138 2036:05:01 612.6553 16835.35          27479                73358.11  2110 .51g -.066g  36.8
   151w 15.5 1  0  4154 2036:05:17 661.3873 18218.92          27547                70688.48  2120 .51g  .048o  34.3
   152  15.5 1  0  4169 2036:06:01 713.5868 19715.10          27628                68646.03  2129 .51g -.041g  24.7
   153w 30.0 2  0  4199 2036:07:01 817.3549 22451.35          27468                66411.56  2143 .51g -.088g  31.7
   154w 31.0 2  0  4230 2036:08:01 911.3596 24969.48          27398                65481.74  2155 .51g -.086g  21.4
   155w 31.0 3  0  4261 2036:09:01 990.2175 27084.89          27352                65056.06  2166 .52g -.129g  33.3
   156w 15.0 1  0  4276 2036:09:16 1024.091 28069.29          27409                64772.40  2172 .52g -.052g  18.3
   157  15.0 1  0  4291 2036:10:01 1056.361 29011.34          27463                64620.72  2177 .53g -.041g  15.0
   158w 31.0 4  0  4322 2036:11:01 1113.066 30672.89          27557                64313.26  2187 .53g -.073g  24.6
   159w 30.0 1  0  4352 2036:12:01 1160.320 32064.24          27634                64049.78  2195 .53g -.094g  21.4
   160w 31.0 1  0  4383 2037:01:01 1200.394 33250.32          27699                63700.53  2203 .54g -.071g  25.9

                                    I M E X   T I M E   S T E P   S U M M A R Y
 ==================================================================================================================
    Time Step           Time                  Total Production             Total Injection  Total Max. Max. Change
 ---------------- ---------------- -------------------------------------- -----------------  PV   Mat. ------------
                C                    Oil      Gas     Water   GOR.  Wat.    Gas     Water   Avg.  bal. Satur. Pres.
        Size    U                                             SCF/   Cut                    Pres. err. DSMAX  DPMAX
  No.   Days IT T Days   yy:mm:dd   STB/D    MCF/D    STB/D    STB    %    MCF/D    STB/D   psia   %          psia
 ------ ---- -- - ----- ---------- -------- -------- -------- ----- ----- -------- -------- ----- ---- ------ -----
   161w 31.0 1  0  4414 2037:02:01 1234.330 34260.20          27756                63327.17  2210 .54g -.049g  20.4
   162w 28.0 2  0  4442 2037:03:01 1267.470 35249.30          27811                63434.07  2216 .54g -.055g  9.50
   163w 31.0 1  0  4473 2037:04:01 1300.245 36230.37          27864                63564.06  2221 .55g -.063g   9.9
   164w 30.0 3  0  4503 2037:05:01 1323.484 36931.40          27905                63635.03  2226 .55g -.074g  17.4
   165w 31.0 1  0  4534 2037:06:01 1343.545 37540.99          27942                63584.73  2232 .55g -.071g  15.8
   166w 30.0 1  0  4564 2037:07:01 1361.417 38086.99          27976                63539.88  2237 .56g -.047g  13.4
   167w 31.0 1  0  4595 2037:08:01 1380.793 38679.50          28013                63596.19  2241 .56g -.047g  10.5
   168w 31.0 1  0  4626 2037:09:01 1398.965 39236.78          28047                63772.93  2245 .57g -.049g  8.33
   169w 30.0 3  0  4656 2037:10:01 1414.201 39706.87          28077                63912.48  2249 .57g -.046g  10.3
   170w 31.0 2  0  4687 2037:11:01 1427.947 40134.15          28106                63980.52  2253 .57g -.059g  9.42
   171w 30.0 1  0  4717 2037:12:01 1438.818 40475.88          28131                64025.97  2256 .58g -.059g  9.36
   172w 31.0 3  0  4748 2038:01:01 1446.958 40737.27          28154                63996.28  2260 .58g -.069g  12.4
   173w 31.0 2  0  4779 2038:02:01 1454.057 40968.14          28175                63970.14  2264 .58g -.056g   9.6
   174w 28.0 2  0  4807 2038:03:01 1460.034 41163.94          28194                63979.91  2267 .59g -.043g  8.04
   175w 31.0 3  0  4838 2038:04:01 1463.207 41277.54          28210                63968.07  2270 .59g -.057g  9.13
   176w 30.0 2  0  4868 2038:05:01 1464.975 41348.80          28225                63946.87  2273 .59g -.058g  8.81
   177w 31.0 1  0  4899 2038:06:01 1467.334 41438.59          28241                63925.48  2276 .60g -.056g  8.87
   178w 30.0 1  0  4929 2038:07:01 1468.274 41484.64          28254                63888.02  2279 .60g -.040g  7.83
   179w 31.0 1  0  4960 2038:08:01 1469.519 41540.12          28268                63862.23  2282 .61g  .036o  7.79
   180w 31.0 1  0  4991 2038:09:01 1475.087 41725.86          28287                63875.12  2285 .61g  .044o  5.40

                                    I M E X   T I M E   S T E P   S U M M A R Y
 ==================================================================================================================
    Time Step           Time                  Total Production             Total Injection  Total Max. Max. Change
 ---------------- ---------------- -------------------------------------- -----------------  PV   Mat. ------------
                C                    Oil      Gas     Water   GOR.  Wat.    Gas     Water   Avg.  bal. Satur. Pres.
        Size    U                                             SCF/   Cut                    Pres. err. DSMAX  DPMAX
  No.   Days IT T Days   yy:mm:dd   STB/D    MCF/D    STB/D    STB    %    MCF/D    STB/D   psia   %          psia
 ------ ---- -- - ----- ---------- -------- -------- -------- ----- ----- -------- -------- ----- ---- ------ -----
   181w 30.0 1  0  5021 2038:10:01 1481.138 41924.08          28305                63944.54  2287 .61g  .044o  4.24
   182w 31.0 3  0  5052 2038:11:01 1482.060 41969.65          28318                63984.76  2290 .62g  .052o  8.52
   183w 30.0 2  0  5082 2038:12:01 1480.387 41936.76          28328                63987.66  2293 .62g  .055o  7.20
   184w 31.0 2  0  5113 2039:01:01 1475.902 41819.72          28335                63956.52  2296 .63g  .054o  8.12
   185w 31.0 2  0  5144 2039:02:01 1470.785 41683.20          28341                63878.25  2299 .63g  .046o  8.03
   186w 28.0 1  0  5172 2039:03:01 1466.989 41584.07          28347                63801.74  2302 .63g -.042g  6.77
   187w 31.0 1  0  5203 2039:04:01 1464.887 41536.27          28355                63669.73  2305 .64g -.045g  8.92
   188w 30.0 1  0  5233 2039:05:01 1464.328 41531.86          28362                63572.03  2308 .64g  .040o  8.51
   189w 31.0 3  0  5264 2039:06:01 1453.266 41206.70          28355                63425.06  2312 .65g  .060o  11.2
   190w 30.0 2  0  5294 2039:07:01 1438.864 40776.73          28340                63191.78  2316 .65g -.054g  11.2
   191w 31.0 1  0  5325 2039:08:01 1420.479 40218.76          28314                62867.51  2321 .66g -.058g  12.2
   192w 31.0 3  0  5356 2039:09:01 1396.020 39458.75          28265                62459.70  2326 .66g  .069o  11.8
   193w 30.0 2  0  5386 2039:10:01 1376.503 38857.20          28229                61981.97  2332 .67g  .058o  11.3
   194w 31.0 3  0  5417 2039:11:01 1350.706 38066.10          28182                61389.15  2339 .67g  .061o  12.9
   195w 30.0 2  0  5447 2039:12:01 1322.558 37179.16          28112                60782.86  2346 .67g  .065o  13.6
   196w 31.0 2  0  5478 2040:01:01 1292.656 36174.38          27985                60064.54  2355 .68g  .064o  15.4
   197w 31.0 1  0  5509 2040:02:01 1272.154 35371.05          27804                59305.32  2364 .68g  .063o  15.4
   198w 29.0 1  0  5538 2040:03:01 1241.173 34042.19          27427                58521.31  2373 .68g  .051o  15.5
   199w 31.0 3  0  5569 2040:04:01 1224.466 32370.74          26437                57386.91  2386 .69g  .086o  20.5
   200w 30.0 2  0  5599 2040:05:01 1249.392 30647.47          24530                56159.65  2400 .69g  .077o  22.9

                                    I M E X   T I M E   S T E P   S U M M A R Y
 ==================================================================================================================
    Time Step           Time                  Total Production             Total Injection  Total Max. Max. Change
 ---------------- ---------------- -------------------------------------- -----------------  PV   Mat. ------------
                C                    Oil      Gas     Water   GOR.  Wat.    Gas     Water   Avg.  bal. Satur. Pres.
        Size    U                                             SCF/   Cut                    Pres. err. DSMAX  DPMAX
  No.   Days IT T Days   yy:mm:dd   STB/D    MCF/D    STB/D    STB    %    MCF/D    STB/D   psia   %          psia
 ------ ---- -- - ----- ---------- -------- -------- -------- ----- ----- -------- -------- ----- ---- ------ -----
   201w 31.0 2  0  5630 2040:06:01 1360.144 27327.65          20092                54560.47  2419 .69g  .092o  29.7
   202w 30.0 2  0  5660 2040:07:01 1757.463 22226.93          12647                52490.64  2444 .70g  .066o  38.8
   203w 31.0 1  0  5691 2040:08:01 2284.841 18198.00           7965                49915.65  2474 .72g  .069o  43.3
   204w 31.0 1  0  5722 2040:09:01 3225.185 14348.85           4449                46642.75  2513 .73g  .067o  61.7
   205w 30.0 1  0  5752 2040:10:01 4678.939 11634.74           2487                43008.87  2554 .73g  .063o  71.4
   206w 31.0 2  0  5783 2040:11:01 6363.240 10570.30           1661                38357.75  2607 .73g  .085o  88.5
   207w 30.0 1  0  5813 2040:12:01 7888.618 9307.984           1180                34005.21  2654 .73g  .075o  72.1
   208w 31.0 1  0  5844 2041:01:01 9212.121 9886.090           1073                29865.36  2698 .71g  .047o  63.8
   209w 31.0 1  0  5875 2041:02:01 10251.56 9549.781          931.5                26808.36  2729 .71g  .035o  42.1
   210w 28.0 1  0  5903 2041:03:01 11061.75 9478.730          856.9                24646.21  2751 .71g  .021o  33.8
   211w 31.0 1  0  5934 2041:04:01 11681.95 9495.631          812.8                22842.57  2770 .71g  .019o  23.8
   212w 30.0 1  0  5964 2041:05:01 12029.72 9455.637          786.0                21504.83  2784 .72g  .014o  18.8
   213w 31.0 1  0  5995 2041:06:01 12286.87 9461.529          770.1                20506.29  2794 .72g  .010o  13.1
   214w 30.0 1  0  6025 2041:07:01 12428.57 9443.537          759.8                19821.02  2801 .72g  .007o  8.99
   215w 31.0 1  0  6056 2041:08:01 12530.87 9438.130          753.2                19331.14  2806 .72g -.006o  6.43
   216w 31.0 1  0  6087 2041:09:01 12592.34 9430.815 .9004304 748.9 .0072          18993.22  2809 .72g -.006o -5.27
   217w 30.0 1  0  6117 2041:10:01 12627.96 9421.354 7.717923 746.1 .0611          18763.34  2811 .72g -.006o -4.95
   218w 31.0 1  0  6148 2041:11:01 12644.67 9407.412 23.06092 744.0 .1820          18598.12  2813 .72g  .007w -4.96
   219w 30.0 1  0  6178 2041:12:01 12647.57 9390.769 46.78886 742.5 .3686          18486.38  2814 .72g -.007o -4.67
   220w 31.0 1  0  6209 2042:01:01 12641.14 9371.275 80.75790 741.3 .6348          18408.27  2815 .73g -.007o -4.67

                                    I M E X   T I M E   S T E P   S U M M A R Y
 ==================================================================================================================
    Time Step           Time                  Total Production             Total Injection  Total Max. Max. Change
 ---------------- ---------------- -------------------------------------- -----------------  PV   Mat. ------------
                C                    Oil      Gas     Water   GOR.  Wat.    Gas     Water   Avg.  bal. Satur. Pres.
        Size    U                                             SCF/   Cut                    Pres. err. DSMAX  DPMAX
  No.   Days IT T Days   yy:mm:dd   STB/D    MCF/D    STB/D    STB    %    MCF/D    STB/D   psia   %          psia
 ------ ---- -- - ----- ---------- -------- -------- -------- ----- ----- -------- -------- ----- ---- ------ -----
   221w 31.0 1  0  6240 2042:02:01 12626.45 9349.223 123.7924 740.4 .9709          18355.91  2816 .73g -.007o -4.53
   222w 28.0 1  0  6268 2042:03:01 12611.42 9329.514 177.7931 739.8 1.390          18328.27  2816 .73g  .006w -3.98
   223w 31.0 1  0  6299 2042:04:01 12483.98 9236.575 236.3931 739.9 1.858          18314.83  2817 .73g -.006o -4.29
   224w 30.0 1  0  6329 2042:05:01 12414.15 9179.197 296.1910 739.4 2.330          18268.96  2817 .73g -.006o -4.00
   225w 31.0 1  0  6360 2042:06:01 12317.73 9108.575 359.3080 739.5 2.834          18207.09  2818 .73g  .006w -4.09
   226w 30.0 1  0  6390 2042:07:01 12221.61 9040.161 421.8483 739.7 3.336          18142.10  2819 .73g  .006w -3.90
   227w 31.0 1  0  6421 2042:08:01 12119.89 8969.456 487.7094 740.1 3.868          18071.73  2820 .74g -.006o -3.97
   228w 31.0 1  0  6452 2042:09:01 12015.77 8898.759 554.5657 740.6 4.412          17999.35  2821 .74g  .006w -3.90
   229w 30.0 1  0  6482 2042:10:01 11913.74 8831.100 620.1091 741.3 4.947          17928.08  2822 .74g -.006o -3.72
   230w 31.0 1  0  6513 2042:11:01 11806.50 8760.750 688.5729 742.0 5.511          17853.33  2823 .74g  .006w -3.78
   231w 30.0 1  0  6543 2042:12:01 11701.88 8692.252 755.4802 742.8 6.065          17780.13  2824 .74g -.006o -3.60
   232w 31.0 1  0  6574 2043:01:01 11593.11 8621.080 825.2375 743.6 6.645          17704.55  2825 .74g -.006o -3.65
   233w 31.0 1  0  6605 2043:02:01 11483.62 8549.414 895.5870 744.5 7.235          17628.12  2826 .74g  .006w -3.59
   234w 28.0 1  0  6633 2043:03:01 11381.95 8481.723 973.3774 745.2 7.878          17559.21  2827 .74g -.006o -3.19
   235w 31.0 1  0  6664 2043:04:01 11262.87 8402.605 1104.773 746.0 8.933          17494.53  2828 .75g -.005o -3.47
   236w 30.0 1  0  6694 2043:05:01 11159.26 8332.824 1232.353 746.7  9.95          17447.98  2828 .75g  .005w -3.31
   237w 31.0 1  0  6725 2043:06:01 11052.39 8260.688 1356.881 747.4 10.93          17407.63  2829 .75g -.005o -3.36
   238w 30.0 1  0  6755 2043:07:01 10946.94 8189.921 1471.562 748.1 11.85          17373.00  2829 .75g -.005o -3.22
   239w 31.0 1  0  6786 2043:08:01 10843.04 8120.289 1585.222 748.9 12.75          17339.16  2830 .75g  .005w -3.28
   240w 31.0 1  0  6817 2043:09:01 10744.14 8054.199 1695.071 749.6 13.63          17308.34  2830 .75g  .005w -3.15

                                    I M E X   T I M E   S T E P   S U M M A R Y
 ==================================================================================================================
    Time Step           Time                  Total Production             Total Injection  Total Max. Max. Change
 ---------------- ---------------- -------------------------------------- -----------------  PV   Mat. ------------
                C                    Oil      Gas     Water   GOR.  Wat.    Gas     Water   Avg.  bal. Satur. Pres.
        Size    U                                             SCF/   Cut                    Pres. err. DSMAX  DPMAX
  No.   Days IT T Days   yy:mm:dd   STB/D    MCF/D    STB/D    STB    %    MCF/D    STB/D   psia   %          psia
 ------ ---- -- - ----- ---------- -------- -------- -------- ----- ----- -------- -------- ----- ---- ------ -----
   241w 30.0 1  0  6847 2043:10:01 10650.34 7991.562 1797.994 750.4 14.44          17279.53  2831 .75g -.005o -2.97
   242w 31.0 1  0  6878 2043:11:01 10563.59 7931.848 1902.449 750.9 15.26          17235.78  2832 .75g  .005w -7.53
   243w 30.0 1  0  6908 2043:12:01 10477.01 7871.197 2000.747 751.3 16.03          17195.76  2832 .75g -.004o -6.83
   244w 31.0 1  0  6939 2044:01:01 10390.79 7810.774 2100.595 751.7 16.82          17152.13  2833 .76g -.005o -7.31
   245w 31.0 1  0  6970 2044:02:01 10303.69 7750.285 2198.470 752.2 17.58          17113.27  2833 .76g  .005w -7.08
   246w 29.0 1  0  6999 2044:03:01 10222.34 7695.192 2288.667 752.8 18.29          17081.47  2834 .76g -.005o -6.43
   247w 31.0 1  0  7030 2044:04:01 10134.55 7638.482 2383.805 753.7 19.04          17051.89  2834 .76g -.005o -6.67
   248w 30.0 1  0  7060 2044:05:01 10046.84 7583.380 2481.537 754.8 19.81          17028.35  2835 .76g  .005w -6.27
   249w 31.0 1  0  7091 2044:06:01 9953.807 7524.626 2583.607 756.0 20.61          17006.12  2835 .76g -.005o -6.28
   250w 30.0 1  0  7121 2044:07:01 9863.184 7467.273 2682.576 757.1 21.38          16985.43  2836 .76g -.005o -5.90
   251w 31.0 1  0  7152 2044:08:01 9769.947 7408.208 2784.387 758.3 22.18          16964.12  2836 .76g -.005o -5.92
   252w 31.0 1  0  7183 2044:09:01 9678.085 7350.158 2885.769 759.5 22.97          16943.89  2836 .76g -.005o -5.75
   253w 30.0 1  0  7213 2044:10:01 9607.767 7306.076 3014.315 760.4 23.88          16924.46  2837 .76g -.005o -5.41
   254w 31.0 1  0  7244 2044:11:01 9528.209 7251.029 3160.775 761.0 24.91          16932.62  2837 .77g  .005w -5.46
   255w 30.0 1  0  7274 2044:12:01 9467.066 7185.345 3298.912 759.0 25.84          16934.94  2837 .77g -.005o -12.2
   256w 31.0 1  0  7305 2045:01:01 9396.324 7116.755 3433.192 757.4 26.76          16941.70  2837 .77g -.005o -10.1

 ===================== SUMMARY (from subroutine: TSIO)   ======================
  Simulation run terminated. Stopping time reached.
    
     1 Warning messages.    0 Error messages.
 ==============================================================================



                          Global Storage Usage
                          ====================

             Section           Bytes          Mbytes   # Objects
        ------------    ------------    ------------   ---------
              MXSLVR          514016           0.490          98
              GRMOD0          217956           0.208         482
               IMEX2          125666           0.120         693
               IMEX1          114236           0.109         588
              WMCOM1           58763           0.056         982
               IMEX3           50818           0.048         249
              MXGR01           50456           0.048          18
              GRMOD1           36256           0.035         151
              KWCOM1           34735           0.033          52
              EQTPAR           29876           0.028          69
               POINT           25252           0.024          96
              SR2COM           22036           0.021          92
              MXWELL           20796           0.020         262
             MXSLVR1           13096           0.012          14
           GLOBSTORE            7478           0.007          27
              MXINIT            6244           0.006          23
              CMPDIL            6112           0.006          25
               PRTCM            5760           0.005          17
              SECTOR            2464           0.002          13
               SAMG1            1873           0.002         255
              PGMCH1            1794           0.002         319
             CMGFILE            1206           0.001          19
                FLXB            1156           0.001          27
                CMB1             600           0.001          68
           PGSCOMMON             476           0.000          64
                 MTS             340           0.000          18
           PGPARASOL             296           0.000          65
              SGCOM2             216           0.000          54
              SGCOM1             180           0.000          44
              GRMOD2             156           0.000          38
              WMCOM3              92           0.000           4
              WMCOM2              76           0.000          15
              WMCOM5              52           0.000          13
              SGCOM3              32           0.000           8
        PGMATDOMAINS              16           0.000           4
              WMCOM7               8           0.000           2
              DEPTAB               8           0.000           2
              SGCOM4               4           0.000           1
            PGSINT3D               0           0.000           0
              MXPRSL               0           0.000           0
        ------------    ------------    ------------   ---------
               Total         1350597           1.288        4971
            Maximium         1712077           1.633

       Field Total                                   Fluid
                             Oil       Gas       Water    Solvent   Polymer    Salt
                            -------   -------   -------   -------   -------   -------
                            (MSTB)    (MMSCF)   (MSTB)    (MMSCF)    (MLB)     (MLB)
  Cumulative Production       39719    250043    1739.4     NA        NA        NA   
  Cumulative Injection        NA         0       143451     NA        NA        NA   
  Cumulative Gas Lift         NA         0        NA        NA        NA        NA   
  Cumulative Aquifer Influx   NA        NA         0        NA        NA        NA   
  Current Fluids In Place    225096    157673    204959     NA        NA        NA   
  Production Rates           9.3963    7.1168    3.4332     NA        NA        NA   
  Injection Rates             NA         0       16.942     NA        NA        NA   

  Timesteps:    256  Newton Cycles:      315  Cuts:      0  Solver Iterations:         1770
  Average Implicitness    : 0.951
  Fluid Component Model   : BLACKOIL (SINGLE-P)
  Material Balances (owg): 1.002 1.001 1.008
  Average Active Blocks:         300 Average Non-BHP Active Wells:     0
  Total Blocks :         300 Total Wells :     5
  Active Blocks:         300 Non-BHP Active Wells:     0
  Time at end of simulation:   7305.00     (days)   
  Average reservoir pressure excluding water zone: 2836.981 (psi)    
  Total Number of Solver Failures:       0  Stalls:       0  ITERMAX Reached:       0
  Jacobian Domains      1  
  Total lstpro/lstpar calls:     2  (    9)
  Linear Solver: Aimsol
  Preconditioner Ordering: REDBLACK
  Preconditioner Degree           1
  KMP_AFFINITY: Default
  OMP_SCHEDULE: Default
  Max Impl Blocks:      300  %Impl:100.0%  (TS,CUT,NCYC): (    21, 0,  1 )
  Max Solver Iterations (TS,CUT,NCYC):       8 (    19, 0,  2 )
  Number of threads set:    1
  Total number of cpus:    4
  Memory Usage Peak:       64 MB on TS:   198 TS 1 Peak:       39 MB  Average:       57 MB  VM Size:       71 MB
  Host computer: IKIEARTH
  CPU Time:             2.58 seconds
  Elapsed Time:         2.58 seconds

  End of Simulation: Normal Termination

  Date and Time of End of Run:  Apr 19, 2025  07:28:16

