    Opened LOG FILE         on unit 10, filename is 'D:\TA MANDIRI\SKENARIO CMG\A2P3C.log'
 ********************************************************************************
 *                                                                              *
 *                                IMEX  2021.10                                 *
 *            Adaptive-Implicit Black Oil & Unconventional Simulator            *
 *                         General Release for Win x64                          *
 *                            2021-Nov-16   12:35:59                            *
 *                                                                              *
 *                          (c) Copyright 1977 - 2021                           *
 *                Computer Modelling Group Ltd., Calgary, Canada                *
 *                             All Rights Reserved                              *
 *                                                                              *
 ********************************************************************************


 Command-line Arguments:  -dimsum
                          -wd D:\TA MANDIRI\SKENARIO CMG
                          -log
                          -f D:\TA MANDIRI\SKENARIO CMG\A2P3C.dat

  Date and Time of Start of Run:  Apr 19, 2025  07:35:46


*** Input/Output files specification :
    Opened data file        on unit 11, filename is 'D:\TA MANDIRI\SKENARIO CMG\A2P3C.dat'
    Opened Scratch file     on unit 12
    Opened Scratch file     on unit 13
    Opened output file      on unit 14, filename is 'D:\TA MANDIRI\SKENARIO CMG\A2P3C.out'
    Opened SR3-OUT          on unit 15, filename is 'D:\TA MANDIRI\SKENARIO CMG\A2P3C.sr3'
    Opened Restart-SR3      on unit 16, filename is 'D:\TA MANDIRI\SKENARIO CMG\A2P3C.rstr.sr3'
    Opened GRID scratchfile on unit 17

 ===================== WARNING (from subroutine: INCOMP) ======================
  P/Z Output is disabled as Temperatures were not defined for all PVT Regions
  Please review the *TRES Keyword
  Line: 76   File Name: D:\TA MANDIRI\SKENARIO CMG\A2P3C.dat
 ==============================================================================


 ===================== SUMMARY (from subroutine: INDATA) ======================
  Reading of initial data is complete.
  Simulation will stop if there were error messages.
     1 Warning messages.    0 Error messages.
 ==============================================================================



                          Global Storage Usage
                          ====================

             Section           Bytes          Mbytes   # Objects
        ------------    ------------    ------------   ---------
              MXSLVR          244152           0.233          98
              GRMOD0          217956           0.208         482
               IMEX2          125666           0.120         693
               IMEX1          114236           0.109         588
              WMCOM1           58763           0.056         982
               IMEX3           50818           0.048         249
              MXGR01           50456           0.048          18
              GRMOD1           36256           0.035         151
              KWCOM1           34735           0.033          52
              EQTPAR           29876           0.028          69
               POINT           25252           0.024          96
              SR2COM           22036           0.021          92
              MXWELL           20796           0.020         262
             MXSLVR1           13096           0.012          14
           GLOBSTORE            7478           0.007          27
              MXINIT            6244           0.006          23
              CMPDIL            6112           0.006          25
               PRTCM            5760           0.005          17
              SECTOR            2464           0.002          13
               SAMG1            1873           0.002         255
              PGMCH1            1794           0.002         319
             CMGFILE            1206           0.001          19
                FLXB            1156           0.001          27
                CMB1             600           0.001          68
           PGSCOMMON             476           0.000          64
                 MTS             340           0.000          18
           PGPARASOL             296           0.000          65
              SGCOM2             216           0.000          54
              SGCOM1             180           0.000          44
              GRMOD2             156           0.000          38
              WMCOM3              92           0.000           4
              WMCOM2              76           0.000          15
              WMCOM5              52           0.000          13
              SGCOM3              32           0.000           8
        PGMATDOMAINS              16           0.000           4
              WMCOM7               8           0.000           2
              DEPTAB               8           0.000           2
              SGCOM4               4           0.000           1
            PGSINT3D               0           0.000           0
              MXPRSL               0           0.000           0
        ------------    ------------    ------------   ---------
               Total         1080733           1.031        4971
            Maximium         1712077           1.633

                                    I M E X   T I M E   S T E P   S U M M A R Y
 ==================================================================================================================
    Time Step           Time                  Total Production             Total Injection  Total Max. Max. Change
 ---------------- ---------------- -------------------------------------- -----------------  PV   Mat. ------------
                C                    Oil      Gas     Water   GOR.  Wat.    Gas     Water   Avg.  bal. Satur. Pres.
        Size    U                                             SCF/   Cut                    Pres. err. DSMAX  DPMAX
  No.   Days IT T Days   yy:mm:dd   STB/D    MCF/D    STB/D    STB    %    MCF/D    STB/D   psia   %          psia
 ------ ---- -- - ----- ---------- -------- -------- -------- ----- ----- -------- -------- ----- ---- ------ -----
     1w 1.00 2  0 1.000 2025:01:02 68745.05 101512.2           1477                          4791 e-3o -.029o  -232
     2  1.88 1  0 2.879 2025:01:04 61027.44 100462.9           1646                          4785 e-3g -.027o  -200
     3  4.08 1  0 6.958 2025:01:08 52971.56 94426.03           1783                          4771 e-4o -.016o  -168
     4  10.6 1  0 17.52 2025:01:19 49513.98 86008.43           1737                          4739 e-3g -.015o  -131
     5  13.5 1  0 31.00 2025:02:01 48367.47 80260.09           1659                          4699 .01g -.014o -76.6
     6w 28.0 1  0 59.00 2025:03:01 46410.68 75887.01           1635                          4623 .04g -.025o -97.9
     7w 31.0 1  0 90.00 2025:04:01 42609.26 74972.48           1760                          4546 .06g -.029o -86.5
     8w 30.0 1  0 120.0 2025:05:01 39811.89 74025.29           1859                          4477 .08g -.031o -75.3
     9w 31.0 2  0 151.0 2025:06:01 36865.45 76681.10           2080                          4411 .08g -.035o -71.3
    10w 30.0 2  0 181.0 2025:07:01 33969.82 81288.39           2393                          4348 .08g -.037o -66.5
    11w 31.0 1  0 212.0 2025:08:01 31068.04 85894.32           2765                          4284 .10g -.038o -69.4
    12w 31.0 1  0 243.0 2025:09:01 28259.65 90882.62           3216                          4220 .11g -.037o -69.7
    13w 30.0 2  0 273.0 2025:10:01 26078.01 100013.2           3835                          4157 .11g -.034o -66.8
    14w 31.0 1  0 304.0 2025:11:01 23955.57 109432.2           4568                          4090 .13g -.033o -73.2
    15w 30.0 1  0 334.0 2025:12:01 22151.72 122217.1           5517                          4022 .13g -.032o -73.0
    16w 31.0 1  0 365.0 2026:01:01 20393.01 133921.0           6567                          3947 .15g -.031o -79.4
    17w 31.0 2  0 396.0 2026:02:01 18904.71 148176.4           7838                          3868 .15g -.030o -82.9
    18w 28.0 2  0 424.0 2026:03:01 17810.55 165659.2           9301                          3792 .15g -.026o -80.1
    19w 31.0 2  0 455.0 2026:04:01 16621.96 180754.7          10874                          3703 .16g -.026o -96.2
    20w 30.0 1  0 485.0 2026:05:01 15469.24 191246.3          12363                          3614 .19g -.025o -99.3

                                    I M E X   T I M E   S T E P   S U M M A R Y
 ==================================================================================================================
    Time Step           Time                  Total Production             Total Injection  Total Max. Max. Change
 ---------------- ---------------- -------------------------------------- -----------------  PV   Mat. ------------
                C                    Oil      Gas     Water   GOR.  Wat.    Gas     Water   Avg.  bal. Satur. Pres.
        Size    U                                             SCF/   Cut                    Pres. err. DSMAX  DPMAX
  No.   Days IT T Days   yy:mm:dd   STB/D    MCF/D    STB/D    STB    %    MCF/D    STB/D   psia   %          psia
 ------ ---- -- - ----- ---------- -------- -------- -------- ----- ----- -------- -------- ----- ---- ------ -----
    21w 31.0 1  0 516.0 2026:06:01 14326.87 196276.5          13700                          3522 .23g -.023o  -101
    22w 30.0 2  0 546.0 2026:07:01 13315.34 196105.4          14728                          3438 .24g -.018o -92.1
    23w 31.0 2  0 577.0 2026:08:01 12339.82 198526.0          16088                          3353 .24g -.015o -91.5
    24w 31.0 1  0 608.0 2026:09:01 11414.72 199798.0          17504                          3267 .28g -.014o -90.5
    25w 30.0 1  0 638.0 2026:10:01 10561.16 198413.4          18787                          3187 .31g -.013o -86.4
    26w 31.0 2  0 669.0 2026:11:01 9750.588 194612.3          19959                          3109 .32g -.013o -83.9
    27w 30.0 1  0 699.0 2026:12:01 9005.959 189060.4          20993                          3037 .34g -.012o -78.3
    28w 31.0 1  0 730.0 2027:01:01 8278.601 180939.0          21856                          2965 .32g -.012o -76.6
    29w 31.0 1  0 761.0 2027:02:01 7594.222 170161.9          22407                          2894 .33g -.013o -74.9
    30w 28.0 1  0 789.0 2027:03:01 7022.686 160500.9          22855                          2834 .35g -.011o -64.9
    31w 31.0 1  0 820.0 2027:04:01 6448.413 150221.5          23296                          2774 .37g -.012o -65.1
    32w 30.0 1  0 850.0 2027:05:01 5950.768 140789.9          23659                          2719 .38g -.011o -57.8
    33w 31.0 1  0 881.0 2027:06:01 5481.463 131500.2          23990                          2668 .40g -.010o -54.9
    34w 30.0 1  0 911.0 2027:07:01 5068.631 123023.9          24272                          2622 .41g -.009o -49.1
    35w 31.0 1  0 942.0 2027:08:01 4680.686 114778.6          24522                          2578 .43g -.009o -46.7
    36w 31.0 1  0 973.0 2027:09:01 4324.822 106990.4          24739                          2537 .43g -.008o -43.1
    37w 30.0 1  0  1003 2027:10:01 4006.182 99843.22          24922                          2501 .42g -.008o -38.8
    38w 31.0 1  0  1034 2027:11:01 3693.660 92639.78          25081                          2464 .40g -.008o -38.0
    39w 30.0 1  0  1064 2027:12:01 3412.166 86009.47          25207                          2430 .41g -.007o -36.7
    40w 31.0 1  0  1095 2028:01:01 3145.714 79639.79          25317                          2398 .42g -.007o -34.4

                                    I M E X   T I M E   S T E P   S U M M A R Y
 ==================================================================================================================
    Time Step           Time                  Total Production             Total Injection  Total Max. Max. Change
 ---------------- ---------------- -------------------------------------- -----------------  PV   Mat. ------------
                C                    Oil      Gas     Water   GOR.  Wat.    Gas     Water   Avg.  bal. Satur. Pres.
        Size    U                                             SCF/   Cut                    Pres. err. DSMAX  DPMAX
  No.   Days IT T Days   yy:mm:dd   STB/D    MCF/D    STB/D    STB    %    MCF/D    STB/D   psia   %          psia
 ------ ---- -- - ----- ---------- -------- -------- -------- ----- ----- -------- -------- ----- ---- ------ -----
    41w 31.0 1  0  1126 2028:02:01 2902.546 73747.86          25408                          2369 .43g -.007o -31.4
    42w 29.0 1  0  1155 2028:03:01 2693.690 68630.28          25478                          2343 .43g -.006o -27.1
    43w 31.0 1  0  1186 2028:04:01 2489.307 63572.42          25538                          2319 .44g -.006o -26.6
    44w 30.0 1  0  1216 2028:05:01 2307.548 59030.77          25582                          2296 .44g -.005o -23.8
    45w 31.0 1  0  1247 2028:06:01 2135.734 54662.11          25594                          2275 .45g -.005o -22.6
    46w 30.0 1  0  1277 2028:07:01 1983.767 50778.78          25597                          2256 .45g -.005o -20.2
    47w 31.0 1  0  1308 2028:08:01 1839.142 47075.16          25596                          2238 .46g -.004o -19.3
    48w 31.0 1  0  1339 2028:09:01 1706.355 43669.11          25592                          2221 .46g -.004o -17.8
    49w 30.0 1  0  1369 2028:10:01 1588.626 40630.14          25576                          2206 .46g -.004o -16.0
    50w 31.0 1  0  1400 2028:11:01 1476.308 37730.91          25558                          2192 .47g -.003o -15.3
    51w 30.0 1  0  1430 2028:12:01 1375.642 35130.76          25538                          2179 .47g -.003o -13.7
    52w 31.0 1  0  1461 2029:01:01 1279.585 32646.33          25513                          2167 .47g -.003o -13.1
    53w 31.0 1  0  1492 2029:02:01 1190.764 30346.35          25485                          2155 .47g -.003o -12.2
    54w 28.0 1  0  1520 2029:03:01 1115.963 28407.80          25456                          2146 .48g -.002o -10.3
    55w 31.0 1  0  1551 2029:04:01 1039.238 26417.50          25420                          2136 .48g -.002o -10.5
    56w 30.0 1  0  1581 2029:05:01 970.2687 24627.11          25382                          2127 .48g -.002o -9.50
    57w 31.0 1  0  1612 2029:06:01 904.1920 22910.34          25338                          2118 .48g -.002o -9.11
    58w 30.0 1  0  1642 2029:07:01 844.7466 21364.73          25291                          2111 .48g -.002o -8.21
    59w 31.0 1  0  1673 2029:08:01 787.7503 19881.57          25238                          2103 .48g -.002o -7.88
    60w 31.0 1  0  1704 2029:09:01 734.8480 18503.90          25181                          2096 .49g -.002o -7.32

                                    I M E X   T I M E   S T E P   S U M M A R Y
 ==================================================================================================================
    Time Step           Time                  Total Production             Total Injection  Total Max. Max. Change
 ---------------- ---------------- -------------------------------------- -----------------  PV   Mat. ------------
                C                    Oil      Gas     Water   GOR.  Wat.    Gas     Water   Avg.  bal. Satur. Pres.
        Size    U                                             SCF/   Cut                    Pres. err. DSMAX  DPMAX
  No.   Days IT T Days   yy:mm:dd   STB/D    MCF/D    STB/D    STB    %    MCF/D    STB/D   psia   %          psia
 ------ ---- -- - ----- ---------- -------- -------- -------- ----- ----- -------- -------- ----- ---- ------ -----
    61w 30.0 1  0  1734 2029:10:01 687.2066 17262.32          25120                          2090 .49g -.002o -6.60
    62w 31.0 1  0  1765 2029:11:01 641.4852 16069.81          25051                          2084 .49g -.002o -6.34
    63w 30.0 1  0  1795 2029:12:01 600.2874 14994.53          24979                          2079 .49g -.001o -5.72
    64w 31.0 1  0  1826 2030:01:01 560.7302 13961.24          24898                          2074 .49g -.001o -5.49
    65w 31.0 1  0  1857 2030:02:01 523.9649 13000.17          24811                          2069 .49g -.001o -5.11
    66w 28.0 1  0  1885 2030:03:01 492.8861 12187.20          24726                          2065 .49g -.001o -4.32
    67w 31.0 1  0  1916 2030:04:01 460.8949 11349.61          24625                          2061 .49g -.001o -4.45
    68w 30.0 1  0  1946 2030:05:01 432.0392 10593.61          24520                          2057 .49g -.001o -4.02
    69w 31.0 1  0  1977 2030:06:01 404.3079 9866.477          24403                          2053 .49g -.001o -3.87
    70w 30.0 1  0  2007 2030:07:01 379.2887 9209.978          24282                          2050 .50g -.001o -3.49
    71w 31.0 1  0  2038 2030:08:01 355.2383 8578.371          24148                          2047 .50g -9e-4o -3.36
    72w 31.0 1  0  2069 2030:09:01 332.8617 7990.269          24005                          2044 .50g -9e-4o -3.13
    73w 30.0 1  0  2099 2030:10:01 312.6674 7459.111          23856                          2041 .50g -8e-4o -2.82
    74w 31.0 1  0  2130 2030:11:01 293.2493 6947.935          23693                          2039 .50g -8e-4o -2.71
    75w 30.0 1  0  2160 2030:12:01 275.7226 6486.205          23524                          2037 .50g -8e-4o -2.45
    76w 31.0 1  0  2191 2031:01:01 258.8663 6041.746          23339                          2034 .50g -8e-4o -2.36
    77w 31.0 1  0  2222 2031:02:01 243.1770 5627.733          23143                          2032 .50g -7e-4o -2.20
    78w 28.0 1  0  2250 2031:03:01 229.8982 5277.081          22954                          2031 .50g -6e-4o -1.86
    79w 31.0 1  0  2281 2031:04:01 216.2146 4915.389          22734                          2029 .50g -7e-4o -1.92
    80w 30.0 1  0  2311 2031:05:01 203.8593 4588.574          22509                          2027 .50g -6e-4o -1.73

                                    I M E X   T I M E   S T E P   S U M M A R Y
 ==================================================================================================================
    Time Step           Time                  Total Production             Total Injection  Total Max. Max. Change
 ---------------- ---------------- -------------------------------------- -----------------  PV   Mat. ------------
                C                    Oil      Gas     Water   GOR.  Wat.    Gas     Water   Avg.  bal. Satur. Pres.
        Size    U                                             SCF/   Cut                    Pres. err. DSMAX  DPMAX
  No.   Days IT T Days   yy:mm:dd   STB/D    MCF/D    STB/D    STB    %    MCF/D    STB/D   psia   %          psia
 ------ ---- -- - ----- ---------- -------- -------- -------- ----- ----- -------- -------- ----- ---- ------ -----
    81w 31.0 1  0  2342 2031:06:01 191.9746 4273.931          22263                          2026 .50g -6e-4o -1.67
    82w 30.0 1  0  2372 2031:07:01 181.2434 3989.763          22013                          2024 .50g -6e-4o -1.51
    83w 31.0 1  0  2403 2031:08:01 170.9137 3715.948          21742                          2023 .50g -6e-4o -1.45
    84w 31.0 1  0  2434 2031:09:01 161.2998 3460.955          21457                          2022 .50g -6e-4o -1.35
    85w 30.0 1  0  2464 2031:10:01 152.6193 3230.502          21167                          2021 .50g -5e-4o -1.22
    86w 31.0 1  0  2495 2031:11:01 144.2562 3008.225          20853                          2019 .50g -5e-4o -1.17
    87w 30.0 1  0  2525 2031:12:01 136.6675 2806.266          20534                          2018 .50g -5e-4o -1.06
    88w 31.0 1  0  2556 2032:01:01 129.3183 2610.490          20187                          2018 .50g -5e-4o -1.04
    89w 31.0 1  0  2587 2032:02:01 122.4696 2428.049          19826                          2017 .50g -5e-4o -.965
    90w 29.0 1  0  2616 2032:03:01 116.4820 2268.438          19475                          2016 .50g -4e-4o -.842
    91w 31.0 1  0  2647 2032:04:01 110.5303 2109.619          19086                          2015 .50g -5e-4o -.837
    92w 30.0 1  0  2677 2032:05:01 105.1624 1966.245          18697                          2014 .50g -4e-4o -.755
    93w 31.0 1  0  2708 2032:06:01 100.0052 1828.356          18283                          2014 .50g -4e-4o -.726
    94w 30.0 1  0  2738 2032:07:01 95.35424 1703.887          17869                          2013 .50g -4e-4o -.655
    95w 31.0 1  0  2769 2032:08:01 90.88610 1584.190          17430                          2012 .50g -4e-4o -.629
    96w 31.0 1  0  2800 2032:09:01 86.73090 1472.799          16981                          2012 .50g -4e-4o -.585
    97w 30.0 1  0  2830 2032:10:01 82.94914 1372.167          16542                          2011 .50g -4e-4o -.528
    98w 31.0 1  0  2861 2032:11:01 79.35020 1275.470          16074                          2011 .50g -4e-4o -.507
    99w 30.0 1  0  2891 2032:12:01 76.10816 1188.210          15612                          2011 .50g -4e-4o -.457
   100w 31.0 1  0  2922 2033:01:01 72.97558 1104.105          15130                          2010 .50g -4e-4o -.440

                                    I M E X   T I M E   S T E P   S U M M A R Y
 ==================================================================================================================
    Time Step           Time                  Total Production             Total Injection  Total Max. Max. Change
 ---------------- ---------------- -------------------------------------- -----------------  PV   Mat. ------------
                C                    Oil      Gas     Water   GOR.  Wat.    Gas     Water   Avg.  bal. Satur. Pres.
        Size    U                                             SCF/   Cut                    Pres. err. DSMAX  DPMAX
  No.   Days IT T Days   yy:mm:dd   STB/D    MCF/D    STB/D    STB    %    MCF/D    STB/D   psia   %          psia
 ------ ---- -- - ----- ---------- -------- -------- -------- ----- ----- -------- -------- ----- ---- ------ -----
   101w 31.0 1  0  2953 2033:02:01 70.06312 1025.648          14639                          2010 .50g -4e-4o -.409
   102w 28.0 1  0  2981 2033:03:01 67.56233 958.0229          14180                          2009 .50g -3e-4o -.350
   103w 31.0 1  0  3012 2033:04:01 64.97171 888.0037          13668                          2009 .50g -4e-4o -.369
   104w 30.0 1  0  3042 2033:05:01 62.63462 824.8430          13169                          2009 .50g -3e-4o -.331
   105w 31.0 1  0  3073 2033:06:01 60.39362 764.2448          12654                          2008 .50g -4e-4o -.317
   106w 30.0 1  0  3103 2033:07:01 58.37791 709.6958          12157                          2008 .50g -3e-4o -.285
   107w 31.0 1  0  3134 2033:08:01 56.44699 657.3956          11646                          2008 .50g -3e-4o -.273
   108w 31.0 1  0  3165 2033:09:01 54.65716 608.8741          11140                          2008 .50g -3e-4o -.253
   109w 30.0 1  0  3195 2033:10:01 53.04791 565.2108          10655                          2008 .50g -3e-4o -.227
   110w 31.0 1  0  3226 2033:11:01 51.50664 523.3567          10161                          2007 .50g -3e-4o -.218
   111w 30.0 1  0  3256 2033:12:01 50.12097 485.6975           9691                          2007 .50g -3e-4o -.196
   112w 31.0 1  0  3287 2034:01:01 48.79389 449.6023           9214                          2007 .50g -3e-4o -.188
   113w 31.0 1  0  3318 2034:02:01 47.56398 416.1242           8749                          2007 .50g -3e-4o -.174
   114w 28.0 1  0  3346 2034:03:01 46.52715 387.8807           8337                          2007 .50g -3e-4o -.147
   115w 31.0 1  0  3377 2034:04:01 45.46320 358.8806           7894                          2007 .50g -3e-4o -.150
   116w 30.0 1  0  3407 2034:05:01 44.50682 332.7937           7477                          2006 .50g -3e-4o -.135
   117w 31.0 1  0  3438 2034:06:01 43.59094 307.7962           7061                          2006 .50g -3e-4o -.129
   118w 30.0 1  0  3468 2034:07:01 42.76765 285.3116           6671                          2006 .50g -3e-4o -.116
   119w 31.0 1  0  3499 2034:08:01 41.97923 263.7681           6283                          2006 .50g -3e-4o -.111
   120w 31.0 1  0  3530 2034:09:01 41.24862 243.7934           5910                          2006 .50g -3e-4o -.103

                                    I M E X   T I M E   S T E P   S U M M A R Y
 ==================================================================================================================
    Time Step           Time                  Total Production             Total Injection  Total Max. Max. Change
 ---------------- ---------------- -------------------------------------- -----------------  PV   Mat. ------------
                C                    Oil      Gas     Water   GOR.  Wat.    Gas     Water   Avg.  bal. Satur. Pres.
        Size    U                                             SCF/   Cut                    Pres. err. DSMAX  DPMAX
  No.   Days IT T Days   yy:mm:dd   STB/D    MCF/D    STB/D    STB    %    MCF/D    STB/D   psia   %          psia
 ------ ---- -- - ----- ---------- -------- -------- -------- ----- ----- -------- -------- ----- ---- ------ -----
   121w 30.0 1  0  3560 2034:10:01 40.59189 225.8292           5563                          2006 .50g -3e-4o -.093
   122w 31.0 1  0  3591 2034:11:01 39.96294 208.6194           5220                          2006 .50g -3e-4o -.089
   123w 30.0 1  0  3621 2034:12:01 39.39762 193.1435           4902                          2006 .50g -3e-4o -.080
   124w 31.0 1  0  3652 2035:01:01 38.85620 178.3190           4589                          2006 .50g -3e-4o -.076
   125w 31.0 1  0  3683 2035:02:01 38.35449 164.5775           4291                          2006 .50g -3e-4o -.071
   126w 28.0 1  0  3711 2035:03:01 37.93162 152.9909           4033                          2006 .50g -2e-4o -.060
   127w 31.0 1  0  3742 2035:04:01 37.49751 141.1010           3763                          2005 .50g -3e-4o -.061
   128w 30.0 1  0  3772 2035:05:01 37.10737 130.4117           3514                          2005 .50g -3e-4o -.055
   129w 31.0 1  0  3803 2035:06:01 36.73365 120.1750           3272                          2005 .50g -3e-4o -.053
   130w 30.0 1  0  3833 2035:07:01 36.39769 110.9728           3049                          2005 .50g -3e-4o -.047
   131w 31.0 1  0  3864 2035:08:01 36.07583 102.1611           2832                          2005 .50g -3e-4o -.045
   132w 31.0 1  0  3895 2035:09:01 35.77749 93.99603           2627                          2005 .50g -3e-4o -.042
   133w 30.0 1  0  3925 2035:10:01 35.50923 86.65717           2440                          2005 .50g -3e-4o -.038
   134w 31.0 1  0  3956 2035:11:01 35.25214 79.63084           2259                          2005 .50g -3e-4o -.036
   135w 30.0 1  0  3986 2035:12:01 35.02096 73.31619           2093                          2005 .50g -3e-4o -.032
   136w 31.0 1  0  4017 2036:01:01 34.79935 67.27109           1933                          2005 .50g -3e-4o -.031
   137w .500 3  1  4018 2036:01:02 34.79880 67.80673           1949                 2116675  2013 .50g -.199g   198
   138  .251 1  0  4018 2036:01:02 34.79867 68.35199           1964                 1442563  2016 .50g -.055g  63.5
   139  .460 1  0  4018 2036:01:02 34.80673 71.71418           2060                 1008864  2023 .51g -.055g   143
   140  .833 2  0  4019 2036:01:03 34.92374 96.28754           2757                698197.8  2032 .51g -.054g   173

                                    I M E X   T I M E   S T E P   S U M M A R Y
 ==================================================================================================================
    Time Step           Time                  Total Production             Total Injection  Total Max. Max. Change
 ---------------- ---------------- -------------------------------------- -----------------  PV   Mat. ------------
                C                    Oil      Gas     Water   GOR.  Wat.    Gas     Water   Avg.  bal. Satur. Pres.
        Size    U                                             SCF/   Cut                    Pres. err. DSMAX  DPMAX
  No.   Days IT T Days   yy:mm:dd   STB/D    MCF/D    STB/D    STB    %    MCF/D    STB/D   psia   %          psia
 ------ ---- -- - ----- ---------- -------- -------- -------- ----- ----- -------- -------- ----- ---- ------ -----
   141  1.55 2  0  4021 2036:01:05 36.17055 244.0250           6747                516807.5  2043 .51g -.060g   170
   142  2.59 2  0  4023 2036:01:07 43.50656 780.3181          17936                406150.3  2056 .51g -.059g   151
   143  4.37 2  0  4028 2036:01:12 73.00319 2227.624          30514                343218.8  2073 .51g -.064g   114
   144  6.86 2  0  4034 2036:01:18 145.3696 4980.078          34258                296789.9  2093 .51g -.080g  71.3
   145  6.80 2  0  4041 2036:01:25 232.3217 7832.921          33716                268249.4  2110 .51g -.081g  43.8
   146  6.80 2  0  4048 2036:02:01 327.2370 10707.41          32721                258326.1  2128 .51g -.060g  52.5
   147w 11.3 2  0  4059 2036:02:12 486.6291 15263.86          31367                246941.9  2159 .51g -.099g   120
   148  8.83 2  0  4068 2036:02:21 613.8531 18977.37          30915                244111.8  2186 .51g -.070g   102
   149  8.83 3  0  4077 2036:03:01 786.7426 23838.54          30300                239955.5  2218 .51g -.078g  89.0
   150w 11.4 3  0  4088 2036:03:12 1060.325 29965.18          28260                233270.8  2258 .51g -.105g   123
   151   9.8 2  0  4098 2036:03:22 1262.984 35041.84          27745                227251.3  2290 .51g -.090g  88.6
   152   9.8 2  0  4108 2036:04:01 1426.574 39807.94          27905                222517.9  2320 .51g -.068g  86.0
   153w 14.4 2  0  4122 2036:04:15 1647.001 46327.66          28128                216547.9  2362 .51g -.110g   103
   154  7.80 1  0  4130 2036:04:23 1762.020 49757.35          28239                212980.1  2386 .52g -.054g  59.7
   155  7.80 1  0  4138 2036:05:01 1872.828 53079.03          28342                210024.6  2409 .53g -.047g  54.5
   156w 15.5 3  0  4154 2036:05:17 2082.968 59427.30          28530                205674.2  2450 .53g -.097g  98.1
   157  15.5 2  0  4169 2036:06:01 2272.668 65207.03          28692                201677.1  2490 .53g -.116g  88.6
   158w 13.3 2  0  4182 2036:06:14 2427.452 69962.66          28821                198725.5  2522 .53g -.066g  75.0
   159  16.7 2  0  4199 2036:07:01 2617.446 75849.10          28978                196859.3  2555 .54g -.064g  67.8
   160w 15.5 3  0  4215 2036:07:17 2789.041 81206.82          29116                195287.1  2587 .54g -.065g  63.1

                                    I M E X   T I M E   S T E P   S U M M A R Y
 ==================================================================================================================
    Time Step           Time                  Total Production             Total Injection  Total Max. Max. Change
 ---------------- ---------------- -------------------------------------- -----------------  PV   Mat. ------------
                C                    Oil      Gas     Water   GOR.  Wat.    Gas     Water   Avg.  bal. Satur. Pres.
        Size    U                                             SCF/   Cut                    Pres. err. DSMAX  DPMAX
  No.   Days IT T Days   yy:mm:dd   STB/D    MCF/D    STB/D    STB    %    MCF/D    STB/D   psia   %          psia
 ------ ---- -- - ----- ---------- -------- -------- -------- ----- ----- -------- -------- ----- ---- ------ -----
   161  15.5 2  0  4230 2036:08:01 2943.973 86074.35          29237                193473.0  2618 .54g -.083g  54.7
   162w 15.5 2  0  4246 2036:08:17 3083.859 90501.53          29347                192093.7  2646 .55g -.082g  53.5
   163  15.5 2  0  4261 2036:09:01 3209.282 94496.80          29445                190948.3  2671 .55g -.064g  49.1
   164w 15.0 2  0  4276 2036:09:16 3321.716 98100.66          29533                189701.8  2697 .55g -.069g  48.4
   165  15.0 1  0  4291 2036:10:01 3423.385 101374.8          29612                188570.7  2721 .56g -.071g  44.5
   166w 15.5 1  0  4307 2036:10:17 3515.587 104358.6          29685                187281.5  2745 .57g -.056g  43.3
   167  15.5 2  0  4322 2036:11:01 3606.059 107301.1          29756                186225.8  2768 .57g -.057g  42.3
   168w 15.0 1  0  4337 2036:11:16 3686.133 109910.8          29817                185496.2  2787 .58g -.056g  31.7
   169  15.0 2  0  4352 2036:12:01 3745.500 111862.8          29866                184821.7  2807 .58g -.055g  32.5
   170w 15.5 2  0  4368 2036:12:17 3800.779 113688.3          29912                183978.0  2827 .59g -.059g  33.7
   171  15.5 2  0  4383 2037:01:01 3844.190 115124.4          29948                183163.0  2847 .59g -.046g  35.2
   172w 31.0 2  0  4414 2037:02:01 3887.841 116514.9          29969                181255.8  2886 .61g -.110g  80.0
   173w 28.0 3  0  4442 2037:03:01 3837.664 114694.9          29887                179018.6  2924 .61g -.106g  77.4
   174w 15.5 2  0  4458 2037:03:17 3783.891 112843.2          29822                177004.6  2952 .62g -.063g  57.2
   175  15.5 2  0  4473 2037:04:01 3702.808 109890.2          29678                174532.7  2984 .62g -.069g  55.0
   176w 15.0 2  0  4488 2037:04:16 3604.378 105899.8          29381                172029.2  3016 .63g -.064g  50.3
   177  15.0 2  0  4503 2037:05:01 3503.947 100710.5          28742                169327.8  3052 .64g  .069o  59.0
   178w 15.5 2  0  4519 2037:05:17 3436.132 93094.70          27093                166217.1  3093 .64g  .091o  58.9
   179  15.5 2  0  4534 2037:06:01 3643.577 79502.77          21820                162325.3  3146 .65g  .092o  82.3
   180w 15.0 2  0  4549 2037:06:16 4794.630 57095.09          11908                157252.0  3218 .65g  .089o   107

                                    I M E X   T I M E   S T E P   S U M M A R Y
 ==================================================================================================================
    Time Step           Time                  Total Production             Total Injection  Total Max. Max. Change
 ---------------- ---------------- -------------------------------------- -----------------  PV   Mat. ------------
                C                    Oil      Gas     Water   GOR.  Wat.    Gas     Water   Avg.  bal. Satur. Pres.
        Size    U                                             SCF/   Cut                    Pres. err. DSMAX  DPMAX
  No.   Days IT T Days   yy:mm:dd   STB/D    MCF/D    STB/D    STB    %    MCF/D    STB/D   psia   %          psia
 ------ ---- -- - ----- ---------- -------- -------- -------- ----- ----- -------- -------- ----- ---- ------ -----
   181  15.0 1  0  4564 2037:07:01 6824.504 35800.75           5246                151006.8  3302 .66g  .098o   130
   182w 15.3 1  0  4579 2037:07:16 10834.03 26809.11           2475                142531.7  3415 .63g  .084o   178
   183  15.7 2  0  4595 2037:08:01 16159.52 23345.10           1445                131316.9  3560 .64g  .101o   265
   184w 15.5 1  0  4611 2037:08:17 20925.14 24455.66           1169                119800.9  3697 .57g  .068o   217
   185  15.5 1  0  4626 2037:09:01 25601.22 24870.07          971.4                108223.2  3832 .58g  .067o   213
   186w 15.0 1  0  4641 2037:09:16 28588.42 25185.29          881.0                98210.77  3941 .58g  .038o   145
   187  15.0 1  0  4656 2037:10:01 30714.17 26510.31          863.1                89712.49  4032 .58g  .024o   113
   188w 31.0 1  0  4687 2037:11:01 33239.20 29183.30          878.0                77941.13  4153 .58g  .039o   143
   189w 30.0 1  0  4717 2037:12:01 34646.98 30808.48          889.2                70253.87  4232 .57g  .029o  92.3
   190w 31.0 1  0  4748 2038:01:01 35494.67 31838.91 26.25387 897.0 .0739          65024.80  4286 .57g  .028o -92.8
   191w 31.0 1  0  4779 2038:02:01 35934.78 31758.40 263.6333 883.8 .7283          61402.97  4324 .58g  .020w -80.6
   192w 28.0 1  0  4807 2038:03:01 35836.41 31385.24 634.7033 875.8 1.740          59135.12  4348 .58g -.019o -65.5
   193w 31.0 1  0  4838 2038:04:01 35164.69 30723.26 1190.661 873.7 3.275          57261.64  4369 .59g -.019o -63.7
   194w 30.0 1  0  4868 2038:05:01 34383.49 30015.98 1752.461 873.0 4.850          55814.86  4386 .59g  .018w -55.7
   195w 31.0 1  0  4899 2038:06:01 33511.93 29258.00 2351.266 873.1 6.556          54570.09  4400 .59g -.018o -51.9
   196w 30.0 1  0  4929 2038:07:01 32586.25 28459.36 3157.490 873.4 8.834          53513.21  4413 .60g  .018w -45.6
   197w 31.0 1  0  4960 2038:08:01 31712.16 27687.87 4206.308 873.1 11.71          52685.18  4422 .60g  .015w -42.7
   198w 31.0 1  0  4991 2038:09:01 30861.17 26954.37 5174.986 873.4 14.36          52040.68  4430 .60g -.014o -38.6
   199w 30.0 1  0  5021 2038:10:01 30091.17 26296.50 6046.655 873.9 16.73          51532.67  4437 .60g -.013o -34.1
   200w 31.0 1  0  5052 2038:11:01 29328.42 25652.19 6903.297 874.7 19.05          51096.29  4443 .61g -.014o -32.2

                                    I M E X   T I M E   S T E P   S U M M A R Y
 ==================================================================================================================
    Time Step           Time                  Total Production             Total Injection  Total Max. Max. Change
 ---------------- ---------------- -------------------------------------- -----------------  PV   Mat. ------------
                C                    Oil      Gas     Water   GOR.  Wat.    Gas     Water   Avg.  bal. Satur. Pres.
        Size    U                                             SCF/   Cut                    Pres. err. DSMAX  DPMAX
  No.   Days IT T Days   yy:mm:dd   STB/D    MCF/D    STB/D    STB    %    MCF/D    STB/D   psia   %          psia
 ------ ---- -- - ----- ---------- -------- -------- -------- ----- ----- -------- -------- ----- ---- ------ -----
   201w 30.0 1  0  5082 2038:12:01 28607.38 25049.17 7694.808 875.6 21.20          50726.09  4448 .61g  .014w -28.4
   202w 31.0 1  0  5113 2039:01:01 27824.67 24407.13 8607.393 877.2 23.63          50397.55  4453 .61g -.015o -26.8
   203w 31.0 1  0  5144 2039:02:01 27271.40 23916.59 10093.70 877.0 27.01          50099.79  4457 .61g -.014o -24.7
   204w 28.0 1  0  5172 2039:03:01 26715.74 23430.24 10962.83 877.0 29.10          50105.72  4457 .62g  .012w -20.7
   205w 31.0 1  0  5203 2039:04:01 26202.90 22988.51 11971.96 877.3 31.36          50233.24  4457 .62g -.014o -21.3
   206w 30.0 1  0  5233 2039:05:01 25726.41 22582.69 12918.22 877.8 33.43          50406.06  4456 .62g -.014o -19.1
   207w 31.0 1  0  5264 2039:06:01 25247.96 22180.56 13856.11 878.5 35.43          50610.02  4455 .62g  .014w -18.6
   208w 30.0 1  0  5294 2039:07:01 24842.00 21831.24 14896.46 878.8 37.49          50815.67  4454 .62g -.013o -16.8
   209w 31.0 1  0  5325 2039:08:01 24512.64 21533.85 15742.55 878.5 39.11          51127.35  4452 .63g -.013o -16.4
   210w 31.0 1  0  5356 2039:09:01 24233.01 21273.59 16691.36 877.9 40.79          51514.05  4449 .63g -.013o -15.4
   211w 30.0 1  0  5386 2039:10:01 23965.85 21025.03 17509.96 877.3 42.22          51913.25  4445 .63g  .012w -14.1
   212w 31.0 1  0  5417 2039:11:01 23706.00 20783.20 18309.61 876.7 43.58          52330.31  4442 .63g -.012o -13.8
   213w 30.0 1  0  5447 2039:12:01 23466.66 20560.95 19062.33 876.2 44.82          52735.65  4439 .64g -.011o -12.7
   214w 31.0 1  0  5478 2040:01:01 23225.40 20337.51 19812.77 875.7 46.04          53148.73  4436 .64g  .010w -12.5
   215w 31.0 1  0  5509 2040:02:01 22988.39 20116.76 20623.74 875.1 47.29          53573.81  4433 .64g -.010o -12.0
   216w 29.0 1  0  5538 2040:03:01 22771.69 19913.91 21338.02 874.5 48.37          53973.58  4429 .64g -.009o -11.0
   217w 31.0 1  0  5569 2040:04:01 22552.50 19707.38 22065.59 873.8 49.45          54396.07  4426 .65g -.009o -11.0
   218w 30.0 1  0  5599 2040:05:01 22392.00 19543.79 22637.89 872.8 50.27          54796.78  4423 .65g -.009o -10.2
   219w 31.0 1  0  5630 2040:06:01 22270.53 19405.15 23253.19 871.3 51.08          55202.02  4420 .65g -.009o -10.2
   220w 30.0 1  0  5660 2040:07:01 22144.37 19266.46 23859.07 870.0 51.86          55601.30  4417 .65g -.009o -9.48

                                    I M E X   T I M E   S T E P   S U M M A R Y
 ==================================================================================================================
    Time Step           Time                  Total Production             Total Injection  Total Max. Max. Change
 ---------------- ---------------- -------------------------------------- -----------------  PV   Mat. ------------
                C                    Oil      Gas     Water   GOR.  Wat.    Gas     Water   Avg.  bal. Satur. Pres.
        Size    U                                             SCF/   Cut                    Pres. err. DSMAX  DPMAX
  No.   Days IT T Days   yy:mm:dd   STB/D    MCF/D    STB/D    STB    %    MCF/D    STB/D   psia   %          psia
 ------ ---- -- - ----- ---------- -------- -------- -------- ----- ----- -------- -------- ----- ---- ------ -----
   221w 31.0 1  0  5691 2040:08:01 22013.09 19124.79 24478.66 868.8 52.65          56016.37  4414 .65g -.010o -9.45
   222w 31.0 1  0  5722 2040:09:01 21883.87 18986.77 25080.88 867.6 53.40          56430.44  4411 .66g  .010w -10.1
   223w 30.0 1  0  5752 2040:10:01 21763.51 18858.49 25635.00 866.5 54.08          56823.88  4408 .66g -.010o -9.45
   224w 31.0 1  0  5783 2040:11:01 21656.37 18740.13 26121.59 865.3 54.67          57208.95  4405 .66g -.011o -9.43
   225w 30.0 1  0  5813 2040:12:01 21562.81 18634.10 26559.44 864.2 55.19          57558.20  4403 .66g  .012w -8.83
   226w 31.0 1  0  5844 2041:01:01 21473.38 18530.81 26985.40 863.0 55.69          57895.93  4401 .67g -.013o -8.82
   227w 31.0 1  0  5875 2041:02:01 21389.94 18432.85 27391.95 861.8 56.15          58214.08  4399 .67g  .014w -8.54
   228w 28.0 1  0  5903 2041:03:01 21318.20 18347.72 27746.66 860.7 56.55          58489.55  4397 .67g -.013o -7.50
   229w 31.0 1  0  5934 2041:04:01 21242.50 18257.06 28127.29 859.5 56.97          58781.49  4396 .67g -.015o -8.06
   230w 30.0 1  0  5964 2041:05:01 21172.27 18172.35 28486.71 858.3 57.36          59054.41  4394 .67g -.015o -7.59
   231w 31.0 1  0  5995 2041:06:01 21101.78 18087.15 28849.67 857.1 57.76          59325.71  4393 .68g -.015o -7.63
   232w 30.0 1  0  6025 2041:07:01 21034.97 18006.49 29194.47 856.0 58.12          59580.85  4391 .68g -.014o -7.19
   233w 31.0 1  0  6056 2041:08:01 20967.41 17925.09 29544.40 854.9 58.49          59836.70  4390 .68g  .013w -7.24
   234w 31.0 1  0  6087 2041:09:01 20899.60 17844.20 29888.50 853.8 58.85          60085.66  4389 .68g -.013o -7.07
   235w 30.0 1  0  6117 2041:10:01 20839.05 17770.46 30207.99 852.7 59.18          60321.70  4388 .69g  .012w -6.68
   236w 31.0 1  0  6148 2041:11:01 20779.18 17696.87 30525.62 851.7 59.50          60558.80  4387 .69g -.011o -6.74
   237w 30.0 1  0  6178 2041:12:01 20718.92 17624.39 30824.66 850.6 59.80          60779.60  4386 .69g -.010o -6.38
   238w 31.0 1  0  6209 2042:01:01 20657.37 17550.58 31127.63 849.6 60.11          61000.27  4385 .69g  .010w -6.45
   239w 31.0 1  0  6240 2042:02:01 20596.11 17477.41 31423.50 848.6 60.41          61213.08  4384 .70g -.009o -6.31
   240w 28.0 1  0  6268 2042:03:01 20541.05 17411.83 31684.82 847.7 60.67          61399.91  4383 .70g -.009o -5.59

                                    I M E X   T I M E   S T E P   S U M M A R Y
 ==================================================================================================================
    Time Step           Time                  Total Production             Total Injection  Total Max. Max. Change
 ---------------- ---------------- -------------------------------------- -----------------  PV   Mat. ------------
                C                    Oil      Gas     Water   GOR.  Wat.    Gas     Water   Avg.  bal. Satur. Pres.
        Size    U                                             SCF/   Cut                    Pres. err. DSMAX  DPMAX
  No.   Days IT T Days   yy:mm:dd   STB/D    MCF/D    STB/D    STB    %    MCF/D    STB/D   psia   %          psia
 ------ ---- -- - ----- ---------- -------- -------- -------- ----- ----- -------- -------- ----- ---- ------ -----
   241w 31.0 1  0  6299 2042:04:01 20489.73 17346.94 31935.11 846.6 60.92          61595.04  4383 .70g  .010w -6.06
   242w 30.0 1  0  6329 2042:05:01 20442.88 17286.52 32160.54 845.6 61.14          61770.93  4382 .70g -.010o -5.74
   243w 31.0 1  0  6360 2042:06:01 20390.02 17220.71 32380.96 844.6 61.36          61938.86  4382 .71g  .011w -5.81
   244w 30.0 1  0  6390 2042:07:01 20318.62 17140.00 32601.27 843.6 61.60          62087.85  4381 .71g -.011o -5.51
   245w 31.0 1  0  6421 2042:08:01 20242.33 17055.09 32865.04 842.5 61.88          62227.76  4381 .71g  .011w -5.58
   246w 31.0 1  0  6452 2042:09:01 20116.50 16928.66 33130.23 841.5 62.22          62370.87  4381 .71g -.012o -5.47
   247w 30.0 1  0  6482 2042:10:01 19987.47 16800.72 33444.50 840.6 62.59          62484.41  4381 .72g  .012w -5.19
   248w 31.0 1  0  6513 2042:11:01 19855.08 16669.91 33762.08 839.6 62.97          62597.82  4381 .72g -.012o -5.26
   249w 30.0 1  0  6543 2042:12:01 19731.82 16548.00 34069.17 838.6 63.32          62709.51  4381 .72g -.012o -4.99
   250w 31.0 1  0  6574 2043:01:01 19608.99 16426.48 34385.52 837.7 63.68          62830.71  4381 .72g  .012w -5.06
   251w 31.0 1  0  6605 2043:02:01 19490.22 16308.99 34701.14 836.8 64.03          62953.53  4381 .73g -.012o -4.97
   252w 28.0 1  0  6633 2043:03:01 19381.42 16202.17 34984.08 836.0 64.35          63066.09  4381 .73g -.010o -4.42
   253w 31.0 1  0  6664 2043:04:01 19262.84 16085.99 35332.60 835.1 64.72          63200.48  4381 .73g -.012o -4.81
   254w 30.0 1  0  6694 2043:05:01 19146.24 15972.75 35668.04 834.2 65.07          63344.35  4381 .73g -.012o -4.58
   255w 31.0 1  0  6725 2043:06:01 19033.01 15862.21 36001.88 833.4 65.42          63498.14  4380 .74g -.012o -4.66
   256w 30.0 1  0  6755 2043:07:01 18927.28 15758.83 36311.83 832.6 65.74          63647.28  4380 .74g -.012o -4.44
   257w 31.0 1  0  6786 2043:08:01 18819.86 15653.96 36622.44 831.8 66.06          63798.62  4379 .74g  .013w -4.51
   258w 31.0 1  0  6817 2043:09:01 18716.19 15552.46 36931.23 831.0 66.37          63952.17  4379 .74g  .013w -4.43
   259w 30.0 1  0  6847 2043:10:01 18615.26 15454.20 37220.45 830.2 66.66          64094.76  4379 .75g -.012o -4.21
   260w 31.0 1  0  6878 2043:11:01 18511.33 15353.44 37513.04 829.4 66.96          64237.86  4378 .75g -.013o -4.27

                                    I M E X   T I M E   S T E P   S U M M A R Y
 ==================================================================================================================
    Time Step           Time                  Total Production             Total Injection  Total Max. Max. Change
 ---------------- ---------------- -------------------------------------- -----------------  PV   Mat. ------------
                C                    Oil      Gas     Water   GOR.  Wat.    Gas     Water   Avg.  bal. Satur. Pres.
        Size    U                                             SCF/   Cut                    Pres. err. DSMAX  DPMAX
  No.   Days IT T Days   yy:mm:dd   STB/D    MCF/D    STB/D    STB    %    MCF/D    STB/D   psia   %          psia
 ------ ---- -- - ----- ---------- -------- -------- -------- ----- ----- -------- -------- ----- ---- ------ -----
   261w 30.0 1  0  6908 2043:12:01 18410.51 15256.21 37791.07 828.7 67.24          64368.94  4378 .75g -.013o -4.05
   262w 31.0 1  0  6939 2044:01:01 18305.55 15155.62 38075.97 827.9 67.53          64501.62  4378 .75g -.014o -4.10
   263w 31.0 1  0  6970 2044:02:01 18198.38 15053.77 38358.42 827.2 67.82          64628.59  4377 .76g  .015w -4.06
   264w 29.0 1  0  6999 2044:03:01 18128.41 14983.31 38647.90 826.5 68.07          64745.69  4377 .76g  .014w -3.77
   265w 31.0 1  0  7030 2044:04:01 18044.89 14901.44 38925.06 825.8 68.33          64897.56  4377 .76g -.015o -4.00
   266w 30.0 1  0  7060 2044:05:01 17967.68 14825.53 39196.07 825.1 68.57          65049.68  4376 .76g  .015w -3.84
   267w 31.0 1  0  7091 2044:06:01 17887.07 14746.78 39474.65 824.4 68.82          65206.94  4375 .77g -.016o -3.94
   268w 30.0 1  0  7121 2044:07:01 17805.36 14667.99 39744.12 823.8 69.06          65356.70  4375 .77g -.015o -3.78
   269w 31.0 1  0  7152 2044:08:01 17717.49 14584.32 40026.27 823.2 69.32          65508.01  4374 .77g -.015o -3.88
   270w 31.0 1  0  7183 2044:09:01 17624.18 14496.79 40313.42 822.6 69.58          65657.66  4374 .77g -.014o -3.85
   271w 30.0 1  0  7213 2044:10:01 17473.09 14362.59 40620.05 822.0 69.92          65800.19  4373 .78g  .012w -3.70
   272w 31.0 1  0  7244 2044:11:01 17307.40 14217.21 40957.40 821.5 70.30          65907.52  4373 .78g  .013w -3.79
   273w 30.0 1  0  7274 2044:12:01 17138.05 14069.78 41270.22 821.0 70.66          66000.45  4373 .78g -.012o -3.64
   274w 31.0 1  0  7305 2045:01:01 16942.67 13901.31 41595.76 820.5 71.06          66083.98  4373 .78g -.011o -3.74

 ===================== SUMMARY (from subroutine: TSIO)   ======================
  Simulation run terminated. Stopping time reached.
    
     1 Warning messages.    0 Error messages.
 ==============================================================================



                          Global Storage Usage
                          ====================

             Section           Bytes          Mbytes   # Objects
        ------------    ------------    ------------   ---------
              MXSLVR          514016           0.490          98
              GRMOD0          217956           0.208         482
               IMEX2          125666           0.120         693
               IMEX1          114236           0.109         588
              WMCOM1           58763           0.056         982
               IMEX3           50818           0.048         249
              MXGR01           50456           0.048          18
              GRMOD1           36256           0.035         151
              KWCOM1           34735           0.033          52
              EQTPAR           29876           0.028          69
               POINT           25252           0.024          96
              SR2COM           22036           0.021          92
              MXWELL           20796           0.020         262
             MXSLVR1           13096           0.012          14
           GLOBSTORE            7478           0.007          27
              MXINIT            6244           0.006          23
              CMPDIL            6112           0.006          25
               PRTCM            5760           0.005          17
              SECTOR            2464           0.002          13
               SAMG1            1873           0.002         255
              PGMCH1            1794           0.002         319
             CMGFILE            1206           0.001          19
                FLXB            1156           0.001          27
                CMB1             600           0.001          68
           PGSCOMMON             476           0.000          64
                 MTS             340           0.000          18
           PGPARASOL             296           0.000          65
              SGCOM2             216           0.000          54
              SGCOM1             180           0.000          44
              GRMOD2             156           0.000          38
              WMCOM3              92           0.000           4
              WMCOM2              76           0.000          15
              WMCOM5              52           0.000          13
              SGCOM3              32           0.000           8
        PGMATDOMAINS              16           0.000           4
              WMCOM7               8           0.000           2
              DEPTAB               8           0.000           2
              SGCOM4               4           0.000           1
            PGSINT3D               0           0.000           0
              MXPRSL               0           0.000           0
        ------------    ------------    ------------   ---------
               Total         1350597           1.288        4971
            Maximium         1712077           1.633

       Field Total                                   Fluid
                             Oil       Gas       Water    Solvent   Polymer    Salt
                            -------   -------   -------   -------   -------   -------
                            (MSTB)    (MMSCF)   (MSTB)    (MMSCF)    (MLB)     (MLB)
  Cumulative Production       84308    275937     66417     NA        NA        NA   
  Cumulative Injection        NA         0       277505     NA        NA        NA   
  Cumulative Gas Lift         NA         0        NA        NA        NA        NA   
  Cumulative Aquifer Influx   NA        NA         0        NA        NA        NA   
  Current Fluids In Place    180163    131956    274418     NA        NA        NA   
  Production Rates           16.943    13.901    41.596     NA        NA        NA   
  Injection Rates             NA         0       66.084     NA        NA        NA   

  Timesteps:    274  Newton Cycles:      331  Cuts:      1  Solver Iterations:         1647
  Average Implicitness    : 0.954
  Fluid Component Model   : BLACKOIL (SINGLE-P)
  Material Balances (owg): 1.004 1.000 1.008
  Average Active Blocks:         300 Average Non-BHP Active Wells:     0
  Total Blocks :         300 Total Wells :     5
  Active Blocks:         300 Non-BHP Active Wells:     0
  Time at end of simulation:   7305.00     (days)   
  Average reservoir pressure excluding water zone: 4372.985 (psi)    
  Total Number of Solver Failures:       0  Stalls:       0  ITERMAX Reached:       0
  Jacobian Domains      1  
  Total lstpro/lstpar calls:     2  (    9)
  Linear Solver: Aimsol
  Preconditioner Ordering: REDBLACK
  Preconditioner Degree           1
  KMP_AFFINITY: Default
  OMP_SCHEDULE: Default
  Max Impl Blocks:      300  %Impl:100.0%  (TS,CUT,NCYC): (    21, 0,  1 )
  Max Solver Iterations (TS,CUT,NCYC):       8 (    19, 0,  2 )
  Number of threads set:    1
  Total number of cpus:    4
  Memory Usage Peak:       64 MB on TS:   217 TS 1 Peak:       40 MB  Average:       57 MB  VM Size:       72 MB
  Host computer: IKIEARTH
  CPU Time:             2.61 seconds
  Elapsed Time:         2.64 seconds

  End of Simulation: Normal Termination

  Date and Time of End of Run:  Apr 19, 2025  07:35:49

