    Opened LOG FILE         on unit 10, filename is 'D:\TA MANDIRI\SKENARIO CMG\A3C.log'
 ********************************************************************************
 *                                                                              *
 *                                IMEX  2021.10                                 *
 *            Adaptive-Implicit Black Oil & Unconventional Simulator            *
 *                         General Release for Win x64                          *
 *                            2021-Nov-16   12:35:59                            *
 *                                                                              *
 *                          (c) Copyright 1977 - 2021                           *
 *                Computer Modelling Group Ltd., Calgary, Canada                *
 *                             All Rights Reserved                              *
 *                                                                              *
 ********************************************************************************


 Command-line Arguments:  -dimsum
                          -wd D:\TA MANDIRI\SKENARIO CMG
                          -log
                          -f D:\TA MANDIRI\SKENARIO CMG\A3C.dat

  Date and Time of Start of Run:  Apr 18, 2025  23:52:46


*** Input/Output files specification :
    Opened data file        on unit 11, filename is 'D:\TA MANDIRI\SKENARIO CMG\A3C.dat'
    Opened Scratch file     on unit 12
    Opened Scratch file     on unit 13
    Opened output file      on unit 14, filename is 'D:\TA MANDIRI\SKENARIO CMG\A3C.out'
    Opened SR3-OUT          on unit 15, filename is 'D:\TA MANDIRI\SKENARIO CMG\A3C.sr3'
    Opened Restart-SR3      on unit 16, filename is 'D:\TA MANDIRI\SKENARIO CMG\A3C.rstr.sr3'
    Opened GRID scratchfile on unit 17

 ===================== WARNING (from subroutine: INCOMP) ======================
  P/Z Output is disabled as Temperatures were not defined for all PVT Regions
  Please review the *TRES Keyword
  Line: 72   File Name: D:\TA MANDIRI\SKENARIO CMG\A3C.dat
 ==============================================================================


 ===================== SUMMARY (from subroutine: INDATA) ======================
  Reading of initial data is complete.
  Simulation will stop if there were error messages.
     1 Warning messages.    0 Error messages.
 ==============================================================================



                          Global Storage Usage
                          ====================

             Section           Bytes          Mbytes   # Objects
        ------------    ------------    ------------   ---------
              MXSLVR          246616           0.235          98
              GRMOD0          217956           0.208         482
               IMEX2          125666           0.120         693
               IMEX1          114236           0.109         588
              WMCOM1           58763           0.056         982
               IMEX3           50818           0.048         249
              MXGR01           50456           0.048          18
              GRMOD1           36256           0.035         151
              KWCOM1           34735           0.033          52
              EQTPAR           29876           0.028          69
               POINT           25252           0.024          96
              SR2COM           22036           0.021          92
              MXWELL           20796           0.020         262
             MXSLVR1           13096           0.012          14
           GLOBSTORE            7478           0.007          27
              MXINIT            6244           0.006          23
              CMPDIL            6112           0.006          25
               PRTCM            5760           0.005          17
              SECTOR            2464           0.002          13
               SAMG1            1873           0.002         255
              PGMCH1            1794           0.002         319
             CMGFILE            1206           0.001          19
                FLXB            1156           0.001          27
                CMB1             600           0.001          68
           PGSCOMMON             476           0.000          64
                 MTS             340           0.000          18
           PGPARASOL             296           0.000          65
              SGCOM2             216           0.000          54
              SGCOM1             180           0.000          44
              GRMOD2             156           0.000          38
              WMCOM3              92           0.000           4
              WMCOM2              76           0.000          15
              WMCOM5              52           0.000          13
              SGCOM3              32           0.000           8
        PGMATDOMAINS              16           0.000           4
              WMCOM7               8           0.000           2
              DEPTAB               8           0.000           2
              SGCOM4               4           0.000           1
            PGSINT3D               0           0.000           0
              MXPRSL               0           0.000           0
        ------------    ------------    ------------   ---------
               Total         1083197           1.033        4971
            Maximium         1712077           1.633

                                    I M E X   T I M E   S T E P   S U M M A R Y
 ==================================================================================================================
    Time Step           Time                  Total Production             Total Injection  Total Max. Max. Change
 ---------------- ---------------- -------------------------------------- -----------------  PV   Mat. ------------
                C                    Oil      Gas     Water   GOR.  Wat.    Gas     Water   Avg.  bal. Satur. Pres.
        Size    U                                             SCF/   Cut                    Pres. err. DSMAX  DPMAX
  No.   Days IT T Days   yy:mm:dd   STB/D    MCF/D    STB/D    STB    %    MCF/D    STB/D   psia   %          psia
 ------ ---- -- - ----- ---------- -------- -------- -------- ----- ----- -------- -------- ----- ---- ------ -----
     1w 1.00 2  0 1.000 2025:01:02 270087.1 400347.1           1482                          4781 e-3o -.033o  -267
     2  1.63 1  0 2.627 2025:01:04 218852.7 389929.3           1782                          4760 e-4g -.036o  -278
     3  2.54 1  0 5.171 2025:01:06 175052.6 361514.0           2065                          4733 .01g -.026o  -231
     4  4.80 1  0  9.97 2025:01:11 144017.9 321511.6           2232                          4686 .03g -.019o  -216
     5   9.7 1  0 19.64 2025:01:21 127213.3 278100.5           2186                          4603 .05g -.029o  -180
     6  11.4 1  0 31.00 2025:02:01 112463.8 274189.6           2438                          4517 .04g -.023o  -134
     7w 28.0 2  0 59.00 2025:03:01 94277.67 253453.4           2688                          4332 .04g -.048o  -208
     8w 31.0 2  0 90.00 2025:04:01 77436.43 261162.9           3373                          4150 .04g -.074o  -191
     9w 30.0 2  0 120.0 2025:05:01 64272.15 294783.8           4586                          3978 .04g -.083o  -180
    10w 31.0 2  0 151.0 2025:06:01 53805.57 338679.5           6295                          3794 .05g -.074o  -196
    11w 30.0 2  0 181.0 2025:07:01 45810.71 372098.5           8123                          3615 .05g -.059o  -205
    12w 31.0 2  0 212.0 2025:08:01 39673.91 412474.5          10397                          3425 .05g -.044o  -214
    13w 31.0 2  0 243.0 2025:09:01 33872.04 419556.5          12387                          3245 .05g -.037o  -208
    14w 30.0 2  0 273.0 2025:10:01 28902.16 402019.8          13910                          3085 .05g -.028o  -181
    15w 31.0 2  0 304.0 2025:11:01 24453.33 368796.2          15082                          2937 .06g -.028o  -166
    16w 30.0 2  0 334.0 2025:12:01 20676.50 343055.0          16592                          2801 .06g -.026o  -153
    17w 31.0 2  0 365.0 2026:01:01 17347.21 311516.3          17958                          2678 .06g -.024o  -139
    18w 31.0 2  0 396.0 2026:02:01 14427.12 276795.7          19186                          2572 .06g -.021o  -119
    19w 28.0 2  0 424.0 2026:03:01 12150.22 244717.2          20141                          2487 .06g -.017o -93.8
    20w 31.0 2  0 455.0 2026:04:01 9971.046 209655.7          21026                          2403 .06g -.016o -93.8

                                    I M E X   T I M E   S T E P   S U M M A R Y
 ==================================================================================================================
    Time Step           Time                  Total Production             Total Injection  Total Max. Max. Change
 ---------------- ---------------- -------------------------------------- -----------------  PV   Mat. ------------
                C                    Oil      Gas     Water   GOR.  Wat.    Gas     Water   Avg.  bal. Satur. Pres.
        Size    U                                             SCF/   Cut                    Pres. err. DSMAX  DPMAX
  No.   Days IT T Days   yy:mm:dd   STB/D    MCF/D    STB/D    STB    %    MCF/D    STB/D   psia   %          psia
 ------ ---- -- - ----- ---------- -------- -------- -------- ----- ----- -------- -------- ----- ---- ------ -----
    21w 30.0 1  0 485.0 2026:05:01 8164.322 176166.3          21578                          2334 .11g -.013o -77.1
    22w 31.0 1  0 516.0 2026:06:01 6725.824 147704.8          21961                          2276 .13g -.013o -64.7
    23w 30.0 1  0 546.0 2026:07:01 5569.009 124008.6          22268                          2230 .15g -.012o -51.7
    24w 31.0 1  0 577.0 2026:08:01 4590.743 103436.6          22532                          2191 .16g -.011o -44.0
    25w 31.0 1  0 608.0 2026:09:01 3791.851 86232.09          22741                          2158 .17g -.009o -36.3
    26w 30.0 1  0 638.0 2026:10:01 3155.624 72242.51          22893                          2132 .17g -.008o -29.2
    27w 31.0 1  0 669.0 2026:11:01 2620.249 60100.71          22937                          2110 .18g -.007o -25.0
    28w 30.0 1  0 699.0 2026:12:01 2190.750 50240.25          22933                          2092 .18g -.006o -20.1
    29w 31.0 1  0 730.0 2027:01:01 1825.218 41727.41          22862                          2076 .18g -.005o -17.2
    30w 31.0 1  0 761.0 2027:02:01 1524.005 34621.17          22717                          2064 .18g -.005o -14.3
    31w 28.0 1  0 789.0 2027:03:01 1295.779 29177.77          22518                          2054 .19g -.004o -10.9
    32w 31.0 1  0 820.0 2027:04:01 1087.719 24161.06          22213                          2045 .19g -.003o  -9.9
    33w 30.0 1  0 850.0 2027:05:01 920.6679 20096.72          21828                          2038 .19g -.003o -8.02
    34w 31.0 1  0 881.0 2027:06:01 778.4450 16605.33          21331                          2032 .19g -.003o -6.85
    35w 30.0 1  0 911.0 2027:07:01 664.3285 13783.39          20748                          2027 .19g -.002o -5.52
    36w 31.0 1  0 942.0 2027:08:01 567.1474 11361.18          20032                          2023 .19g -.002o -4.71
    37w 31.0 1  0 973.0 2027:09:01 487.2264 9355.504          19202                          2020 .19g -.002o -3.89
    38w 30.0 1  0  1003 2027:10:01 423.0939 7734.960          18282                          2017 .19g -.001o -3.13
    39w 31.0 1  0  1034 2027:11:01 368.1912 6337.589          17213                          2015 .19g -.001o -2.70
    40w 30.0 1  0  1064 2027:12:01 324.2942 5215.275          16082                          2013 .19g -.001o -2.16

                                    I M E X   T I M E   S T E P   S U M M A R Y
 ==================================================================================================================
    Time Step           Time                  Total Production             Total Injection  Total Max. Max. Change
 ---------------- ---------------- -------------------------------------- -----------------  PV   Mat. ------------
                C                    Oil      Gas     Water   GOR.  Wat.    Gas     Water   Avg.  bal. Satur. Pres.
        Size    U                                             SCF/   Cut                    Pres. err. DSMAX  DPMAX
  No.   Days IT T Days   yy:mm:dd   STB/D    MCF/D    STB/D    STB    %    MCF/D    STB/D   psia   %          psia
 ------ ---- -- - ----- ---------- -------- -------- -------- ----- ----- -------- -------- ----- ---- ------ -----
    41w 31.0 1  0  1095 2028:01:01 286.8938 4260.060          14849                          2011 .19g -.001o -1.83
    42w 31.0 1  0  1126 2028:02:01 256.6496 3475.737          13543                          2010 .19g -9e-4o -1.50
    43w 29.0 1  0  1155 2028:03:01 232.7521 2853.178          12258                          2009 .19g -8e-4o -1.18
    44w 31.0 1  0  1186 2028:04:01 211.9879 2307.956          10887                          2008 .19g -8e-4o -1.04
    45w 30.0 1  0  1216 2028:05:01 195.5848 1874.579           9584                          2008 .19g -8e-4o -.824
    46w 31.0 1  0  1247 2028:06:01 181.9005 1509.643           8299                          2007 .19g -8e-4o -.690
    47w 30.0 1  0  1277 2028:07:01 171.1566 1221.382           7136                          2007 .19g -7e-4o -.546
    48w 31.0 1  0  1308 2028:08:01 162.2166 979.6531           6039                          2006 .19g -7e-4o -.457
    49w 31.0 1  0  1339 2028:09:01 155.0210 783.6189           5055                          2006 .19g -6e-4o -.370
    50w 30.0 1  0  1369 2028:10:01 149.3850 628.8661           4210                          2006 .19g -6e-4o -.292
    51w 31.0 1  0  1400 2028:11:01 144.7199 499.5703           3452                          2005 .19g -6e-4o -.244
    52w 30.0 1  0  1430 2028:12:01 141.0770 397.6638           2819                          2005 .19g -5e-4o -.192
    53w 31.0 1  0  1461 2029:01:01 138.0712 312.6494           2264                          2005 .19g -5e-4o -.160
    54w 31.0 1  0  1492 2029:02:01 135.6715 243.9780           1798                          2005 .19g -5e-4o -.129
    55w 28.0 1  0  1520 2029:03:01 133.9043 192.8418           1440                          2005 .19g -5e-4o -.097
    56w 31.0 1  0  1551 2029:04:01 132.3570 147.4071           1114                          2005 .19g -5e-4o -.085
    57w 30.0 1  0  1581 2029:05:01 131.1600 111.7228          851.8                          2005 .19g -5e-4o -.067
    58w 31.0 1  0  1612 2029:06:01 128.8787 82.41331          639.5                          2005 .19g -5e-4o -.056
    59w 30.0 1  0  1642 2029:07:01 103.0339 65.41850          634.9                          2005 .19g -4e-4o -.044
    60w 31.0 1  0  1673 2029:08:01 81.17452 51.53666          634.9                          2005 .19g -4e-4o -.036

                                    I M E X   T I M E   S T E P   S U M M A R Y
 ==================================================================================================================
    Time Step           Time                  Total Production             Total Injection  Total Max. Max. Change
 ---------------- ---------------- -------------------------------------- -----------------  PV   Mat. ------------
                C                    Oil      Gas     Water   GOR.  Wat.    Gas     Water   Avg.  bal. Satur. Pres.
        Size    U                                             SCF/   Cut                    Pres. err. DSMAX  DPMAX
  No.   Days IT T Days   yy:mm:dd   STB/D    MCF/D    STB/D    STB    %    MCF/D    STB/D   psia   %          psia
 ------ ---- -- - ----- ---------- -------- -------- -------- ----- ----- -------- -------- ----- ---- ------ -----
    61w 31.0 1  0  1704 2029:09:01 63.66706 40.41944          634.9                          2005 .19g -4e-4o -.029
    62w 30.0 1  0  1734 2029:10:01 50.03094 31.76114          634.8                          2005 .19g -4e-4o -.023
    63w 31.0 1  0  1765 2029:11:01 38.82356 24.64543          634.8                          2005 .19g -4e-4o -.019
    64w 30.0 1  0  1795 2029:12:01 30.12663 19.12394          634.8                          2005 .19g -4e-4g -.015
    65w 31.0 1  0  1826 2030:01:01 23.04249 14.62660          634.8                          2005 .19g -5e-4g -.012
    66w 31.0 1  0  1857 2030:02:01 17.45351 11.07860          634.7                          2005 .19g -6e-4g -.009
    67w 28.0 1  0  1885 2030:03:01 13.36277 8.481821          634.7                          2005 .19g -5e-4g -.007
    68w 31.0 1  0  1916 2030:04:01  9.86266 6.260045          634.7                          2005 .19g -6e-4g -.006
    69w 30.0 1  0  1946 2030:05:01 7.185713 4.560840          634.7                          2005 .19g -6e-4g -.005
    70w 31.0 1  0  1977 2030:06:01 5.045760 3.202534          634.7                          2005 .19g -7e-4g -.004
    71w 30.0 1  0  2007 2030:07:01 3.420921 2.171218          634.7                          2005 .19g -7e-4g  .003
    72w 31.0 1  0  2038 2030:08:01 2.209562 1.402362          634.7                          2005 .19g -7e-4g  .003
    73w 31.0 1  0  2069 2030:09:01 1.241523 .7879576          634.7                          2005 .19g -6e-4g  .003
    74w 30.0 1  0  2099 2030:10:01 .5303573 .3365980          634.7                          2005 .19g -5e-4g  .003
    75w 31.0 1  0  2130 2030:11:01                                                           2005 .19g -5e-4g  .003
    76w 30.0 1  0  2160 2030:12:01                                                           2005 .19g -4e-4g  .003
    77w 31.0 1  0  2191 2031:01:01                                                           2005 .19g -4e-4g  .003
    78w 31.0 1  0  2222 2031:02:01                                                           2005 .19g -4e-4g  .003
    79w 28.0 1  0  2250 2031:03:01                                                           2005 .19g -3e-4g  .002
    80w 31.0 1  0  2281 2031:04:01                                                           2005 .19g -3e-4o  .002

                                    I M E X   T I M E   S T E P   S U M M A R Y
 ==================================================================================================================
    Time Step           Time                  Total Production             Total Injection  Total Max. Max. Change
 ---------------- ---------------- -------------------------------------- -----------------  PV   Mat. ------------
                C                    Oil      Gas     Water   GOR.  Wat.    Gas     Water   Avg.  bal. Satur. Pres.
        Size    U                                             SCF/   Cut                    Pres. err. DSMAX  DPMAX
  No.   Days IT T Days   yy:mm:dd   STB/D    MCF/D    STB/D    STB    %    MCF/D    STB/D   psia   %          psia
 ------ ---- -- - ----- ---------- -------- -------- -------- ----- ----- -------- -------- ----- ---- ------ -----
    81w 30.0 1  0  2311 2031:05:01                                                           2005 .19g -3e-4o  .002
    82w 31.0 1  0  2342 2031:06:01                                                           2005 .19g -3e-4o  .002
    83w 30.0 1  0  2372 2031:07:01                                                           2005 .19g -3e-4o  .002
    84w 31.0 1  0  2403 2031:08:01                                                           2005 .19g -3e-4o  .002
    85w 31.0 1  0  2434 2031:09:01                                                           2005 .19g -3e-4o  .002
    86w 30.0 1  0  2464 2031:10:01                                                           2005 .19g -3e-4o  .001
    87w 31.0 1  0  2495 2031:11:01                                                           2005 .19g -3e-4o  .001
    88w 30.0 1  0  2525 2031:12:01                                                           2005 .19g -3e-4o  .001
    89w 31.0 1  0  2556 2032:01:01                                                           2005 .19g -3e-4o  .001
    90w 31.0 1  0  2587 2032:02:01                                                           2005 .19g -3e-4o  .001
    91w 29.0 1  0  2616 2032:03:01                                                           2005 .19g -3e-4o  .001
    92w 31.0 1  0  2647 2032:04:01                                                           2005 .19g -3e-4o  9e-4
    93w 30.0 1  0  2677 2032:05:01                                                           2005 .19g -3e-4o  9e-4
    94w 31.0 1  0  2708 2032:06:01                                                           2005 .19g -3e-4o  8e-4
    95w 30.0 1  0  2738 2032:07:01                                                           2005 .19g -3e-4o  8e-4
    96w 31.0 1  0  2769 2032:08:01                                                           2005 .19g -3e-4o  7e-4
    97w 31.0 1  0  2800 2032:09:01                                                           2005 .19g -3e-4o  7e-4
    98w 30.0 1  0  2830 2032:10:01                                                           2005 .19g -3e-4o  6e-4
    99w 31.0 1  0  2861 2032:11:01                                                           2005 .19g -3e-4o  6e-4
   100w 30.0 1  0  2891 2032:12:01                                                           2005 .19g -3e-4o  6e-4

                                    I M E X   T I M E   S T E P   S U M M A R Y
 ==================================================================================================================
    Time Step           Time                  Total Production             Total Injection  Total Max. Max. Change
 ---------------- ---------------- -------------------------------------- -----------------  PV   Mat. ------------
                C                    Oil      Gas     Water   GOR.  Wat.    Gas     Water   Avg.  bal. Satur. Pres.
        Size    U                                             SCF/   Cut                    Pres. err. DSMAX  DPMAX
  No.   Days IT T Days   yy:mm:dd   STB/D    MCF/D    STB/D    STB    %    MCF/D    STB/D   psia   %          psia
 ------ ---- -- - ----- ---------- -------- -------- -------- ----- ----- -------- -------- ----- ---- ------ -----
   101w 31.0 1  0  2922 2033:01:01                                                           2005 .19g -3e-4o  6e-4
   102w 31.0 1  0  2953 2033:02:01                                                           2005 .19g -3e-4o  6e-4
   103w 28.0 1  0  2981 2033:03:01                                                           2005 .19g -3e-4o  6e-4
   104w 31.0 1  0  3012 2033:04:01                                                           2005 .19g -3e-4o  6e-4
   105w 30.0 1  0  3042 2033:05:01                                                           2005 .19g -3e-4o  6e-4
   106w 31.0 1  0  3073 2033:06:01                                                           2005 .19g -3e-4o  6e-4
   107w 30.0 1  0  3103 2033:07:01                                                           2005 .19g -3e-4o  6e-4
   108w 31.0 1  0  3134 2033:08:01                                                           2005 .19g -3e-4o  6e-4
   109w 31.0 1  0  3165 2033:09:01                                                           2005 .19g -3e-4o  6e-4
   110w 30.0 1  0  3195 2033:10:01                                                           2005 .19g -3e-4o  6e-4
   111w 31.0 1  0  3226 2033:11:01                                                           2005 .19g -3e-4o  6e-4
   112w 30.0 1  0  3256 2033:12:01                                                           2005 .19g -3e-4o  6e-4
   113w 31.0 1  0  3287 2034:01:01                                                           2005 .19g -3e-4o  6e-4
   114w 31.0 1  0  3318 2034:02:01                                                           2005 .19g -3e-4o  6e-4
   115w 28.0 1  0  3346 2034:03:01                                                           2005 .19g -2e-4o  6e-4
   116w 31.0 1  0  3377 2034:04:01                                                           2005 .19g -3e-4o  6e-4
   117w 30.0 1  0  3407 2034:05:01                                                           2005 .19g -3e-4o  6e-4
   118w 31.0 1  0  3438 2034:06:01                                                           2005 .19g -3e-4o  6e-4
   119w 30.0 1  0  3468 2034:07:01                                                           2005 .19g -3e-4o  6e-4
   120w 31.0 1  0  3499 2034:08:01                                                           2005 .19g -3e-4o  6e-4

                                    I M E X   T I M E   S T E P   S U M M A R Y
 ==================================================================================================================
    Time Step           Time                  Total Production             Total Injection  Total Max. Max. Change
 ---------------- ---------------- -------------------------------------- -----------------  PV   Mat. ------------
                C                    Oil      Gas     Water   GOR.  Wat.    Gas     Water   Avg.  bal. Satur. Pres.
        Size    U                                             SCF/   Cut                    Pres. err. DSMAX  DPMAX
  No.   Days IT T Days   yy:mm:dd   STB/D    MCF/D    STB/D    STB    %    MCF/D    STB/D   psia   %          psia
 ------ ---- -- - ----- ---------- -------- -------- -------- ----- ----- -------- -------- ----- ---- ------ -----
   121w 31.0 1  0  3530 2034:09:01                                                           2005 .19g -3e-4o  6e-4
   122w 30.0 1  0  3560 2034:10:01                                                           2005 .19g -3e-4o  6e-4
   123w 31.0 1  0  3591 2034:11:01                                                           2005 .19g -3e-4o  6e-4
   124w 30.0 1  0  3621 2034:12:01                                                           2005 .19g -3e-4o  6e-4
   125w 31.0 1  0  3652 2035:01:01                                                           2005 .19g -3e-4o  6e-4
   126w 31.0 1  0  3683 2035:02:01                                                           2005 .19g -3e-4o  6e-4
   127w 28.0 1  0  3711 2035:03:01                                                           2005 .19g -2e-4o  5e-4
   128w 31.0 1  0  3742 2035:04:01                                                           2005 .19g -3e-4o  6e-4
   129w 30.0 1  0  3772 2035:05:01                                                           2005 .19g -2e-4o  6e-4
   130w 31.0 1  0  3803 2035:06:01                                                           2005 .19g -3e-4o  6e-4
   131w 30.0 1  0  3833 2035:07:01                                                           2005 .19g -2e-4o  6e-4
   132w 31.0 1  0  3864 2035:08:01                                                           2005 .19g -2e-4o  6e-4
   133w 31.0 1  0  3895 2035:09:01                                                           2005 .19g -2e-4o  6e-4
   134w 30.0 1  0  3925 2035:10:01                                                           2005 .19g -2e-4o  5e-4
   135w 31.0 1  0  3956 2035:11:01                                                           2005 .19g -2e-4o  6e-4
   136w 30.0 1  0  3986 2035:12:01                                                           2005 .19g -2e-4o  5e-4
   137w 31.0 1  0  4017 2036:01:01                                                           2005 .19g -2e-4o  6e-4
   138w .500 2  1  4018 2036:01:02                                                 484143.8  2007 .19g -.182g   155
   139  .275 1  0  4018 2036:01:02                                                 328795.4  2007 .19g -.056g  51.2
   140  .494 1  0  4018 2036:01:02 1.662285 1.054817          634.6                234368.4  2009 .19g -.055g  91.8

                                    I M E X   T I M E   S T E P   S U M M A R Y
 ==================================================================================================================
    Time Step           Time                  Total Production             Total Injection  Total Max. Max. Change
 ---------------- ---------------- -------------------------------------- -----------------  PV   Mat. ------------
                C                    Oil      Gas     Water   GOR.  Wat.    Gas     Water   Avg.  bal. Satur. Pres.
        Size    U                                             SCF/   Cut                    Pres. err. DSMAX  DPMAX
  No.   Days IT T Days   yy:mm:dd   STB/D    MCF/D    STB/D    STB    %    MCF/D    STB/D   psia   %          psia
 ------ ---- -- - ----- ---------- -------- -------- -------- ----- ----- -------- -------- ----- ---- ------ -----
   141  .898 1  0  4019 2036:01:03 36.49608 23.15897          634.6                170760.7  2010 .19g -.048g   112
   142  1.88 1  0  4021 2036:01:05 131.3341 241.6023           1840                131471.7  2013 .19g -.064g  71.0
   143  2.93 1  0  4024 2036:01:08 145.6169 947.9070           6510                107137.6  2015 .19g -.065g  48.6
   144  4.52 1  0  4029 2036:01:13 185.1349 2394.817          12936                93252.42  2019 .20g -.058g  30.2
   145  7.81 1  0  4036 2036:01:20 275.8850 5009.682          18159                82501.69  2023 .19g -.052o  19.6
   146  11.7 1  0  4048 2036:02:01 407.4087 8302.712          20379                74855.94  2029 .19g -.087g  13.9
   147w 13.4 2  0  4061 2036:02:14 540.0055 11598.43          21478                73715.90  2035 .19g -.101g  17.4
   148  7.80 1  0  4069 2036:02:22 614.3161 13438.81          21876                74496.33  2039 .20g -.055g  16.7
   149  7.80 1  0  4077 2036:03:01 685.3455 15190.96          22165                74921.55  2042 .20g -.061g  20.1
   150w 12.8 1  0  4090 2036:03:14 790.0499 17746.73          22463                74519.96  2049 .20g -.102g  45.2
   151  9.10 1  0  4099 2036:03:23 857.1559 19358.10          22584                73940.06  2053 .20g -.041g  45.1
   152  9.10 1  0  4108 2036:04:01 919.7358 20901.60          22726                73654.75  2057 .20g -.036g  28.6
   153w 15.0 1  0  4123 2036:04:16 1014.877 23289.92          22949                73462.17  2063 .20g -.070g  33.6
   154  15.0 2  0  4138 2036:05:01 1104.902 25578.68          23150                73494.45  2068 .20g -.081g  22.1
   155w 15.5 2  0  4154 2036:05:17 1192.461 27813.38          23324                73670.28  2072 .20g -.071g  16.6
   156  15.5 1  0  4169 2036:06:01 1271.279 29802.12          23443                73917.64  2077 .21g -.095g  22.9
   157w 15.0 1  0  4184 2036:06:16 1336.135 31405.57          23505                74009.32  2082 .21g -.092g  35.5
   158  15.0 3  0  4199 2036:07:01 1391.764 32793.98          23563                73844.37  2087 .21g  .051o  43.7
   159w 31.0 2  0  4230 2036:08:01 1491.503 35389.52          23727                74002.92  2096 .21g -.148g  43.7
   160w 15.5 1  0  4246 2036:08:17 1538.728 36633.19          23807                74039.33  2099 .21g -.067g  20.5

                                    I M E X   T I M E   S T E P   S U M M A R Y
 ==================================================================================================================
    Time Step           Time                  Total Production             Total Injection  Total Max. Max. Change
 ---------------- ---------------- -------------------------------------- -----------------  PV   Mat. ------------
                C                    Oil      Gas     Water   GOR.  Wat.    Gas     Water   Avg.  bal. Satur. Pres.
        Size    U                                             SCF/   Cut                    Pres. err. DSMAX  DPMAX
  No.   Days IT T Days   yy:mm:dd   STB/D    MCF/D    STB/D    STB    %    MCF/D    STB/D   psia   %          psia
 ------ ---- -- - ----- ---------- -------- -------- -------- ----- ----- -------- -------- ----- ---- ------ -----
   161  15.5 1  0  4261 2036:09:01 1581.458 37745.36          23867                74223.05  2103 .21g -.046g  21.1
   162w 30.0 2  0  4291 2036:10:01 1663.016 39949.07          24022                75031.33  2109 .21g -.091g  22.0
   163w 31.0 3  0  4322 2036:11:01 1735.899 41889.90          24132                75891.95  2114 .21g -.083g  19.7
   164w 30.0 3  0  4352 2036:12:01 1782.959 43085.89          24165                76412.67  2121 .21g -.109g  30.7
   165w 15.5 1  0  4368 2036:12:17 1804.364 43656.71          24195                76638.64  2124 .21g -.049g  15.2
   166  15.5 1  0  4383 2037:01:01 1820.240 44061.15          24206                76710.18  2128 .22g -.033g  18.8
   167w 31.0 2  0  4414 2037:02:01 1862.552 45296.05          24319                77222.15  2133 .22g -.074g  18.1
   168w 28.0 2  0  4442 2037:03:01 1903.405 46440.20          24398                77762.50  2137 .22g -.062g  11.9
   169w 31.0 3  0  4473 2037:04:01 1940.890 47454.24          24450                78360.41  2141 .22g -.087g  14.1
   170w 30.0 3  0  4503 2037:05:01 1968.526 48202.91          24487                78877.32  2145 .22g -.076g  19.5
   171w 31.0 2  0  4534 2037:06:01 1988.525 48748.42          24515                79330.61  2150 .22g -.079g  18.8
   172w 30.0 3  0  4564 2037:07:01 1999.805 49070.55          24538                79696.11  2154 .22g -.058g  17.2
   173w 31.0 3  0  4595 2037:08:01 2002.175 49150.32          24548                79986.28  2159 .23g -.081g  17.6
   174w 31.0 2  0  4626 2037:09:01 2006.662 49341.80          24589                80216.79  2164 .23g -.065g  16.6
   175w 30.0 1  0  4656 2037:10:01 2013.453 49594.66          24632                80408.23  2169 .23g -.051g  15.2
   176w 31.0 2  0  4687 2037:11:01 2033.727 50263.95          24715                80741.17  2173 .23g -.060g  9.34
   177w 30.0 2  0  4717 2037:12:01 2051.665 50790.56          24756                81087.49  2176 .23g -.059g  8.24
   178w 31.0 4  0  4748 2038:01:01 2056.972 50935.17          24762                81407.98  2180 .23g -.067g  13.8
   179w 31.0 2  0  4779 2038:02:01 2054.446 50886.92          24769                81659.59  2184 .24g -.068g  14.1
   180w 28.0 3  0  4807 2038:03:01 2051.179 50849.62          24790                81844.86  2188 .24g -.053g  12.1

                                    I M E X   T I M E   S T E P   S U M M A R Y
 ==================================================================================================================
    Time Step           Time                  Total Production             Total Injection  Total Max. Max. Change
 ---------------- ---------------- -------------------------------------- -----------------  PV   Mat. ------------
                C                    Oil      Gas     Water   GOR.  Wat.    Gas     Water   Avg.  bal. Satur. Pres.
        Size    U                                             SCF/   Cut                    Pres. err. DSMAX  DPMAX
  No.   Days IT T Days   yy:mm:dd   STB/D    MCF/D    STB/D    STB    %    MCF/D    STB/D   psia   %          psia
 ------ ---- -- - ----- ---------- -------- -------- -------- ----- ----- -------- -------- ----- ---- ------ -----
   181w 31.0 2  0  4838 2038:04:01 2055.278 51051.14          24839                82054.25  2193 .24g -.062g  11.3
   182w 30.0 2  0  4868 2038:05:01 2059.141 51206.15          24868                82235.81  2197 .24g -.053g  13.0
   183w 31.0 3  0  4899 2038:06:01 2050.366 50963.59          24856                82351.14  2202 .24g -.061g  16.8
   184w 30.0 2  0  4929 2038:07:01 2032.626 50464.89          24827                82407.42  2208 .25g -.061g  19.2
   185w 31.0 2  0  4960 2038:08:01 2018.333 50101.40          24823                82407.17  2215 .25g -.069g  20.4
   186w 31.0 3  0  4991 2038:09:01 2004.579 49722.61          24805                82365.31  2222 .25g -.064g  21.6
   187w 30.0 3  0  5021 2038:10:01 1987.456 49307.54          24809                82307.30  2230 .25g -.062g  21.3
   188w 31.0 3  0  5052 2038:11:01 1963.700 48656.14          24778                82173.15  2239 .25g -.070g  26.0
   189w 30.0 2  0  5082 2038:12:01 1938.853 47891.73          24701                81981.36  2249 .25g -.067g  27.1
   190w 31.0 2  0  5113 2039:01:01 1928.286 47367.99          24565                81704.88  2260 .26g  .065o  27.4
   191w 31.0 3  0  5144 2039:02:01 1936.775 46714.75          24120                81369.59  2273 .26g  .091o  34.4
   192w 28.0 2  0  5172 2039:03:01 1999.756 46080.12          23043                81027.50  2286 .26g  .072o  35.2
   193w 31.0 3  0  5203 2039:04:01 2271.354 45259.21          19926                80579.51  2301 .26g  .087o  42.0
   194w 30.0 2  0  5233 2039:05:01 2890.744 44079.06          15248                80106.48  2318 .27g  .093o  41.7
   195w 31.0 3  0  5264 2039:06:01 4311.343 42770.40           9920                79509.44  2337 .27g  .106o  63.5
   196w 30.0 3  0  5294 2039:07:01 5787.760 42119.57           7277                78838.52  2357 .27g  .065o  52.2
   197w 31.0 2  0  5325 2039:08:01 6785.856 41552.70           6123                78147.59  2378 .27g  .085o  36.0
   198w 31.0 3  0  5356 2039:09:01 7448.454 40200.55 88303e-8  5397 11e-6          77422.86  2401 .27g  .087o  34.9
   199w 30.0 2  0  5386 2039:10:01 7942.102 39263.41 3.792356  4944 .0477          76657.22  2424 .27g  .067o  38.7
   200w 31.0 3  0  5417 2039:11:01 8609.623 37305.20 22.61996  4333 .2620          75720.09  2453 .27g  .085o  53.0

                                    I M E X   T I M E   S T E P   S U M M A R Y
 ==================================================================================================================
    Time Step           Time                  Total Production             Total Injection  Total Max. Max. Change
 ---------------- ---------------- -------------------------------------- -----------------  PV   Mat. ------------
                C                    Oil      Gas     Water   GOR.  Wat.    Gas     Water   Avg.  bal. Satur. Pres.
        Size    U                                             SCF/   Cut                    Pres. err. DSMAX  DPMAX
  No.   Days IT T Days   yy:mm:dd   STB/D    MCF/D    STB/D    STB    %    MCF/D    STB/D   psia   %          psia
 ------ ---- -- - ----- ---------- -------- -------- -------- ----- ----- -------- -------- ----- ---- ------ -----
   201w 30.0 2  0  5447 2039:12:01 9595.444 35672.86 68.52813  3718 .7091          74677.36  2485 .28g  .082o  55.8
   202w 31.0 3  0  5478 2040:01:01 12104.85 32556.16 151.5285  2690 1.236          73354.45  2525 .28g  .111o  73.9
   203w 15.5 1  0  5494 2040:01:17 14108.63 31209.72 199.9012  2212 1.397          72634.28  2547 .28g  .053o  38.7
   204  15.5 1  0  5509 2040:02:01 16413.96 29544.60 254.7456  1800 1.528          71843.32  2570 .28g  .054o  36.7
   205w 29.0 1  0  5538 2040:03:01 20041.17 30510.82 379.6438  1522 1.859          70295.51  2614 .25g  .087o  67.9
   206w 31.0 2  0  5569 2040:04:01 22061.27 29998.65 542.3743  1360 2.399          68826.00  2655 .26g  .106o  60.3
   207w 30.0 3  0  5599 2040:05:01 23576.29 28550.49 795.1638  1211 3.263          67425.45  2696 .26g  .128o  71.9
   208w 15.5 1  0  5615 2040:05:17 24290.77 27533.15  999.971  1133 3.954          66694.51  2718 .26g  .064o  41.0
   209  15.5 1  0  5630 2040:06:01 25118.56 26521.18 1214.101  1056 4.611          65960.81  2740 .26g  .066o  49.1
   210w 15.0 1  0  5645 2040:06:16 26099.86 25436.86 1429.225 974.6 5.192          65284.43  2760 .27g  .065o  36.3
   211  15.0 1  0  5660 2040:07:01 27353.99 25445.79 1651.341 930.2 5.693          64623.04  2779 .28g  .065o  47.4
   212w 15.5 2  0  5676 2040:07:17 29622.23 24730.11 1893.384 834.8 6.008          63916.67  2802 .29g  .088o  78.5
   213  15.5 1  0  5691 2040:08:01 31769.10 24641.34 2151.627 775.6 6.343          63210.22  2823 .28g  .053o  61.7
   214w 31.0 1  0  5722 2040:09:01 34540.50 25322.51 2857.901 733.1 7.642          61963.23  2860 .29g  .050o  70.4
   215w 30.0 1  0  5752 2040:10:01 35693.54 25928.78 3737.670 726.4 9.479          61040.76  2885 .29g  .017w  40.0
   216w 31.0 1  0  5783 2040:11:01 36036.61 26155.94 4636.197 725.8 11.40          60353.66  2904 .29g -.017o  24.7
   217w 30.0 1  0  5813 2040:12:01 36025.70 26166.75 5609.044 726.3 13.47          59859.29  2919 .29g -.019o  19.3
   218w 31.0 1  0  5844 2041:01:01 35683.69 25953.03 6555.473 727.3 15.52          59514.83  2929 .29g  .021w  14.4
   219w 31.0 1  0  5875 2041:02:01 35187.89 25638.53 7808.539 728.6 18.16          59281.71  2936 .29g  .023w -13.0
   220w 28.0 1  0  5903 2041:03:01 34556.93 25225.22 8953.054 730.0 20.58          59161.54  2940 .30g  .018w -10.8

                                    I M E X   T I M E   S T E P   S U M M A R Y
 ==================================================================================================================
    Time Step           Time                  Total Production             Total Injection  Total Max. Max. Change
 ---------------- ---------------- -------------------------------------- -----------------  PV   Mat. ------------
                C                    Oil      Gas     Water   GOR.  Wat.    Gas     Water   Avg.  bal. Satur. Pres.
        Size    U                                             SCF/   Cut                    Pres. err. DSMAX  DPMAX
  No.   Days IT T Days   yy:mm:dd   STB/D    MCF/D    STB/D    STB    %    MCF/D    STB/D   psia   %          psia
 ------ ---- -- - ----- ---------- -------- -------- -------- ----- ----- -------- -------- ----- ---- ------ -----
   221w 31.0 1  0  5934 2041:04:01 33863.99 24776.52 10127.30 731.6 23.02          59089.40  2944 .30g -.020o -11.0
   222w 30.0 1  0  5964 2041:05:01 33162.37 24328.05 11213.03 733.6 25.27          59056.46  2946 .30g  .018w  -9.9
   223w 31.0 1  0  5995 2041:06:01 32536.03 23925.46 12470.51 735.4 27.71          59052.84  2948 .30g -.017o -10.7
   224w 30.0 1  0  6025 2041:07:01 31837.72 23429.59 13675.32 735.9 30.05          59108.01  2947 .30g  .014w  -9.7
   225w 31.0 1  0  6056 2041:08:01 31154.84 22952.11 14852.91 736.7 32.28          59200.77  2946 .30g -.016o -9.27
   226w 31.0 1  0  6087 2041:09:01 30480.95 22481.97 15949.50 737.6 34.35          59308.48  2945 .30g -.018o -8.60
   227w 30.0 1  0  6117 2041:10:01 29918.67 22087.60 17245.88 738.3 36.57          59415.47  2944 .30g  .018w -8.24
   228w 31.0 1  0  6148 2041:11:01 29174.77 21544.04 18413.27 738.4 38.69          59566.55  2941 .30g -.017o -8.22
   229w 30.0 1  0  6178 2041:12:01 28606.59 21100.84 19503.09 737.6 40.54          59723.17  2938 .30g  .017w -14.6
   230w 31.0 1  0  6209 2042:01:01 28026.20 20655.61 20512.20 737.0 42.26          59886.23  2935 .31g -.016o -12.8
   231w 31.0 1  0  6240 2042:02:01 27493.11 20249.56 21414.63 736.5 43.79          60045.84  2932 .31g  .016w -11.0
   232w 28.0 1  0  6268 2042:03:01 27049.83 19912.71 22165.52 736.1 45.04          60185.92  2930 .31g -.015o -8.79
   233w 31.0 1  0  6299 2042:04:01 26674.51 19622.48 23064.04 735.6 46.37          60333.72  2928 .31g -.017o -8.58
   234w 30.0 1  0  6329 2042:05:01 26256.19 19299.05 23743.46 735.0 47.49          60488.30  2924 .31g  .017w -7.42
   235w 31.0 1  0  6360 2042:06:01 25951.43 19057.60 24365.67 734.4 48.42          60655.52  2921 .31g -.018o -6.93
   236w 30.0 1  0  6390 2042:07:01 25663.90 18831.02 24931.44 733.8 49.28          60817.50  2918 .31g -.017o -6.12
   237w 31.0 1  0  6421 2042:08:01 25387.83 18613.96 25511.17 733.2 50.12          60982.21  2915 .31g -.018o -5.79
   238w 31.0 1  0  6452 2042:09:01 25115.33 18395.63 26098.37 732.4 50.96          61150.30  2911 .31g  .017w -5.35
   239w 30.0 1  0  6482 2042:10:01 24867.80 18197.79 26620.64 731.8 51.70          61314.07  2908 .32g -.015o -4.82
   240w 31.0 1  0  6513 2042:11:01 24626.17 18004.98 27121.20 731.1 52.41          61480.63  2905 .32g -.014o -4.66

                                    I M E X   T I M E   S T E P   S U M M A R Y
 ==================================================================================================================
    Time Step           Time                  Total Production             Total Injection  Total Max. Max. Change
 ---------------- ---------------- -------------------------------------- -----------------  PV   Mat. ------------
                C                    Oil      Gas     Water   GOR.  Wat.    Gas     Water   Avg.  bal. Satur. Pres.
        Size    U                                             SCF/   Cut                    Pres. err. DSMAX  DPMAX
  No.   Days IT T Days   yy:mm:dd   STB/D    MCF/D    STB/D    STB    %    MCF/D    STB/D   psia   %          psia
 ------ ---- -- - ----- ---------- -------- -------- -------- ----- ----- -------- -------- ----- ---- ------ -----
   241w 30.0 1  0  6543 2042:12:01 24405.11 17828.77 27576.22 730.5 53.05          61638.24  2901 .32g -.013o -4.25
   242w 31.0 1  0  6574 2043:01:01 24191.28 17658.28 28015.64 729.9 53.66          61796.28  2898 .32g  .013w -4.15
   243w 31.0 1  0  6605 2043:02:01 23991.81 17499.04 28431.64 729.4 54.23          61949.91  2895 .32g -.013o -3.94
   244w 28.0 1  0  6633 2043:03:01 23820.66 17362.28 28785.54 728.9 54.72          62083.97  2893 .32g  .012w -3.44
   245w 31.0 1  0  6664 2043:04:01 23640.07 17218.07 29146.43 728.3 55.22          62224.91  2890 .32g -.012o -3.69
   246w 30.0 1  0  6694 2043:05:01 23484.43 17092.78 29478.84 727.8 55.66          62356.57  2887 .32g -.011o -3.48
   247w 31.0 1  0  6725 2043:06:01 23340.95 16975.96 29788.60 727.3 56.07          62488.86  2885 .32g -.012o -3.52
   248w 30.0 1  0  6755 2043:07:01 23220.27 16876.12 30066.55 726.8 56.42          62612.63  2883 .33g  .011w -3.34
   249w 31.0 1  0  6786 2043:08:01 23099.61 16776.28 30345.38 726.3 56.78          62735.92  2880 .33g -.012o -3.37
   250w 31.0 1  0  6817 2043:09:01 22979.31 16677.13 30621.08 725.7 57.13          62855.51  2878 .33g -.013o -3.29
   251w 30.0 1  0  6847 2043:10:01 22861.94 16580.89 30891.93 725.3 57.47          62967.70  2876 .33g  .013w -3.11
   252w 31.0 1  0  6878 2043:11:01 22741.54 16482.40 31168.65 724.8 57.82          63081.07  2874 .33g -.014o -3.14
   253w 30.0 1  0  6908 2043:12:01 22626.19 16388.26 31433.89 724.3 58.15          63187.63  2872 .33g -.014o -2.96
   254w 31.0 1  0  6939 2044:01:01 22507.53 16291.63 31702.59 723.8 58.48          63295.38  2870 .33g -.014o -2.98
   255w 31.0 1  0  6970 2044:02:01 22390.69 16196.59 31969.41 723.4 58.81          63402.18  2868 .33g  .014w -2.89
   256w 29.0 1  0  6999 2044:03:01 22275.22 16095.07 32222.73 722.6 59.13          63498.15  2866 .33g -.013o -8.28
   257w 31.0 1  0  7030 2044:04:01 22150.36 15987.25 32507.12 721.8 59.47          63595.94  2865 .34g -.014o -7.68
   258w 30.0 1  0  7060 2044:05:01 22026.58 15882.26 32771.44 721.0 59.80          63688.00  2863 .34g -.014o -6.52
   259w 31.0 1  0  7091 2044:06:01 21900.03 15776.05 33041.75 720.4 60.14          63781.01  2861 .34g  .015w -5.95
   260w 30.0 1  0  7121 2044:07:01 21778.83 15675.24 33296.91 719.7 60.46          63868.69  2860 .34g  .015w -5.15

                                    I M E X   T I M E   S T E P   S U M M A R Y
 ==================================================================================================================
    Time Step           Time                  Total Production             Total Injection  Total Max. Max. Change
 ---------------- ---------------- -------------------------------------- -----------------  PV   Mat. ------------
                C                    Oil      Gas     Water   GOR.  Wat.    Gas     Water   Avg.  bal. Satur. Pres.
        Size    U                                             SCF/   Cut                    Pres. err. DSMAX  DPMAX
  No.   Days IT T Days   yy:mm:dd   STB/D    MCF/D    STB/D    STB    %    MCF/D    STB/D   psia   %          psia
 ------ ---- -- - ----- ---------- -------- -------- -------- ----- ----- -------- -------- ----- ---- ------ -----
   261w 31.0 1  0  7152 2044:08:01 21655.70 15573.48 33567.56 719.1 60.79          63958.76  2858 .34g -.016o -4.78
   262w 31.0 1  0  7183 2044:09:01 21524.18 15466.68 33841.88 718.6 61.12          64047.77  2857 .34g -.016o -4.34
   263w 30.0 1  0  7213 2044:10:01 21396.08 15363.46 34101.89 718.1 61.45          64131.74  2855 .34g  .016w -3.85
   264w 31.0 1  0  7244 2044:11:01 21265.94 15259.00 34366.28 717.5 61.77          64216.04  2854 .34g -.017o -3.67
   265w 30.0 1  0  7274 2044:12:01 21148.24 15163.89 34610.38 717.0 62.07          64295.93  2853 .35g  .017w -3.31
   266w 31.0 1  0  7305 2045:01:01 21030.52 15068.83 34872.61 716.5 62.38          64376.49  2851 .35g -.017o -3.20

 ===================== SUMMARY (from subroutine: TSIO)   ======================
  Simulation run terminated. Stopping time reached.
    
     1 Warning messages.    0 Error messages.
 ==============================================================================



                          Global Storage Usage
                          ====================

             Section           Bytes          Mbytes   # Objects
        ------------    ------------    ------------   ---------
              MXSLVR          514016           0.490          98
              GRMOD0          217956           0.208         482
               IMEX2          125666           0.120         693
               IMEX1          114236           0.109         588
              WMCOM1           58763           0.056         982
               IMEX3           50818           0.048         249
              MXGR01           50456           0.048          18
              GRMOD1           36256           0.035         151
              KWCOM1           34735           0.033          52
              EQTPAR           29876           0.028          69
               POINT           25252           0.024          96
              SR2COM           22036           0.021          92
              MXWELL           20796           0.020         262
             MXSLVR1           13096           0.012          14
           GLOBSTORE            7478           0.007          27
              MXINIT            6244           0.006          23
              CMPDIL            6112           0.006          25
               PRTCM            5760           0.005          17
              SECTOR            2464           0.002          13
               SAMG1            1873           0.002         255
              PGMCH1            1794           0.002         319
             CMGFILE            1206           0.001          19
                FLXB            1156           0.001          27
                CMB1             600           0.001          68
           PGSCOMMON             476           0.000          64
                 MTS             340           0.000          18
           PGPARASOL             296           0.000          65
              SGCOM2             216           0.000          54
              SGCOM1             180           0.000          44
              GRMOD2             156           0.000          38
              WMCOM3              92           0.000           4
              WMCOM2              76           0.000          15
              WMCOM5              52           0.000          13
              SGCOM3              32           0.000           8
        PGMATDOMAINS              16           0.000           4
              WMCOM7               8           0.000           2
              DEPTAB               8           0.000           2
              SGCOM4               4           0.000           1
            PGSINT3D               0           0.000           0
              MXPRSL               0           0.000           0
        ------------    ------------    ------------   ---------
               Total         1350597           1.288        4971
            Maximium         1712077           1.633

       Field Total                                   Fluid
                             Oil       Gas       Water    Solvent   Polymer    Salt
                            -------   -------   -------   -------   -------   -------
                            (MSTB)    (MMSCF)   (MSTB)    (MMSCF)    (MLB)     (MLB)
  Cumulative Production       73786    277785     38526     NA        NA        NA   
  Cumulative Injection        NA         0       229484     NA        NA        NA   
  Cumulative Gas Lift         NA         0        NA        NA        NA        NA   
  Cumulative Aquifer Influx   NA        NA         0        NA        NA        NA   
  Current Fluids In Place    191294    130690    254284     NA        NA        NA   
  Production Rates           21.031    15.069    34.873     NA        NA        NA   
  Injection Rates             NA         0       64.376     NA        NA        NA   

  Timesteps:    266  Newton Cycles:      353  Cuts:      1  Solver Iterations:         1829
  Average Implicitness    : 0.887
  Fluid Component Model   : BLACKOIL (SINGLE-P)
  Material Balances (owg): 1.001 1.000 1.003
  Average Active Blocks:         300 Average Non-BHP Active Wells:     0
  Total Blocks :         300 Total Wells :     5
  Active Blocks:         300 Non-BHP Active Wells:     0
  Time at end of simulation:   7305.00     (days)   
  Average reservoir pressure excluding water zone: 2851.255 (psi)    
  Total Number of Solver Failures:       0  Stalls:       0  ITERMAX Reached:       0
  Jacobian Domains      1  
  Total lstpro/lstpar calls:     2  (    6)
  Linear Solver: Aimsol
  Preconditioner Ordering: REDBLACK
  Preconditioner Degree           1
  KMP_AFFINITY: Default
  OMP_SCHEDULE: Default
  Max Impl Blocks:      288  %Impl: 96.0%  (TS,CUT,NCYC): (   171, 0,  2 )
  Max Solver Iterations (TS,CUT,NCYC):       8 (   162, 0,  1 )
  Number of threads set:    1
  Total number of cpus:    4
  Memory Usage Peak:       64 MB on TS:   259 TS 1 Peak:       40 MB  Average:       57 MB  VM Size:       72 MB
  Host computer: IKIEARTH
  CPU Time:             2.67 seconds
  Elapsed Time:         2.74 seconds

  End of Simulation: Normal Termination

  Date and Time of End of Run:  Apr 18, 2025  23:52:49

