    Opened LOG FILE         on unit 10, filename is 'D:\TA MANDIRI\SKENARIO CMG\A3G1C.log'
 ********************************************************************************
 *                                                                              *
 *                                IMEX  2021.10                                 *
 *            Adaptive-Implicit Black Oil & Unconventional Simulator            *
 *                         General Release for Win x64                          *
 *                            2021-Nov-16   12:35:59                            *
 *                                                                              *
 *                          (c) Copyright 1977 - 2021                           *
 *                Computer Modelling Group Ltd., Calgary, Canada                *
 *                             All Rights Reserved                              *
 *                                                                              *
 ********************************************************************************


 Command-line Arguments:  -dimsum
                          -wd D:\TA MANDIRI\SKENARIO CMG
                          -log
                          -f D:\TA MANDIRI\SKENARIO CMG\A3G1C.dat

  Date and Time of Start of Run:  May  7, 2025  00:51:05


*** Input/Output files specification :
    Opened data file        on unit 11, filename is 'D:\TA MANDIRI\SKENARIO CMG\A3G1C.dat'
    Opened Scratch file     on unit 12
    Opened Scratch file     on unit 13
    Opened output file      on unit 14, filename is 'D:\TA MANDIRI\SKENARIO CMG\A3G1C.out'
    Opened SR3-OUT          on unit 15, filename is 'D:\TA MANDIRI\SKENARIO CMG\A3G1C.sr3'
    Opened Restart-SR3      on unit 16, filename is 'D:\TA MANDIRI\SKENARIO CMG\A3G1C.rstr.sr3'
    Opened GRID scratchfile on unit 17

 ===================== WARNING (from subroutine: INCOMP) ======================
  P/Z Output is disabled as Temperatures were not defined for all PVT Regions
  Please review the *TRES Keyword
  Line: 80   File Name: D:\TA MANDIRI\SKENARIO CMG\A3G1C.dat
 ==============================================================================


 ===================== SUMMARY (from subroutine: INDATA) ======================
  Reading of initial data is complete.
  Simulation will stop if there were error messages.
     1 Warning messages.    0 Error messages.
 ==============================================================================



                          Global Storage Usage
                          ====================

             Section           Bytes          Mbytes   # Objects
        ------------    ------------    ------------   ---------
              MXSLVR         5538760           5.282          98
              GRMOD0         5450008           5.198         482
               IMEX1         2781236           2.652         588
               IMEX2         2516066           2.400         693
              MXGR01         1280040           1.221          18
               IMEX3         1015618           0.969         249
              GRMOD1          871456           0.831         151
               POINT          637840           0.608          96
             MXSLVR1          344424           0.328          14
              CMPDIL          150112           0.143          25
               PRTCM          142560           0.136          17
              SECTOR           60064           0.057          13
              WMCOM1           58763           0.056         982
              KWCOM1           34735           0.033          52
              EQTPAR           29876           0.028          69
              SR2COM           22036           0.021          92
              MXWELL           20796           0.020         262
           GLOBSTORE            7478           0.007          27
              MXINIT            6244           0.006          23
               SAMG1            1873           0.002         255
              PGMCH1            1794           0.002         319
             CMGFILE            1206           0.001          19
                FLXB            1156           0.001          27
                CMB1             600           0.001          68
           PGSCOMMON             476           0.000          64
                 MTS             340           0.000          18
           PGPARASOL             296           0.000          65
              SGCOM2             216           0.000          54
              SGCOM1             180           0.000          44
              GRMOD2             156           0.000          38
              WMCOM3              92           0.000           4
              WMCOM2              76           0.000          15
              WMCOM5              52           0.000          13
              SGCOM3              32           0.000           8
        PGMATDOMAINS              16           0.000           4
              WMCOM7               8           0.000           2
              DEPTAB               8           0.000           2
              SGCOM4               4           0.000           1
            PGSINT3D               0           0.000           0
              MXPRSL               0           0.000           0
        ------------    ------------    ------------   ---------
               Total        20976693          20.005        4971
            Maximium        23284221          22.206

                                    I M E X   T I M E   S T E P   S U M M A R Y
 ==================================================================================================================
    Time Step           Time                  Total Production             Total Injection  Total Max. Max. Change
 ---------------- ---------------- -------------------------------------- -----------------  PV   Mat. ------------
                C                    Oil      Gas     Water   GOR.  Wat.    Gas     Water   Avg.  bal. Satur. Pres.
        Size    U                                             SCF/   Cut                    Pres. err. DSMAX  DPMAX
  No.   Days IT T Days   yy:mm:dd   STB/D    MCF/D    STB/D    STB    %    MCF/D    STB/D   psia   %          psia
 ------ ---- -- - ----- ---------- -------- -------- -------- ----- ----- -------- -------- ----- ---- ------ -----
     1w .229 3  2 .2293 2025:01:01 215987.9 469074.5           2172                          4792 e-3g -.102o  -846
     2  .118 1  0 .3472 2025:01:01 175863.9 413720.4           2353                          4791 e-3g -.024o  -236
     3  .218 1  0 .5648 2025:01:02 152240.7 363654.5           2389                          4789 e-3g -.019o  -192
     4  .493 1  0 1.058 2025:01:02 132642.2 309034.9           2330                          4784 e-3g -.021o  -191
     5  1.12 1  0 2.180 2025:01:03 120088.8 262957.3           2190                          4775 e-3o -.021o  -189
     6  2.58 1  0 4.762 2025:01:06 109312.3 225327.2           2061                          4756 e-3g -.022o  -185
     7  6.07 1  0 10.83 2025:01:12 99678.28 197131.6           1978                          4717 .02g -.021o  -178
     8  10.1 2  0 20.92 2025:01:22 91153.89 180229.2           1977                          4658 .02g -.025o  -137
     9  10.1 2  0 31.00 2025:02:01 85758.07 172591.1           2013                          4604 .02g -.023o -87.7
    10w 28.0 5  0 59.00 2025:03:01 75881.96 167839.2           2212                          4467 .02g -.042o  -158
    11w 31.0 2  0 90.00 2025:04:01 67219.10 169505.4           2522                          4330 .02g -.058o  -142
    12w 30.0 2  0 120.0 2025:05:01 58333.81 180213.3           3089                          4206 .02g -.062o  -128
    13w 31.0 2  0 151.0 2025:06:01 50451.62 202302.9           4010                          4078 .02g -.068o  -132
    14w 30.0 2  0 181.0 2025:07:01 43982.55 231768.6           5270                          3949 .02g -.060o  -135
    15w 31.0 2  0 212.0 2025:08:01 38447.30 263768.8           6861                          3808 .02g -.055o  -153
    16w 31.0 2  0 243.0 2025:09:01 33922.36 301106.6           8876                          3659 .02g -.045o  -162
    17w 30.0 2  0 273.0 2025:10:01 30279.13 327642.6          10821                          3511 .02g -.035o  -163
    18w 31.0 2  0 304.0 2025:11:01 26759.41 335377.5          12533                          3363 .02g -.030o  -163
    19w 30.0 2  0 334.0 2025:12:01 23663.58 329178.8          13911                          3228 .02g -.024o  -147
    20w 31.0 2  0 365.0 2026:01:01 20836.53 313888.8          15064                          3101 .02g -.023o  -139

                                    I M E X   T I M E   S T E P   S U M M A R Y
 ==================================================================================================================
    Time Step           Time                  Total Production             Total Injection  Total Max. Max. Change
 ---------------- ---------------- -------------------------------------- -----------------  PV   Mat. ------------
                C                    Oil      Gas     Water   GOR.  Wat.    Gas     Water   Avg.  bal. Satur. Pres.
        Size    U                                             SCF/   Cut                    Pres. err. DSMAX  DPMAX
  No.   Days IT T Days   yy:mm:dd   STB/D    MCF/D    STB/D    STB    %    MCF/D    STB/D   psia   %          psia
 ------ ---- -- - ----- ---------- -------- -------- -------- ----- ----- -------- -------- ----- ---- ------ -----
    21w 31.0 2  0 396.0 2026:02:01 18328.53 304507.1          16614                          2979 .02g -.022o  -130
    22w 28.0 2  0 424.0 2026:03:01 16159.96 289018.4          17885                          2871 .02g -.019o  -117
    23w 31.0 2  0 455.0 2026:04:01 14017.21 267928.4          19114                          2764 .03g -.021o  -118
    24w 30.0 2  0 485.0 2026:05:01 12191.07 245624.7          20148                          2670 .03g -.018o  -101
    25w 31.0 1  0 516.0 2026:06:01 10469.91 221609.1          21166                          2584 .07g -.017o -93.4
    26w 30.0 2  0 546.0 2026:07:01 9077.405 197068.0          21710                          2511 .07g -.015o -77.8
    27w 31.0 1  0 577.0 2026:08:01 7824.324 173340.6          22154                          2445 e-3g -.013o -71.5
    28w 31.0 1  0 608.0 2026:09:01 6717.759 151347.7          22529                          2384 .01g -.012o -66.6
    29w 30.0 1  0 638.0 2026:10:01 5795.348 132366.4          22840                          2333 .03g -.010o -55.2
    30w 31.0 1  0 669.0 2026:11:01 4983.153 115173.3          23113                          2288 .04g -.010o -48.7
    31w 30.0 1  0 699.0 2026:12:01 4313.478 100655.7          23335                          2250 .04g -.009o -40.7
    32w 31.0 1  0 730.0 2027:01:01 3721.174 87468.86          23506                          2217 .05g -.008o -36.3
    33w 31.0 1  0 761.0 2027:02:01 3214.759 76053.98          23658                          2188 .06g -.007o -31.3
    34w 28.0 1  0 789.0 2027:03:01 2818.386 66957.65          23757                          2165 .06g -.006o -24.7
    35w 31.0 1  0 820.0 2027:04:01 2441.930 58169.48          23821                          2143 .06g -.006o -23.7
    36w 30.0 1  0 850.0 2027:05:01 2126.847 50725.86          23850                          2125 .07g -.005o -19.9
    37w 31.0 1  0 881.0 2027:06:01 1846.484 44025.70          23843                          2108 .07g -.005o -17.8
    38w 30.0 1  0 911.0 2027:07:01 1611.724 38360.19          23801                          2095 .07g -.004o -14.9
    39w 31.0 1  0 942.0 2027:08:01 1402.618 33266.70          23718                          2082 .07g -.004o -13.4
    40w 31.0 1  0 973.0 2027:09:01 1222.288 28838.88          23594                          2072 .07g -.003o -11.6

                                    I M E X   T I M E   S T E P   S U M M A R Y
 ==================================================================================================================
    Time Step           Time                  Total Production             Total Injection  Total Max. Max. Change
 ---------------- ---------------- -------------------------------------- -----------------  PV   Mat. ------------
                C                    Oil      Gas     Water   GOR.  Wat.    Gas     Water   Avg.  bal. Satur. Pres.
        Size    U                                             SCF/   Cut                    Pres. err. DSMAX  DPMAX
  No.   Days IT T Days   yy:mm:dd   STB/D    MCF/D    STB/D    STB    %    MCF/D    STB/D   psia   %          psia
 ------ ---- -- - ----- ---------- -------- -------- -------- ----- ----- -------- -------- ----- ---- ------ -----
    41w 30.0 1  0  1003 2027:10:01 1071.083 25099.73          23434                          2063 .07g -.003o  -9.7
    42w 31.0 1  0  1034 2027:11:01 936.2579 21742.87          23223                          2055 .07g -.003o -8.69
    43w 30.0 1  0  1064 2027:12:01 823.1358 18912.05          22976                          2048 .07g -.003o -7.30
    44w 31.0 1  0  1095 2028:01:01 722.1621 16369.47          22667                          2042 .07g -.003o -6.53
    45w 31.0 1  0  1126 2028:02:01 634.9864 14164.42          22307                          2037 .07g -.003o -5.65
    46w 29.0 1  0  1155 2028:03:01 563.9610 12360.13          21917                          2033 .07g -.002o -4.61
    47w 31.0 1  0  1186 2028:04:01 498.4284 10687.82          21443                          2029 .07g -.002o -4.26
    48w 30.0 1  0  1216 2028:05:01 443.4398 9279.115          20925                          2026 .07g -.002o -3.58
    49w 31.0 1  0  1247 2028:06:01 394.3634 8016.822          20329                          2023 .07g -.002o -3.20
    50w 30.0 1  0  1277 2028:07:01 353.2739 6955.471          19689                          2020 .07g -.002o -2.69
    51w 31.0 1  0  1308 2028:08:01 316.5663 6004.480          18968                          2018 .07g -.002o -2.40
    52w 31.0 1  0  1339 2028:09:01 284.6214 5174.936          18182                          2016 .07g -.002o -2.10
    53w 30.0 1  0  1369 2028:10:01 257.6927 4476.740          17372                          2015 .07g -.002o -1.77
    54w 31.0 1  0  1400 2028:11:01 233.7403 3853.690          16487                          2013 .07g -.002o -1.57
    55w 30.0 1  0  1430 2028:12:01 213.6452 3330.964          15591                          2012 .07g -.002o -1.32
    56w 31.0 1  0  1461 2029:01:01 195.7762 2864.856          14633                          2011 .07g -.002o -1.17
    57w 31.0 1  0  1492 2029:02:01 180.3534 2462.329          13653                          2010 .07g -.002o -1.01
    58w 28.0 1  0  1520 2029:03:01 168.1550 2143.106          12745                          2009 .07g -.001o -.799
    59w 31.0 1  0  1551 2029:04:01 156.3820 1833.607          11725                          2009 .07g -.002o -.780
    60w 30.0 1  0  1581 2029:05:01 146.4943 1573.944          10744                          2008 .07g -.001o -.652

                                    I M E X   T I M E   S T E P   S U M M A R Y
 ==================================================================================================================
    Time Step           Time                  Total Production             Total Injection  Total Max. Max. Change
 ---------------- ---------------- -------------------------------------- -----------------  PV   Mat. ------------
                C                    Oil      Gas     Water   GOR.  Wat.    Gas     Water   Avg.  bal. Satur. Pres.
        Size    U                                             SCF/   Cut                    Pres. err. DSMAX  DPMAX
  No.   Days IT T Days   yy:mm:dd   STB/D    MCF/D    STB/D    STB    %    MCF/D    STB/D   psia   %          psia
 ------ ---- -- - ----- ---------- -------- -------- -------- ----- ----- -------- -------- ----- ---- ------ -----
    61w 31.0 1  0  1612 2029:06:01 137.7170 1343.457           9755                          2008 .07g -.001o -.578
    62w 30.0 1  0  1642 2029:07:01 130.3988 1151.305           8829                          2007 .07g -.001o -.481
    63w 31.0 1  0  1673 2029:08:01 123.9182 981.1204           7917                          2007 .07g -.001o -.425
    64w 31.0 1  0  1704 2029:09:01 118.3636 835.3309           7057                          2007 .07g -.001o -.364
    65w 30.0 1  0  1734 2029:10:01 113.7341 713.9447           6277                          2006 .07g -.001o -.303
    66w 31.0 1  0  1765 2029:11:01 109.6325 606.5433           5533                          2006 .07g -.001o -.268
    67w 30.0 1  0  1795 2029:12:01 106.2116 517.1767           4869                          2006 .07g -.001o -.223
    68w 31.0 1  0  1826 2030:01:01 103.1780 438.1530           4247                          2006 .07g -.001o -.197
    69w 31.0 1  0  1857 2030:02:01 100.5727 370.5613           3685                          2006 .07g -.001o -.168
    70w 28.0 1  0  1885 2030:03:01 98.52254 317.6241           3224                          2005 .07g -9e-4o -.132
    71w 31.0 1  0  1916 2030:04:01 96.57071 267.5555           2771                          2005 .07g -9e-4o -.124
    72w 30.0 1  0  1946 2030:05:01 95.08176 225.8305           2375                          2005 .07g -9e-4o -.103
    73w 31.0 1  0  1977 2030:06:01 93.70245 189.0542           2018                          2005 .07g -9e-4o -.091
    74w 30.0 1  0  2007 2030:07:01 92.54953 158.5163           1713                          2005 .07g -9e-4o -.076
    75w 31.0 1  0  2038 2030:08:01 91.52572 131.5709           1438                          2005 .07g -9e-4o -.067
    76w 31.0 1  0  2069 2030:09:01 90.64458 108.5765           1198                          2005 .07g -9e-4o -.057
    77w 30.0 1  0  2099 2030:10:01 89.90620 89.50473          995.5                          2005 .07g -8e-4o -.047
    78w 31.0 1  0  2130 2030:11:01 89.24718 72.69748          814.6                          2005 .07g -9e-4o -.041
    79w 30.0 1  0  2160 2030:12:01 88.34628 58.85650          666.2                          2005 .07g -8e-4o -.034
    80w 31.0 1  0  2191 2031:01:01 77.50260 49.16769          634.4                          2005 .07g -7e-4o -.030

                                    I M E X   T I M E   S T E P   S U M M A R Y
 ==================================================================================================================
    Time Step           Time                  Total Production             Total Injection  Total Max. Max. Change
 ---------------- ---------------- -------------------------------------- -----------------  PV   Mat. ------------
                C                    Oil      Gas     Water   GOR.  Wat.    Gas     Water   Avg.  bal. Satur. Pres.
        Size    U                                             SCF/   Cut                    Pres. err. DSMAX  DPMAX
  No.   Days IT T Days   yy:mm:dd   STB/D    MCF/D    STB/D    STB    %    MCF/D    STB/D   psia   %          psia
 ------ ---- -- - ----- ---------- -------- -------- -------- ----- ----- -------- -------- ----- ---- ------ -----
    81w 31.0 1  0  2222 2031:02:01 65.69476 41.67572          634.4                          2005 .07g -.005g -.026
    82w 28.0 1  0  2250 2031:03:01 56.55172 35.87476          634.4                          2005 .07g -.006g -.020
    83w 31.0 1  0  2281 2031:04:01 48.38201 30.69147          634.4                          2005 .07g -.009g -.019
    84w 30.0 1  0  2311 2031:05:01 41.57629 26.37371          634.3                          2005 .07g -.008g -.016
    85w 31.0 1  0  2342 2031:06:01 35.87827 22.75879          634.3                          2005 .07g -.009g -.014
    86w 30.0 1  0  2372 2031:07:01 31.32247 19.86858          634.3                          2005 .07g -.009g -.012
    87w 31.0 1  0  2403 2031:08:01 27.48547 17.43442          634.3                          2005 .07g -.009g -.011
    88w 31.0 1  0  2434 2031:09:01 24.54373 15.56821          634.3                          2005 .07g -.009g -.010
    89w 30.0 1  0  2464 2031:10:01 22.49971 14.27153          634.3                          2005 .07g -.008g -.008
    90w 31.0 1  0  2495 2031:11:01 20.85844 13.23035          634.3                          2005 .07g -.008g -.008
    91w 30.0 1  0  2525 2031:12:01 19.59834 12.43097          634.3                          2005 .07g -.007g  .009
    92w 31.0 1  0  2556 2032:01:01 18.61142 11.80490          634.3                          2005 .07g -.007g  .010
    93w 31.0 1  0  2587 2032:02:01 17.84785 11.32050          634.3                          2005 .07g -.007g  .011
    94w 29.0 1  0  2616 2032:03:01 17.27944 10.95991          634.3                          2005 .07g -.006g  .011
    95w 31.0 1  0  2647 2032:04:01 16.73910 10.61713          634.3                          2005 .07g -.006g  .012
    96w 30.0 1  0  2677 2032:05:01 15.59653  9.89240          634.3                          2005 .07g -.007g  .014
    97w 31.0 1  0  2708 2032:06:01 14.50802 9.201964          634.3                          2005 .07g -.008g  .016
    98w 30.0 1  0  2738 2032:07:01 13.51538 8.572350          634.3                          2005 .07g -.008g  .017
    99w 31.0 1  0  2769 2032:08:01 12.58876 7.984615          634.3                          2005 .07g -.008g  .018
   100w 31.0 1  0  2800 2032:09:01 11.72733 7.438235          634.3                          2005 .07g -.008g  .019

                                    I M E X   T I M E   S T E P   S U M M A R Y
 ==================================================================================================================
    Time Step           Time                  Total Production             Total Injection  Total Max. Max. Change
 ---------------- ---------------- -------------------------------------- -----------------  PV   Mat. ------------
                C                    Oil      Gas     Water   GOR.  Wat.    Gas     Water   Avg.  bal. Satur. Pres.
        Size    U                                             SCF/   Cut                    Pres. err. DSMAX  DPMAX
  No.   Days IT T Days   yy:mm:dd   STB/D    MCF/D    STB/D    STB    %    MCF/D    STB/D   psia   %          psia
 ------ ---- -- - ----- ---------- -------- -------- -------- ----- ----- -------- -------- ----- ---- ------ -----
   101w 30.0 1  0  2830 2032:10:01 10.94835 6.944152          634.3                          2005 .07g -.008g  .019
   102w 31.0 1  0  2861 2032:11:01 10.22704 6.486656          634.3                          2005 .07g -.009g  .020
   103w 30.0 1  0  2891 2032:12:01  9.54873 6.056435          634.3                          2005 .07g -.008g  .020
   104w 31.0 1  0  2922 2033:01:01 8.587420 5.446715          634.3                          2005 .07g -.009g  .021
   105w 31.0 1  0  2953 2033:02:01 7.903038 5.012752          634.3                          2005 .07g -.008g  .086
   106w 28.0 1  0  2981 2033:03:01 7.154377 4.537942          634.3                          2005 .07g -.007g  .047
   107w 31.0 1  0  3012 2033:04:01 6.488786 4.115813          634.3                          2005 .07g -.008g  .048
   108w 30.0 1  0  3042 2033:05:01 5.705498 3.619019          634.3                          2005 .07g -.007g  .046
   109w 31.0 1  0  3073 2033:06:01 4.967935 3.151217          634.3                          2005 .07g -.007g  .046
   110w 30.0 1  0  3103 2033:07:01 4.068230 2.580556          634.3                          2005 .07g -.007g  .045
   111w 31.0 1  0  3134 2033:08:01 3.229358 2.048479          634.3                          2005 .07g -.007g  .059
   112w 31.0 1  0  3165 2033:09:01 1.891051 1.199570          634.3                          2005 .07g -.007g  .053
   113w 30.0 1  0  3195 2033:10:01                                                           2005 .07g -.007g  .051
   114w 31.0 1  0  3226 2033:11:01                                                           2005 .07g -.007g  .050
   115w 30.0 1  0  3256 2033:12:01                                                           2005 .07g -.006g  .049
   116w 31.0 1  0  3287 2034:01:01                                                           2005 .07g -.006g  .048
   117w 31.0 1  0  3318 2034:02:01                                                           2005 .07g -.006g  .049
   118w 28.0 1  0  3346 2034:03:01                                                           2005 .07g -.005g  .047
   119w 31.0 1  0  3377 2034:04:01                                                           2005 .07g -.006g  .058
   120w 30.0 1  0  3407 2034:05:01                                                           2005 .07g -.005g  .050

                                    I M E X   T I M E   S T E P   S U M M A R Y
 ==================================================================================================================
    Time Step           Time                  Total Production             Total Injection  Total Max. Max. Change
 ---------------- ---------------- -------------------------------------- -----------------  PV   Mat. ------------
                C                    Oil      Gas     Water   GOR.  Wat.    Gas     Water   Avg.  bal. Satur. Pres.
        Size    U                                             SCF/   Cut                    Pres. err. DSMAX  DPMAX
  No.   Days IT T Days   yy:mm:dd   STB/D    MCF/D    STB/D    STB    %    MCF/D    STB/D   psia   %          psia
 ------ ---- -- - ----- ---------- -------- -------- -------- ----- ----- -------- -------- ----- ---- ------ -----
   121w 31.0 1  0  3438 2034:06:01                                                           2005 .07g -.005g  .048
   122w 30.0 1  0  3468 2034:07:01                                                           2005 .07g -.005g  .046
   123w 31.0 1  0  3499 2034:08:01                                                           2005 .07g -.005g  .045
   124w 31.0 1  0  3530 2034:09:01                                                           2005 .07g -.005g  .044
   125w 30.0 1  0  3560 2034:10:01                                                           2005 .07g -.004g  .043
   126w 31.0 1  0  3591 2034:11:01                                                           2005 .07g -.004g  .041
   127w 30.0 1  0  3621 2034:12:01                                                           2005 .07g -.004g  .041
   128w 31.0 1  0  3652 2035:01:01                                                           2005 .07g -.004g  .039
   129w 31.0 1  0  3683 2035:02:01                                                           2005 .07g -.004g  .040
   130w 28.0 1  0  3711 2035:03:01                                                           2005 .07g -.003g  .039
   131w 31.0 1  0  3742 2035:04:01                                                           2005 .07g -.004g  .036
   132w 30.0 1  0  3772 2035:05:01                                                           2005 .07g -.003g  .038
   133w 31.0 1  0  3803 2035:06:01                                                           2005 .07g -.003g  .036
   134w 30.0 1  0  3833 2035:07:01                                                           2005 .07g -.003o  .036
   135w 31.0 1  0  3864 2035:08:01                                                           2005 .07g -.004o  .039
   136w 31.0 1  0  3895 2035:09:01                                                           2005 .07g -.005o  .045
   137w 30.0 1  0  3925 2035:10:01                                                           2005 .07g -.006o  .049
   138w 31.0 1  0  3956 2035:11:01                                                           2005 .07g  .006g  .031
   139w 30.0 1  0  3986 2035:12:01                                                           2005 .07g -.007o  .031
   140w 31.0 1  0  4017 2036:01:01                                                           2005 .07g  .007g  .022

                                    I M E X   T I M E   S T E P   S U M M A R Y
 ==================================================================================================================
    Time Step           Time                  Total Production             Total Injection  Total Max. Max. Change
 ---------------- ---------------- -------------------------------------- -----------------  PV   Mat. ------------
                C                    Oil      Gas     Water   GOR.  Wat.    Gas     Water   Avg.  bal. Satur. Pres.
        Size    U                                             SCF/   Cut                    Pres. err. DSMAX  DPMAX
  No.   Days IT T Days   yy:mm:dd   STB/D    MCF/D    STB/D    STB    %    MCF/D    STB/D   psia   %          psia
 ------ ---- -- - ----- ---------- -------- -------- -------- ----- ----- -------- -------- ----- ---- ------ -----
   141w .037 2  3  4017 2036:01:01                                                 398798.0  2005 .07g -.236g   355
   142  .018 1  0  4017 2036:01:01                                                 293588.3  2005 .07g -.050g   165
   143  .037 1  0  4017 2036:01:01                                                 209017.7  2005 .07g -.059g   143
   144  .062 1  0  4017 2036:01:01                                                 150743.5  2005 .07g -.063g  87.7
   145  .098 1  0  4017 2036:01:01                                                 126760.2  2005 .07g -.038g  69.9
   146  .259 1  0  4018 2036:01:02                                                 105738.1  2005 .07g -.088g  63.3
   147  .294 1  0  4018 2036:01:02                                                 97018.81  2006 .07g -.101g  37.8
   148  .291 1  0  4018 2036:01:02                                                 94871.69  2006 .07g -.086g  26.2
   149  .338 1  0  4018 2036:01:02                                                 94505.71  2006 .07g -.066g  37.0
   150  .515 1  0  4019 2036:01:03                                                 95823.27  2006 .07g -.067g  37.7
   151  .768 1  0  4020 2036:01:04                                                 97702.06  2007 .08g -.126g  58.1
   152  .612 1  0  4020 2036:01:04                                                 97862.72  2008 .08g -.084g  47.8
   153  .729 1  0  4021 2036:01:05                                                 98380.97  2008 .08g -.078g  38.0
   154  .939 2  0  4022 2036:01:06 .0141064 1.313508          93115                98941.39  2009 .08g -.067g  42.2
   155  1.39 2  0  4023 2036:01:07 3.931277 125.0969          31821                99697.92  2010 .08g -.111g  46.1
   156  1.26 1  0  4025 2036:01:09 9.363200 279.4208          29842                99977.69  2011 .08g -.089g  37.9
   157  1.41 1  0  4026 2036:01:10 18.12816 490.5136          27058                100368.9  2013 .08g -.072g  38.9
   158  1.97 1  0  4028 2036:01:12 33.03347 840.6790          25449                100484.1  2014 .08g -.127g  41.5
   159  1.55 1  0  4030 2036:01:14 46.72185 1147.504          24560                100539.0  2016 .08g -.075g  27.1
   160  2.07 1  0  4032 2036:01:16 67.48756 1594.743          23630                100663.1  2017 .08g -.087g  36.5

                                    I M E X   T I M E   S T E P   S U M M A R Y
 ==================================================================================================================
    Time Step           Time                  Total Production             Total Injection  Total Max. Max. Change
 ---------------- ---------------- -------------------------------------- -----------------  PV   Mat. ------------
                C                    Oil      Gas     Water   GOR.  Wat.    Gas     Water   Avg.  bal. Satur. Pres.
        Size    U                                             SCF/   Cut                    Pres. err. DSMAX  DPMAX
  No.   Days IT T Days   yy:mm:dd   STB/D    MCF/D    STB/D    STB    %    MCF/D    STB/D   psia   %          psia
 ------ ---- -- - ----- ---------- -------- -------- -------- ----- ----- -------- -------- ----- ---- ------ -----
   161  2.38 1  0  4034 2036:01:18 96.81008 2144.435          22151                100762.6  2019 .08g -.100g  35.3
   162  2.39 1  0  4036 2036:01:20 129.1593 2722.670          21080                100972.9  2021 .08g -.107g  32.0
   163  2.24 1  0  4039 2036:01:23 161.1111 3280.020          20359                100852.4  2023 .08g -.070g  29.9
   164  3.20 1  0  4042 2036:01:26 207.2613 4087.769          19723                100820.2  2026 .08g -.114g  31.1
   165  2.81 1  0  4045 2036:01:29 249.0899 4800.469          19272                100556.4  2028 .08g -.107g  31.0
   166  1.66 1  0  4046 2036:01:30 274.7073 5223.292          19014                100475.4  2030 .08g -.046g  16.7
   167  1.66 1  0  4048 2036:02:01 298.8919 5645.277          18887                100380.6  2031 .08g -.040g  15.3
   168w 4.18 2  0  4052 2036:02:05 356.9006 6705.650          18789                100105.6  2035 .08g -.116g  32.7
   169  3.61 1  0  4056 2036:02:09 410.3729 7622.078          18574                99930.87  2038 .08g -.099g  23.6
   170  3.64 1  0  4059 2036:02:12 464.5238 8544.495          18394                99671.66  2040 .08g -.077g  23.7
   171  4.72 1  0  4064 2036:02:17 530.7649 9735.922          18343                99323.84  2044 .08g -.118g  29.8
   172  4.00 1  0  4068 2036:02:21 588.2308 10734.02          18248                99022.84  2047 .08g -.091g  26.3
   173  4.38 1  0  4073 2036:02:26 645.3981 11814.38          18306                98628.63  2051 .08g -.084g  24.5
   174  4.48 1  0  4077 2036:03:01 701.4013 12905.64          18400                98287.63  2054 .08g -.098g  22.9
   175w 4.56 1  0  4082 2036:03:06 755.1936 14002.51          18542                97882.63  2057 .08g -.096g  25.8
   176  4.77 1  0  4086 2036:03:10 807.9580 15136.50          18734                97508.00  2061 .08g -.088g  23.6
   177  5.44 1  0  4092 2036:03:16 863.2309 16397.80          18996                97061.64  2065 .08g -.105g  23.8
   178  5.17 1  0  4097 2036:03:21 913.4541 17547.76          19210                96657.73  2068 .08g -.094g  23.1
   179  5.50 1  0  4102 2036:03:26 962.7140 18764.26          19491                96185.06  2072 .08g -.093g  24.5
   180  5.56 1  0  4108 2036:04:01 1009.241 19960.00          19777                95730.85  2076 .08g -.108g  22.7

                                    I M E X   T I M E   S T E P   S U M M A R Y
 ==================================================================================================================
    Time Step           Time                  Total Production             Total Injection  Total Max. Max. Change
 ---------------- ---------------- -------------------------------------- -----------------  PV   Mat. ------------
                C                    Oil      Gas     Water   GOR.  Wat.    Gas     Water   Avg.  bal. Satur. Pres.
        Size    U                                             SCF/   Cut                    Pres. err. DSMAX  DPMAX
  No.   Days IT T Days   yy:mm:dd   STB/D    MCF/D    STB/D    STB    %    MCF/D    STB/D   psia   %          psia
 ------ ---- -- - ----- ---------- -------- -------- -------- ----- ----- -------- -------- ----- ---- ------ -----
   181w 5.14 1  0  4113 2036:04:06 1051.104 21050.56          20027                95290.04  2079 .08g -.089g  22.2
   182  5.77 1  0  4119 2036:04:12 1095.934 22236.78          20290                94881.72  2083 .08g -.098g  22.2
   183  5.89 1  0  4125 2036:04:18 1139.204 23423.61          20561                94496.87  2087 .08g -.106g  21.7
   184  5.56 1  0  4130 2036:04:23 1177.898 24520.65          20817                94142.91  2091 .08g -.104g  20.3
   185  3.82 1  0  4134 2036:04:27 1203.882 25260.31          20982                93869.20  2093 .08g -.069g  15.3
   186  3.82 1  0  4138 2036:05:01 1228.216 25989.68          21161                93639.35  2096 .08g -.082g  14.2
   187w 4.66 1  0  4143 2036:05:06 1256.786 26869.40          21379                93417.21  2098 .08g -.093g  13.8
   188  5.00 1  0  4148 2036:05:11 1286.753 27801.90          21606                93187.60  2102 .08g  .081o  15.5
   189  6.14 1  0  4154 2036:05:17 1323.354 28944.05          21872                92938.04  2105 .08g -.132g  17.7
   190  4.65 1  0  4158 2036:05:21 1351.977 29791.59          22036                92749.13  2108 .08g -.094g  14.6
   191  4.93 1  0  4163 2036:05:26 1381.061 30689.07          22221                92561.35  2111 .08g -.114g  13.8
   192  2.81 1  0  4166 2036:05:29 1397.788 31199.23          22320                92441.87  2113 .08g -.068g  10.2
   193  2.81 1  0  4169 2036:06:01 1414.089 31713.07          22427                92325.19  2115 .08g -.058g  8.24
   194w 4.88 1  0  4174 2036:06:06 1442.517 32623.70          22616                92156.97  2118 .08g -.073g  12.3
   195  6.68 1  0  4181 2036:06:13 1482.606 33904.04          22868                91992.70  2121 .08g -.137g  15.0
   196  4.89 1  0  4185 2036:06:17 1512.770 34859.45          23043                91882.40  2124 .08g -.118g  12.0
   197  4.14 1  0  4190 2036:06:22 1538.520 35671.73          23186                91764.51  2127 .08g -.078g  12.3
   198  4.70 1  0  4194 2036:06:26 1567.805 36582.97          23334                91629.69  2130 .08g -.103g  11.9
   199  4.70 1  0  4199 2036:07:01 1597.127 37480.47          23467                91509.05  2132 .08g -.097g   9.9
   200w 4.87 1  0  4204 2036:07:06 1627.277 38391.03          23592                91406.01  2135 .08g -.088g  10.9

                                    I M E X   T I M E   S T E P   S U M M A R Y
 ==================================================================================================================
    Time Step           Time                  Total Production             Total Injection  Total Max. Max. Change
 ---------------- ---------------- -------------------------------------- -----------------  PV   Mat. ------------
                C                    Oil      Gas     Water   GOR.  Wat.    Gas     Water   Avg.  bal. Satur. Pres.
        Size    U                                             SCF/   Cut                    Pres. err. DSMAX  DPMAX
  No.   Days IT T Days   yy:mm:dd   STB/D    MCF/D    STB/D    STB    %    MCF/D    STB/D   psia   %          psia
 ------ ---- -- - ----- ---------- -------- -------- -------- ----- ----- -------- -------- ----- ---- ------ -----
   201  5.54 1  0  4209 2036:07:11 1661.067 39398.81          23719                91298.17  2138 .08g -.113g  10.2
   202  4.88 1  0  4214 2036:07:16 1690.384 40257.57          23816                91208.24  2140 .08g -.098g  10.8
   203  4.97 1  0  4219 2036:07:21 1720.913 41106.28          23886                91115.70  2143 .08g -.073g  9.05
   204  5.37 1  0  4225 2036:07:27 1753.482 41976.38          23939                91023.39  2145 .08g -.088g   9.9
   205  5.37 1  0  4230 2036:08:01 1783.977 42803.59          23993                90936.53  2148 .08g -.091g  10.0
   206w 5.90 1  0  4236 2036:08:07 1815.429 43669.85          24055                90841.98  2150 .08g -.107g  10.2
   207  5.53 1  0  4241 2036:08:12 1843.386 44448.96          24113                90759.63  2153 .08g -.086g  8.75
   208  6.43 1  0  4248 2036:08:19 1873.715 45316.96          24186                90693.21  2155 .08g -.095g  9.09
   209  6.57 1  0  4254 2036:08:25 1902.567 46151.10          24257                90620.57  2158 .08g -.105g   9.6
   210  6.57 1  0  4261 2036:09:01 1929.374 46932.21          24325                90536.69  2160 .08g -.101g  10.0
   211w 6.52 1  0  4268 2036:09:08 1953.810 47654.81          24391                90457.54  2163 .08g -.093g   9.5
   212  7.03 1  0  4275 2036:09:15 1977.960 48395.67          24467                90375.71  2165 .09g -.102g  9.30
   213  6.88 1  0  4281 2036:09:21 1999.797 49077.16          24541                90304.78  2167 .09g -.105g  8.78
   214  4.79 1  0  4286 2036:09:26 2014.185 49522.19          24587                90260.35  2169 .09g -.069g  6.72
   215  4.79 1  0  4291 2036:10:01 2027.774 49950.11          24633                90219.94  2170 .09g -.067g  6.01
   216w 7.16 1  0  4298 2036:10:08 2046.364 50551.29          24703                90159.19  2172 .09g -.101g  8.39
   217  7.07 1  0  4305 2036:10:15 2063.619 51108.58          24766                90101.53  2174 .09g -.090g  8.35
   218  7.89 1  0  4313 2036:10:23 2080.837 51685.40          24839                90044.08  2177 .09g -.111g  9.21
   219  4.44 1  0  4318 2036:10:28 2090.000 51992.30          24877                90007.97  2178 .09g -.060g  5.72
   220  4.44 1  0  4322 2036:11:01 2098.495 52285.69          24916                89973.28  2179 .09g -.057g  5.03

                                    I M E X   T I M E   S T E P   S U M M A R Y
 ==================================================================================================================
    Time Step           Time                  Total Production             Total Injection  Total Max. Max. Change
 ---------------- ---------------- -------------------------------------- -----------------  PV   Mat. ------------
                C                    Oil      Gas     Water   GOR.  Wat.    Gas     Water   Avg.  bal. Satur. Pres.
        Size    U                                             SCF/   Cut                    Pres. err. DSMAX  DPMAX
  No.   Days IT T Days   yy:mm:dd   STB/D    MCF/D    STB/D    STB    %    MCF/D    STB/D   psia   %          psia
 ------ ---- -- - ----- ---------- -------- -------- -------- ----- ----- -------- -------- ----- ---- ------ -----
   221w 7.75 1  0  4330 2036:11:09 2111.974 52765.90          24984                89925.21  2181 .09g -.100g  7.83
   222  7.78 1  0  4338 2036:11:17 2124.767 53229.27          25052                89899.64  2183 .09g  .097o  7.28
   223  7.24 1  0  4345 2036:11:24 2135.611 53624.14          25110                89871.56  2184 .09g  .094o  6.90
   224  7.24 1  0  4352 2036:12:01 2144.969 53971.43          25162                89830.71  2186 .09g  .090o  7.11
   225w 8.00 1  0  4360 2036:12:09 2154.116 54326.10          25220                89794.27  2188 .09g  .101o  7.51
   226  7.90 1  0  4368 2036:12:17 2162.300 54652.64          25275                89760.05  2189 .09g  .089o  6.87
   227  7.55 1  0  4375 2036:12:24 2169.560 54944.18          25325                89730.85  2191 .09g  .095o  6.36
   228  7.55 1  0  4383 2037:01:01 2176.320 55223.71          25375                89714.20  2192 .09g  .092o  6.06
   229w 8.24 1  0  4391 2037:01:09 2182.692 55493.81          25424                89690.39  2194 .09g  .091o  6.91
   230  9.04 1  0  4400 2037:01:18 2188.511 55754.42          25476                89659.56  2195 .09g  .109o  6.99
   231  6.86 1  0  4407 2037:01:25 2192.378 55933.03          25513                89639.22  2197 .09g  .081o  5.59
   232  6.86 1  0  4414 2037:02:01 2195.417 56092.52          25550                89611.39  2198 .09g  .083o  5.36
   233w 8.28 1  0  4422 2037:02:09 2198.747 56280.85          25597                89589.52  2199 .09g  .095o  5.98
   234  8.73 1  0  4431 2037:02:18 2201.773 56465.82          25646                89576.56  2201 .09g  .095o  5.99
   235  5.50 1  0  4437 2037:02:24 2203.302 56567.95          25674                89565.85  2202 .09g  .059o  4.39
   236  5.50 1  0  4442 2037:03:01 2204.522 56663.46          25703                89552.62  2203 .09g  .062o  3.68
   237w 8.93 1  0  4451 2037:03:10 2206.284 56814.52          25751                89535.91  2204 .09g  .106o  5.49
   238  8.41 1  0  4459 2037:03:18 2207.329 56934.41          25793                89524.48  2205 .09g  .093o  5.58
   239  6.83 1  0  4466 2037:03:25 2207.389 57004.83          25825                89508.49  2206 .09g  .074o  4.82
   240  6.83 1  0  4473 2037:04:01 2207.464 57082.60          25859                89496.47  2207 .09g  .071o  4.37

                                    I M E X   T I M E   S T E P   S U M M A R Y
 ==================================================================================================================
    Time Step           Time                  Total Production             Total Injection  Total Max. Max. Change
 ---------------- ---------------- -------------------------------------- -----------------  PV   Mat. ------------
                C                    Oil      Gas     Water   GOR.  Wat.    Gas     Water   Avg.  bal. Satur. Pres.
        Size    U                                             SCF/   Cut                    Pres. err. DSMAX  DPMAX
  No.   Days IT T Days   yy:mm:dd   STB/D    MCF/D    STB/D    STB    %    MCF/D    STB/D   psia   %          psia
 ------ ---- -- - ----- ---------- -------- -------- -------- ----- ----- -------- -------- ----- ---- ------ -----
   241w  9.6 1  0  4483 2037:04:11 2208.012 57201.44          25906                89490.67  2209 .10g  .104o  5.32
   242  9.18 1  0  4492 2037:04:20 2208.202 57295.91          25947                89486.58  2210 .10g  .101o  5.36
   243  5.63 1  0  4497 2037:04:25 2207.871 57335.39          25969                89480.17  2211 .10g  .060o  4.42
   244  5.63 1  0  4503 2037:05:01 2207.162 57365.24          25991                89470.54  2212 .10g  .059o  3.38
   245w  9.6 1  0  4513 2037:05:11 2206.028 57421.93          26030                89457.45  2213 .10g  .096o  5.11
   246  10.0 1  0  4523 2037:05:21 2205.142 57484.20          26068                89444.77  2214 .10g  .104o  5.25
   247  5.71 1  0  4528 2037:05:26 2204.342 57504.23          26087                89436.40  2215 .10g  .058o  3.98
   248  5.71 1  0  4534 2037:06:01 2203.390 57522.13          26106                89427.77  2216 .10g  .060o  3.30
   249w  9.5 1  0  4544 2037:06:11 2202.185 57563.94          26139                89419.40  2217 .10g  .095o  4.79
   250  10.0 1  0  4553 2037:06:20 2201.529 57620.42          26173                89418.82  2218 .10g  .101o  5.20
   251  10.5 1  0  4564 2037:07:01 2200.355 57654.14          26202                89413.34  2220 .10g  .106o  5.34
   252w  9.9 1  0  4574 2037:07:11 2198.896 57673.49          26228                89406.06  2221 .10g  .100o  5.30
   253   9.9 1  0  4584 2037:07:21 2196.760 57665.86          26250                89397.69  2222 .10g  .100o  5.32
   254  5.60 1  0  4589 2037:07:26 2195.067 57639.09          26258                89389.46  2223 .10g  .052o  3.80
   255  5.60 1  0  4595 2037:08:01 2193.580 57630.80          26272                89380.11  2224 .10g  .054o  2.95
   256w 10.3 1  0  4605 2037:08:11 2192.271 57652.97          26298                89372.55  2225 .10g  .102o  4.41
   257  10.1 1  0  4615 2037:08:21 2191.260 57671.54          26319                89372.21  2227 .10g  .099o  4.83
   258  10.6 1  0  4626 2037:09:01 2189.578 57666.61          26337                89368.34  2228 .10g  .104o  5.15
   259w 10.3 1  0  4636 2037:09:11 2187.574 57651.56          26354                89358.86  2229 .10g  .097o  5.25
   260   9.9 1  0  4646 2037:09:21 2185.425 57630.67          26370                89348.04  2231 .10g  .095o  4.85

                                    I M E X   T I M E   S T E P   S U M M A R Y
 ==================================================================================================================
    Time Step           Time                  Total Production             Total Injection  Total Max. Max. Change
 ---------------- ---------------- -------------------------------------- -----------------  PV   Mat. ------------
                C                    Oil      Gas     Water   GOR.  Wat.    Gas     Water   Avg.  bal. Satur. Pres.
        Size    U                                             SCF/   Cut                    Pres. err. DSMAX  DPMAX
  No.   Days IT T Days   yy:mm:dd   STB/D    MCF/D    STB/D    STB    %    MCF/D    STB/D   psia   %          psia
 ------ ---- -- - ----- ---------- -------- -------- -------- ----- ----- -------- -------- ----- ---- ------ -----
   261   9.9 1  0  4656 2037:10:01 2183.571 57620.60          26388                89339.37  2232 .10g  .096o  4.62
   262w 10.3 1  0  4666 2037:10:11 2181.713 57608.75          26405                89332.40  2233 .10g  .096o  4.98
   263  10.4 1  0  4677 2037:10:22 2179.584 57587.43          26421                89323.42  2235 .10g  .097o  5.05
   264  10.4 1  0  4687 2037:11:01 2178.037 57589.00          26441                89315.39  2236 .10g  .097o  4.89
   265w 10.7 1  0  4698 2037:11:12 2176.414 57576.00          26455                89309.51  2237 .10g  .100o  5.05
   266   9.7 1  0  4707 2037:11:21 2174.041 57537.09          26465                89298.65  2239 .10g  .092o  4.81
   267   9.7 1  0  4717 2037:12:01 2171.563 57501.13          26479                89286.13  2240 .10g  .088o  4.56
   268w 11.0 1  0  4728 2037:12:12 2169.008 57469.47          26496                89274.09  2241 .11g  .103o  4.71
   269  10.0 1  0  4738 2037:12:22 2167.034 57450.38          26511                89264.21  2243 .11g  .091o  4.55
   270  10.0 1  0  4748 2038:01:01 2165.094 57429.31          26525                89253.20  2244 .11g  .095o  4.38
   271w 10.5 1  0  4759 2038:01:12 2163.100 57408.23          26540                89242.61  2245 .11g  .098o  4.70
   272  10.2 1  0  4769 2038:01:22 2160.692 57370.37          26552                89231.25  2247 .11g  .090o  4.67
   273  10.2 1  0  4779 2038:02:01 2158.604 57347.01          26567                89218.64  2248 .11g  .091o  4.38
   274w 11.3 1  0  4790 2038:02:12 2156.285 57317.29          26581                89203.55  2250 .11g  .104o  4.66
   275  8.35 1  0  4799 2038:02:21 2153.711 57263.41          26588                89192.24  2251 .11g  .077o  4.12
   276  8.35 1  0  4807 2038:03:01 2151.299 57222.91          26599                89180.06  2252 .11g  .075o  3.61
   277w 11.2 1  0  4818 2038:03:12 2148.715 57188.81          26615                89162.74  2254 .11g  .101o  4.17
   278   9.9 1  0  4828 2038:03:22 2146.606 57160.51          26628                89148.69  2255 .11g  .088o  4.27
   279   9.9 1  0  4838 2038:04:01 2144.869 57143.95          26642                89136.28  2256 .11g  .089o  4.11
   280w 11.1 1  0  4849 2038:04:12 2142.586 57109.52          26654                89121.90  2258 .11g  .101o  4.42

                                    I M E X   T I M E   S T E P   S U M M A R Y
 ==================================================================================================================
    Time Step           Time                  Total Production             Total Injection  Total Max. Max. Change
 ---------------- ---------------- -------------------------------------- -----------------  PV   Mat. ------------
                C                    Oil      Gas     Water   GOR.  Wat.    Gas     Water   Avg.  bal. Satur. Pres.
        Size    U                                             SCF/   Cut                    Pres. err. DSMAX  DPMAX
  No.   Days IT T Days   yy:mm:dd   STB/D    MCF/D    STB/D    STB    %    MCF/D    STB/D   psia   %          psia
 ------ ---- -- - ----- ---------- -------- -------- -------- ----- ----- -------- -------- ----- ---- ------ -----
   281  9.45 1  0  4859 2038:04:22 2139.435 57038.43          26661                89106.19  2259 .11g  .085o  4.22
   282  9.45 1  0  4868 2038:05:01 2136.178 56973.52          26671                89085.74  2261 .11g  .081o  3.98
   283w 11.7 1  0  4880 2038:05:13 2133.515 56940.08          26688                89062.76  2262 .11g  .103o  4.70
   284   9.7 1  0  4889 2038:05:22 2130.996 56892.39          26698                89043.57  2264 .11g  .088o  4.36
   285   9.7 1  0  4899 2038:06:01 2128.026 56831.47          26706                89023.78  2265 .11g  .088o  4.08
   286w 11.0 1  0  4910 2038:06:12 2124.917 56776.60          26719                88999.24  2267 .11g  .100o  4.28
   287  9.50 1  0  4920 2038:06:22 2122.228 56724.67          26729                88978.65  2269 .11g  .083o  4.18
   288  9.50 1  0  4929 2038:07:01 2119.397 56668.47          26738                88956.71  2270 .11g  .084o  4.01
   289w 11.3 1  0  4940 2038:07:12 2115.825 56595.64          26749                88927.06  2272 .12g  .105o  5.28
   290   9.8 1  0  4950 2038:07:22 2111.902 56503.32          26755                88898.22  2273 .12g  .089o  4.71
   291   9.8 1  0  4960 2038:08:01 2107.347 56395.04          26761                88867.64  2275 .12g  .087o  4.70
   292w 11.3 1  0  4971 2038:08:12 2103.066 56311.08          26776                88832.52  2277 .12g  .099o  5.32
   293   9.9 1  0  4981 2038:08:22 2099.534 56237.18          26786                88800.40  2279 .12g  .090o  4.85
   294   9.9 1  0  4991 2038:09:01 2095.471 56140.75          26791                88766.29  2281 .12g  .094o  4.63
   295w 10.5 1  0  5002 2038:09:12 2090.211 56010.22          26796                88725.83  2283 .12g  .098o  5.44
   296   9.7 1  0  5011 2038:09:21 2084.823 55877.18          26802                88686.42  2284 .12g  .091o  6.43
   297   9.7 1  0  5021 2038:10:01 2078.996 55731.79          26807                88642.91  2286 .12g  .089o  7.83
   298w 11.0 1  0  5032 2038:10:12 2071.017 55519.99          26808                88587.21  2289 .12g  .106o  10.1
   299  10.0 1  0  5042 2038:10:22 2061.591 55256.39          26803                88527.21  2291 .12g  .094o  10.3
   300  10.0 1  0  5052 2038:11:01 2050.860 54965.98          26801                88458.06  2294 .12g  .094o  10.7

                                    I M E X   T I M E   S T E P   S U M M A R Y
 ==================================================================================================================
    Time Step           Time                  Total Production             Total Injection  Total Max. Max. Change
 ---------------- ---------------- -------------------------------------- -----------------  PV   Mat. ------------
                C                    Oil      Gas     Water   GOR.  Wat.    Gas     Water   Avg.  bal. Satur. Pres.
        Size    U                                             SCF/   Cut                    Pres. err. DSMAX  DPMAX
  No.   Days IT T Days   yy:mm:dd   STB/D    MCF/D    STB/D    STB    %    MCF/D    STB/D   psia   %          psia
 ------ ---- -- - ----- ---------- -------- -------- -------- ----- ----- -------- -------- ----- ---- ------ -----
   301w 10.6 1  0  5063 2038:11:12 2037.127 54583.43          26794                88374.29  2296 .12g -.101g  12.9
   302   9.7 2  0  5072 2038:11:21 2021.951 54140.58          26776                88284.58  2299 .12g  .097o  14.0
   303   9.7 1  0  5082 2038:12:01 2007.412 53758.18          26780                88185.57  2302 .12g  .112o  13.2
   304w 8.65 2  0  5091 2038:12:10 1991.019 53269.92          26755                88085.18  2305 .12g  .110o  13.6
   305  7.86 1  0  5099 2038:12:18 1976.433 52881.41          26756                87986.79  2308 .12g  .109o  11.9
   306  7.23 1  0  5106 2038:12:25 1963.274 52514.61          26748                87888.88  2311 .12g  .117o  11.8
   307  3.63 1  0  5109 2038:12:28 1955.789 52282.14          26732                87837.44  2312 .12g  .063o  7.46
   308  3.63 1  0  5113 2039:01:01 1947.749 52049.75          26723                87783.74  2314 .12g  .064o  5.98
   309w 5.68 1  0  5119 2039:01:07 1935.550 51724.88          26724                87694.83  2316 .12g  .108o  10.4
   310  5.28 1  0  5124 2039:01:12 1924.310 51415.61          26719                87607.61  2319 .12g  .102o  10.3
   311  5.16 1  0  5129 2039:01:17 1912.552 51071.06          26703                87517.25  2321 .12g  .088o  10.3
   312  5.86 1  0  5135 2039:01:23 1899.031 50700.58          26698                87408.98  2324 .12g  .117o  11.1
   313  4.51 1  0  5139 2039:01:27 1888.065 50382.23          26685                87319.30  2327 .12g  .095o  10.4
   314  4.51 1  0  5144 2039:02:01 1876.584 50054.41          26673                87224.22  2329 .12g  .081o   9.9
   315w 5.59 1  0  5150 2039:02:07 1863.073 49699.36          26676                87099.86  2332 .12g  .128o  10.0
   316  4.37 1  0  5154 2039:02:11 1852.304 49394.58          26667                86997.58  2335 .12g  .081o  11.8
   317  5.40 2  0  5159 2039:02:16 1837.676 48958.16          26641                86861.73  2339 .12g  .103o  13.0
   318  5.23 1  0  5165 2039:02:22 1825.055 48640.74          26652                86724.61  2342 .13g  .115o   9.5
   319  3.70 1  0  5168 2039:02:25 1815.667 48365.59          26638                86624.33  2345 .13g  .064o  9.25
   320  3.70 1  0  5172 2039:03:01 1805.731 48075.83          26624                86520.68  2347 .13g  .081o  8.08

                                    I M E X   T I M E   S T E P   S U M M A R Y
 ==================================================================================================================
    Time Step           Time                  Total Production             Total Injection  Total Max. Max. Change
 ---------------- ---------------- -------------------------------------- -----------------  PV   Mat. ------------
                C                    Oil      Gas     Water   GOR.  Wat.    Gas     Water   Avg.  bal. Satur. Pres.
        Size    U                                             SCF/   Cut                    Pres. err. DSMAX  DPMAX
  No.   Days IT T Days   yy:mm:dd   STB/D    MCF/D    STB/D    STB    %    MCF/D    STB/D   psia   %          psia
 ------ ---- -- - ----- ---------- -------- -------- -------- ----- ----- -------- -------- ----- ---- ------ -----
   321w 4.58 1  0  5177 2039:03:06 1794.091 47769.29          26626                86387.94  2351 .13g  .093o  9.05
   322  4.94 1  0  5182 2039:03:11 1781.799 47430.41          26619                86239.64  2354 .13g  .119o  12.2
   323  4.17 1  0  5186 2039:03:15 1770.937 47112.07          26603                86109.43  2358 .13g  .077o  11.1
   324  5.42 2  0  5191 2039:03:20 1755.482 46658.97          26579                85930.36  2362 .13g  .109o  13.2
   325  4.98 1  0  5196 2039:03:25 1743.517 46371.56          26597                85760.09  2367 .13g  .101o  10.4
   326  3.46 1  0  5200 2039:03:29 1734.608 46104.47          26579                85636.47  2370 .13g  .078o  8.31
   327  3.46 1  0  5203 2039:04:01 1725.743 45863.83          26576                85507.82  2373 .13g  .072o  8.03
   328w 4.84 1  0  5208 2039:04:06 1715.037 45593.23          26584                85321.89  2378 .13g  .096o  10.6
   329  5.05 1  0  5213 2039:04:11 1705.509 45347.53          26589                85120.93  2383 .13g  .115o  11.8
   330  4.39 1  0  5217 2039:04:15 1695.138 45013.64          26555                84939.39  2387 .13g  .112o  11.0
   331  3.91 1  0  5221 2039:04:19 1684.227 44677.84          26527                84772.55  2392 .13g  .090o  12.0
   332  4.33 1  0  5226 2039:04:24 1673.827 44418.88          26537                84581.09  2396 .13g  .086o  11.9
   333  3.74 1  0  5229 2039:04:27 1666.157 44213.36          26536                84411.11  2401 .13g  .090o  10.5
   334  3.74 1  0  5233 2039:05:01 1658.679 43990.22          26521                84236.46  2405 .13g  .096o  10.2
   335w 3.92 1  0  5237 2039:05:05 1648.870 43674.83          26488                84049.22  2410 .13g  .098o  12.6
   336  4.01 1  0  5241 2039:05:09 1638.134 43362.31          26471                83852.41  2415 .13g  .093o  11.9
   337  4.33 1  0  5245 2039:05:13 1628.522 43114.06          26474                83633.12  2421 .13g  .106o  11.7
   338  4.07 1  0  5249 2039:05:17 1621.919 42940.78          26475                83420.38  2426 .13g  .105o  11.4
   339  3.88 1  0  5253 2039:05:21 1613.479 42635.04          26424                83212.86  2431 .13g  .109o  12.9
   340  3.57 1  0  5257 2039:05:25 1603.395 42293.68          26378                83016.96  2437 .13g  .094o  13.5

                                    I M E X   T I M E   S T E P   S U M M A R Y
 ==================================================================================================================
    Time Step           Time                  Total Production             Total Injection  Total Max. Max. Change
 ---------------- ---------------- -------------------------------------- -----------------  PV   Mat. ------------
                C                    Oil      Gas     Water   GOR.  Wat.    Gas     Water   Avg.  bal. Satur. Pres.
        Size    U                                             SCF/   Cut                    Pres. err. DSMAX  DPMAX
  No.   Days IT T Days   yy:mm:dd   STB/D    MCF/D    STB/D    STB    %    MCF/D    STB/D   psia   %          psia
 ------ ---- -- - ----- ---------- -------- -------- -------- ----- ----- -------- -------- ----- ---- ------ -----
   341  3.61 1  0  5260 2039:05:28 1592.439 41915.64          26322                82813.98  2442 .13g  .092o  12.2
   342  3.61 1  0  5264 2039:06:01 1583.688 41683.14          26320                82606.16  2447 .13g  .099o  11.3
   343w 3.66 1  0  5268 2039:06:05 1577.624 41488.63          26298                82391.06  2453 .13g  .099o  12.6
   344  3.68 1  0  5271 2039:06:08 1568.883 41171.94          26243                82169.35  2459 .13g  .105o  14.7
   345  3.50 1  0  5275 2039:06:12 1558.536 40801.32          26179                81953.96  2464 .13g  .100o  13.0
   346  3.50 1  0  5278 2039:06:15 1550.196 40466.54          26104                81733.39  2470 .13g  .104o  11.8
   347  3.37 1  0  5282 2039:06:19 1543.499 40121.87          25994                81515.81  2476 .13g  .103o  13.2
   348  3.26 1  0  5285 2039:06:22 1535.591 39668.89          25833                81300.37  2481 .13g  .103o  15.7
   349  3.17 1  0  5288 2039:06:25 1530.332 39241.32          25642                81086.10  2487 .13g  .107o  15.9
   350  2.94 1  0  5291 2039:06:28 1518.514 38838.80          25577                80882.79  2493 .13g  .091o  13.4
   351  2.94 1  0  5294 2039:07:01 1512.177 38356.85          25365                80674.15  2498 .13g  .098o  13.7
   352w 3.00 1  0  5297 2039:07:04 1509.024 37765.58          25026                80455.28  2504 .13g  .116o  18.5
   353  2.57 1  0  5300 2039:07:07 1509.704 37195.62          24638                80262.74  2509 .13g  .103o  18.2
   354  2.50 1  0  5302 2039:07:09 1523.523 36924.38          24236                80070.57  2515 .13g  .070o  16.2
   355  3.57 2  0  5306 2039:07:13 1583.847 35959.29          22704                79786.64  2523 .13g  .141o  28.4
   356  2.53 1  0  5308 2039:07:15 1647.333 35387.35          21482                79578.48  2528 .13g  .101o  18.9
   357  2.50 1  0  5311 2039:07:18 1771.882 33949.06          19160                79366.53  2534 .13g  .081o  26.8
   358  3.07 2  0  5314 2039:07:21 2316.556 33459.67          14444                79094.15  2542 .13g  .151o  41.6
   359  2.04 1  0  5316 2039:07:23 3135.893 32865.85          10481                78906.33  2548 .13g  .091o  30.2
   360  2.25 1  0  5318 2039:07:25 4013.759 32320.95           8053                78690.67  2554 .13g  .079o  27.7

                                    I M E X   T I M E   S T E P   S U M M A R Y
 ==================================================================================================================
    Time Step           Time                  Total Production             Total Injection  Total Max. Max. Change
 ---------------- ---------------- -------------------------------------- -----------------  PV   Mat. ------------
                C                    Oil      Gas     Water   GOR.  Wat.    Gas     Water   Avg.  bal. Satur. Pres.
        Size    U                                             SCF/   Cut                    Pres. err. DSMAX  DPMAX
  No.   Days IT T Days   yy:mm:dd   STB/D    MCF/D    STB/D    STB    %    MCF/D    STB/D   psia   %          psia
 ------ ---- -- - ----- ---------- -------- -------- -------- ----- ----- -------- -------- ----- ---- ------ -----
   361  2.85 1  0  5321 2039:07:28 4806.545 31996.28           6657                78403.17  2562 .13g  .093o  28.4
   362  2.06 1  0  5323 2039:07:30 5306.538 31822.76           5997                78187.54  2568 .13g  .060o  18.0
   363  2.06 1  0  5325 2039:08:01 5612.841 31524.36           5616                77964.78  2574 .13g  .060o  13.6
   364w 3.41 2  0  5328 2039:08:04 5990.398 31258.23           5218                77580.76  2584 .13g  .111o  18.2
   365  3.09 1  0  5332 2039:08:08 6223.793 31158.59           5006                77223.97  2594 .13g  .117o  15.7
   366  2.65 1  0  5334 2039:08:10 6362.843 30458.49           4787                76913.13  2602 .13g  .093o  19.2
   367  2.86 1  0  5337 2039:08:13 6503.011 29829.91           4587                76573.86  2611 .13g  .094o  19.4
   368  3.03 2  0  5340 2039:08:16 6638.803 29116.08           4386                76210.36  2620 .13g  .119o  19.9
   369  2.56 1  0  5343 2039:08:19 6753.985 28570.89           4230                75899.94  2629 .13g  .104o  22.1
   370  2.47 1  0  5345 2039:08:21 6883.684 28017.66           4070                75596.92  2637 .13g  .089o  23.9
   371  2.77 2  0  5348 2039:08:24 7098.001 26606.08           3748                75251.04  2646 .13g  .124o  26.3
   372  2.23 1  0  5350 2039:08:26 7326.740 25524.71           3484                74965.64  2654 .13g  .112o  23.0
   373  2.00 1  0  5352 2039:08:28 7634.255 22916.57           3002                74704.78  2662 .13g  .082o  31.7
   374  1.97 1  0  5354 2039:08:30 8309.533 22175.42           2669                74442.26  2669 .13g  .110o  32.7
   375  .983 1  0  5355 2039:08:31 8982.351 21804.93           2428                74309.28  2673 .13g  .056o  18.3
   376  .983 1  0  5356 2039:09:01 9960.585 21387.68           2147                74174.28  2677 .13g  .051o  19.4
   377w 1.93 1  0  5358 2039:09:03 12029.74 20456.78           1701                73899.60  2685 .13g  .070o  30.1
   378  2.74 1  0  5361 2039:09:06 14293.31 20792.04           1455                73488.36  2697 .13g  .096o  35.8
   379  2.86 1  0  5364 2039:09:09 15944.03 21199.05           1330                73037.73  2710 .13g  .090o  30.4
   380  3.18 2  0  5367 2039:09:12 17111.58 21386.05           1250                72516.74  2724 .13g  .110o  26.5

                                    I M E X   T I M E   S T E P   S U M M A R Y
 ==================================================================================================================
    Time Step           Time                  Total Production             Total Injection  Total Max. Max. Change
 ---------------- ---------------- -------------------------------------- -----------------  PV   Mat. ------------
                C                    Oil      Gas     Water   GOR.  Wat.    Gas     Water   Avg.  bal. Satur. Pres.
        Size    U                                             SCF/   Cut                    Pres. err. DSMAX  DPMAX
  No.   Days IT T Days   yy:mm:dd   STB/D    MCF/D    STB/D    STB    %    MCF/D    STB/D   psia   %          psia
 ------ ---- -- - ----- ---------- -------- -------- -------- ----- ----- -------- -------- ----- ---- ------ -----
   381  2.89 1  0  5370 2039:09:15 17851.37 21615.66           1211                72031.68  2737 .13g  .115o  19.6
   382  2.52 1  0  5372 2039:09:17 18348.95 21659.44           1180                71605.71  2748 .13g  .099o  15.7
   383  2.54 1  0  5375 2039:09:20 18768.62 21778.81           1160                71176.43  2759 .13g  .089o  17.8
   384  2.86 2  0  5378 2039:09:23 19171.53 21455.70           1119                70696.26  2770 .13g  .123o  24.0
   385  2.32 1  0  5380 2039:09:25 19474.79 21401.54           1099                70310.29  2780 .13g  .117o  23.1
   386  1.98 1  0  5382 2039:09:27 19728.23 21268.63           1078                69984.02  2788 .13g  .082o  20.4
   387  2.09 2  0  5384 2039:09:29 20006.44 20944.47           1047                69643.19  2797 .13g  .096o  23.1
   388  2.09 2  0  5386 2039:10:01 20314.76 20548.18           1011                69305.32  2805 .13g  .105o  26.2
   389w 1.99 1  0  5388 2039:10:03 20627.24 19862.53          962.9                68985.25  2813 .13g  .095o  29.5
   390  2.10 1  0  5390 2039:10:05 21039.01 18254.92          867.7                68649.87  2822 .13g  .114o  32.9
   391  1.84 2  0  5392 2039:10:07 21903.75 18889.72          862.4                68357.77  2829 .13g  .114o  40.9
   392  1.61 1  0  5394 2039:10:09 23072.11 18229.69          790.1                68101.95  2836 .13g  .090o  33.5
   393  1.80 1  0  5395 2039:10:10 24407.40 18332.86          751.1                67816.54  2844 .13g  .052o  35.8
   394  3.49 1  0  5399 2039:10:14 26080.16 18704.89          717.2                67261.39  2858 .14g  .044o  50.0
   395  7.91 1  0  5407 2039:10:22 27910.69 19620.74          703.0                66042.68  2888 .14g  .033o  58.5
   396  10.3 1  0  5417 2039:11:01 29584.35 20718.61          700.3                64594.50  2922 .14g -.021o  52.0
   397w 30.0 1  0  5447 2039:12:01 32375.47 22591.39          697.8                61535.07  2993 .14g  .069w  86.6
   398w 31.0 1  0  5478 2040:01:01 34339.45 23862.94          694.9                59316.28  3044 .14g  .078w -63.7
   399w 31.0 1  0  5509 2040:02:01 35711.27 24742.85          692.9                57774.60  3080 .14g -.080o  39.9
   400w 29.0 1  0  5538 2040:03:01 36611.08 25328.84          691.8                56756.73  3104 .14g -.073o  26.3

                                    I M E X   T I M E   S T E P   S U M M A R Y
 ==================================================================================================================
    Time Step           Time                  Total Production             Total Injection  Total Max. Max. Change
 ---------------- ---------------- -------------------------------------- -----------------  PV   Mat. ------------
                C                    Oil      Gas     Water   GOR.  Wat.    Gas     Water   Avg.  bal. Satur. Pres.
        Size    U                                             SCF/   Cut                    Pres. err. DSMAX  DPMAX
  No.   Days IT T Days   yy:mm:dd   STB/D    MCF/D    STB/D    STB    %    MCF/D    STB/D   psia   %          psia
 ------ ---- -- - ----- ---------- -------- -------- -------- ----- ----- -------- -------- ----- ---- ------ -----
   401w 31.0 1  0  5569 2040:04:01 37277.80 25769.39          691.3                56009.20  3121 .14g -.086o  21.7
   402w 30.0 1  0  5599 2040:05:01 37744.12 26068.40          690.7                55506.72  3133 .14g  .085w  14.7
   403w 31.0 1  0  5630 2040:06:01 38078.40 26294.66          690.5                55156.06  3142 .14g  .082w  12.6
   404w 30.0 1  0  5660 2040:07:01 38279.08 26431.27          690.5                54923.88  3148 .14g -.088o  10.3
   405w 31.0 1  0  5691 2040:08:01 38468.81 26537.75          689.9                54762.72  3153 .14g  .104w -9.18
   406w 31.0 2  0  5722 2040:09:01 38585.56 26616.59          689.8                54659.09  3156 .14g -.088o -12.7
   407w 30.0 1  0  5752 2040:10:01 38649.47 26663.51          689.9                54589.66  3158 .14g -.092o -11.5
   408w 31.0 2  0  5783 2040:11:01 38660.34 26679.13          690.1                54535.89  3160 .14g -.076o  8.22
   409w 30.0 3  0  5813 2040:12:01 38462.01 26560.78 174.5514 690.6 .4518          54482.10  3162 .15g  .078w  8.88
   410w 31.0 1  0  5844 2041:01:01 37702.50 26077.22 671.7011 691.7 1.750          54371.15  3166 .15g -.081o  25.1
   411w 31.0 2  0  5875 2041:02:01 36240.64 25147.33 2141.987 693.9 5.581          54187.59  3172 .15g -.075o  22.5
   412w 28.0 1  0  5903 2041:03:01 34282.84 23893.53 3933.920 697.0 10.29          53922.47  3180 .15g -.069o  25.3
   413w 31.0 2  0  5934 2041:04:01 32224.08 22551.89 6752.223 699.8 17.32          53616.24  3189 .15g -.093o  30.1
   414w 30.0 1  0  5964 2041:05:01 30408.06 21362.84 9022.492 702.5 22.88          53325.41  3197 .15g -.063o  25.6
   415w 31.0 1  0  5995 2041:06:01 29334.29 20653.01 11535.69 704.1 28.23          53109.98  3203 .15g -.038o -25.8
   416w 30.0 1  0  6025 2041:07:01 28329.62 19969.57 12790.41 704.9 31.11          53018.00  3205 .15g -.039o -31.4
   417w 31.0 1  0  6056 2041:08:01 27757.81 19580.74 14005.73 705.4 33.54          53012.12  3206 .15g -.042o -22.2
   418w 31.0 1  0  6087 2041:09:01 27209.38 19206.49 15061.83 705.9 35.63          53072.44  3205 .15g -.039o -16.1
   419w 30.0 1  0  6117 2041:10:01 26784.83 18916.08 16078.73 706.2 37.51          53166.60  3203 .15g -.036o -11.6
   420w 31.0 1  0  6148 2041:11:01 26350.87 18617.64 16882.12 706.5 39.05          53309.25  3200 .15g -.042o -10.2

                                    I M E X   T I M E   S T E P   S U M M A R Y
 ==================================================================================================================
    Time Step           Time                  Total Production             Total Injection  Total Max. Max. Change
 ---------------- ---------------- -------------------------------------- -----------------  PV   Mat. ------------
                C                    Oil      Gas     Water   GOR.  Wat.    Gas     Water   Avg.  bal. Satur. Pres.
        Size    U                                             SCF/   Cut                    Pres. err. DSMAX  DPMAX
  No.   Days IT T Days   yy:mm:dd   STB/D    MCF/D    STB/D    STB    %    MCF/D    STB/D   psia   %          psia
 ------ ---- -- - ----- ---------- -------- -------- -------- ----- ----- -------- -------- ----- ---- ------ -----
   421w 30.0 1  0  6178 2041:12:01 26003.15 18378.27 17678.54 706.8 40.47          53467.97  3197 .15g  .042w -8.26
   422w 31.0 1  0  6209 2042:01:01 25651.39 18135.07 18369.15 707.0 41.73          53648.57  3193 .15g -.042o -6.10
   423w 31.0 1  0  6240 2042:02:01 25327.59 17911.28 19051.53 707.2 42.93          53839.42  3189 .15g  .039w -4.91
   424w 28.0 1  0  6268 2042:03:01 25054.90 17722.49 19615.79 707.3 43.91          54015.14  3185 .15g -.036o -4.28
   425w 31.0 1  0  6299 2042:04:01 24760.60 17518.36 20231.11 707.5 44.97          54211.52  3181 .15g -.046o -4.75
   426w 30.0 1  0  6329 2042:05:01 24488.13 17329.07 20789.17 707.7 45.92          54400.39  3177 .16g -.040o -4.42
   427w 31.0 1  0  6360 2042:06:01 24218.78 17141.53 21345.83 707.8 46.85          54593.41  3173 .16g -.040o -4.60
   428w 30.0 1  0  6390 2042:07:01 23971.69 16968.95 21855.48 707.9 47.69          54777.84  3169 .16g -.044o -4.26
   429w 31.0 1  0  6421 2042:08:01 23729.08 16798.84 22367.21 707.9 48.52          54965.77  3166 .16g -.048o -4.77
   430w 31.0 1  0  6452 2042:09:01 23506.48 16641.98 22848.27 708.0 49.29          55150.00  3162 .16g -.043o -4.40
   431w 30.0 1  0  6482 2042:10:01 23307.61 16500.92 23277.34 708.0 49.97          55326.53  3158 .16g -.039o -4.43
   432w 31.0 1  0  6513 2042:11:01 23102.58 16355.16 23762.11 707.9 50.70          55509.76  3154 .16g  .044w -4.64
   433w 30.0 1  0  6543 2042:12:01 22915.78 16221.82 24199.58 707.9 51.36          55686.36  3151 .16g -.045o -4.28
   434w 31.0 1  0  6574 2043:01:01 22734.02 16091.40 24622.01 707.8 51.99          55868.94  3147 .16g -.044o -4.60
   435w 31.0 1  0  6605 2043:02:01 22554.73 15962.59 25059.63 707.7 52.63          56048.80  3143 .16g  .046w -4.40
   436w 28.0 1  0  6633 2043:03:01 22396.54 15848.74 25441.63 707.6 53.18          56211.19  3140 .16g -.044o -3.92
   437w 31.0 1  0  6664 2043:04:01 22224.70 15724.87 25851.20 707.5 53.77          56389.08  3136 .16g  .046w -4.39
   438w 30.0 1  0  6694 2043:05:01 22067.92 15611.40 26226.97 707.4 54.31          56559.20  3133 .16g -.045o -4.01
   439w 31.0 1  0  6725 2043:06:01 21912.32 15498.33 26599.81 707.3 54.83          56731.46  3129 .16g -.045o -4.25
   440w 30.0 1  0  6755 2043:07:01 21766.67 15392.18 26952.73 707.1 55.32          56895.15  3126 .16g  .046w -3.75

                                    I M E X   T I M E   S T E P   S U M M A R Y
 ==================================================================================================================
    Time Step           Time                  Total Production             Total Injection  Total Max. Max. Change
 ---------------- ---------------- -------------------------------------- -----------------  PV   Mat. ------------
                C                    Oil      Gas     Water   GOR.  Wat.    Gas     Water   Avg.  bal. Satur. Pres.
        Size    U                                             SCF/   Cut                    Pres. err. DSMAX  DPMAX
  No.   Days IT T Days   yy:mm:dd   STB/D    MCF/D    STB/D    STB    %    MCF/D    STB/D   psia   %          psia
 ------ ---- -- - ----- ---------- -------- -------- -------- ----- ----- -------- -------- ----- ---- ------ -----
   441w 31.0 1  0  6786 2043:08:01 21618.96 15284.28 27311.24 707.0 55.82          57061.19  3123 .16g -.048o -3.90
   442w 31.0 1  0  6817 2043:09:01 21480.78 15182.79 27649.26 706.8 56.28          57224.09  3119 .16g -.051o -3.86
   443w 30.0 1  0  6847 2043:10:01 21350.92 15087.12 27972.00 706.6 56.71          57378.52  3116 .16g  .044w -3.51
   444w 31.0 1  0  6878 2043:11:01 21219.65 14990.16 28295.86 706.4 57.15          57534.18  3113 .16g -.045o -3.59
   445w 30.0 1  0  6908 2043:12:01 21096.65 14899.00 28604.54 706.2 57.55          57682.58  3110 .16g -.045o -3.30
   446w 31.0 1  0  6939 2044:01:01 20973.39 14807.41 28913.44 706.0 57.96          57832.30  3107 .17g  .047w -3.42
   447w 31.0 1  0  6970 2044:02:01 20855.49 14719.45 29208.31 705.8 58.34          57978.93  3104 .17g -.049o -3.17
   448w 29.0 1  0  6999 2044:03:01 20748.89 14639.64 29475.71 705.6 58.69          58112.91  3102 .17g -.048o -3.04
   449w 31.0 1  0  7030 2044:04:01 20641.31 14558.72 29750.13 705.3 59.04          58252.22  3099 .17g  .045w -3.16
   450w 30.0 1  0  7060 2044:05:01 20539.51 14481.94 30005.91 705.1 59.36          58384.07  3097 .17g -.044o -2.89
   451w 31.0 1  0  7091 2044:06:01 20437.89 14404.96 30261.11 704.8 59.69          58515.50  3094 .17g -.049o -3.28
   452w 30.0 1  0  7121 2044:07:01 20344.40 14333.86 30493.81 704.6 59.98          58638.74  3092 .17g  .044w -2.68
   453w 31.0 1  0  7152 2044:08:01 20251.29 14262.84 30728.72 704.3 60.28          58761.52  3089 .17g -.052o -2.97
   454w 31.0 1  0  7183 2044:09:01 20167.18 14198.00 30949.97 704.0 60.55          58879.78  3087 .17g  .050w -2.55
   455w 30.0 1  0  7213 2044:10:01 20085.80 14135.34 31162.83 703.7 60.81          58990.34  3085 .17g -.041o -2.43
   456w 31.0 1  0  7244 2044:11:01 20006.41 14073.91 31375.01 703.5 61.06          59102.47  3083 .17g  .045w -2.56
   457w 30.0 1  0  7274 2044:12:01 19917.04 14006.10 31576.82 703.2 61.32          59206.38  3081 .17g -.046o -2.37
   458w 31.0 1  0  7305 2045:01:01 19713.58 13858.65 31891.93 703.0 61.80          59307.05  3079 .17g  .051w -2.41

 ===================== SUMMARY (from subroutine: TSIO)   ======================
  Simulation run terminated. Stopping time reached.
    
     1 Warning messages.    0 Error messages.
 ==============================================================================



                          Global Storage Usage
                          ====================

             Section           Bytes          Mbytes   # Objects
        ------------    ------------    ------------   ---------
              MXSLVR        12626552          12.042          98
              GRMOD0         5450008           5.198         482
               IMEX1         2781236           2.652         588
               IMEX2         2516066           2.400         693
              MXGR01         1280040           1.221          18
               IMEX3         1015618           0.969         249
              GRMOD1          871456           0.831         151
               POINT          637840           0.608          96
             MXSLVR1          344424           0.328          14
              CMPDIL          150112           0.143          25
               PRTCM          142560           0.136          17
              SECTOR           60064           0.057          13
              WMCOM1           58763           0.056         982
              KWCOM1           34735           0.033          52
              EQTPAR           29876           0.028          69
              SR2COM           22036           0.021          92
              MXWELL           20796           0.020         262
           GLOBSTORE            7478           0.007          27
              MXINIT            6244           0.006          23
               SAMG1            1873           0.002         255
              PGMCH1            1794           0.002         319
             CMGFILE            1206           0.001          19
                FLXB            1156           0.001          27
                CMB1             600           0.001          68
           PGSCOMMON             476           0.000          64
                 MTS             340           0.000          18
           PGPARASOL             296           0.000          65
              SGCOM2             216           0.000          54
              SGCOM1             180           0.000          44
              GRMOD2             156           0.000          38
              WMCOM3              92           0.000           4
              WMCOM2              76           0.000          15
              WMCOM5              52           0.000          13
              SGCOM3              32           0.000           8
        PGMATDOMAINS              16           0.000           4
              WMCOM7               8           0.000           2
              DEPTAB               8           0.000           2
              SGCOM4               4           0.000           1
            PGSINT3D               0           0.000           0
              MXPRSL               0           0.000           0
        ------------    ------------    ------------   ---------
               Total        28064485          26.764        4971

       Field Total                                   Fluid
                             Oil       Gas       Water    Solvent   Polymer    Salt
                            -------   -------   -------   -------   -------   -------
                            (MSTB)    (MMSCF)   (MSTB)    (MMSCF)    (MLB)     (MLB)
  Cumulative Production       76145    279843     33541     NA        NA        NA   
  Cumulative Injection        NA         0       229263     NA        NA        NA   
  Cumulative Gas Lift         NA         0        NA        NA        NA        NA   
  Cumulative Aquifer Influx   NA        NA         0        NA        NA        NA   
  Current Fluids In Place    188878    128862    259136     NA        NA        NA   
  Production Rates           19.714    13.859    31.892     NA        NA        NA   
  Injection Rates             NA         0       59.307     NA        NA        NA   

  Timesteps:    458  Newton Cycles:      521  Cuts:      5  Solver Iterations:         7840
  Average Implicitness    : 0.946
  Fluid Component Model   : BLACKOIL (SINGLE-P)
  Material Balances (owg): 1.001 1.000 1.002
  Average Active Blocks:        7500 Average Non-BHP Active Wells:     0
  Total Blocks :        7500 Total Wells :     5
  Active Blocks:        7500 Non-BHP Active Wells:     0
  Time at end of simulation:   7305.00     (days)   
  Average reservoir pressure excluding water zone: 3079.375 (psi)    
  Total Number of Solver Failures:       0  Stalls:       0  ITERMAX Reached:       0
  Jacobian Domains      1  
  Total lstpro/lstpar calls:     2  (    7)
  Linear Solver: Aimsol
  Preconditioner Ordering: REDBLACK
  Preconditioner Degree           1
  KMP_AFFINITY: Default
  OMP_SCHEDULE: Default
  Max Impl Blocks:     7500  %Impl:100.0%  (TS,CUT,NCYC): (    26, 0,  2 )
  Max Solver Iterations (TS,CUT,NCYC):      28 (    21, 0,  2 )
  Number of threads set:    1
  Total number of cpus:    4
  Memory Usage Peak:       95 MB on TS:   225 TS 1 Peak:       58 MB  Average:       90 MB  VM Size:      107 MB
  Host computer: IKIEARTH
  CPU Time:            32.38 seconds
  Elapsed Time:        35.09 seconds

  End of Simulation: Normal Termination

  Date and Time of End of Run:  May  7, 2025  00:51:41

