    Opened LOG FILE         on unit 10, filename is 'D:\TA MANDIRI\SKENARIO CMG\A3G2C.log'
 ********************************************************************************
 *                                                                              *
 *                                IMEX  2021.10                                 *
 *            Adaptive-Implicit Black Oil & Unconventional Simulator            *
 *                         General Release for Win x64                          *
 *                            2021-Nov-16   12:35:59                            *
 *                                                                              *
 *                          (c) Copyright 1977 - 2021                           *
 *                Computer Modelling Group Ltd., Calgary, Canada                *
 *                             All Rights Reserved                              *
 *                                                                              *
 ********************************************************************************


 Command-line Arguments:  -dimsum
                          -wd D:\TA MANDIRI\SKENARIO CMG
                          -log
                          -f D:\TA MANDIRI\SKENARIO CMG\A3G2C.dat

  Date and Time of Start of Run:  May  7, 2025  00:58:57


*** Input/Output files specification :
    Opened data file        on unit 11, filename is 'D:\TA MANDIRI\SKENARIO CMG\A3G2C.dat'
    Opened Scratch file     on unit 12
    Opened Scratch file     on unit 13
    Opened output file      on unit 14, filename is 'D:\TA MANDIRI\SKENARIO CMG\A3G2C.out'
    Opened SR3-OUT          on unit 15, filename is 'D:\TA MANDIRI\SKENARIO CMG\A3G2C.sr3'
    Opened Restart-SR3      on unit 16, filename is 'D:\TA MANDIRI\SKENARIO CMG\A3G2C.rstr.sr3'
    Opened GRID scratchfile on unit 17

 ===================== WARNING (from subroutine: INCOMP) ======================
  P/Z Output is disabled as Temperatures were not defined for all PVT Regions
  Please review the *TRES Keyword
  Line: 81   File Name: D:\TA MANDIRI\SKENARIO CMG\A3G2C.dat
 ==============================================================================


 ===================== SUMMARY (from subroutine: INDATA) ======================
  Reading of initial data is complete.
  Simulation will stop if there were error messages.
     1 Warning messages.    0 Error messages.
 ==============================================================================



                          Global Storage Usage
                          ====================

             Section           Bytes          Mbytes   # Objects
        ------------    ------------    ------------   ---------
              MXSLVR         7972048           7.603          98
              GRMOD0         7857584           7.494         482
               IMEX1         4006292           3.821         588
               IMEX2         3611666           3.444         693
              MXGR01         1844632           1.759          18
               IMEX3         1457818           1.390         249
              GRMOD1         1254256           1.196         151
               POINT          919384           0.877          96
             MXSLVR1          497456           0.474          14
              CMPDIL          216112           0.206          25
               PRTCM          205260           0.196          17
              SECTOR           86464           0.082          13
              WMCOM1           58763           0.056         982
              KWCOM1           34735           0.033          52
              EQTPAR           29876           0.028          69
              SR2COM           22036           0.021          92
              MXWELL           20796           0.020         262
           GLOBSTORE            7478           0.007          27
              MXINIT            6244           0.006          23
               SAMG1            1873           0.002         255
              PGMCH1            1794           0.002         319
             CMGFILE            1206           0.001          19
                FLXB            1156           0.001          27
                CMB1             600           0.001          68
           PGSCOMMON             476           0.000          64
                 MTS             340           0.000          18
           PGPARASOL             296           0.000          65
              SGCOM2             216           0.000          54
              SGCOM1             180           0.000          44
              GRMOD2             156           0.000          38
              WMCOM3              92           0.000           4
              WMCOM2              76           0.000          15
              WMCOM5              52           0.000          13
              SGCOM3              32           0.000           8
        PGMATDOMAINS              16           0.000           4
              WMCOM7               8           0.000           2
              DEPTAB               8           0.000           2
              SGCOM4               4           0.000           1
            PGSINT3D               0           0.000           0
              MXPRSL               0           0.000           0
        ------------    ------------    ------------   ---------
               Total        30117481          28.722        4971
            Maximium        33194505          31.657

                                    I M E X   T I M E   S T E P   S U M M A R Y
 ==================================================================================================================
    Time Step           Time                  Total Production             Total Injection  Total Max. Max. Change
 ---------------- ---------------- -------------------------------------- -----------------  PV   Mat. ------------
                C                    Oil      Gas     Water   GOR.  Wat.    Gas     Water   Avg.  bal. Satur. Pres.
        Size    U                                             SCF/   Cut                    Pres. err. DSMAX  DPMAX
  No.   Days IT T Days   yy:mm:dd   STB/D    MCF/D    STB/D    STB    %    MCF/D    STB/D   psia   %          psia
 ------ ---- -- - ----- ---------- -------- -------- -------- ----- ----- -------- -------- ----- ---- ------ -----
     1w .097 2  3 .0969 2025:01:01 257002.3 554177.2           2156                          4794 e-3g -.106o  -668
     2  .063 1  0 .1599 2025:01:01 197488.9 484486.3           2453                          4793 e-3g -.033o  -304
     3  .090 1  0 .2501 2025:01:01 165958.7 424152.4           2556                          4792 e-3g -.022o  -229
     4  .171 1  0 .4213 2025:01:01 146759.5 369823.2           2520                          4790 e-3g -.021o  -196
     5  .379 1  0 .8006 2025:01:02 130873.3 308381.1           2356                          4787 e-3g -.021o  -188
     6  .878 1  0 1.679 2025:01:03 119736.4 263580.5           2201                          4780 e-3g -.021o  -190
     7  2.02 1  0 3.695 2025:01:05 108748.9 224322.7           2063                          4765 e-3g -.022o  -185
     8  4.74 1  0 8.435 2025:01:09 99279.74 196023.0           1974                          4734 .01g -.021o  -178
     9  11.3 2  0 19.72 2025:01:21 89742.91 174749.6           1947                          4670 .01g -.021o  -168
    10  11.3 2  0 31.00 2025:02:01 83857.12 166072.9           1980                          4611 .01g -.023o -99.4
    11w 28.0 3  0 59.00 2025:03:01 74323.90 161429.1           2172                          4478 .01g -.041o  -155
    12w 31.0 3  0 90.00 2025:04:01 65984.75 163310.3           2475                          4345 .01g -.055o  -139
    13w 30.0 4  0 120.0 2025:05:01 57592.78 173038.1           3005                          4224 .01g -.060o  -125
    14w 31.0 2  0 151.0 2025:06:01 49977.49 192083.5           3843                          4100 e-3g -.067o  -128
    15w 30.0 2  0 181.0 2025:07:01 43638.23 219944.9           5040                          3976 .01g -.059o  -130
    16w 31.0 2  0 212.0 2025:08:01 38151.96 253122.0           6635                          3839 .01g -.055o  -147
    17w 31.0 2  0 243.0 2025:09:01 33747.03 285372.0           8456                          3696 e-3g -.046o  -157
    18w 30.0 2  0 273.0 2025:10:01 30281.55 315323.9          10413                          3551 .01g -.035o  -158
    19w 31.0 2  0 304.0 2025:11:01 26863.67 327227.8          12181                          3405 .01g -.031o  -161
    20w 30.0 2  0 334.0 2025:12:01 23833.97 324363.2          13609                          3271 .01g -.024o  -146

                                    I M E X   T I M E   S T E P   S U M M A R Y
 ==================================================================================================================
    Time Step           Time                  Total Production             Total Injection  Total Max. Max. Change
 ---------------- ---------------- -------------------------------------- -----------------  PV   Mat. ------------
                C                    Oil      Gas     Water   GOR.  Wat.    Gas     Water   Avg.  bal. Satur. Pres.
        Size    U                                             SCF/   Cut                    Pres. err. DSMAX  DPMAX
  No.   Days IT T Days   yy:mm:dd   STB/D    MCF/D    STB/D    STB    %    MCF/D    STB/D   psia   %          psia
 ------ ---- -- - ----- ---------- -------- -------- -------- ----- ----- -------- -------- ----- ---- ------ -----
    21w 31.0 2  0 365.0 2026:01:01 21063.13 310833.0          14757                          3143 .01g -.021o  -139
    22w 31.0 2  0 396.0 2026:02:01 18588.56 302793.3          16289                          3022 .01g -.021o  -130
    23w 28.0 2  0 424.0 2026:03:01 16484.59 289952.9          17589                          2915 .01g -.019o  -114
    24w 31.0 1  0 455.0 2026:04:01 14320.33 270208.3          18869                          2802 .08g -.020o  -123
    25w 30.0 2  0 485.0 2026:05:01 12486.06 249067.7          19948                          2707 .08g -.020o  -103
    26w 31.0 2  0 516.0 2026:06:01 10825.90 226413.0          20914                          2619 .08g -.017o -94.3
    27w 30.0 1  0 546.0 2026:07:01 9388.202 202823.5          21604                          2543 .12g -.015o -81.8
    28w 31.0 1  0 577.0 2026:08:01 8122.020 179209.1          22065                          2475 .09g -.014o -73.2
    29w 31.0 1  0 608.0 2026:09:01 6989.784 157016.4          22464                          2411 .11g -.013o -68.8
    30w 30.0 1  0 638.0 2026:10:01 6047.569 137840.6          22793                          2358 .13g -.011o -57.9
    31w 31.0 1  0 669.0 2026:11:01 5216.205 120392.7          23081                          2310 .14g -.010o -51.4
    32w 30.0 1  0 699.0 2026:12:01 4526.761 105550.3          23317                          2271 .15g -.009o -42.9
    33w 31.0 1  0 730.0 2027:01:01 3917.669 92092.40          23507                          2235 .16g -.009o -38.3
    34w 31.0 1  0 761.0 2027:02:01 3395.128 80368.88          23672                          2204 .16g -.008o -33.1
    35w 28.0 1  0 789.0 2027:03:01 2984.056 70995.16          23791                          2180 .17g -.006o -26.3
    36w 31.0 1  0 820.0 2027:04:01 2593.066 61913.98          23877                          2157 .17g -.006o -25.2
    37w 30.0 1  0 850.0 2027:05:01 2265.140 54195.55          23926                          2137 .18g -.005o -21.3
    38w 31.0 1  0 881.0 2027:06:01 1972.329 47220.34          23941                          2120 .18g -.005o -19.1
    39w 30.0 1  0 911.0 2027:07:01 1726.324 41300.43          23924                          2105 .18g -.004o -16.1
    40w 31.0 1  0 942.0 2027:08:01 1506.431 35957.86          23870                          2091 .18g -.004o -14.4

                                    I M E X   T I M E   S T E P   S U M M A R Y
 ==================================================================================================================
    Time Step           Time                  Total Production             Total Injection  Total Max. Max. Change
 ---------------- ---------------- -------------------------------------- -----------------  PV   Mat. ------------
                C                    Oil      Gas     Water   GOR.  Wat.    Gas     Water   Avg.  bal. Satur. Pres.
        Size    U                                             SCF/   Cut                    Pres. err. DSMAX  DPMAX
  No.   Days IT T Days   yy:mm:dd   STB/D    MCF/D    STB/D    STB    %    MCF/D    STB/D   psia   %          psia
 ------ ---- -- - ----- ---------- -------- -------- -------- ----- ----- -------- -------- ----- ---- ------ -----
    41w 31.0 1  0 973.0 2027:09:01 1316.124 31295.76          23779                          2080 .19g -.004o -12.5
    42w 30.0 1  0  1003 2027:10:01 1155.995 27344.16          23654                          2070 .19g -.003o -10.6
    43w 31.0 1  0  1034 2027:11:01 1012.686 23782.87          23485                          2061 .19g -.003o -9.49
    44w 30.0 1  0  1064 2027:12:01 892.0095 20767.44          23282                          2054 .19g -.003o -8.01
    45w 31.0 1  0  1095 2028:01:01 783.8950 18049.89          23026                          2048 .19g -.003o -7.18
    46w 31.0 1  0  1126 2028:02:01 690.1931 15683.36          22723                          2042 .19g -.003o -6.24
    47w 29.0 1  0  1155 2028:03:01 613.5800 13739.89          22393                          2037 .19g -.003o -5.11
    48w 31.0 1  0  1186 2028:04:01 542.6193 11930.90          21988                          2033 .19g -.003o -4.75
    49w 30.0 1  0  1216 2028:05:01 482.8431 10401.75          21543                          2029 .19g -.002o -4.00
    50w 31.0 1  0  1247 2028:06:01 429.3014 9025.683          21024                          2026 .19g -.002o -3.59
    51w 30.0 1  0  1277 2028:07:01 384.3086 7864.369          20464                          2023 .19g -.002o -3.03
    52w 31.0 1  0  1308 2028:08:01 343.9809 6820.802          19829                          2021 .19g -.002o -2.72
    53w 31.0 1  0  1339 2028:09:01 308.9680 5913.063          19138                          2019 .19g -.002o -2.36
    54w 30.0 1  0  1369 2028:10:01 279.2742 5141.516          18410                          2017 .19g -.002o -2.00
    55w 31.0 1  0  1400 2028:11:01 252.5327 4446.952          17609                          2015 .19g -.002o -1.81
    56w 30.0 1  0  1430 2028:12:01 230.0436 3861.585          16786                          2014 .19g -.002o -1.52
    57w 31.0 1  0  1461 2029:01:01 209.9098 3337.195          15898                          2012 .19g -.002o -1.36
    58w 31.0 1  0  1492 2029:02:01 192.4845 2882.779          14977                          2011 .19g -.002o -1.18
    59w 28.0 1  0  1520 2029:03:01 178.6845 2522.419          14117                          2011 .19g -.001o -.931
    60w 31.0 1  0  1551 2029:04:01 165.4672 2176.100          13151                          2010 .19g -.002o -.893

                                    I M E X   T I M E   S T E P   S U M M A R Y
 ==================================================================================================================
    Time Step           Time                  Total Production             Total Injection  Total Max. Max. Change
 ---------------- ---------------- -------------------------------------- -----------------  PV   Mat. ------------
                C                    Oil      Gas     Water   GOR.  Wat.    Gas     Water   Avg.  bal. Satur. Pres.
        Size    U                                             SCF/   Cut                    Pres. err. DSMAX  DPMAX
  No.   Days IT T Days   yy:mm:dd   STB/D    MCF/D    STB/D    STB    %    MCF/D    STB/D   psia   %          psia
 ------ ---- -- - ----- ---------- -------- -------- -------- ----- ----- -------- -------- ----- ---- ------ -----
    61w 30.0 1  0  1581 2029:05:01 154.1723 1878.912          12187                          2009 .19g -.001o -.769
    62w 31.0 1  0  1612 2029:06:01 144.0471 1612.671          11195                          2008 .19g -.001o -.687
    63w 30.0 1  0  1642 2029:07:01 135.5571 1389.479          10250                          2008 .19g -.001o -.575
    64w 31.0 1  0  1673 2029:08:01 128.0047 1190.821           9303                          2007 .19g -.001o -.511
    65w 31.0 1  0  1704 2029:09:01 121.5047 1019.821           8393                          2007 .19g -.001o -.439
    66w 30.0 1  0  1734 2029:10:01 116.0666 876.7843           7554                          2007 .19g -.001o -.367
    67w 31.0 1  0  1765 2029:11:01 111.2304 749.6191           6739                          2006 .19g -.001o -.326
    68w 30.0 1  0  1795 2029:12:01 107.1828 643.3105           6002                          2006 .19g -.001o -.272
    69w 31.0 1  0  1826 2030:01:01 103.5812 548.8503           5299                          2006 .19g -.001o -.242
    70w 31.0 1  0  1857 2030:02:01 100.4789 467.7236           4655                          2006 .19g -.001o -.208
    71w 28.0 1  0  1885 2030:03:01 98.12467 403.7751           4115                          2006 .19g -9e-4o -.163
    72w 31.0 1  0  1916 2030:04:01 95.85046 342.9898           3578                          2006 .19g -.001o -.155
    73w 30.0 1  0  1946 2030:05:01 93.94677 292.2432           3111                          2005 .19g -9e-4o -.129
    74w 31.0 1  0  1977 2030:06:01 92.25320 247.2092           2680                          2005 .19g -.001o -.115
    75w 30.0 1  0  2007 2030:07:01 90.83456 209.6317           2308                          2005 .19g -9e-4o -.096
    76w 31.0 1  0  2038 2030:08:01 89.57059 176.3054           1968                          2005 .19g -9e-4o -.085
    77w 31.0 1  0  2069 2030:09:01 88.47942 147.7183           1670                          2005 .19g -9e-4o -.073
    78w 30.0 1  0  2099 2030:10:01 87.56271 123.8868           1415                          2005 .19g -9e-4o -.061
    79w 31.0 1  0  2130 2030:11:01 86.74288 102.7743           1185                          2005 .19g -9e-4o -.054
    80w 30.0 1  0  2160 2030:12:01 86.05196 85.18744          990.0                          2005 .19g -9e-4o -.045

                                    I M E X   T I M E   S T E P   S U M M A R Y
 ==================================================================================================================
    Time Step           Time                  Total Production             Total Injection  Total Max. Max. Change
 ---------------- ---------------- -------------------------------------- -----------------  PV   Mat. ------------
                C                    Oil      Gas     Water   GOR.  Wat.    Gas     Water   Avg.  bal. Satur. Pres.
        Size    U                                             SCF/   Cut                    Pres. err. DSMAX  DPMAX
  No.   Days IT T Days   yy:mm:dd   STB/D    MCF/D    STB/D    STB    %    MCF/D    STB/D   psia   %          psia
 ------ ---- -- - ----- ---------- -------- -------- -------- ----- ----- -------- -------- ----- ---- ------ -----
    81w 31.0 1  0  2191 2031:01:01 85.43169 69.61889          814.9                          2005 .19g -9e-4o -.039
    82w 31.0 1  0  2222 2031:02:01 84.54926 56.37511          666.8                          2005 .19g -9e-4o -.034
    83w 28.0 1  0  2250 2031:03:01 75.70175 48.02251          634.4                          2005 .19g -6e-4o -.026
    84w 31.0 1  0  2281 2031:04:01 64.53224 40.93598          634.3                          2005 .19g -.006g -.025
    85w 30.0 1  0  2311 2031:05:01 55.37375 35.12555          634.3                          2005 .19g -.009g -.021
    86w 31.0 1  0  2342 2031:06:01 47.64037 30.21937          634.3                          2005 .19g -.011g -.018
    87w 30.0 1  0  2372 2031:07:01 41.40261 26.26215          634.3                          2005 .19g -.011g -.016
    88w 31.0 1  0  2403 2031:08:01 36.15199 22.93123          634.3                          2005 .19g -.012g -.014
    89w 31.0 1  0  2434 2031:09:01 31.88670 20.22544          634.3                          2005 .19g -.012g -.012
    90w 30.0 1  0  2464 2031:10:01 29.55955 18.74909          634.3                          2005 .19g -.012g -.011
    91w 31.0 1  0  2495 2031:11:01 26.93674 17.08526          634.3                          2005 .19g -.011g -.010
    92w 30.0 1  0  2525 2031:12:01 25.33779 16.07095          634.3                          2005 .19g -.010g  .011
    93w 31.0 1  0  2556 2032:01:01 24.15214 15.31879          634.3                          2005 .19g -.010g -.009
    94w 31.0 1  0  2587 2032:02:01 23.33186 14.79840          634.3                          2005 .19g -.009g  .010
    95w 29.0 1  0  2616 2032:03:01 21.18033 13.43369          634.3                          2005 .19g -.008g  .010
    96w 31.0 1  0  2647 2032:04:01 20.22717 12.82907          634.2                          2005 .19g -.009g  .015
    97w 30.0 1  0  2677 2032:05:01 18.89929 11.98682          634.2                          2005 .19g -.010g  .017
    98w 31.0 1  0  2708 2032:06:01 17.67251 11.20870          634.2                          2005 .19g -.011g  .019
    99w 30.0 1  0  2738 2032:07:01 16.57662 10.51361          634.2                          2005 .19g -.011g  .019
   100w 31.0 1  0  2769 2032:08:01 15.58119  9.88225          634.2                          2005 .19g -.011g  .021

                                    I M E X   T I M E   S T E P   S U M M A R Y
 ==================================================================================================================
    Time Step           Time                  Total Production             Total Injection  Total Max. Max. Change
 ---------------- ---------------- -------------------------------------- -----------------  PV   Mat. ------------
                C                    Oil      Gas     Water   GOR.  Wat.    Gas     Water   Avg.  bal. Satur. Pres.
        Size    U                                             SCF/   Cut                    Pres. err. DSMAX  DPMAX
  No.   Days IT T Days   yy:mm:dd   STB/D    MCF/D    STB/D    STB    %    MCF/D    STB/D   psia   %          psia
 ------ ---- -- - ----- ---------- -------- -------- -------- ----- ----- -------- -------- ----- ---- ------ -----
   101w 31.0 1  0  2800 2032:09:01 14.66115 9.298721          634.2                          2005 .19g -.011g  .022
   102w 30.0 1  0  2830 2032:10:01 13.72931 8.707707          634.2                          2005 .19g -.011g  .023
   103w 31.0 1  0  2861 2032:11:01 12.93259 8.202510          634.3                          2005 .19g -.011g  .067
   104w 30.0 1  0  2891 2032:12:01 11.83148 7.504225          634.3                          2005 .19g -.010g  .060
   105w 31.0 1  0  2922 2033:01:01 10.81481 6.859481          634.3                          2005 .19g -.010g  .059
   106w 31.0 1  0  2953 2033:02:01  9.73616 6.175412          634.3                          2005 .19g -.010g  .059
   107w 28.0 1  0  2981 2033:03:01 8.498994 5.390782          634.3                          2005 .19g -.009g  .056
   108w 31.0 1  0  3012 2033:04:01 7.413472 4.702344          634.3                          2005 .19g -.010g  .073
   109w 30.0 1  0  3042 2033:05:01 5.944756 3.770816          634.3                          2005 .19g -.009g  .070
   110w 31.0 1  0  3073 2033:06:01 4.455339 2.826123          634.3                          2005 .19g  .009o  .071
   111w 30.0 1  0  3103 2033:07:01 1.170626 .7425712          634.3                          2005 .19g  .009o  .072
   112w 31.0 1  0  3134 2033:08:01                                                           2005 .19g  .009o  .073
   113w 31.0 1  0  3165 2033:09:01                                                           2005 .19g  .009o  .077
   114w 30.0 1  0  3195 2033:10:01                                                           2005 .19g -.008g  .094
   115w 31.0 1  0  3226 2033:11:01                                                           2005 .19g -.008g  .080
   116w 30.0 1  0  3256 2033:12:01                                                           2005 .19g -.007g  .079
   117w 31.0 1  0  3287 2034:01:01                                                           2005 .19g -.007g  .077
   118w 31.0 1  0  3318 2034:02:01                                                           2005 .19g -.007g  .078
   119w 28.0 1  0  3346 2034:03:01                                                           2005 .19g -.006g  .076
   120w 31.0 1  0  3377 2034:04:01                                                           2005 .19g -.006g  .072

                                    I M E X   T I M E   S T E P   S U M M A R Y
 ==================================================================================================================
    Time Step           Time                  Total Production             Total Injection  Total Max. Max. Change
 ---------------- ---------------- -------------------------------------- -----------------  PV   Mat. ------------
                C                    Oil      Gas     Water   GOR.  Wat.    Gas     Water   Avg.  bal. Satur. Pres.
        Size    U                                             SCF/   Cut                    Pres. err. DSMAX  DPMAX
  No.   Days IT T Days   yy:mm:dd   STB/D    MCF/D    STB/D    STB    %    MCF/D    STB/D   psia   %          psia
 ------ ---- -- - ----- ---------- -------- -------- -------- ----- ----- -------- -------- ----- ---- ------ -----
   121w 30.0 1  0  3407 2034:05:01                                                           2005 .19g -.006g  .077
   122w 31.0 1  0  3438 2034:06:01                                                           2005 .19g -.006o  .076
   123w 30.0 1  0  3468 2034:07:01                                                           2005 .19g -.006o  .078
   124w 31.0 1  0  3499 2034:08:01                                                           2005 .19g -.007o  .076
   125w 31.0 1  0  3530 2034:09:01                                                           2005 .19g -.008o  .078
   126w 30.0 1  0  3560 2034:10:01                                                           2005 .19g  .007g  .042
   127w 31.0 1  0  3591 2034:11:01                                                           2005 .19g -.008o  .043
   128w 30.0 1  0  3621 2034:12:01                                                           2005 .19g  .008g  .028
   129w 31.0 1  0  3652 2035:01:01                                                           2005 .19g  .007g -.005
   130w 31.0 1  0  3683 2035:02:01                                                           2005 .19g  .007g -.006
   131w 28.0 1  0  3711 2035:03:01                                                           2005 .19g  .005g -.005
   132w 31.0 1  0  3742 2035:04:01                                                           2005 .19g  .005g -.005
   133w 30.0 1  0  3772 2035:05:01                                                           2005 .19g  .005g -.005
   134w 31.0 1  0  3803 2035:06:01                                                           2005 .19g  .005g -.004
   135w 30.0 1  0  3833 2035:07:01                                                           2005 .19g  .004g -.004
   136w 31.0 1  0  3864 2035:08:01                                                           2005 .19g  .004g -.004
   137w 31.0 1  0  3895 2035:09:01                                                           2005 .19g  .004g -.003
   138w 30.0 1  0  3925 2035:10:01                                                           2005 .19g  .003g -.003
   139w 31.0 1  0  3956 2035:11:01                                                           2005 .19g  .003g -.003
   140w 30.0 1  0  3986 2035:12:01                                                           2005 .19g  .003g -.003

                                    I M E X   T I M E   S T E P   S U M M A R Y
 ==================================================================================================================
    Time Step           Time                  Total Production             Total Injection  Total Max. Max. Change
 ---------------- ---------------- -------------------------------------- -----------------  PV   Mat. ------------
                C                    Oil      Gas     Water   GOR.  Wat.    Gas     Water   Avg.  bal. Satur. Pres.
        Size    U                                             SCF/   Cut                    Pres. err. DSMAX  DPMAX
  No.   Days IT T Days   yy:mm:dd   STB/D    MCF/D    STB/D    STB    %    MCF/D    STB/D   psia   %          psia
 ------ ---- -- - ----- ---------- -------- -------- -------- ----- ----- -------- -------- ----- ---- ------ -----
   141w 31.0 1  0  4017 2036:01:01                                                           2005 .19g  .002g -.003
   142w .012 2  4  4017 2036:01:01                                                 617797.0  2005 .19g -.184g   278
   143  .007 1  0  4017 2036:01:01                                                 408504.6  2005 .19g -.061g  55.9
   144  .011 1  0  4017 2036:01:01                                                 297061.5  2005 .19g -.059g  57.5
   145  .019 1  0  4017 2036:01:01                                                 216358.7  2005 .19g -.053g   218
   146  .035 1  0  4017 2036:01:01                                                 161009.2  2005 .19g -.053g   150
   147  .066 1  0  4017 2036:01:01                                                 135180.6  2005 .19g -.041g  79.9
   148  .161 1  0  4017 2036:01:01                                                 111864.4  2005 .19g -.080g  74.6
   149  .200 1  0  4018 2036:01:02                                                 100970.4  2005 .19g -.103g  52.5
   150  .194 1  0  4018 2036:01:02                                                 97525.18  2005 .19g -.087g  31.8
   151  .222 1  0  4018 2036:01:02                                                 97176.62  2006 .19g -.070g  31.3
   152  .320 1  0  4018 2036:01:02                                                 98163.36  2006 .19g -.060g  37.2
   153  .537 1  0  4019 2036:01:03                                                 100413.3  2006 .19g -.129g  60.2
   154  .416 1  0  4019 2036:01:03                                                 100597.5  2007 .19g -.091g  50.9
   155  .459 1  0  4020 2036:01:04                                                 100948.5  2007 .19g -.077g  39.0
   156  .596 1  0  4020 2036:01:04                                                 101389.7  2008 .19g -.075g  46.7
   157  .792 1  0  4021 2036:01:05                                                 102323.9  2008 .19g -.105g  35.0
   158  .758 1  0  4022 2036:01:06                                                 102618.5  2009 .19g -.095g  39.7
   159  .800 2  0  4023 2036:01:07 .0012259 5.657957          461e4                102859.6  2010 .19g -.066g  38.9
   160  1.22 1  0  4024 2036:01:08 .0302596 140.2050          463e4                103005.3  2011 .19g -.117g  41.6

                                    I M E X   T I M E   S T E P   S U M M A R Y
 ==================================================================================================================
    Time Step           Time                  Total Production             Total Injection  Total Max. Max. Change
 ---------------- ---------------- -------------------------------------- -----------------  PV   Mat. ------------
                C                    Oil      Gas     Water   GOR.  Wat.    Gas     Water   Avg.  bal. Satur. Pres.
        Size    U                                             SCF/   Cut                    Pres. err. DSMAX  DPMAX
  No.   Days IT T Days   yy:mm:dd   STB/D    MCF/D    STB/D    STB    %    MCF/D    STB/D   psia   %          psia
 ------ ---- -- - ----- ---------- -------- -------- -------- ----- ----- -------- -------- ----- ---- ------ -----
   161  1.05 1  0  4025 2036:01:09 .0627442 291.6499          464e4                102966.6  2012 .19g -.105g  33.0
   162  .992 1  0  4026 2036:01:10 .0966639 450.6738          466e4                103180.6  2013 .19g -.077g  24.1
   163  1.30 1  0  4027 2036:01:11 .1463256 684.9017          468e4                103320.3  2014 .19g -.069g  31.6
   164  1.87 2  0  4029 2036:01:13 .2284043 1075.075          470e4                103446.3  2015 .19g -.121g  40.3
   165  1.54 1  0  4031 2036:01:15 7.114343 1418.953          199e3                103462.2  2017 .19g -.084g  29.0
   166  1.83 1  0  4032 2036:01:16 25.15185 1852.487          73652                103501.6  2018 .19g -.090g  28.3
   167  2.04 1  0  4034 2036:01:18 47.54275 2359.810          49636                103480.5  2020 .19g -.113g  30.5
   168  1.79 1  0  4036 2036:01:20 71.47498 2820.871          39467                103294.9  2022 .19g -.089g  25.2
   169  2.03 1  0  4038 2036:01:22  99.7157 3351.083          33606                103159.6  2024 .19g -.073g  26.4
   170  2.76 2  0  4041 2036:01:25 139.1144 4083.854          29356                102882.6  2026 .19g -.117g  32.1
   171  2.36 1  0  4043 2036:01:27 174.4627 4707.943          26985                102709.4  2028 .19g -.085g  22.5
   172  2.31 1  0  4046 2036:01:30 208.6761 5321.363          25501                102493.8  2030 .19g -.080g  21.2
   173  2.31 1  0  4048 2036:02:01 242.8897 5934.876          24434                102249.2  2032 .20g -.086g  21.3
   174w 2.70 1  0  4051 2036:02:04 282.4917 6649.034          23537                101991.8  2034 .20g -.100g  24.0
   175  2.72 1  0  4053 2036:02:06 322.8738 7364.016          22808                101760.8  2036 .20g -.073g  20.4
   176  3.71 2  0  4057 2036:02:10 375.5064 8335.685          22199                101354.7  2039 .20g -.118g  27.5
   177  3.15 1  0  4060 2036:02:13 422.7178 9153.087          21653                101059.7  2042 .20g -.088g  21.3
   178  3.57 1  0  4064 2036:02:17 472.5263 10071.59          21314                100658.8  2045 .20g -.081g  23.4
   179  4.43 2  0  4068 2036:02:21 531.4495 11199.28          21073                100181.0  2048 .20g -.120g  27.5
   180  3.70 1  0  4072 2036:02:25 582.3496 12128.49          20827                99813.26  2051 .20g -.094g  20.3

                                    I M E X   T I M E   S T E P   S U M M A R Y
 ==================================================================================================================
    Time Step           Time                  Total Production             Total Injection  Total Max. Max. Change
 ---------------- ---------------- -------------------------------------- -----------------  PV   Mat. ------------
                C                    Oil      Gas     Water   GOR.  Wat.    Gas     Water   Avg.  bal. Satur. Pres.
        Size    U                                             SCF/   Cut                    Pres. err. DSMAX  DPMAX
  No.   Days IT T Days   yy:mm:dd   STB/D    MCF/D    STB/D    STB    %    MCF/D    STB/D   psia   %          psia
 ------ ---- -- - ----- ---------- -------- -------- -------- ----- ----- -------- -------- ----- ---- ------ -----
   181  2.51 1  0  4074 2036:02:27 617.4401 12761.99          20669                99524.94  2053 .20g -.053g  16.3
   182  2.51 1  0  4077 2036:03:01 650.4088 13383.25          20577                99230.93  2055 .20g -.065g  14.4
   183w 3.89 1  0  4081 2036:03:05 694.0546 14326.39          20642                98832.96  2058 .20g -.098g  19.3
   184  3.99 1  0  4085 2036:03:09 740.3915 15280.38          20638                98470.85  2061 .20g -.088g  19.1
   185  4.51 1  0  4089 2036:03:13 787.8572 16337.81          20737                98022.85  2064 .20g -.100g  23.5
   186  4.53 1  0  4094 2036:03:18 833.1700 17375.59          20855                97619.33  2067 .20g -.105g  22.4
   187  4.29 1  0  4098 2036:03:22 873.3961 18337.75          20996                97252.78  2070 .20g -.085g  18.5
   188  4.89 1  0  4103 2036:03:27 914.5842 19409.18          21222                96799.08  2074 .20g -.101g  22.6
   189  4.89 1  0  4108 2036:04:01 953.8672 20458.05          21447                96396.85  2077 .20g -.101g  22.5
   190w 4.87 1  0  4113 2036:04:06 990.4157 21480.74          21689                96060.96  2081 .20g -.091g  19.3
   191  5.38 1  0  4118 2036:04:11 1029.110 22591.67          21953                95673.51  2084 .20g -.099g  22.1
   192  5.41 1  0  4124 2036:04:17 1067.626 23676.93          22177                95326.88  2088 .20g -.105g  20.5
   193  5.14 1  0  4129 2036:04:22 1102.715 24688.88          22389                94991.54  2091 .20g -.098g  18.6
   194  4.60 1  0  4133 2036:04:26 1132.796 25574.90          22577                94704.01  2094 .20g -.096g  16.8
   195  4.60 1  0  4138 2036:05:01 1161.512 26445.00          22768                94429.57  2097 .20g -.100g  17.3
   196w 4.62 1  0  4143 2036:05:06 1189.584 27309.87          22957                94204.67  2100 .20g -.105g  14.6
   197  4.41 1  0  4147 2036:05:10 1215.797 28123.45          23132                93998.83  2103 .20g -.099g  14.0
   198  4.44 1  0  4151 2036:05:14 1241.700 28936.19          23304                93797.29  2105 .20g -.110g  13.7
   199  4.03 1  0  4156 2036:05:19 1265.880 29670.27          23438                93631.71  2108 .20g -.086g  12.4
   200  4.69 1  0  4160 2036:05:23 1293.690 30520.90          23592                93448.35  2111 .20g -.119g  12.7

                                    I M E X   T I M E   S T E P   S U M M A R Y
 ==================================================================================================================
    Time Step           Time                  Total Production             Total Injection  Total Max. Max. Change
 ---------------- ---------------- -------------------------------------- -----------------  PV   Mat. ------------
                C                    Oil      Gas     Water   GOR.  Wat.    Gas     Water   Avg.  bal. Satur. Pres.
        Size    U                                             SCF/   Cut                    Pres. err. DSMAX  DPMAX
  No.   Days IT T Days   yy:mm:dd   STB/D    MCF/D    STB/D    STB    %    MCF/D    STB/D   psia   %          psia
 ------ ---- -- - ----- ---------- -------- -------- -------- ----- ----- -------- -------- ----- ---- ------ -----
   201  3.93 1  0  4164 2036:05:27 1317.060 31233.61          23715                93297.27  2113 .20g -.102g  10.8
   202  2.44 1  0  4167 2036:05:30 1331.734 31681.40          23790                93193.45  2115 .20g -.054g  7.52
   203  2.44 1  0  4169 2036:06:01 1346.163 32131.42          23869                93099.83  2116 .20g -.063g  7.07
   204w 3.87 1  0  4173 2036:06:05 1369.326 32864.72          24001                92980.29  2119 .20g -.096g  9.38
   205  4.04 1  0  4177 2036:06:09 1394.236 33647.92          24134                92864.49  2121 .20g -.081g   9.7
   206  4.98 1  0  4182 2036:06:14 1425.555 34626.03          24290                92736.83  2124 .20g -.132g  11.0
   207  3.78 1  0  4186 2036:06:18 1449.926 35374.33          24397                92624.36  2127 .20g -.096g  9.32
   208  3.92 1  0  4190 2036:06:22 1475.255 36144.14          24500                92514.19  2129 .20g -.088g   9.7
   209  4.45 1  0  4194 2036:06:26 1504.104 37004.93          24603                92391.57  2132 .20g -.111g   9.8
   210  2.48 1  0  4197 2036:06:29 1520.391 37482.15          24653                92325.95  2133 .20g -.058g  6.33
   211  2.48 1  0  4199 2036:07:01 1536.552 37955.37          24702                92264.35  2134 .20g -.061g  5.19
   212w 4.04 1  0  4203 2036:07:05 1562.633 38707.05          24770                92173.25  2137 .20g -.101g  8.18
   213  4.01 1  0  4207 2036:07:09 1588.319 39434.84          24828                92100.18  2139 .20g -.086g  8.16
   214  4.67 1  0  4212 2036:07:14 1617.567 40254.72          24886                92003.35  2141 .20g -.106g  9.00
   215  4.39 1  0  4216 2036:07:18 1645.142 41003.87          24924                91914.11  2143 .20g -.086g  8.60
   216  5.12 1  0  4221 2036:07:23 1677.114 41832.85          24943                91809.54  2146 .20g -.112g  9.16
   217  4.38 1  0  4226 2036:07:28 1703.257 42518.27          24963                91731.21  2148 .20g -.087g  8.57
   218  4.38 1  0  4230 2036:08:01 1728.321 43178.30          24983                91643.92  2150 .20g -.081g  8.29
   219w 5.38 1  0  4235 2036:08:06 1757.381 43957.41          25013                91556.96  2152 .20g -.105g  8.66
   220  5.11 1  0  4240 2036:08:11 1783.704 44668.40          25042                91490.44  2155 .20g -.102g  8.24

                                    I M E X   T I M E   S T E P   S U M M A R Y
 ==================================================================================================================
    Time Step           Time                  Total Production             Total Injection  Total Max. Max. Change
 ---------------- ---------------- -------------------------------------- -----------------  PV   Mat. ------------
                C                    Oil      Gas     Water   GOR.  Wat.    Gas     Water   Avg.  bal. Satur. Pres.
        Size    U                                             SCF/   Cut                    Pres. err. DSMAX  DPMAX
  No.   Days IT T Days   yy:mm:dd   STB/D    MCF/D    STB/D    STB    %    MCF/D    STB/D   psia   %          psia
 ------ ---- -- - ----- ---------- -------- -------- -------- ----- ----- -------- -------- ----- ---- ------ -----
   221  5.03 1  0  4246 2036:08:17 1808.398 45331.80          25067                91415.30  2157 .20g -.098g  8.16
   222  5.15 1  0  4251 2036:08:22 1831.978 45976.03          25096                91332.08  2159 .20g -.097g  8.82
   223  5.16 1  0  4256 2036:08:27 1854.193 46594.82          25129                91258.97  2161 .20g -.083g  7.93
   224  5.16 1  0  4261 2036:09:01 1875.307 47188.55          25163                91188.40  2163 .20g -.096g  7.46
   225w 5.39 1  0  4266 2036:09:06 1896.423 47785.50          25198                91122.27  2165 .20g -.099g  7.36
   226  5.46 1  0  4272 2036:09:12 1916.641 48357.27          25230                91059.32  2167 .21g -.096g  7.61
   227  5.67 1  0  4278 2036:09:18 1936.228 48917.38          25264                90991.76  2169 .21g -.103g  8.06
   228  5.52 1  0  4283 2036:09:23 1954.152 49436.92          25298                90930.03  2171 .21g -.097g  7.20
   229  3.98 1  0  4287 2036:09:27 1966.505 49797.73          25323                90884.17  2172 .21g -.071g  5.31
   230  3.98 1  0  4291 2036:10:01 1978.170 50144.20          25349                90841.36  2173 .21g -.068g  4.97
   231w 5.86 1  0  4297 2036:10:07 1994.139 50626.75          25388                90787.59  2175 .21g -.105g  6.87
   232  5.59 1  0  4302 2036:10:12 2008.712 51068.68          25424                90736.50  2177 .21g -.085g  6.71
   233  6.57 1  0  4309 2036:10:19 2025.069 51564.74          25463                90686.79  2178 .21g -.108g  7.26
   234  6.09 1  0  4315 2036:10:25 2039.012 51991.37          25498                90635.23  2180 .21g  .101o  6.86
   235  3.44 1  0  4319 2036:10:29 2046.508 52222.57          25518                90602.19  2181 .21g  .055o  4.14
   236  3.44 1  0  4322 2036:11:01 2053.707 52441.86          25535                90568.39  2182 .21g  .054o  3.94
   237w 6.43 1  0  4328 2036:11:07 2066.009 52835.04          25573                90520.75  2184 .21g  .105o  6.57
   238  6.11 1  0  4335 2036:11:14 2077.436 53199.42          25608                90483.69  2185 .21g  .091o  5.95
   239  6.71 1  0  4341 2036:11:20 2088.811 53573.18          25648                90449.80  2187 .21g  .108o  6.34
   240  5.38 1  0  4347 2036:11:26 2097.281 53851.94          25677                90422.51  2188 .21g  .084o  5.51

                                    I M E X   T I M E   S T E P   S U M M A R Y
 ==================================================================================================================
    Time Step           Time                  Total Production             Total Injection  Total Max. Max. Change
 ---------------- ---------------- -------------------------------------- -----------------  PV   Mat. ------------
                C                    Oil      Gas     Water   GOR.  Wat.    Gas     Water   Avg.  bal. Satur. Pres.
        Size    U                                             SCF/   Cut                    Pres. err. DSMAX  DPMAX
  No.   Days IT T Days   yy:mm:dd   STB/D    MCF/D    STB/D    STB    %    MCF/D    STB/D   psia   %          psia
 ------ ---- -- - ----- ---------- -------- -------- -------- ----- ----- -------- -------- ----- ---- ------ -----
   241  5.38 1  0  4352 2036:12:01 2104.816 54107.66          25707                90385.88  2189 .21g  .075o  5.23
   242w 7.12 1  0  4359 2036:12:08 2114.031 54434.07          25749                90346.65  2191 .21g  .108o  6.48
   243  6.62 1  0  4366 2036:12:15 2121.940 54718.00          25787                90313.56  2192 .21g  .102o  5.96
   244  6.48 1  0  4372 2036:12:21 2128.956 54974.33          25822                90282.36  2194 .21g  .100o  5.98
   245  5.39 1  0  4378 2036:12:27 2134.285 55172.57          25851                90256.40  2195 .21g  .079o  4.92
   246  5.39 1  0  4383 2037:01:01 2139.253 55362.19          25879                90233.16  2196 .21g  .077o  4.59
   247w 6.99 1  0  4390 2037:01:08 2145.202 55593.18          25915                90205.15  2197 .21g  .101o  5.55
   248  6.89 1  0  4397 2037:01:15 2150.505 55801.03          25948                90179.19  2199 .21g  .104o  5.54
   249  6.65 1  0  4404 2037:01:22 2155.118 55977.61          25974                90151.50  2200 .22g  .097o  5.51
   250  5.24 1  0  4409 2037:01:27 2158.438 56113.00          25997                90130.06  2201 .22g  .068o  4.36
   251  5.24 1  0  4414 2037:02:01 2161.569 56241.11          26019                90109.51  2202 .22g  .074o  4.01
   252w 7.10 1  0  4421 2037:02:08 2165.798 56414.98          26048                90087.98  2203 .22g  .099o  4.96
   253  7.18 1  0  4428 2037:02:15 2169.924 56582.49          26076                90074.36  2204 .22g  .102o  4.96
   254  6.86 1  0  4435 2037:02:22 2173.198 56717.14          26098                90056.58  2206 .22g  .091o  5.24
   255  6.86 1  0  4442 2037:03:01 2175.783 56831.34          26120                90033.96  2207 .22g  .096o  5.03
   256w 7.18 1  0  4449 2037:03:08 2178.331 56950.51          26144                90015.95  2208 .22g  .093o  4.89
   257  7.73 1  0  4457 2037:03:16 2180.895 57071.65          26169                89998.66  2209 .22g  .107o  4.91
   258  7.23 1  0  4464 2037:03:23 2182.925 57170.80          26190                89981.49  2210 .22g  .099o  5.00
   259  4.43 1  0  4469 2037:03:28 2183.884 57220.23          26201                89970.12  2211 .22g  .056o  3.31
   260  4.43 1  0  4473 2037:04:01 2184.694 57268.52          26214                89958.98  2212 .22g  .058o  3.06

                                    I M E X   T I M E   S T E P   S U M M A R Y
 ==================================================================================================================
    Time Step           Time                  Total Production             Total Injection  Total Max. Max. Change
 ---------------- ---------------- -------------------------------------- -----------------  PV   Mat. ------------
                C                    Oil      Gas     Water   GOR.  Wat.    Gas     Water   Avg.  bal. Satur. Pres.
        Size    U                                             SCF/   Cut                    Pres. err. DSMAX  DPMAX
  No.   Days IT T Days   yy:mm:dd   STB/D    MCF/D    STB/D    STB    %    MCF/D    STB/D   psia   %          psia
 ------ ---- -- - ----- ---------- -------- -------- -------- ----- ----- -------- -------- ----- ---- ------ -----
   261w 7.58 1  0  4481 2037:04:09 2186.411 57365.10          26237                89945.88  2213 .22g  .098o  4.42
   262  7.70 1  0  4488 2037:04:16 2187.881 57447.67          26257                89930.80  2214 .22g  .105o  4.72
   263  7.36 1  0  4496 2037:04:24 2188.849 57511.71          26275                89916.19  2215 .22g  .097o  4.60
   264  7.36 1  0  4503 2037:05:01 2189.599 57570.74          26293                89903.46  2216 .22g  .096o  4.57
   265w 7.67 1  0  4511 2037:05:09 2190.431 57635.03          26312                89891.75  2217 .22g  .091o  4.48
   266  8.41 1  0  4519 2037:05:17 2191.387 57705.01          26333                89879.68  2218 .22g  .110o  4.70
   267  7.46 1  0  4527 2037:05:25 2191.810 57749.66          26348                89870.09  2220 .22g  .093o  4.44
   268  7.46 1  0  4534 2037:06:01 2191.605 57774.58          26362                89856.87  2221 .23g  .094o  4.26
   269w 7.92 1  0  4542 2037:06:09 2191.275 57802.23          26378                89841.70  2222 .23g  .101o  4.36
   270  7.81 1  0  4550 2037:06:17 2191.095 57834.94          26395                89830.95  2223 .23g  .096o  4.48
   271  7.13 1  0  4557 2037:06:24 2190.878 57860.36          26410                89821.32  2224 .23g  .091o  3.85
   272  7.13 1  0  4564 2037:07:01 2190.559 57881.95          26423                89811.79  2225 .23g  .088o  3.87
   273w 8.14 1  0  4572 2037:07:09 2190.133 57904.70          26439                89802.49  2226 .23g  .101o  3.98
   274  8.05 1  0  4580 2037:07:17 2189.400 57915.28          26453                89791.99  2227 .23g  .097o  4.29
   275  7.40 1  0  4588 2037:07:25 2188.789 57929.48          26466                89782.93  2228 .23g  .090o  3.98
   276  7.40 1  0  4595 2037:08:01 2187.818 57928.83          26478                89772.01  2229 .23g  .089o  3.88
   277w 8.35 1  0  4603 2037:08:09 2186.616 57927.72          26492                89760.49  2230 .23g  .101o  4.03
   278  8.25 1  0  4612 2037:08:18 2185.635 57933.96          26507                89749.99  2231 .23g  .098o  4.19
   279  7.20 1  0  4619 2037:08:25 2184.746 57935.86          26518                89740.57  2232 .23g  .083o  3.92
   280  7.20 1  0  4626 2037:09:01 2184.034 57944.50          26531                89732.22  2233 .23g  .088o  3.16

                                    I M E X   T I M E   S T E P   S U M M A R Y
 ==================================================================================================================
    Time Step           Time                  Total Production             Total Injection  Total Max. Max. Change
 ---------------- ---------------- -------------------------------------- -----------------  PV   Mat. ------------
                C                    Oil      Gas     Water   GOR.  Wat.    Gas     Water   Avg.  bal. Satur. Pres.
        Size    U                                             SCF/   Cut                    Pres. err. DSMAX  DPMAX
  No.   Days IT T Days   yy:mm:dd   STB/D    MCF/D    STB/D    STB    %    MCF/D    STB/D   psia   %          psia
 ------ ---- -- - ----- ---------- -------- -------- -------- ----- ----- -------- -------- ----- ---- ------ -----
   281w 8.17 1  0  4634 2037:09:09 2183.055 57945.17          26543                89723.91  2234 .23g  .098o  3.76
   282  8.34 1  0  4643 2037:09:18 2181.547 57928.69          26554                89713.16  2235 .23g  .098o  3.89
   283  6.75 1  0  4649 2037:09:24 2179.954 57904.89          26562                89702.47  2236 .23g  .075o  3.43
   284  6.75 1  0  4656 2037:10:01 2178.720 57897.54          26574                89691.53  2237 .24g  .079o  3.19
   285w 8.57 1  0  4665 2037:10:10 2177.605 57897.93          26588                89681.43  2238 .24g  .103o  3.69
   286  8.31 1  0  4673 2037:10:18 2176.474 57893.92          26600                89672.62  2239 .24g  .097o  3.88
   287  7.06 1  0  4680 2037:10:25 2175.226 57880.00          26609                89664.00  2240 .24g  .080o  3.47
   288  7.06 1  0  4687 2037:11:01 2174.052 57871.72          26619                89655.14  2241 .24g  .080o  3.18
   289w 8.79 1  0  4696 2037:11:10 2172.615 57860.62          26632                89645.09  2242 .24g  .100o  3.70
   290  8.76 1  0  4705 2037:11:19 2171.056 57844.54          26644                89633.96  2243 .24g  .101o  3.90
   291  6.23 1  0  4711 2037:11:25 2169.486 57815.55          26649                89623.88  2244 .24g  .070o  3.28
   292  6.23 1  0  4717 2037:12:01 2167.683 57782.80          26656                89612.51  2245 .24g  .069o  2.76
   293w 9.03 1  0  4726 2037:12:10 2166.147 57777.22          26673                89600.30  2246 .24g  .099o  3.48
   294  9.12 1  0  4735 2037:12:19 2165.059 57778.57          26687                89592.01  2247 .24g  .102o  3.86
   295  6.42 1  0  4742 2037:12:26 2163.770 57756.23          26692                89584.59  2248 .24g  .072o  3.30
   296  6.42 1  0  4748 2038:01:01 2162.070 57724.11          26699                89575.33  2249 .24g  .072o  2.73
   297w 8.87 1  0  4757 2038:01:10 2160.093 57699.22          26711                89561.32  2250 .24g  .098o  3.52
   298  9.03 1  0  4766 2038:01:19 2158.259 57676.33          26724                89546.17  2252 .25g  .099o  3.73
   299  6.55 1  0  4772 2038:01:25 2156.627 57646.83          26730                89534.28  2253 .25g  .072o  3.09
   300  6.55 1  0  4779 2038:02:01 2155.041 57622.62          26739                89523.09  2253 .25g  .074o  2.77

                                    I M E X   T I M E   S T E P   S U M M A R Y
 ==================================================================================================================
    Time Step           Time                  Total Production             Total Injection  Total Max. Max. Change
 ---------------- ---------------- -------------------------------------- -----------------  PV   Mat. ------------
                C                    Oil      Gas     Water   GOR.  Wat.    Gas     Water   Avg.  bal. Satur. Pres.
        Size    U                                             SCF/   Cut                    Pres. err. DSMAX  DPMAX
  No.   Days IT T Days   yy:mm:dd   STB/D    MCF/D    STB/D    STB    %    MCF/D    STB/D   psia   %          psia
 ------ ---- -- - ----- ---------- -------- -------- -------- ----- ----- -------- -------- ----- ---- ------ -----
   301w 8.85 1  0  4788 2038:02:10 2153.380 57605.85          26751                89509.93  2255 .25g  .097o  3.41
   302  9.16 1  0  4797 2038:02:19 2151.484 57577.46          26762                89497.04  2256 .25g  .101o  3.70
   303  5.00 1  0  4802 2038:02:24 2150.208 57552.50          26766                89489.14  2257 .25g  .053o  2.64
   304  5.00 1  0  4807 2038:03:01 2148.837 57527.35          26771                89480.40  2257 .25g  .054o  2.04
   305w 9.23 1  0  4816 2038:03:10 2147.067 57509.93          26785                89464.55  2259 .25g  .105o  3.52
   306  8.79 1  0  4825 2038:03:19 2145.217 57481.02          26795                89449.21  2260 .25g  .098o  3.67
   307  6.49 1  0  4832 2038:03:26 2143.025 57428.14          26798                89436.63  2261 .25g  .069o  2.94
   308  6.49 1  0  4838 2038:04:01 2140.946 57389.82          26806                89423.01  2262 .25g  .071o  2.64
   309w 9.12 1  0  4847 2038:04:10 2139.005 57368.02          26820                89404.68  2263 .25g  .096o  3.41
   310  9.49 1  0  4857 2038:04:20 2137.421 57351.90          26832                89387.32  2264 .25g  .104o  3.72
   311  5.69 1  0  4862 2038:04:25 2135.776 57311.63          26834                89376.40  2265 .25g  .062o  2.88
   312  5.69 1  0  4868 2038:05:01 2133.828 57268.76          26839                89364.59  2266 .25g  .063o  2.26
   313w 9.10 1  0  4877 2038:05:10 2131.139 57220.94          26850                89345.30  2267 .26g  .099o  3.53
   314  9.19 1  0  4886 2038:05:19 2129.248 57198.00          26863                89325.47  2269 .26g  .098o  3.92
   315  6.35 1  0  4893 2038:05:26 2127.467 57158.37          26867                89311.01  2270 .26g  .070o  2.90
   316  6.35 1  0  4899 2038:06:01 2125.156 57103.84          26870                89295.72  2271 .26g  .069o  2.57
   317w 9.24 1  0  4908 2038:06:10 2122.214 57048.15          26881                89272.66  2272 .26g  .101o  3.69
   318  9.13 1  0  4917 2038:06:19 2119.751 57005.12          26892                89247.52  2274 .26g  .098o  3.85
   319  5.82 1  0  4923 2038:06:25 2117.694 56955.27          26895                89231.62  2274 .26g  .062o  2.78
   320  5.82 1  0  4929 2038:07:01 2115.493 56906.15          26900                89215.43  2275 .26g  .063o  2.42

                                    I M E X   T I M E   S T E P   S U M M A R Y
 ==================================================================================================================
    Time Step           Time                  Total Production             Total Injection  Total Max. Max. Change
 ---------------- ---------------- -------------------------------------- -----------------  PV   Mat. ------------
                C                    Oil      Gas     Water   GOR.  Wat.    Gas     Water   Avg.  bal. Satur. Pres.
        Size    U                                             SCF/   Cut                    Pres. err. DSMAX  DPMAX
  No.   Days IT T Days   yy:mm:dd   STB/D    MCF/D    STB/D    STB    %    MCF/D    STB/D   psia   %          psia
 ------ ---- -- - ----- ---------- -------- -------- -------- ----- ----- -------- -------- ----- ---- ------ -----
   321w 9.18 1  0  4938 2038:07:10 2113.031 56867.17          26913                89190.50  2277 .26g  .101o  3.52
   322  9.09 1  0  4947 2038:07:19 2110.329 56810.31          26920                89164.11  2278 .26g  .099o  3.81
   323  6.36 1  0  4954 2038:07:26 2107.436 56732.29          26920                89144.75  2279 .26g  .069o  3.28
   324  6.36 1  0  4960 2038:08:01 2104.337 56658.41          26925                89123.44  2280 .26g  .067o  3.10
   325w  9.5 1  0  4970 2038:08:11 2101.109 56601.06          26939                89090.46  2282 .26g  .105o  4.48
   326  9.09 1  0  4979 2038:08:20 2097.752 56524.15          26945                89058.31  2284 .27g  .100o  4.66
   327  6.19 1  0  4985 2038:08:26 2094.371 56429.17          26943                89034.63  2285 .27g  .069o  3.24
   328  6.19 1  0  4991 2038:09:01 2090.716 56337.81          26947                89009.90  2286 .27g  .067o  3.06
   329w 9.24 1  0  5000 2038:09:10 2086.556 56252.61          26960                88971.61  2288 .27g  .104o  4.30
   330  8.88 1  0  5009 2038:09:19 2082.447 56155.76          26966                88932.65  2289 .27g  .099o  4.80
   331  5.94 1  0  5015 2038:09:25 2078.790 56054.53          26965                88905.35  2291 .27g  .066o  4.41
   332  5.94 1  0  5021 2038:10:01 2074.642 55945.73          26966                88876.00  2292 .27g  .066o  5.16
   333w 8.95 1  0  5030 2038:10:10 2068.398 55790.44          26973                88828.48  2294 .27g  .102o  7.82
   334  8.77 1  0  5039 2038:10:19 2061.129 55596.68          26974                88777.75  2296 .27g  .096o  8.51
   335  6.64 1  0  5045 2038:10:25 2054.564 55415.65          26972                88734.95  2297 .27g  .075o  7.46
   336  6.64 1  0  5052 2038:11:01 2047.021 55208.35          26970                88687.50  2299 .27g  .077o  7.65
   337w 8.62 2  0  5061 2038:11:10 2034.972 54861.38          26959                88615.43  2301 .27g  .098o  11.5
   338  8.80 1  0  5069 2038:11:18 2022.132 54515.16          26959                88535.20  2304 .27g  .106o  11.6
   339  6.29 1  0  5076 2038:11:25 2012.143 54233.52          26953                88472.45  2306 .28g  .093o  10.1
   340  6.29 1  0  5082 2038:12:01 2001.643 53933.97          26945                88404.25  2308 .28g  .084o  11.3

                                    I M E X   T I M E   S T E P   S U M M A R Y
 ==================================================================================================================
    Time Step           Time                  Total Production             Total Injection  Total Max. Max. Change
 ---------------- ---------------- -------------------------------------- -----------------  PV   Mat. ------------
                C                    Oil      Gas     Water   GOR.  Wat.    Gas     Water   Avg.  bal. Satur. Pres.
        Size    U                                             SCF/   Cut                    Pres. err. DSMAX  DPMAX
  No.   Days IT T Days   yy:mm:dd   STB/D    MCF/D    STB/D    STB    %    MCF/D    STB/D   psia   %          psia
 ------ ---- -- - ----- ---------- -------- -------- -------- ----- ----- -------- -------- ----- ---- ------ -----
   341w 7.52 2  0  5090 2038:12:09 1986.753 53503.50          26930                88313.27  2310 .28g  .116o  13.1
   342  6.49 1  0  5096 2038:12:15 1973.772 53152.82          26930                88229.01  2313 .28g  .112o  11.1
   343  5.81 1  0  5102 2038:12:21 1961.961 52826.17          26925                88148.91  2315 .28g  .109o  10.9
   344  5.34 1  0  5107 2038:12:26 1950.339 52489.33          26913                88070.56  2317 .28g  .119o  10.1
   345  2.92 1  0  5110 2038:12:29 1943.290 52270.23          26898                88025.83  2319 .28g  .059o  7.53
   346  2.92 1  0  5113 2039:01:01 1936.004 52067.64          26894                87979.25  2320 .28g  .072o  5.10
   347w 4.05 1  0  5117 2039:01:05 1925.781 51787.39          26892                87912.01  2322 .28g  .095o  8.15
   348  4.26 1  0  5121 2039:01:09 1915.326 51510.80          26894                87837.73  2324 .28g  .100o  9.01
   349  4.24 1  0  5126 2039:01:14 1904.724 51216.49          26889                87760.12  2326 .28g  .107o  8.32
   350  3.95 1  0  5129 2039:01:17 1894.747 50934.86          26882                87684.83  2328 .28g  .096o  8.14
   351  4.12 1  0  5134 2039:01:22 1883.764 50619.55          26871                87602.22  2330 .28g  .112o  11.0
   352  3.67 1  0  5137 2039:01:25 1873.689 50330.17          26862                87523.66  2332 .28g  .084o  8.46
   353  3.36 1  0  5141 2039:01:29 1864.248 50062.59          26854                87447.95  2334 .28g  .093o  7.25
   354  3.36 1  0  5144 2039:02:01 1854.744 49799.40          26850                87369.07  2336 .28g  .084o  8.10
   355w 3.98 1  0  5148 2039:02:05 1843.743 49501.60          26848                87272.04  2338 .28g  .099o  8.11
   356  4.04 1  0  5152 2039:02:09 1833.146 49218.02          26849                87169.48  2341 .28g  .120o  8.75
   357  3.35 1  0  5155 2039:02:12 1824.027 48950.19          26836                87081.04  2343 .28g  .083o  9.37
   358  4.04 1  0  5159 2039:02:16 1812.990 48644.95          26831                86970.75  2346 .28g  .116o   9.5
   359  3.50 1  0  5163 2039:02:20 1803.397 48379.59          26827                86871.87  2349 .28g  .085o  8.62
   360  4.10 2  0  5167 2039:02:24 1791.176 48019.66          26809                86750.65  2352 .28g  .105o  10.3

                                    I M E X   T I M E   S T E P   S U M M A R Y
 ==================================================================================================================
    Time Step           Time                  Total Production             Total Injection  Total Max. Max. Change
 ---------------- ---------------- -------------------------------------- -----------------  PV   Mat. ------------
                C                    Oil      Gas     Water   GOR.  Wat.    Gas     Water   Avg.  bal. Satur. Pres.
        Size    U                                             SCF/   Cut                    Pres. err. DSMAX  DPMAX
  No.   Days IT T Days   yy:mm:dd   STB/D    MCF/D    STB/D    STB    %    MCF/D    STB/D   psia   %          psia
 ------ ---- -- - ----- ---------- -------- -------- -------- ----- ----- -------- -------- ----- ---- ------ -----
   361  2.49 1  0  5170 2039:02:27 1783.801 47821.39          26809                86674.60  2354 .28g  .056o  6.16
   362  2.49 1  0  5172 2039:03:01 1776.872 47646.92          26815                86597.25  2355 .28g  .064o  5.87
   363w 3.91 1  0  5176 2039:03:05 1767.222 47405.09          26825                86473.21  2359 .28g  .103o  8.21
   364  3.78 1  0  5180 2039:03:09 1758.104 47152.72          26820                86350.49  2362 .28g  .112o  9.25
   365  3.39 1  0  5183 2039:03:12 1749.299 46888.03          26804                86237.33  2364 .28g  .090o   9.9
   366  3.78 1  0  5187 2039:03:16 1739.717 46631.09          26804                86106.43  2368 .28g  .102o   9.7
   367  3.72 1  0  5191 2039:03:20 1730.669 46387.75          26803                85971.76  2371 .28g  .107o  10.4
   368  3.47 1  0  5194 2039:03:23 1722.374 46156.12          26798                85841.00  2374 .28g  .107o  11.4
   369  3.25 1  0  5197 2039:03:26 1714.339 45921.72          26787                85714.85  2378 .28g  .091o   9.5
   370  2.85 1  0  5200 2039:03:29 1706.597 45688.96          26772                85600.69  2380 .28g  .080o  8.36
   371  2.85 1  0  5203 2039:04:01 1699.416 45512.96          26782                85483.78  2383 .28g  .081o  8.81
   372w 3.54 1  0  5207 2039:04:05 1692.057 45341.51          26797                85334.90  2387 .28g  .101o  8.73
   373  3.51 1  0  5210 2039:04:08 1684.782 45128.26          26786                85184.10  2391 .28g  .109o  9.36
   374  3.21 1  0  5213 2039:04:11 1677.373 44898.61          26767                85042.28  2394 .28g  .095o  10.7
   375  3.38 1  0  5217 2039:04:15 1669.809 44702.53          26771                84889.29  2398 .29g  .083o  9.16
   376  4.09 2  0  5221 2039:04:19 1660.844 44441.81          26759                84698.21  2403 .29g  .115o  10.5
   377  3.55 1  0  5224 2039:04:22 1654.658 44301.00          26774                84528.03  2407 .29g  .109o  8.70
   378  3.27 1  0  5228 2039:04:26 1648.661 44117.49          26760                84369.18  2411 .29g  .093o  10.4
   379  2.72 1  0  5230 2039:04:28 1642.265 43889.04          26725                84234.55  2415 .29g  .076o  8.51
   380  2.72 1  0  5233 2039:05:01 1635.716 43709.63          26722                84097.06  2418 .29g  .083o  7.89

                                    I M E X   T I M E   S T E P   S U M M A R Y
 ==================================================================================================================
    Time Step           Time                  Total Production             Total Injection  Total Max. Max. Change
 ---------------- ---------------- -------------------------------------- -----------------  PV   Mat. ------------
                C                    Oil      Gas     Water   GOR.  Wat.    Gas     Water   Avg.  bal. Satur. Pres.
        Size    U                                             SCF/   Cut                    Pres. err. DSMAX  DPMAX
  No.   Days IT T Days   yy:mm:dd   STB/D    MCF/D    STB/D    STB    %    MCF/D    STB/D   psia   %          psia
 ------ ---- -- - ----- ---------- -------- -------- -------- ----- ----- -------- -------- ----- ---- ------ -----
   381w 3.28 1  0  5236 2039:05:04 1629.589 43576.43          26741                83928.03  2422 .29g  .110o  8.94
   382  2.98 1  0  5239 2039:05:07 1624.003 43389.49          26718                83771.66  2426 .29g  .096o  11.1
   383  3.09 1  0  5242 2039:05:10 1617.908 43200.58          26702                83606.53  2431 .29g  .097o  10.6
   384  3.20 1  0  5246 2039:05:14 1611.485 43007.54          26688                83432.17  2435 .29g  .099o   9.5
   385  3.22 1  0  5249 2039:05:17 1604.173 42777.69          26667                83253.78  2440 .29g  .113o  8.90
   386  2.85 1  0  5252 2039:05:20 1597.002 42533.42          26633                83092.86  2444 .29g  .103o  12.1
   387  2.75 1  0  5254 2039:05:22 1589.602 42300.45          26611                82934.40  2448 .29g  .086o  11.6
   388  3.20 1  0  5258 2039:05:26 1582.669 42127.26          26618                82746.58  2453 .29g  .109o  11.3
   389  2.95 1  0  5260 2039:05:28 1576.364 41931.52          26600                82570.38  2457 .29g  .105o  8.40
   390  1.75 1  0  5262 2039:05:30 1570.176 41660.23          26532                82464.46  2460 .29g  .056o  7.93
   391  1.75 1  0  5264 2039:06:01 1564.128 41453.28          26502                82356.94  2463 .29g  .066o  7.92
   392w 2.66 1  0  5267 2039:06:04 1556.238 41225.40          26490                82190.43  2467 .29g  .091o  11.8
   393  2.94 1  0  5270 2039:06:07 1549.648 41000.28          26458                82002.99  2472 .29g  .106o  12.1
   394  2.77 1  0  5272 2039:06:09 1543.620 40829.82          26451                81823.19  2477 .29g  .103o  8.64
   395  2.69 1  0  5275 2039:06:12 1536.836 40576.95          26403                81645.59  2481 .29g  .092o   9.9
   396  2.94 1  0  5278 2039:06:15 1527.447 40202.12          26320                81448.43  2487 .29g  .111o  14.6
   397  2.64 1  0  5281 2039:06:18 1518.582 39863.63          26251                81268.18  2491 .29g  .096o  15.1
   398  2.75 1  0  5283 2039:06:20 1511.014 39556.48          26179                81076.56  2496 .29g  .113o  13.3
   399  2.44 1  0  5286 2039:06:23 1503.266 39166.80          26054                80903.04  2501 .29g  .100o  10.9
   400  2.44 1  0  5288 2039:06:25 1496.373 38772.74          25911                80726.39  2506 .29g  .096o  12.4

                                    I M E X   T I M E   S T E P   S U M M A R Y
 ==================================================================================================================
    Time Step           Time                  Total Production             Total Injection  Total Max. Max. Change
 ---------------- ---------------- -------------------------------------- -----------------  PV   Mat. ------------
                C                    Oil      Gas     Water   GOR.  Wat.    Gas     Water   Avg.  bal. Satur. Pres.
        Size    U                                             SCF/   Cut                    Pres. err. DSMAX  DPMAX
  No.   Days IT T Days   yy:mm:dd   STB/D    MCF/D    STB/D    STB    %    MCF/D    STB/D   psia   %          psia
 ------ ---- -- - ----- ---------- -------- -------- -------- ----- ----- -------- -------- ----- ---- ------ -----
   401  2.56 1  0  5291 2039:06:28 1492.018 38357.37          25708                80537.62  2511 .29g  .107o  15.0
   402  1.58 1  0  5292 2039:06:29 1482.156 37992.90          25634                80419.06  2514 .29g  .072o  11.8
   403  1.58 1  0  5294 2039:07:01 1477.936 37747.69          25541                80298.71  2517 .29g  .073o  8.24
   404w 2.16 1  0  5296 2039:07:03 1474.777 37411.95          25368                80131.01  2522 .29g  .090o  13.5
   405  2.41 1  0  5299 2039:07:06 1477.996 37094.13          25098                79939.44  2527 .29g  .108o  13.9
   406  2.24 1  0  5301 2039:07:08 1481.905 36450.79          24597                79757.95  2532 .29g  .114o  18.1
   407  1.96 1  0  5303 2039:07:10 1490.221 35868.36          24069                79596.06  2536 .29g  .108o  18.3
   408  1.81 1  0  5305 2039:07:12 1507.917 35520.63          23556                79443.06  2541 .29g  .074o  16.6
   409  2.45 2  0  5307 2039:07:14 1579.074 34690.62          21969                79229.40  2547 .29g  .134o  26.0
   410  1.83 1  0  5309 2039:07:16 1661.645 33945.22          20429                79065.29  2551 .29g  .100o  23.7
   411  1.82 1  0  5311 2039:07:18 1788.850 32872.27          18376                78897.60  2556 .29g  .075o  26.4
   412  2.44 2  0  5313 2039:07:20 2277.748 32556.80          14293                78664.54  2563 .29g  .164o  33.9
   413  1.49 1  0  5315 2039:07:22 2972.879 31737.44          10676                78517.44  2567 .29g  .094o  25.3
   414  1.58 1  0  5316 2039:07:23 3774.149 31232.77           8275                78356.82  2572 .29g  .061o  23.6
   415  2.58 1  0  5319 2039:07:26 4706.127 31216.82           6633                78081.04  2580 .29g  .118o  29.2
   416  2.19 1  0  5321 2039:07:28 5189.736 30833.69           5941                77836.90  2587 .29g  .097o  21.1
   417  2.02 1  0  5323 2039:07:30 5546.450 30325.34           5468                77603.69  2593 .29g  .094o  17.8
   418  2.02 1  0  5325 2039:08:01 5790.268 30044.47           5189                77363.10  2600 .29g  .079o  13.4
   419w 2.56 2  0  5328 2039:08:04 6012.284 29645.54           4931                77049.26  2608 .29g  .117o  14.9
   420  2.20 1  0  5330 2039:08:06 6166.872 29410.27           4769                76773.69  2616 .29g  .112o  18.3

                                    I M E X   T I M E   S T E P   S U M M A R Y
 ==================================================================================================================
    Time Step           Time                  Total Production             Total Injection  Total Max. Max. Change
 ---------------- ---------------- -------------------------------------- -----------------  PV   Mat. ------------
                C                    Oil      Gas     Water   GOR.  Wat.    Gas     Water   Avg.  bal. Satur. Pres.
        Size    U                                             SCF/   Cut                    Pres. err. DSMAX  DPMAX
  No.   Days IT T Days   yy:mm:dd   STB/D    MCF/D    STB/D    STB    %    MCF/D    STB/D   psia   %          psia
 ------ ---- -- - ----- ---------- -------- -------- -------- ----- ----- -------- -------- ----- ---- ------ -----
   421  1.96 1  0  5332 2039:08:08 6278.936 28914.03           4605                76524.24  2622 .29g  .096o  15.9
   422  2.04 1  0  5334 2039:08:10 6386.456 28369.19           4442                76261.15  2629 .29g  .093o  15.7
   423  2.20 2  0  5336 2039:08:12 6510.131 27577.44           4236                75973.48  2637 .29g  .119o  19.5
   424  1.85 1  0  5338 2039:08:14 6618.493 27040.04           4086                75728.16  2644 .29g  .106o  21.4
   425  1.74 1  0  5340 2039:08:16 6743.088 26380.34           3912                75494.95  2650 .29g  .081o  18.9
   426  2.14 2  0  5342 2039:08:18 6976.320 25259.57           3621                75203.86  2658 .29g  .129o  26.2
   427  1.65 1  0  5343 2039:08:19 7200.323 24226.75           3365                74974.69  2664 .29g  .113o  22.5
   428  1.46 1  0  5345 2039:08:21 7492.620 22491.38           3002                74769.20  2670 .29g  .079o  28.9
   429  1.85 1  0  5347 2039:08:23 8208.485 20392.16           2484                74502.18  2678 .29g  .145o  35.5
   430  1.28 1  0  5348 2039:08:24 9539.340 19784.38           2074                74314.40  2684 .30g  .099o  27.2
   431  1.29 1  0  5349 2039:08:25 11355.10 19439.99           1712                74120.71  2689 .30g  .063o  29.3
   432  2.05 1  0  5351 2039:08:27 13505.12 19853.29           1470                73798.56  2699 .30g  .087o  32.9
   433  2.35 1  0  5354 2039:08:30 14991.49 20151.21           1344                73411.90  2710 .30g  .111o  29.2
   434  1.19 1  0  5355 2039:08:31 15685.65 20252.78           1291                73212.84  2716 .30g  .055o  15.9
   435  1.19 1  0  5356 2039:09:01 16190.80 20358.87           1257                73009.62  2721 .30g  .049o  12.6
   436w 2.41 1  0  5358 2039:09:03 16923.93 20655.44           1220                72584.58  2733 .30g  .117o  18.0
   437  2.06 1  0  5360 2039:09:05 17392.74 20703.52           1190                72214.70  2742 .30g  .100o  18.1
   438  2.07 1  0  5363 2039:09:08 17799.96 20681.06           1162                71840.22  2752 .30g  .116o  18.6
   439  1.78 1  0  5364 2039:09:09 18104.07 20528.15           1134                71517.82  2760 .30g  .081o  16.6
   440  2.19 2  0  5367 2039:09:12 18456.06 20406.70           1106                71121.81  2770 .30g  .119o  20.4

                                    I M E X   T I M E   S T E P   S U M M A R Y
 ==================================================================================================================
    Time Step           Time                  Total Production             Total Injection  Total Max. Max. Change
 ---------------- ---------------- -------------------------------------- -----------------  PV   Mat. ------------
                C                    Oil      Gas     Water   GOR.  Wat.    Gas     Water   Avg.  bal. Satur. Pres.
        Size    U                                             SCF/   Cut                    Pres. err. DSMAX  DPMAX
  No.   Days IT T Days   yy:mm:dd   STB/D    MCF/D    STB/D    STB    %    MCF/D    STB/D   psia   %          psia
 ------ ---- -- - ----- ---------- -------- -------- -------- ----- ----- -------- -------- ----- ---- ------ -----
   441  1.85 1  0  5368 2039:09:13 18729.79 20219.08           1080                70789.09  2778 .30g  .121o  22.0
   442  1.53 1  0  5370 2039:09:15 18946.68 20042.71           1058                70514.41  2785 .30g  .105o  18.1
   443  1.46 1  0  5371 2039:09:16 19155.45 20085.25           1049                70254.19  2791 .30g  .071o  19.9
   444  2.04 2  0  5373 2039:09:18 19484.68 19517.34           1002                69892.73  2800 .30g  .136o  30.3
   445  1.50 1  0  5375 2039:09:20 19743.95 19195.77          972.2                69628.87  2807 .30g  .102o  21.7
   446  1.46 1  0  5376 2039:09:21 20059.37 17937.38          894.2                69372.71  2813 .30g  .083o  30.4
   447  1.76 1  0  5378 2039:09:23 20731.11 17125.28          826.1                69065.90  2821 .30g  .162o  38.5
   448  1.09 1  0  5379 2039:09:24 21661.24 17018.66          785.7                68876.90  2826 .30g  .088o  30.8
   449  1.24 1  0  5380 2039:09:25 22843.97 17159.10          751.1                68661.51  2832 .30g  .055o  34.0
   450  2.25 1  0  5383 2039:09:28 24262.42 17504.84          721.5                68270.16  2842 .30g  .044o  40.6
   451  3.32 1  0  5386 2039:10:01 25530.53 18054.76          707.2                67691.96  2857 .30g  .034o  44.3
   452w  9.8 1  0  5396 2039:10:11 27484.58 19268.82          701.1                66078.99  2896 .30g  .032o  65.0
   453  21.2 1  0  5417 2039:11:01 30059.06 21057.09          700.5                63279.49  2960 .30g -.055o  85.1
   454w 30.0 1  0  5447 2039:12:01 32513.58 22690.71          697.9                60438.03  3026 .30g -.088o  75.7
   455w 31.0 1  0  5478 2040:01:01 34291.85 23770.25          693.2                58375.49  3073 .30g -.086o -78.2
   456w 31.0 1  0  5509 2040:02:01 35535.53 24552.22          690.9                56937.70  3106 .30g  .084w  36.7
   457w 29.0 1  0  5538 2040:03:01 36349.13 25075.52          689.9                55980.50  3128 .30g  .088w  25.5
   458w 31.0 1  0  5569 2040:04:01 36966.93 25482.81          689.3                55274.83  3145 .31g -.097o  19.7
   459w 30.0 1  0  5599 2040:05:01 37399.30 25771.36          689.1                54803.08  3156 .31g  .094w  15.0
   460w 31.0 1  0  5630 2040:06:01 37693.61 25970.98          689.0                54470.41  3164 .31g -.100o  13.0

                                    I M E X   T I M E   S T E P   S U M M A R Y
 ==================================================================================================================
    Time Step           Time                  Total Production             Total Injection  Total Max. Max. Change
 ---------------- ---------------- -------------------------------------- -----------------  PV   Mat. ------------
                C                    Oil      Gas     Water   GOR.  Wat.    Gas     Water   Avg.  bal. Satur. Pres.
        Size    U                                             SCF/   Cut                    Pres. err. DSMAX  DPMAX
  No.   Days IT T Days   yy:mm:dd   STB/D    MCF/D    STB/D    STB    %    MCF/D    STB/D   psia   %          psia
 ------ ---- -- - ----- ---------- -------- -------- -------- ----- ----- -------- -------- ----- ---- ------ -----
   461w 30.0 1  0  5660 2040:07:01 37916.84 26116.16          688.8                54252.90  3170 .31g -.131o -10.2
   462w 15.5 1  0  5676 2040:07:17 38002.26 26174.47          688.8                54162.00  3173 .31g -.053o  6.00
   463  15.5 1  0  5691 2040:08:01 38088.41 26234.59          688.8                54091.04  3175 .31g  .055w  4.61
   464w 31.0 1  0  5722 2040:09:01 38194.22 26309.70          688.8                54001.14  3177 .31g -.117o  8.31
   465w 15.0 1  0  5737 2040:09:16 38223.68 26331.08          688.9                53965.20  3179 .31g -.051o  6.47
   466  15.0 1  0  5752 2040:10:01 38253.31 26351.64          688.9                53935.71  3180 .32g  .052w  3.72
   467w 31.0 2  0  5783 2040:11:01 38272.13 26371.19          689.0                53893.92  3181 .32g -.100o  10.8
   468w 30.0 2  0  5813 2040:12:01 38237.13 26357.80          689.3                53852.99  3183 .32g  .098w -13.1
   469w 31.0 4  0  5844 2041:01:01 37616.02 25967.10 437.6114 690.3 1.150          53758.52  3187 .32g  .086w  19.7
   470w 31.0 3  0  5875 2041:02:01 36222.64 25087.44 1749.485 692.6 4.607          53601.82  3192 .32g  .080w  21.2
   471w 28.0 2  0  5903 2041:03:01 34129.32 23752.76 3724.499 696.0  9.84          53359.48  3199 .33g  .068w  24.0
   472w 31.0 2  0  5934 2041:04:01 31932.74 22325.34 6293.304 699.1 16.46          53038.12  3208 .33g -.064o  26.3
   473w 30.0 1  0  5964 2041:05:01 30021.39 21093.99 8860.933 702.6 22.79          52724.82  3217 .33g -.061o  27.9
   474w 31.0 1  0  5995 2041:06:01 29024.34 20410.93 11046.23 703.2 27.57          52480.26  3223 .33g  .041w -20.0
   475w 30.0 1  0  6025 2041:07:01 28151.23 19814.82 12400.28 703.9 30.58          52367.00  3226 .33g  .041w -36.4
   476w 31.0 1  0  6056 2041:08:01 27533.43 19394.74 13560.16 704.4 33.00          52351.93  3227 .33g -.047o -22.2
   477w 31.0 1  0  6087 2041:09:01 27015.50 19043.29 14610.44 704.9 35.10          52396.52  3226 .33g  .044w -15.0
   478w 30.0 1  0  6117 2041:10:01 26576.13 18744.31 15592.79 705.3 36.98          52483.83  3224 .33g  .040w -10.4
   479w 31.0 1  0  6148 2041:11:01 26165.83 18463.50 16406.67 705.6 38.54          52614.57  3222 .33g -.046o -9.14
   480w 30.0 1  0  6178 2041:12:01 25824.25 18229.39 17207.49 705.9 39.99          52763.24  3219 .34g  .045w -7.36

                                    I M E X   T I M E   S T E P   S U M M A R Y
 ==================================================================================================================
    Time Step           Time                  Total Production             Total Injection  Total Max. Max. Change
 ---------------- ---------------- -------------------------------------- -----------------  PV   Mat. ------------
                C                    Oil      Gas     Water   GOR.  Wat.    Gas     Water   Avg.  bal. Satur. Pres.
        Size    U                                             SCF/   Cut                    Pres. err. DSMAX  DPMAX
  No.   Days IT T Days   yy:mm:dd   STB/D    MCF/D    STB/D    STB    %    MCF/D    STB/D   psia   %          psia
 ------ ---- -- - ----- ---------- -------- -------- -------- ----- ----- -------- -------- ----- ---- ------ -----
   481w 31.0 1  0  6209 2042:01:01 25479.30 17992.21 17887.59 706.2 41.25          52936.41  3215 .34g -.042o -5.96
   482w 31.0 1  0  6240 2042:02:01 25163.72 17775.17 18559.43 706.4 42.45          53121.19  3211 .34g -.045o -4.90
   483w 28.0 1  0  6268 2042:03:01 24891.19 17587.44 19131.06 706.6 43.46          53293.45  3207 .34g  .045w -4.28
   484w 31.0 1  0  6299 2042:04:01 24602.67 17388.24 19734.96 706.8 44.51          53486.30  3203 .34g  .046w -4.53
   485w 30.0 1  0  6329 2042:05:01 24333.46 17201.94 20299.06 706.9 45.48          53674.13  3200 .34g -.042o -4.48
   486w 31.0 1  0  6360 2042:06:01 24068.09 17017.86 20847.61 707.1 46.41          53866.16  3196 .34g  .049w -4.58
   487w 30.0 1  0  6390 2042:07:01 23822.54 16847.05 21357.77 707.2 47.27          54049.69  3192 .34g  .045w -4.25
   488w 31.0 1  0  6421 2042:08:01 23581.05 16678.47 21859.25 707.3 48.11          54235.61  3188 .35g -.046o -4.41
   489w 31.0 1  0  6452 2042:09:01 23352.01 16517.94 22345.26 707.3 48.90          54418.39  3184 .35g -.051o -4.39
   490w 30.0 1  0  6482 2042:10:01 23146.91 16373.42 22791.48 707.4 49.61          54591.97  3181 .35g  .048w -4.19
   491w 31.0 1  0  6513 2042:11:01 22966.75 16244.86 23184.78 707.3 50.24          54769.76  3177 .35g  .046w -4.48
   492w 30.0 1  0  6543 2042:12:01 22770.58 16105.67 23668.36 707.3 50.97          54943.93  3173 .35g  .046w -4.30
   493w 31.0 1  0  6574 2043:01:01 22583.41 15972.13 24103.11 707.3 51.63          55124.34  3170 .35g -.050o -4.46
   494w 31.0 1  0  6605 2043:02:01 22401.04 15841.71 24545.12 707.2 52.28          55303.06  3166 .35g -.047o -4.27
   495w 28.0 1  0  6633 2043:03:01 22240.90 15726.97 24924.27 707.1 52.84          55464.02  3163 .35g -.047o -3.89
   496w 31.0 1  0  6664 2043:04:01 22074.35 15607.08 25319.24 707.0 53.42          55639.21  3159 .35g  .049w -4.29
   497w 30.0 1  0  6694 2043:05:01 21915.30 15492.40 25694.92 706.9 53.97          55806.32  3156 .35g -.048o -4.02
   498w 31.0 1  0  6725 2043:06:01 21759.39 15379.49 26066.33 706.8 54.50          55975.77  3152 .36g -.052o -4.15
   499w 30.0 1  0  6755 2043:07:01 21614.96 15274.48 26413.83 706.7 55.00          56136.98  3149 .36g -.051o -3.79
   500w 31.0 1  0  6786 2043:08:01 21468.69 15167.89 26766.22 706.5 55.49          56300.05  3146 .36g  .057w -3.87

                                    I M E X   T I M E   S T E P   S U M M A R Y
 ==================================================================================================================
    Time Step           Time                  Total Production             Total Injection  Total Max. Max. Change
 ---------------- ---------------- -------------------------------------- -----------------  PV   Mat. ------------
                C                    Oil      Gas     Water   GOR.  Wat.    Gas     Water   Avg.  bal. Satur. Pres.
        Size    U                                             SCF/   Cut                    Pres. err. DSMAX  DPMAX
  No.   Days IT T Days   yy:mm:dd   STB/D    MCF/D    STB/D    STB    %    MCF/D    STB/D   psia   %          psia
 ------ ---- -- - ----- ---------- -------- -------- -------- ----- ----- -------- -------- ----- ---- ------ -----
   501w 31.0 1  0  6817 2043:09:01 21329.11 15065.75 27105.91 706.3 55.96          56459.98  3142 .36g  .056w -3.84
   502w 30.0 1  0  6847 2043:10:01 21196.43 14968.45 27434.39 706.2 56.41          56612.40  3139 .36g  .049w -3.68
   503w 31.0 1  0  6878 2043:11:01 21063.42 14870.64 27761.12 706.0 56.86          56767.00  3136 .36g -.053o -3.64
   504w 30.0 1  0  6908 2043:12:01 20939.45 14779.15 28065.97 705.8 57.27          56913.03  3133 .36g  .056w -4.48
   505w 31.0 1  0  6939 2044:01:01 20817.23 14688.62 28374.37 705.6 57.68          57061.63  3130 .36g  .066w -3.46
   506w 31.0 1  0  6970 2044:02:01 20698.97 14600.76 28670.17 705.4 58.07          57206.82  3127 .37g -.060o -3.43
   507w 29.0 1  0  6999 2044:03:01 20592.21 14521.22 28940.76 705.2 58.43          57340.49  3125 .37g -.046o -3.01
   508w 31.0 1  0  7030 2044:04:01 20479.37 14436.96 29226.60 705.0 58.80          57479.50  3122 .37g  .055w -3.88
   509w 30.0 1  0  7060 2044:05:01 20375.68 14359.27 29490.64 704.7 59.14          57612.05  3119 .37g  .056w -2.97
   510w 31.0 1  0  7091 2044:06:01 20270.46 14280.30 29758.77 704.5 59.48          57745.53  3117 .37g -.058o -2.96
   511w 30.0 1  0  7121 2044:07:01 20181.29 14212.54 29994.38 704.2 59.78          57871.88  3114 .37g -.051o -2.70
   512w 31.0 1  0  7152 2044:08:01 20087.85 14141.58 30233.66 704.0 60.08          57998.54  3112 .37g -.052o -3.06
   513w 31.0 2  0  7183 2044:09:01 19996.72 14072.19 30457.49 703.7 60.37          58121.20  3110 .37g  .048w -2.80
   514w 30.0 1  0  7213 2044:10:01 19919.81 14012.80 30657.49 703.5 60.62          58234.52  3107 .37g -.053o -2.56
   515w 31.0 1  0  7244 2044:11:01 19837.92 13949.83 30872.45 703.2 60.88          58346.35  3105 .38g -.054o -2.60
   516w 30.0 2  0  7274 2044:12:01 19748.69 13882.30 31071.75 702.9 61.14          58450.89  3103 .38g  .044w -2.48
   517w 31.0 3  0  7305 2045:01:01 19596.48 13770.96 31343.03 702.7 61.53          58552.37  3102 .38g -.048o -2.52

 ===================== SUMMARY (from subroutine: TSIO)   ======================
  Simulation run terminated. Stopping time reached.
    
     1 Warning messages.    0 Error messages.
 ==============================================================================



                          Global Storage Usage
                          ====================

             Section           Bytes          Mbytes   # Objects
        ------------    ------------    ------------   ---------
              MXSLVR        18223832          17.380          98
              GRMOD0         7857584           7.494         482
               IMEX1         4006292           3.821         588
               IMEX2         3611666           3.444         693
              MXGR01         1844632           1.759          18
               IMEX3         1457818           1.390         249
              GRMOD1         1254256           1.196         151
               POINT          919384           0.877          96
             MXSLVR1          497456           0.474          14
              CMPDIL          216112           0.206          25
               PRTCM          205260           0.196          17
              SECTOR           86464           0.082          13
              WMCOM1           58763           0.056         982
              KWCOM1           34735           0.033          52
              EQTPAR           29876           0.028          69
              SR2COM           22036           0.021          92
              MXWELL           20796           0.020         262
           GLOBSTORE            7478           0.007          27
              MXINIT            6244           0.006          23
               SAMG1            1873           0.002         255
              PGMCH1            1794           0.002         319
             CMGFILE            1206           0.001          19
                FLXB            1156           0.001          27
                CMB1             600           0.001          68
           PGSCOMMON             476           0.000          64
                 MTS             340           0.000          18
           PGPARASOL             296           0.000          65
              SGCOM2             216           0.000          54
              SGCOM1             180           0.000          44
              GRMOD2             156           0.000          38
              WMCOM3              92           0.000           4
              WMCOM2              76           0.000          15
              WMCOM5              52           0.000          13
              SGCOM3              32           0.000           8
        PGMATDOMAINS              16           0.000           4
              WMCOM7               8           0.000           2
              DEPTAB               8           0.000           2
              SGCOM4               4           0.000           1
            PGSINT3D               0           0.000           0
              MXPRSL               0           0.000           0
        ------------    ------------    ------------   ---------
               Total        40369265          38.499        4971

       Field Total                                   Fluid
                             Oil       Gas       Water    Solvent   Polymer    Salt
                            -------   -------   -------   -------   -------   -------
                            (MSTB)    (MMSCF)   (MSTB)    (MMSCF)    (MLB)     (MLB)
  Cumulative Production       75912    279367     32810     NA        NA        NA   
  Cumulative Injection        NA         0       228303     NA        NA        NA   
  Cumulative Gas Lift         NA         0        NA        NA        NA        NA   
  Cumulative Aquifer Influx   NA        NA         0        NA        NA        NA   
  Current Fluids In Place    189137    129072    258891     NA        NA        NA   
  Production Rates           19.596    13.771    31.343     NA        NA        NA   
  Injection Rates             NA         0       58.552     NA        NA        NA   

  Timesteps:    517  Newton Cycles:      591  Cuts:      7  Solver Iterations:        10055
  Average Implicitness    : 0.947
  Fluid Component Model   : BLACKOIL (SINGLE-P)
  Material Balances (owg): 1.001 1.000 1.004
  Average Active Blocks:       10800 Average Non-BHP Active Wells:     0
  Total Blocks :       10800 Total Wells :     5
  Active Blocks:       10800 Non-BHP Active Wells:     0
  Time at end of simulation:   7305.00     (days)   
  Average reservoir pressure excluding water zone: 3101.606 (psi)    
  Total Number of Solver Failures:       0  Stalls:       0  ITERMAX Reached:       0
  Jacobian Domains      1  
  Total lstpro/lstpar calls:     2  (    7)
  Linear Solver: Aimsol
  Preconditioner Ordering: REDBLACK
  Preconditioner Degree           1
  KMP_AFFINITY: Default
  OMP_SCHEDULE: Default
  Max Impl Blocks:    10800  %Impl:100.0%  (TS,CUT,NCYC): (    21, 0,  2 )
  Max Solver Iterations (TS,CUT,NCYC):      32 (   469, 0,  2 )
  Number of threads set:    1
  Total number of cpus:    4
  Memory Usage Peak:      110 MB on TS:   196 TS 1 Peak:       65 MB  Average:      105 MB  VM Size:      126 MB
  Host computer: IKIEARTH
  CPU Time:            56.28 seconds
  Elapsed Time:        60.68 seconds

  End of Simulation: Normal Termination

  Date and Time of End of Run:  May  7, 2025  00:59:58

