    Opened LOG FILE         on unit 10, filename is 'D:\TA MANDIRI\SKENARIO CMG\A3P1C.log'
 ********************************************************************************
 *                                                                              *
 *                                IMEX  2021.10                                 *
 *            Adaptive-Implicit Black Oil & Unconventional Simulator            *
 *                         General Release for Win x64                          *
 *                            2021-Nov-16   12:35:59                            *
 *                                                                              *
 *                          (c) Copyright 1977 - 2021                           *
 *                Computer Modelling Group Ltd., Calgary, Canada                *
 *                             All Rights Reserved                              *
 *                                                                              *
 ********************************************************************************


 Command-line Arguments:  -dimsum
                          -wd D:\TA MANDIRI\SKENARIO CMG
                          -log
                          -f D:\TA MANDIRI\SKENARIO CMG\A3P1C.dat

  Date and Time of Start of Run:  Apr 19, 2025  07:43:18


*** Input/Output files specification :
    Opened data file        on unit 11, filename is 'D:\TA MANDIRI\SKENARIO CMG\A3P1C.dat'
    Opened Scratch file     on unit 12
    Opened Scratch file     on unit 13
    Opened output file      on unit 14, filename is 'D:\TA MANDIRI\SKENARIO CMG\A3P1C.out'
    Opened SR3-OUT          on unit 15, filename is 'D:\TA MANDIRI\SKENARIO CMG\A3P1C.sr3'
    Opened Restart-SR3      on unit 16, filename is 'D:\TA MANDIRI\SKENARIO CMG\A3P1C.rstr.sr3'
    Opened GRID scratchfile on unit 17

 ===================== WARNING (from subroutine: INCOMP) ======================
  P/Z Output is disabled as Temperatures were not defined for all PVT Regions
  Please review the *TRES Keyword
  Line: 74   File Name: D:\TA MANDIRI\SKENARIO CMG\A3P1C.dat
 ==============================================================================


 ===================== SUMMARY (from subroutine: INDATA) ======================
  Reading of initial data is complete.
  Simulation will stop if there were error messages.
     1 Warning messages.    0 Error messages.
 ==============================================================================



                          Global Storage Usage
                          ====================

             Section           Bytes          Mbytes   # Objects
        ------------    ------------    ------------   ---------
              MXSLVR          246616           0.235          98
              GRMOD0          217956           0.208         482
               IMEX2          125666           0.120         693
               IMEX1          114236           0.109         588
              WMCOM1           58763           0.056         982
               IMEX3           50818           0.048         249
              MXGR01           50456           0.048          18
              GRMOD1           36256           0.035         151
              KWCOM1           34735           0.033          52
              EQTPAR           29876           0.028          69
               POINT           25252           0.024          96
              SR2COM           22036           0.021          92
              MXWELL           20796           0.020         262
             MXSLVR1           13096           0.012          14
           GLOBSTORE            7478           0.007          27
              MXINIT            6244           0.006          23
              CMPDIL            6112           0.006          25
               PRTCM            5760           0.005          17
              SECTOR            2464           0.002          13
               SAMG1            1873           0.002         255
              PGMCH1            1794           0.002         319
             CMGFILE            1206           0.001          19
                FLXB            1156           0.001          27
                CMB1             600           0.001          68
           PGSCOMMON             476           0.000          64
                 MTS             340           0.000          18
           PGPARASOL             296           0.000          65
              SGCOM2             216           0.000          54
              SGCOM1             180           0.000          44
              GRMOD2             156           0.000          38
              WMCOM3              92           0.000           4
              WMCOM2              76           0.000          15
              WMCOM5              52           0.000          13
              SGCOM3              32           0.000           8
        PGMATDOMAINS              16           0.000           4
              WMCOM7               8           0.000           2
              DEPTAB               8           0.000           2
              SGCOM4               4           0.000           1
            PGSINT3D               0           0.000           0
              MXPRSL               0           0.000           0
        ------------    ------------    ------------   ---------
               Total         1083197           1.033        4971
            Maximium         1712077           1.633

                                    I M E X   T I M E   S T E P   S U M M A R Y
 ==================================================================================================================
    Time Step           Time                  Total Production             Total Injection  Total Max. Max. Change
 ---------------- ---------------- -------------------------------------- -----------------  PV   Mat. ------------
                C                    Oil      Gas     Water   GOR.  Wat.    Gas     Water   Avg.  bal. Satur. Pres.
        Size    U                                             SCF/   Cut                    Pres. err. DSMAX  DPMAX
  No.   Days IT T Days   yy:mm:dd   STB/D    MCF/D    STB/D    STB    %    MCF/D    STB/D   psia   %          psia
 ------ ---- -- - ----- ---------- -------- -------- -------- ----- ----- -------- -------- ----- ---- ------ -----
     1w 1.00 2  0 1.000 2025:01:02 270087.1 400347.1           1482                          4781 e-3o -.033o  -267
     2  1.63 1  0 2.627 2025:01:04 218852.7 389929.3           1782                          4760 e-4g -.036o  -278
     3  2.54 1  0 5.171 2025:01:06 175052.6 361514.0           2065                          4733 .01g -.026o  -231
     4  4.80 1  0  9.97 2025:01:11 144017.9 321511.6           2232                          4686 .03g -.019o  -216
     5   9.7 1  0 19.64 2025:01:21 127213.3 278100.5           2186                          4603 .05g -.029o  -180
     6  11.4 1  0 31.00 2025:02:01 112463.8 274189.6           2438                          4517 .04g -.023o  -134
     7w 28.0 2  0 59.00 2025:03:01 94277.67 253453.4           2688                          4332 .04g -.048o  -208
     8w 31.0 2  0 90.00 2025:04:01 77436.43 261162.9           3373                          4150 .04g -.074o  -191
     9w 30.0 2  0 120.0 2025:05:01 64272.15 294783.8           4586                          3978 .04g -.083o  -180
    10w 31.0 2  0 151.0 2025:06:01 53805.57 338679.5           6295                          3794 .05g -.074o  -196
    11w 30.0 2  0 181.0 2025:07:01 45810.71 372098.5           8123                          3615 .05g -.059o  -205
    12w 31.0 2  0 212.0 2025:08:01 39673.91 412474.5          10397                          3425 .05g -.044o  -214
    13w 31.0 2  0 243.0 2025:09:01 33872.04 419556.5          12387                          3245 .05g -.037o  -208
    14w 30.0 2  0 273.0 2025:10:01 28902.16 402019.8          13910                          3085 .05g -.028o  -181
    15w 31.0 2  0 304.0 2025:11:01 24453.33 368796.2          15082                          2937 .06g -.028o  -166
    16w 30.0 2  0 334.0 2025:12:01 20676.50 343055.0          16592                          2801 .06g -.026o  -153
    17w 31.0 2  0 365.0 2026:01:01 17347.21 311516.3          17958                          2678 .06g -.024o  -139
    18w 31.0 2  0 396.0 2026:02:01 14427.12 276795.7          19186                          2572 .06g -.021o  -119
    19w 28.0 2  0 424.0 2026:03:01 12150.22 244717.2          20141                          2487 .06g -.017o -93.8
    20w 31.0 2  0 455.0 2026:04:01 9971.046 209655.7          21026                          2403 .06g -.016o -93.8

                                    I M E X   T I M E   S T E P   S U M M A R Y
 ==================================================================================================================
    Time Step           Time                  Total Production             Total Injection  Total Max. Max. Change
 ---------------- ---------------- -------------------------------------- -----------------  PV   Mat. ------------
                C                    Oil      Gas     Water   GOR.  Wat.    Gas     Water   Avg.  bal. Satur. Pres.
        Size    U                                             SCF/   Cut                    Pres. err. DSMAX  DPMAX
  No.   Days IT T Days   yy:mm:dd   STB/D    MCF/D    STB/D    STB    %    MCF/D    STB/D   psia   %          psia
 ------ ---- -- - ----- ---------- -------- -------- -------- ----- ----- -------- -------- ----- ---- ------ -----
    21w 30.0 1  0 485.0 2026:05:01 8164.322 176166.3          21578                          2334 .11g -.013o -77.1
    22w 31.0 1  0 516.0 2026:06:01 6725.824 147704.8          21961                          2276 .13g -.013o -64.7
    23w 30.0 1  0 546.0 2026:07:01 5569.009 124008.6          22268                          2230 .15g -.012o -51.7
    24w 31.0 1  0 577.0 2026:08:01 4590.743 103436.6          22532                          2191 .16g -.011o -44.0
    25w 31.0 1  0 608.0 2026:09:01 3791.851 86232.09          22741                          2158 .17g -.009o -36.3
    26w 30.0 1  0 638.0 2026:10:01 3155.624 72242.51          22893                          2132 .17g -.008o -29.2
    27w 31.0 1  0 669.0 2026:11:01 2620.249 60100.71          22937                          2110 .18g -.007o -25.0
    28w 30.0 1  0 699.0 2026:12:01 2190.750 50240.25          22933                          2092 .18g -.006o -20.1
    29w 31.0 1  0 730.0 2027:01:01 1825.218 41727.41          22862                          2076 .18g -.005o -17.2
    30w 31.0 1  0 761.0 2027:02:01 1524.005 34621.17          22717                          2064 .18g -.005o -14.3
    31w 28.0 1  0 789.0 2027:03:01 1295.779 29177.77          22518                          2054 .19g -.004o -10.9
    32w 31.0 1  0 820.0 2027:04:01 1087.719 24161.06          22213                          2045 .19g -.003o  -9.9
    33w 30.0 1  0 850.0 2027:05:01 920.6679 20096.72          21828                          2038 .19g -.003o -8.02
    34w 31.0 1  0 881.0 2027:06:01 778.4450 16605.33          21331                          2032 .19g -.003o -6.85
    35w 30.0 1  0 911.0 2027:07:01 664.3285 13783.39          20748                          2027 .19g -.002o -5.52
    36w 31.0 1  0 942.0 2027:08:01 567.1474 11361.18          20032                          2023 .19g -.002o -4.71
    37w 31.0 1  0 973.0 2027:09:01 487.2264 9355.504          19202                          2020 .19g -.002o -3.89
    38w 30.0 1  0  1003 2027:10:01 423.0939 7734.960          18282                          2017 .19g -.001o -3.13
    39w 31.0 1  0  1034 2027:11:01 368.1912 6337.589          17213                          2015 .19g -.001o -2.70
    40w 30.0 1  0  1064 2027:12:01 324.2942 5215.275          16082                          2013 .19g -.001o -2.16

                                    I M E X   T I M E   S T E P   S U M M A R Y
 ==================================================================================================================
    Time Step           Time                  Total Production             Total Injection  Total Max. Max. Change
 ---------------- ---------------- -------------------------------------- -----------------  PV   Mat. ------------
                C                    Oil      Gas     Water   GOR.  Wat.    Gas     Water   Avg.  bal. Satur. Pres.
        Size    U                                             SCF/   Cut                    Pres. err. DSMAX  DPMAX
  No.   Days IT T Days   yy:mm:dd   STB/D    MCF/D    STB/D    STB    %    MCF/D    STB/D   psia   %          psia
 ------ ---- -- - ----- ---------- -------- -------- -------- ----- ----- -------- -------- ----- ---- ------ -----
    41w 31.0 1  0  1095 2028:01:01 286.8938 4260.060          14849                          2011 .19g -.001o -1.83
    42w 31.0 1  0  1126 2028:02:01 256.6496 3475.737          13543                          2010 .19g -9e-4o -1.50
    43w 29.0 1  0  1155 2028:03:01 232.7521 2853.178          12258                          2009 .19g -8e-4o -1.18
    44w 31.0 1  0  1186 2028:04:01 211.9879 2307.956          10887                          2008 .19g -8e-4o -1.04
    45w 30.0 1  0  1216 2028:05:01 195.5848 1874.579           9584                          2008 .19g -8e-4o -.824
    46w 31.0 1  0  1247 2028:06:01 181.9005 1509.643           8299                          2007 .19g -8e-4o -.690
    47w 30.0 1  0  1277 2028:07:01 171.1566 1221.382           7136                          2007 .19g -7e-4o -.546
    48w 31.0 1  0  1308 2028:08:01 162.2166 979.6531           6039                          2006 .19g -7e-4o -.457
    49w 31.0 1  0  1339 2028:09:01 155.0210 783.6189           5055                          2006 .19g -6e-4o -.370
    50w 30.0 1  0  1369 2028:10:01 149.3850 628.8661           4210                          2006 .19g -6e-4o -.292
    51w 31.0 1  0  1400 2028:11:01 144.7199 499.5703           3452                          2005 .19g -6e-4o -.244
    52w 30.0 1  0  1430 2028:12:01 141.0770 397.6638           2819                          2005 .19g -5e-4o -.192
    53w 31.0 1  0  1461 2029:01:01 138.0712 312.6494           2264                          2005 .19g -5e-4o -.160
    54w 31.0 1  0  1492 2029:02:01 135.6715 243.9780           1798                          2005 .19g -5e-4o -.129
    55w 28.0 1  0  1520 2029:03:01 133.9043 192.8418           1440                          2005 .19g -5e-4o -.097
    56w 31.0 1  0  1551 2029:04:01 132.3570 147.4071           1114                          2005 .19g -5e-4o -.085
    57w 30.0 1  0  1581 2029:05:01 131.1600 111.7228          851.8                          2005 .19g -5e-4o -.067
    58w 31.0 1  0  1612 2029:06:01 128.8787 82.41331          639.5                          2005 .19g -5e-4o -.056
    59w 30.0 1  0  1642 2029:07:01 103.0339 65.41850          634.9                          2005 .19g -4e-4o -.044
    60w 31.0 1  0  1673 2029:08:01 81.17452 51.53666          634.9                          2005 .19g -4e-4o -.036

                                    I M E X   T I M E   S T E P   S U M M A R Y
 ==================================================================================================================
    Time Step           Time                  Total Production             Total Injection  Total Max. Max. Change
 ---------------- ---------------- -------------------------------------- -----------------  PV   Mat. ------------
                C                    Oil      Gas     Water   GOR.  Wat.    Gas     Water   Avg.  bal. Satur. Pres.
        Size    U                                             SCF/   Cut                    Pres. err. DSMAX  DPMAX
  No.   Days IT T Days   yy:mm:dd   STB/D    MCF/D    STB/D    STB    %    MCF/D    STB/D   psia   %          psia
 ------ ---- -- - ----- ---------- -------- -------- -------- ----- ----- -------- -------- ----- ---- ------ -----
    61w 31.0 1  0  1704 2029:09:01 63.66706 40.41944          634.9                          2005 .19g -4e-4o -.029
    62w 30.0 1  0  1734 2029:10:01 50.03094 31.76114          634.8                          2005 .19g -4e-4o -.023
    63w 31.0 1  0  1765 2029:11:01 38.82356 24.64543          634.8                          2005 .19g -4e-4o -.019
    64w 30.0 1  0  1795 2029:12:01 30.12663 19.12394          634.8                          2005 .19g -4e-4g -.015
    65w 31.0 1  0  1826 2030:01:01 23.04249 14.62660          634.8                          2005 .19g -5e-4g -.012
    66w 31.0 1  0  1857 2030:02:01 17.45351 11.07860          634.7                          2005 .19g -6e-4g -.009
    67w 28.0 1  0  1885 2030:03:01 13.36277 8.481821          634.7                          2005 .19g -5e-4g -.007
    68w 31.0 1  0  1916 2030:04:01  9.86266 6.260045          634.7                          2005 .19g -6e-4g -.006
    69w 30.0 1  0  1946 2030:05:01 7.185713 4.560840          634.7                          2005 .19g -6e-4g -.005
    70w 31.0 1  0  1977 2030:06:01 5.045760 3.202534          634.7                          2005 .19g -7e-4g -.004
    71w 30.0 1  0  2007 2030:07:01 3.420921 2.171218          634.7                          2005 .19g -7e-4g  .003
    72w 31.0 1  0  2038 2030:08:01 2.209562 1.402362          634.7                          2005 .19g -7e-4g  .003
    73w 31.0 1  0  2069 2030:09:01 1.241523 .7879576          634.7                          2005 .19g -6e-4g  .003
    74w 30.0 1  0  2099 2030:10:01 .5303573 .3365980          634.7                          2005 .19g -5e-4g  .003
    75w 31.0 1  0  2130 2030:11:01                                                           2005 .19g -5e-4g  .003
    76w 30.0 1  0  2160 2030:12:01                                                           2005 .19g -4e-4g  .003
    77w 31.0 1  0  2191 2031:01:01                                                           2005 .19g -4e-4g  .003
    78w 31.0 1  0  2222 2031:02:01                                                           2005 .19g -4e-4g  .003
    79w 28.0 1  0  2250 2031:03:01                                                           2005 .19g -3e-4g  .002
    80w 31.0 1  0  2281 2031:04:01                                                           2005 .19g -3e-4o  .002

                                    I M E X   T I M E   S T E P   S U M M A R Y
 ==================================================================================================================
    Time Step           Time                  Total Production             Total Injection  Total Max. Max. Change
 ---------------- ---------------- -------------------------------------- -----------------  PV   Mat. ------------
                C                    Oil      Gas     Water   GOR.  Wat.    Gas     Water   Avg.  bal. Satur. Pres.
        Size    U                                             SCF/   Cut                    Pres. err. DSMAX  DPMAX
  No.   Days IT T Days   yy:mm:dd   STB/D    MCF/D    STB/D    STB    %    MCF/D    STB/D   psia   %          psia
 ------ ---- -- - ----- ---------- -------- -------- -------- ----- ----- -------- -------- ----- ---- ------ -----
    81w 30.0 1  0  2311 2031:05:01                                                           2005 .19g -3e-4o  .002
    82w 31.0 1  0  2342 2031:06:01                                                           2005 .19g -3e-4o  .002
    83w 30.0 1  0  2372 2031:07:01                                                           2005 .19g -3e-4o  .002
    84w 31.0 1  0  2403 2031:08:01                                                           2005 .19g -3e-4o  .002
    85w 31.0 1  0  2434 2031:09:01                                                           2005 .19g -3e-4o  .002
    86w 30.0 1  0  2464 2031:10:01                                                           2005 .19g -3e-4o  .001
    87w 31.0 1  0  2495 2031:11:01                                                           2005 .19g -3e-4o  .001
    88w 30.0 1  0  2525 2031:12:01                                                           2005 .19g -3e-4o  .001
    89w 31.0 1  0  2556 2032:01:01                                                           2005 .19g -3e-4o  .001
    90w 31.0 1  0  2587 2032:02:01                                                           2005 .19g -3e-4o  .001
    91w 29.0 1  0  2616 2032:03:01                                                           2005 .19g -3e-4o  .001
    92w 31.0 1  0  2647 2032:04:01                                                           2005 .19g -3e-4o  9e-4
    93w 30.0 1  0  2677 2032:05:01                                                           2005 .19g -3e-4o  9e-4
    94w 31.0 1  0  2708 2032:06:01                                                           2005 .19g -3e-4o  8e-4
    95w 30.0 1  0  2738 2032:07:01                                                           2005 .19g -3e-4o  8e-4
    96w 31.0 1  0  2769 2032:08:01                                                           2005 .19g -3e-4o  7e-4
    97w 31.0 1  0  2800 2032:09:01                                                           2005 .19g -3e-4o  7e-4
    98w 30.0 1  0  2830 2032:10:01                                                           2005 .19g -3e-4o  6e-4
    99w 31.0 1  0  2861 2032:11:01                                                           2005 .19g -3e-4o  6e-4
   100w 30.0 1  0  2891 2032:12:01                                                           2005 .19g -3e-4o  6e-4

                                    I M E X   T I M E   S T E P   S U M M A R Y
 ==================================================================================================================
    Time Step           Time                  Total Production             Total Injection  Total Max. Max. Change
 ---------------- ---------------- -------------------------------------- -----------------  PV   Mat. ------------
                C                    Oil      Gas     Water   GOR.  Wat.    Gas     Water   Avg.  bal. Satur. Pres.
        Size    U                                             SCF/   Cut                    Pres. err. DSMAX  DPMAX
  No.   Days IT T Days   yy:mm:dd   STB/D    MCF/D    STB/D    STB    %    MCF/D    STB/D   psia   %          psia
 ------ ---- -- - ----- ---------- -------- -------- -------- ----- ----- -------- -------- ----- ---- ------ -----
   101w 31.0 1  0  2922 2033:01:01                                                           2005 .19g -3e-4o  6e-4
   102w 31.0 1  0  2953 2033:02:01                                                           2005 .19g -3e-4o  6e-4
   103w 28.0 1  0  2981 2033:03:01                                                           2005 .19g -3e-4o  6e-4
   104w 31.0 1  0  3012 2033:04:01                                                           2005 .19g -3e-4o  6e-4
   105w 30.0 1  0  3042 2033:05:01                                                           2005 .19g -3e-4o  6e-4
   106w 31.0 1  0  3073 2033:06:01                                                           2005 .19g -3e-4o  6e-4
   107w 30.0 1  0  3103 2033:07:01                                                           2005 .19g -3e-4o  6e-4
   108w 31.0 1  0  3134 2033:08:01                                                           2005 .19g -3e-4o  6e-4
   109w 31.0 1  0  3165 2033:09:01                                                           2005 .19g -3e-4o  6e-4
   110w 30.0 1  0  3195 2033:10:01                                                           2005 .19g -3e-4o  6e-4
   111w 31.0 1  0  3226 2033:11:01                                                           2005 .19g -3e-4o  6e-4
   112w 30.0 1  0  3256 2033:12:01                                                           2005 .19g -3e-4o  6e-4
   113w 31.0 1  0  3287 2034:01:01                                                           2005 .19g -3e-4o  6e-4
   114w 31.0 1  0  3318 2034:02:01                                                           2005 .19g -3e-4o  6e-4
   115w 28.0 1  0  3346 2034:03:01                                                           2005 .19g -2e-4o  6e-4
   116w 31.0 1  0  3377 2034:04:01                                                           2005 .19g -3e-4o  6e-4
   117w 30.0 1  0  3407 2034:05:01                                                           2005 .19g -3e-4o  6e-4
   118w 31.0 1  0  3438 2034:06:01                                                           2005 .19g -3e-4o  6e-4
   119w 30.0 1  0  3468 2034:07:01                                                           2005 .19g -3e-4o  6e-4
   120w 31.0 1  0  3499 2034:08:01                                                           2005 .19g -3e-4o  6e-4

                                    I M E X   T I M E   S T E P   S U M M A R Y
 ==================================================================================================================
    Time Step           Time                  Total Production             Total Injection  Total Max. Max. Change
 ---------------- ---------------- -------------------------------------- -----------------  PV   Mat. ------------
                C                    Oil      Gas     Water   GOR.  Wat.    Gas     Water   Avg.  bal. Satur. Pres.
        Size    U                                             SCF/   Cut                    Pres. err. DSMAX  DPMAX
  No.   Days IT T Days   yy:mm:dd   STB/D    MCF/D    STB/D    STB    %    MCF/D    STB/D   psia   %          psia
 ------ ---- -- - ----- ---------- -------- -------- -------- ----- ----- -------- -------- ----- ---- ------ -----
   121w 31.0 1  0  3530 2034:09:01                                                           2005 .19g -3e-4o  6e-4
   122w 30.0 1  0  3560 2034:10:01                                                           2005 .19g -3e-4o  6e-4
   123w 31.0 1  0  3591 2034:11:01                                                           2005 .19g -3e-4o  6e-4
   124w 30.0 1  0  3621 2034:12:01                                                           2005 .19g -3e-4o  6e-4
   125w 31.0 1  0  3652 2035:01:01                                                           2005 .19g -3e-4o  6e-4
   126w 31.0 1  0  3683 2035:02:01                                                           2005 .19g -3e-4o  6e-4
   127w 28.0 1  0  3711 2035:03:01                                                           2005 .19g -2e-4o  5e-4
   128w 31.0 1  0  3742 2035:04:01                                                           2005 .19g -3e-4o  6e-4
   129w 30.0 1  0  3772 2035:05:01                                                           2005 .19g -2e-4o  6e-4
   130w 31.0 1  0  3803 2035:06:01                                                           2005 .19g -3e-4o  6e-4
   131w 30.0 1  0  3833 2035:07:01                                                           2005 .19g -2e-4o  6e-4
   132w 31.0 1  0  3864 2035:08:01                                                           2005 .19g -2e-4o  6e-4
   133w 31.0 1  0  3895 2035:09:01                                                           2005 .19g -2e-4o  6e-4
   134w 30.0 1  0  3925 2035:10:01                                                           2005 .19g -2e-4o  5e-4
   135w 31.0 1  0  3956 2035:11:01                                                           2005 .19g -2e-4o  6e-4
   136w 30.0 1  0  3986 2035:12:01                                                           2005 .19g -2e-4o  5e-4
   137w 31.0 1  0  4017 2036:01:01                                                           2005 .19g -2e-4o  6e-4
   138w 1.00 1  0  4018 2036:01:02                                                 600.6000  2005 .19g -2e-4g  .468
   139  5.00 1  0  4023 2036:01:07                                                 492.8128  2005 .19g -.002g  .214
   140  25.0 1  0  4048 2036:02:01 31.34844 19.89262          634.6                357.6481  2005 .19g -.006g  .116

                                    I M E X   T I M E   S T E P   S U M M A R Y
 ==================================================================================================================
    Time Step           Time                  Total Production             Total Injection  Total Max. Max. Change
 ---------------- ---------------- -------------------------------------- -----------------  PV   Mat. ------------
                C                    Oil      Gas     Water   GOR.  Wat.    Gas     Water   Avg.  bal. Satur. Pres.
        Size    U                                             SCF/   Cut                    Pres. err. DSMAX  DPMAX
  No.   Days IT T Days   yy:mm:dd   STB/D    MCF/D    STB/D    STB    %    MCF/D    STB/D   psia   %          psia
 ------ ---- -- - ----- ---------- -------- -------- -------- ----- ----- -------- -------- ----- ---- ------ -----
   141w 29.0 1  0  4077 2036:03:01 65.59797 41.62659          634.6                295.4036  2005 .19g -.006g  .059
   142w 31.0 1  0  4108 2036:04:01 89.18132 56.59234          634.6                257.5580  2005 .19g -.006g  .040
   143w 30.0 1  0  4138 2036:05:01 104.1568 66.09575          634.6                229.9367  2005 .19g -.005g  .026
   144w 31.0 1  0  4169 2036:06:01 113.7657 72.19354          634.6                209.5707  2005 .19g -.005g  .018
   145w 30.0 1  0  4199 2036:07:01 119.2721 75.68795          634.6                194.8757  2005 .19g -.004g -.012
   146w 31.0 1  0  4230 2036:08:01 122.2800 77.62041          634.8                184.2666  2005 .19g -.004g -.011
   147w 31.0 1  0  4261 2036:09:01 123.4160 78.50557          636.1                176.6669  2005 .19g -.004g -.007
   148w 30.0 1  0  4291 2036:10:01 123.7002 78.66950          636.0                171.3751  2005 .19g -.004g -.005
   149w 31.0 1  0  4322 2036:11:01 123.4721 78.40205          635.0                167.5050  2005 .19g -.004g -.004
   150w 30.0 1  0  4352 2036:12:01 122.8235 77.94148          634.6                164.6668  2005 .19g -.003g -.004
   151w 31.0 1  0  4383 2037:01:01 121.8913 77.34983          634.6                162.3419  2005 .19g -.003g -.004
   152w 31.0 1  0  4414 2037:02:01 120.8532 76.69100          634.6                160.3772  2005 .19g -.003g -.004
   153w 28.0 1  0  4442 2037:03:01 119.8766 76.07119          634.6                158.8235  2005 .19g -.003g -.003
   154w 31.0 1  0  4473 2037:04:01 118.7669 75.36691          634.6                157.1368  2005 .19g -.003g -.003
   155w 30.0 1  0  4503 2037:05:01 117.6856 74.68067          634.6                155.5830  2005 .19g -.003g -.003
   156w 31.0 1  0  4534 2037:06:01 116.5614 73.96721          634.6                154.0211  2005 .19g -.003g -.003
   157w 30.0 1  0  4564 2037:07:01 115.4833 73.28298          634.6                152.5792  2005 .19g -.003g -.003
   158w 31.0 1  0  4595 2037:08:01 114.3754 72.57990          634.6                151.0983  2005 .19g -.003g -.003
   159w 31.0 1  0  4626 2037:09:01 113.2805 71.88499          634.6                149.6596  2005 .19g -.003g -.003
   160w 30.0 1  0  4656 2037:10:01 112.2357 71.22193          634.6                148.3127  2005 .19g -.003g -.003

                                    I M E X   T I M E   S T E P   S U M M A R Y
 ==================================================================================================================
    Time Step           Time                  Total Production             Total Injection  Total Max. Max. Change
 ---------------- ---------------- -------------------------------------- -----------------  PV   Mat. ------------
                C                    Oil      Gas     Water   GOR.  Wat.    Gas     Water   Avg.  bal. Satur. Pres.
        Size    U                                             SCF/   Cut                    Pres. err. DSMAX  DPMAX
  No.   Days IT T Days   yy:mm:dd   STB/D    MCF/D    STB/D    STB    %    MCF/D    STB/D   psia   %          psia
 ------ ---- -- - ----- ---------- -------- -------- -------- ----- ----- -------- -------- ----- ---- ------ -----
   161w 31.0 1  0  4687 2037:11:01 111.1687 70.54480          634.6                146.9137  2005 .19g -.003g -.003
   162w 30.0 1  0  4717 2037:12:01 110.1518 69.89943          634.6                145.6085  2005 .19g -.003g -.003
   163w 31.0 1  0  4748 2038:01:01 109.1140 69.24077          634.6                145.2791  2005 .19g -.003g -.003
   164w 31.0 1  0  4779 2038:02:01 108.3262 68.74078          634.6                145.2642  2005 .19g -.003g -.002
   165w 28.0 1  0  4807 2038:03:01 107.6928 68.33881          634.6                144.5722  2005 .19g  .003o -.002
   166w 31.0 1  0  4838 2038:04:01 107.0344 67.92092          634.6                143.8790  2005 .19g  .003o -.002
   167w 30.0 1  0  4868 2038:05:01 106.4357 67.54096          634.6                143.2918  2005 .19g  .003o -.002
   168w 31.0 1  0  4899 2038:06:01 105.8470 67.16736          634.6                142.6579  2005 .19g  .003o -.002
   169w 30.0 1  0  4929 2038:07:01 105.3011 66.82088          634.6                142.0440  2005 .19g  .003o -.002
   170w 31.0 1  0  4960 2038:08:01 104.7533 66.47320          634.6                141.3814  2005 .19g  .003o -.002
   171w 31.0 1  0  4991 2038:09:01 104.2195 66.13442          634.6                140.7250  2005 .19g  .003o -.002
   172w 30.0 1  0  5021 2038:10:01 103.7151 65.81431          634.6                140.1051  2005 .19g  .003o -.002
   173w 31.0 1  0  5052 2038:11:01 103.2030 65.48926          634.6                138.6853  2005 .19g  .003o -.002
   174w 30.0 1  0  5082 2038:12:01 102.5688 65.08675          634.6                137.3126  2005 .19g  .003o -.003
   175w 31.0 1  0  5113 2039:01:01 101.8869 64.65402          634.6                136.4914  2005 .19g  .003o -.002
   176w 31.0 1  0  5144 2039:02:01 101.2028 64.21985          634.6                135.5558  2005 .19g  .003o -.002
   177w 28.0 1  0  5172 2039:03:01 100.5852 63.82787          634.6                134.6997  2005 .19g  .002o -.002
   178w 31.0 1  0  5203 2039:04:01  99.8925 63.38829          634.6                133.6864  2005 .19g  .003o -.002
   179w 30.0 1  0  5233 2039:05:01 99.22199 62.96272          634.6                132.7606  2005 .19g  .003o -.002
   180w 31.0 1  0  5264 2039:06:01 98.52838 62.52253          634.6                131.8055  2005 .19g  .003o -.002

                                    I M E X   T I M E   S T E P   S U M M A R Y
 ==================================================================================================================
    Time Step           Time                  Total Production             Total Injection  Total Max. Max. Change
 ---------------- ---------------- -------------------------------------- -----------------  PV   Mat. ------------
                C                    Oil      Gas     Water   GOR.  Wat.    Gas     Water   Avg.  bal. Satur. Pres.
        Size    U                                             SCF/   Cut                    Pres. err. DSMAX  DPMAX
  No.   Days IT T Days   yy:mm:dd   STB/D    MCF/D    STB/D    STB    %    MCF/D    STB/D   psia   %          psia
 ------ ---- -- - ----- ---------- -------- -------- -------- ----- ----- -------- -------- ----- ---- ------ -----
   181w 30.0 1  0  5294 2039:07:01 97.86129 62.09917          634.6                130.9149  2005 .19g  .003o -.002
   182w 31.0 1  0  5325 2039:08:01 97.17417 61.66309          634.6                130.4106  2005 .19g  .003o -.002
   183w 31.0 1  0  5356 2039:09:01 96.57873 61.28519          634.6                129.9261  2005 .19g  .003o -.002
   184w 30.0 1  0  5386 2039:10:01 96.02256 60.93222          634.6                129.1273  2005 .19g  .003o -.002
   185w 31.0 1  0  5417 2039:11:01 95.45496 60.57200          634.6                128.3782  2005 .19g  .003o -.002
   186w 30.0 1  0  5447 2039:12:01 94.91632 60.23014          634.6                127.7082  2005 .19g  .003o -.002
   187w 31.0 1  0  5478 2040:01:01 94.36740 59.88177          634.6                126.9977  2005 .19g  .003o -.002
   188w 31.0 1  0  5509 2040:02:01 93.82574 59.53801          634.6                126.2909  2005 .19g  .003o -.002
   189w 29.0 1  0  5538 2040:03:01 93.32650 59.22117          634.6                125.6512  2005 .19g  .002o -.002
   190w 31.0 1  0  5569 2040:04:01 92.79458 58.88358          634.6                124.9247  2005 .19g  .003o -.002
   191w 30.0 1  0  5599 2040:05:01 92.28476 58.56002          634.6                124.2499  2005 .19g  .002o -.002
   192w 31.0 1  0  5630 2040:06:01 91.76006 58.22703          634.6                123.5394  2005 .19g  .002o -.002
   193w 30.0 1  0  5660 2040:07:01 91.25688 57.90768          634.6                122.8737  2005 .19g  .002o -.002
   194w 31.0 1  0  5691 2040:08:01 90.73883 57.57890          634.6                122.1701  2005 .19g  .002o -.002
   195w 31.0 1  0  5722 2040:09:01 90.22407 57.25221          634.6                121.4786  2005 .19g  .002o -.002
   196w 30.0 1  0  5752 2040:10:01 89.73019 56.93877          634.6                120.8256  2005 .19g  .002o -.002
   197w 31.0 1  0  5783 2040:11:01 89.22157 56.61598          634.6                120.1330  2005 .19g  .002o -.002
   198w 30.0 1  0  5813 2040:12:01 88.73347 56.30621          634.6                119.4851  2005 .19g  .002o -.002
   199w 31.0 1  0  5844 2041:01:01 88.23066 55.98710          634.6                118.8002  2005 .19g  .002o -.002
   200w 31.0 1  0  5875 2041:02:01 87.73087 55.66992          634.6                118.1281  2005 .19g  .002o -.002

                                    I M E X   T I M E   S T E P   S U M M A R Y
 ==================================================================================================================
    Time Step           Time                  Total Production             Total Injection  Total Max. Max. Change
 ---------------- ---------------- -------------------------------------- -----------------  PV   Mat. ------------
                C                    Oil      Gas     Water   GOR.  Wat.    Gas     Water   Avg.  bal. Satur. Pres.
        Size    U                                             SCF/   Cut                    Pres. err. DSMAX  DPMAX
  No.   Days IT T Days   yy:mm:dd   STB/D    MCF/D    STB/D    STB    %    MCF/D    STB/D   psia   %          psia
 ------ ---- -- - ----- ---------- -------- -------- -------- ----- ----- -------- -------- ----- ---- ------ -----
   201w 28.0 1  0  5903 2041:03:01 87.28556 55.38730          634.6                117.5586  2005 .19g  .002o -.002
   202w 31.0 1  0  5934 2041:04:01 86.79108 55.07348          634.6                116.8633  2005 .19g  .002o -.002
   203w 30.0 1  0  5964 2041:05:01 86.31640 54.77223          634.6                116.6206  2005 .19g  .002o -.002
   204w 31.0 1  0  5995 2041:06:01 85.91498 54.51747          634.6                116.4194  2005 .19g  .002o -.002
   205w 30.0 1  0  6025 2041:07:01 85.54931 54.28539          634.6                115.9099  2005 .19g  .002o -.002
   206w 31.0 1  0  6056 2041:08:01 85.18281 54.05279          634.6                115.4679  2005 .19g  .002o -.002
   207w 31.0 1  0  6087 2041:09:01 84.82851 53.82792          634.5                115.0554  2005 .19g  .002o -.002
   208w 30.0 1  0  6117 2041:10:01 84.49563 53.61666          634.5                114.6568  2005 .19g  .002o -.002
   209w 31.0 1  0  6148 2041:11:01 84.15715 53.40183          634.5                114.2187  2005 .19g  .002o -.002
   210w 30.0 1  0  6178 2041:12:01 83.83500 53.19737          634.5                113.8045  2005 .19g  .002o -.002
   211w 31.0 1  0  6209 2042:01:01 83.50432 52.98750          634.5                113.3604  2005 .19g  .002o -.002
   212w 31.0 1  0  6240 2042:02:01 83.17640 52.77938          634.5                112.9227  2005 .19g  .002o -.002
   213w 28.0 1  0  6268 2042:03:01 82.88483 52.59433          634.5                112.5524  2005 .19g  .002o -.002
   214w 31.0 1  0  6299 2042:04:01 82.56034 52.38839          634.5                112.0935  2005 .19g  .002o -.002
   215w 30.0 1  0  6329 2042:05:01 82.24903 52.19081          634.5                111.6781  2005 .19g  .002o -.002
   216w 31.0 1  0  6360 2042:06:01 81.92776 51.98691          634.5                111.2391  2005 .19g  .002o -.002
   217w 30.0 1  0  6390 2042:07:01 81.61950 51.79127          634.5                110.8300  2005 .19g  .002o -.002
   218w 31.0 1  0  6421 2042:08:01 81.30139 51.58937          634.5                110.3937  2005 .19g  .002o -.002
   219w 31.0 1  0  6452 2042:09:01 80.98490 51.38851          634.5                109.9659  2005 .19g  .002o -.002
   220w 30.0 1  0  6482 2042:10:01 80.68103 51.19565          634.5                109.6660  2005 .19g  .002o -.002

                                    I M E X   T I M E   S T E P   S U M M A R Y
 ==================================================================================================================
    Time Step           Time                  Total Production             Total Injection  Total Max. Max. Change
 ---------------- ---------------- -------------------------------------- -----------------  PV   Mat. ------------
                C                    Oil      Gas     Water   GOR.  Wat.    Gas     Water   Avg.  bal. Satur. Pres.
        Size    U                                             SCF/   Cut                    Pres. err. DSMAX  DPMAX
  No.   Days IT T Days   yy:mm:dd   STB/D    MCF/D    STB/D    STB    %    MCF/D    STB/D   psia   %          psia
 ------ ---- -- - ----- ---------- -------- -------- -------- ----- ----- -------- -------- ----- ---- ------ -----
   221w 31.0 1  0  6513 2042:11:01 80.39535 51.01433          634.5                109.4108  2005 .19g  .002o -.002
   222w 30.0 1  0  6543 2042:12:01 80.13262 50.84759          634.5                109.0953  2005 .19g  .002o -.002
   223w 31.0 1  0  6574 2043:01:01 79.86820 50.67976          634.5                108.7702  2005 .19g  .002o -.002
   224w 31.0 1  0  6605 2043:02:01 79.61057 50.51625          634.5                108.4518  2005 .19g  .002o -.002
   225w 28.0 1  0  6633 2043:03:01 79.38423 50.37260          634.5                108.1818  2005 .19g  .002o -.002
   226w 31.0 1  0  6664 2043:04:01 79.13382 50.21367          634.5                107.8352  2005 .19g  .002o -.002
   227w 30.0 1  0  6694 2043:05:01 78.89488 50.06201          634.5                107.5238  2005 .19g  .002o -.002
   228w 31.0 1  0  6725 2043:06:01 78.64894 49.90592          634.5                107.1919  2005 .19g  .002o -.002
   229w 30.0 1  0  6755 2043:07:01 78.41358 49.75654          634.5                106.8839  2005 .19g  .002o -.002
   230w 31.0 1  0  6786 2043:08:01 78.17096 49.60255          634.5                106.5534  2005 .19g  .002o -.002
   231w 31.0 1  0  6817 2043:09:01 77.92991 49.44956          634.5                106.2304  2005 .19g  .002o -.002
   232w 30.0 1  0  6847 2043:10:01 77.69883 49.30289          634.5                105.9273  2005 .19g  .002o -.002
   233w 31.0 1  0  6878 2043:11:01 77.46040 49.15156          634.5                105.6012  2005 .19g  .002o -.002
   234w 30.0 1  0  6908 2043:12:01 77.23183 49.00649          634.5                105.3006  2005 .19g  .002o -.002
   235w 31.0 1  0  6939 2044:01:01 76.99595 48.85679          634.5                104.9787  2005 .19g  .002o -.002
   236w 31.0 1  0  6970 2044:02:01 76.76155 48.70801          634.5                104.6656  2005 .19g  .002o -.002
   237w 29.0 1  0  6999 2044:03:01 76.54520 48.57070          634.5                104.3900  2005 .19g  .002o -.002
   238w 31.0 1  0  7030 2044:04:01 76.31331 48.42352          634.5                104.0673  2005 .19g  .002o -.002
   239w 30.0 1  0  7060 2044:05:01 76.09122 48.28256          634.5                103.7777  2005 .19g  .002o -.002
   240w 31.0 1  0  7091 2044:06:01 75.86227 48.13725          634.5                103.4688  2005 .19g  .002o  .002

                                    I M E X   T I M E   S T E P   S U M M A R Y
 ==================================================================================================================
    Time Step           Time                  Total Production             Total Injection  Total Max. Max. Change
 ---------------- ---------------- -------------------------------------- -----------------  PV   Mat. ------------
                C                    Oil      Gas     Water   GOR.  Wat.    Gas     Water   Avg.  bal. Satur. Pres.
        Size    U                                             SCF/   Cut                    Pres. err. DSMAX  DPMAX
  No.   Days IT T Days   yy:mm:dd   STB/D    MCF/D    STB/D    STB    %    MCF/D    STB/D   psia   %          psia
 ------ ---- -- - ----- ---------- -------- -------- -------- ----- ----- -------- -------- ----- ---- ------ -----
   241w 30.0 1  0  7121 2044:07:01 75.64323 47.99823          634.5                103.1936  2005 .19g  .002o  .002
   242w 31.0 1  0  7152 2044:08:01 75.44850 47.87463          634.5                103.1571  2005 .19g  .002o -.002
   243w 31.0 1  0  7183 2044:09:01 75.27952 47.76738          634.5                103.0655  2005 .19g  .002o -.002
   244w 30.0 1  0  7213 2044:10:01 75.13256 47.67409          634.5                102.9554  2005 .19g  .002o -.002
   245w 31.0 1  0  7244 2044:11:01 74.99090 47.58417          634.5                102.8148  2005 .19g  .002o -.002
   246w 30.0 1  0  7274 2044:12:01 74.86133 47.50193          634.5                102.6784  2005 .19g  .002o -.002
   247w 31.0 1  0  7305 2045:01:01 74.73149 47.41951          634.5                102.5228  2005 .19g  .002o -.002

 ===================== SUMMARY (from subroutine: TSIO)   ======================
  Simulation run terminated. Stopping time reached.
    
     1 Warning messages.    0 Error messages.
 ==============================================================================



                          Global Storage Usage
                          ====================

             Section           Bytes          Mbytes   # Objects
        ------------    ------------    ------------   ---------
              MXSLVR          480944           0.459          98
              GRMOD0          217956           0.208         482
               IMEX2          125666           0.120         693
               IMEX1          114236           0.109         588
              WMCOM1           58763           0.056         982
               IMEX3           50818           0.048         249
              MXGR01           50456           0.048          18
              GRMOD1           36256           0.035         151
              KWCOM1           34735           0.033          52
              EQTPAR           29876           0.028          69
               POINT           25252           0.024          96
              SR2COM           22036           0.021          92
              MXWELL           20796           0.020         262
             MXSLVR1           13096           0.012          14
           GLOBSTORE            7478           0.007          27
              MXINIT            6244           0.006          23
              CMPDIL            6112           0.006          25
               PRTCM            5760           0.005          17
              SECTOR            2464           0.002          13
               SAMG1            1873           0.002         255
              PGMCH1            1794           0.002         319
             CMGFILE            1206           0.001          19
                FLXB            1156           0.001          27
                CMB1             600           0.001          68
           PGSCOMMON             476           0.000          64
                 MTS             340           0.000          18
           PGPARASOL             296           0.000          65
              SGCOM2             216           0.000          54
              SGCOM1             180           0.000          44
              GRMOD2             156           0.000          38
              WMCOM3              92           0.000           4
              WMCOM2              76           0.000          15
              WMCOM5              52           0.000          13
              SGCOM3              32           0.000           8
        PGMATDOMAINS              16           0.000           4
              WMCOM7               8           0.000           2
              DEPTAB               8           0.000           2
              SGCOM4               4           0.000           1
            PGSINT3D               0           0.000           0
              MXPRSL               0           0.000           0
        ------------    ------------    ------------   ---------
               Total         1317525           1.256        4971
            Maximium         1712077           1.633

       Field Total                                   Fluid
                             Oil       Gas       Water    Solvent   Polymer    Salt
                            -------   -------   -------   -------   -------   -------
                            (MSTB)    (MMSCF)   (MSTB)    (MMSCF)    (MLB)     (MLB)
  Cumulative Production       22287    178729      0        NA        NA        NA   
  Cumulative Injection        NA         0       438.46     NA        NA        NA   
  Cumulative Gas Lift         NA         0        NA        NA        NA        NA   
  Cumulative Aquifer Influx   NA        NA         0        NA        NA        NA   
  Current Fluids In Place    242962    229758     63799     NA        NA        NA   
  Production Rates           .07473    .04742      0        NA        NA        NA   
  Injection Rates             NA         0       .10252     NA        NA        NA   

  Timesteps:    247  Newton Cycles:      262  Cuts:      0  Solver Iterations:         1460
  Average Implicitness    : 0.836
  Fluid Component Model   : BLACKOIL (SINGLE-P)
  Material Balances (owg): 1.000 1.000 1.002
  Average Active Blocks:         300 Average Non-BHP Active Wells:     0
  Total Blocks :         300 Total Wells :     5
  Active Blocks:         300 Non-BHP Active Wells:     0
  Time at end of simulation:   7305.00     (days)   
  Average reservoir pressure excluding water zone: 2004.863 (psi)    
  Total Number of Solver Failures:       0  Stalls:       0  ITERMAX Reached:       0
  Jacobian Domains      1  
  Total lstpro/lstpar calls:     2  (    5)
  Linear Solver: Aimsol
  Preconditioner Ordering: REDBLACK
  Preconditioner Degree           1
  KMP_AFFINITY: Default
  OMP_SCHEDULE: Default
  Max Impl Blocks:      261  %Impl: 87.0%  (TS,CUT,NCYC): (   138, 0,  1 )
  Max Solver Iterations (TS,CUT,NCYC):       7 (    15, 0,  2 )
  Number of threads set:    1
  Total number of cpus:    4
  Memory Usage Peak:       64 MB on TS:   246 TS 1 Peak:       40 MB  Average:       56 MB  VM Size:       72 MB
  Host computer: IKIEARTH
  CPU Time:             2.55 seconds
  Elapsed Time:         2.60 seconds

  End of Simulation: Normal Termination

  Date and Time of End of Run:  Apr 19, 2025  07:43:21

