    Opened LOG FILE         on unit 10, filename is 'D:\TA MANDIRI\SKENARIO CMG\A3P2C.log'
 ********************************************************************************
 *                                                                              *
 *                                IMEX  2021.10                                 *
 *            Adaptive-Implicit Black Oil & Unconventional Simulator            *
 *                         General Release for Win x64                          *
 *                            2021-Nov-16   12:35:59                            *
 *                                                                              *
 *                          (c) Copyright 1977 - 2021                           *
 *                Computer Modelling Group Ltd., Calgary, Canada                *
 *                             All Rights Reserved                              *
 *                                                                              *
 ********************************************************************************


 Command-line Arguments:  -dimsum
                          -wd D:\TA MANDIRI\SKENARIO CMG
                          -log
                          -f D:\TA MANDIRI\SKENARIO CMG\A3P2C.dat

  Date and Time of Start of Run:  Apr 19, 2025  10:54:08


*** Input/Output files specification :
    Opened data file        on unit 11, filename is 'D:\TA MANDIRI\SKENARIO CMG\A3P2C.dat'
    Opened Scratch file     on unit 12
    Opened Scratch file     on unit 13
    Opened output file      on unit 14, filename is 'D:\TA MANDIRI\SKENARIO CMG\A3P2C.out'
    Opened SR3-OUT          on unit 15, filename is 'D:\TA MANDIRI\SKENARIO CMG\A3P2C.sr3'
    Opened Restart-SR3      on unit 16, filename is 'D:\TA MANDIRI\SKENARIO CMG\A3P2C.rstr.sr3'
    Opened GRID scratchfile on unit 17

 ===================== WARNING (from subroutine: INCOMP) ======================
  P/Z Output is disabled as Temperatures were not defined for all PVT Regions
  Please review the *TRES Keyword
  Line: 75   File Name: D:\TA MANDIRI\SKENARIO CMG\A3P2C.dat
 ==============================================================================


 ===================== SUMMARY (from subroutine: INDATA) ======================
  Reading of initial data is complete.
  Simulation will stop if there were error messages.
     1 Warning messages.    0 Error messages.
 ==============================================================================



                          Global Storage Usage
                          ====================

             Section           Bytes          Mbytes   # Objects
        ------------    ------------    ------------   ---------
              MXSLVR          246616           0.235          98
              GRMOD0          217956           0.208         482
               IMEX2          125666           0.120         693
               IMEX1          114236           0.109         588
              WMCOM1           58763           0.056         982
               IMEX3           50818           0.048         249
              MXGR01           50456           0.048          18
              GRMOD1           36256           0.035         151
              KWCOM1           34735           0.033          52
              EQTPAR           29876           0.028          69
               POINT           25252           0.024          96
              SR2COM           22036           0.021          92
              MXWELL           20796           0.020         262
             MXSLVR1           13096           0.012          14
           GLOBSTORE            7478           0.007          27
              MXINIT            6244           0.006          23
              CMPDIL            6112           0.006          25
               PRTCM            5760           0.005          17
              SECTOR            2464           0.002          13
               SAMG1            1873           0.002         255
              PGMCH1            1794           0.002         319
             CMGFILE            1206           0.001          19
                FLXB            1156           0.001          27
                CMB1             600           0.001          68
           PGSCOMMON             476           0.000          64
                 MTS             340           0.000          18
           PGPARASOL             296           0.000          65
              SGCOM2             216           0.000          54
              SGCOM1             180           0.000          44
              GRMOD2             156           0.000          38
              WMCOM3              92           0.000           4
              WMCOM2              76           0.000          15
              WMCOM5              52           0.000          13
              SGCOM3              32           0.000           8
        PGMATDOMAINS              16           0.000           4
              WMCOM7               8           0.000           2
              DEPTAB               8           0.000           2
              SGCOM4               4           0.000           1
            PGSINT3D               0           0.000           0
              MXPRSL               0           0.000           0
        ------------    ------------    ------------   ---------
               Total         1083197           1.033        4971
            Maximium         1712077           1.633

                                    I M E X   T I M E   S T E P   S U M M A R Y
 ==================================================================================================================
    Time Step           Time                  Total Production             Total Injection  Total Max. Max. Change
 ---------------- ---------------- -------------------------------------- -----------------  PV   Mat. ------------
                C                    Oil      Gas     Water   GOR.  Wat.    Gas     Water   Avg.  bal. Satur. Pres.
        Size    U                                             SCF/   Cut                    Pres. err. DSMAX  DPMAX
  No.   Days IT T Days   yy:mm:dd   STB/D    MCF/D    STB/D    STB    %    MCF/D    STB/D   psia   %          psia
 ------ ---- -- - ----- ---------- -------- -------- -------- ----- ----- -------- -------- ----- ---- ------ -----
     1w 1.00 2  0 1.000 2025:01:02 270087.1 400347.1           1482                          4781 e-3o -.033o  -267
     2  1.63 1  0 2.627 2025:01:04 218852.7 389929.3           1782                          4760 e-4g -.036o  -278
     3  2.54 1  0 5.171 2025:01:06 175052.6 361514.0           2065                          4733 .01g -.026o  -231
     4  4.80 1  0  9.97 2025:01:11 144017.9 321511.6           2232                          4686 .03g -.019o  -216
     5   9.7 1  0 19.64 2025:01:21 127213.3 278100.5           2186                          4603 .05g -.029o  -180
     6  11.4 1  0 31.00 2025:02:01 112463.8 274189.6           2438                          4517 .04g -.023o  -134
     7w 28.0 2  0 59.00 2025:03:01 94277.67 253453.4           2688                          4332 .04g -.048o  -208
     8w 31.0 2  0 90.00 2025:04:01 77436.43 261162.9           3373                          4150 .04g -.074o  -191
     9w 30.0 2  0 120.0 2025:05:01 64272.15 294783.8           4586                          3978 .04g -.083o  -180
    10w 31.0 2  0 151.0 2025:06:01 53805.57 338679.5           6295                          3794 .05g -.074o  -196
    11w 30.0 2  0 181.0 2025:07:01 45810.71 372098.5           8123                          3615 .05g -.059o  -205
    12w 31.0 2  0 212.0 2025:08:01 39673.91 412474.5          10397                          3425 .05g -.044o  -214
    13w 31.0 2  0 243.0 2025:09:01 33872.04 419556.5          12387                          3245 .05g -.037o  -208
    14w 30.0 2  0 273.0 2025:10:01 28902.16 402019.8          13910                          3085 .05g -.028o  -181
    15w 31.0 2  0 304.0 2025:11:01 24453.33 368796.2          15082                          2937 .06g -.028o  -166
    16w 30.0 2  0 334.0 2025:12:01 20676.50 343055.0          16592                          2801 .06g -.026o  -153
    17w 31.0 2  0 365.0 2026:01:01 17347.21 311516.3          17958                          2678 .06g -.024o  -139
    18w 31.0 2  0 396.0 2026:02:01 14427.12 276795.7          19186                          2572 .06g -.021o  -119
    19w 28.0 2  0 424.0 2026:03:01 12150.22 244717.2          20141                          2487 .06g -.017o -93.8
    20w 31.0 2  0 455.0 2026:04:01 9971.046 209655.7          21026                          2403 .06g -.016o -93.8

                                    I M E X   T I M E   S T E P   S U M M A R Y
 ==================================================================================================================
    Time Step           Time                  Total Production             Total Injection  Total Max. Max. Change
 ---------------- ---------------- -------------------------------------- -----------------  PV   Mat. ------------
                C                    Oil      Gas     Water   GOR.  Wat.    Gas     Water   Avg.  bal. Satur. Pres.
        Size    U                                             SCF/   Cut                    Pres. err. DSMAX  DPMAX
  No.   Days IT T Days   yy:mm:dd   STB/D    MCF/D    STB/D    STB    %    MCF/D    STB/D   psia   %          psia
 ------ ---- -- - ----- ---------- -------- -------- -------- ----- ----- -------- -------- ----- ---- ------ -----
    21w 30.0 1  0 485.0 2026:05:01 8164.322 176166.3          21578                          2334 .11g -.013o -77.1
    22w 31.0 1  0 516.0 2026:06:01 6725.824 147704.8          21961                          2276 .13g -.013o -64.7
    23w 30.0 1  0 546.0 2026:07:01 5569.009 124008.6          22268                          2230 .15g -.012o -51.7
    24w 31.0 1  0 577.0 2026:08:01 4590.743 103436.6          22532                          2191 .16g -.011o -44.0
    25w 31.0 1  0 608.0 2026:09:01 3791.851 86232.09          22741                          2158 .17g -.009o -36.3
    26w 30.0 1  0 638.0 2026:10:01 3155.624 72242.51          22893                          2132 .17g -.008o -29.2
    27w 31.0 1  0 669.0 2026:11:01 2620.249 60100.71          22937                          2110 .18g -.007o -25.0
    28w 30.0 1  0 699.0 2026:12:01 2190.750 50240.25          22933                          2092 .18g -.006o -20.1
    29w 31.0 1  0 730.0 2027:01:01 1825.218 41727.41          22862                          2076 .18g -.005o -17.2
    30w 31.0 1  0 761.0 2027:02:01 1524.005 34621.17          22717                          2064 .18g -.005o -14.3
    31w 28.0 1  0 789.0 2027:03:01 1295.779 29177.77          22518                          2054 .19g -.004o -10.9
    32w 31.0 1  0 820.0 2027:04:01 1087.719 24161.06          22213                          2045 .19g -.003o  -9.9
    33w 30.0 1  0 850.0 2027:05:01 920.6679 20096.72          21828                          2038 .19g -.003o -8.02
    34w 31.0 1  0 881.0 2027:06:01 778.4450 16605.33          21331                          2032 .19g -.003o -6.85
    35w 30.0 1  0 911.0 2027:07:01 664.3285 13783.39          20748                          2027 .19g -.002o -5.52
    36w 31.0 1  0 942.0 2027:08:01 567.1474 11361.18          20032                          2023 .19g -.002o -4.71
    37w 31.0 1  0 973.0 2027:09:01 487.2264 9355.504          19202                          2020 .19g -.002o -3.89
    38w 30.0 1  0  1003 2027:10:01 423.0939 7734.960          18282                          2017 .19g -.001o -3.13
    39w 31.0 1  0  1034 2027:11:01 368.1912 6337.589          17213                          2015 .19g -.001o -2.70
    40w 30.0 1  0  1064 2027:12:01 324.2942 5215.275          16082                          2013 .19g -.001o -2.16

                                    I M E X   T I M E   S T E P   S U M M A R Y
 ==================================================================================================================
    Time Step           Time                  Total Production             Total Injection  Total Max. Max. Change
 ---------------- ---------------- -------------------------------------- -----------------  PV   Mat. ------------
                C                    Oil      Gas     Water   GOR.  Wat.    Gas     Water   Avg.  bal. Satur. Pres.
        Size    U                                             SCF/   Cut                    Pres. err. DSMAX  DPMAX
  No.   Days IT T Days   yy:mm:dd   STB/D    MCF/D    STB/D    STB    %    MCF/D    STB/D   psia   %          psia
 ------ ---- -- - ----- ---------- -------- -------- -------- ----- ----- -------- -------- ----- ---- ------ -----
    41w 31.0 1  0  1095 2028:01:01 286.8938 4260.060          14849                          2011 .19g -.001o -1.83
    42w 31.0 1  0  1126 2028:02:01 256.6496 3475.737          13543                          2010 .19g -9e-4o -1.50
    43w 29.0 1  0  1155 2028:03:01 232.7521 2853.178          12258                          2009 .19g -8e-4o -1.18
    44w 31.0 1  0  1186 2028:04:01 211.9879 2307.956          10887                          2008 .19g -8e-4o -1.04
    45w 30.0 1  0  1216 2028:05:01 195.5848 1874.579           9584                          2008 .19g -8e-4o -.824
    46w 31.0 1  0  1247 2028:06:01 181.9005 1509.643           8299                          2007 .19g -8e-4o -.690
    47w 30.0 1  0  1277 2028:07:01 171.1566 1221.382           7136                          2007 .19g -7e-4o -.546
    48w 31.0 1  0  1308 2028:08:01 162.2166 979.6531           6039                          2006 .19g -7e-4o -.457
    49w 31.0 1  0  1339 2028:09:01 155.0210 783.6189           5055                          2006 .19g -6e-4o -.370
    50w 30.0 1  0  1369 2028:10:01 149.3850 628.8661           4210                          2006 .19g -6e-4o -.292
    51w 31.0 1  0  1400 2028:11:01 144.7199 499.5703           3452                          2005 .19g -6e-4o -.244
    52w 30.0 1  0  1430 2028:12:01 141.0770 397.6638           2819                          2005 .19g -5e-4o -.192
    53w 31.0 1  0  1461 2029:01:01 138.0712 312.6494           2264                          2005 .19g -5e-4o -.160
    54w 31.0 1  0  1492 2029:02:01 135.6715 243.9780           1798                          2005 .19g -5e-4o -.129
    55w 28.0 1  0  1520 2029:03:01 133.9043 192.8418           1440                          2005 .19g -5e-4o -.097
    56w 31.0 1  0  1551 2029:04:01 132.3570 147.4071           1114                          2005 .19g -5e-4o -.085
    57w 30.0 1  0  1581 2029:05:01 131.1600 111.7228          851.8                          2005 .19g -5e-4o -.067
    58w 31.0 1  0  1612 2029:06:01 128.8787 82.41331          639.5                          2005 .19g -5e-4o -.056
    59w 30.0 1  0  1642 2029:07:01 103.0339 65.41850          634.9                          2005 .19g -4e-4o -.044
    60w 31.0 1  0  1673 2029:08:01 81.17452 51.53666          634.9                          2005 .19g -4e-4o -.036

                                    I M E X   T I M E   S T E P   S U M M A R Y
 ==================================================================================================================
    Time Step           Time                  Total Production             Total Injection  Total Max. Max. Change
 ---------------- ---------------- -------------------------------------- -----------------  PV   Mat. ------------
                C                    Oil      Gas     Water   GOR.  Wat.    Gas     Water   Avg.  bal. Satur. Pres.
        Size    U                                             SCF/   Cut                    Pres. err. DSMAX  DPMAX
  No.   Days IT T Days   yy:mm:dd   STB/D    MCF/D    STB/D    STB    %    MCF/D    STB/D   psia   %          psia
 ------ ---- -- - ----- ---------- -------- -------- -------- ----- ----- -------- -------- ----- ---- ------ -----
    61w 31.0 1  0  1704 2029:09:01 63.66706 40.41944          634.9                          2005 .19g -4e-4o -.029
    62w 30.0 1  0  1734 2029:10:01 50.03094 31.76114          634.8                          2005 .19g -4e-4o -.023
    63w 31.0 1  0  1765 2029:11:01 38.82356 24.64543          634.8                          2005 .19g -4e-4o -.019
    64w 30.0 1  0  1795 2029:12:01 30.12663 19.12394          634.8                          2005 .19g -4e-4g -.015
    65w 31.0 1  0  1826 2030:01:01 23.04249 14.62660          634.8                          2005 .19g -5e-4g -.012
    66w 31.0 1  0  1857 2030:02:01 17.45351 11.07860          634.7                          2005 .19g -6e-4g -.009
    67w 28.0 1  0  1885 2030:03:01 13.36277 8.481821          634.7                          2005 .19g -5e-4g -.007
    68w 31.0 1  0  1916 2030:04:01  9.86266 6.260045          634.7                          2005 .19g -6e-4g -.006
    69w 30.0 1  0  1946 2030:05:01 7.185713 4.560840          634.7                          2005 .19g -6e-4g -.005
    70w 31.0 1  0  1977 2030:06:01 5.045760 3.202534          634.7                          2005 .19g -7e-4g -.004
    71w 30.0 1  0  2007 2030:07:01 3.420921 2.171218          634.7                          2005 .19g -7e-4g  .003
    72w 31.0 1  0  2038 2030:08:01 2.209562 1.402362          634.7                          2005 .19g -7e-4g  .003
    73w 31.0 1  0  2069 2030:09:01 1.241523 .7879576          634.7                          2005 .19g -6e-4g  .003
    74w 30.0 1  0  2099 2030:10:01 .5303573 .3365980          634.7                          2005 .19g -5e-4g  .003
    75w 31.0 1  0  2130 2030:11:01                                                           2005 .19g -5e-4g  .003
    76w 30.0 1  0  2160 2030:12:01                                                           2005 .19g -4e-4g  .003
    77w 31.0 1  0  2191 2031:01:01                                                           2005 .19g -4e-4g  .003
    78w 31.0 1  0  2222 2031:02:01                                                           2005 .19g -4e-4g  .003
    79w 28.0 1  0  2250 2031:03:01                                                           2005 .19g -3e-4g  .002
    80w 31.0 1  0  2281 2031:04:01                                                           2005 .19g -3e-4o  .002

                                    I M E X   T I M E   S T E P   S U M M A R Y
 ==================================================================================================================
    Time Step           Time                  Total Production             Total Injection  Total Max. Max. Change
 ---------------- ---------------- -------------------------------------- -----------------  PV   Mat. ------------
                C                    Oil      Gas     Water   GOR.  Wat.    Gas     Water   Avg.  bal. Satur. Pres.
        Size    U                                             SCF/   Cut                    Pres. err. DSMAX  DPMAX
  No.   Days IT T Days   yy:mm:dd   STB/D    MCF/D    STB/D    STB    %    MCF/D    STB/D   psia   %          psia
 ------ ---- -- - ----- ---------- -------- -------- -------- ----- ----- -------- -------- ----- ---- ------ -----
    81w 30.0 1  0  2311 2031:05:01                                                           2005 .19g -3e-4o  .002
    82w 31.0 1  0  2342 2031:06:01                                                           2005 .19g -3e-4o  .002
    83w 30.0 1  0  2372 2031:07:01                                                           2005 .19g -3e-4o  .002
    84w 31.0 1  0  2403 2031:08:01                                                           2005 .19g -3e-4o  .002
    85w 31.0 1  0  2434 2031:09:01                                                           2005 .19g -3e-4o  .002
    86w 30.0 1  0  2464 2031:10:01                                                           2005 .19g -3e-4o  .001
    87w 31.0 1  0  2495 2031:11:01                                                           2005 .19g -3e-4o  .001
    88w 30.0 1  0  2525 2031:12:01                                                           2005 .19g -3e-4o  .001
    89w 31.0 1  0  2556 2032:01:01                                                           2005 .19g -3e-4o  .001
    90w 31.0 1  0  2587 2032:02:01                                                           2005 .19g -3e-4o  .001
    91w 29.0 1  0  2616 2032:03:01                                                           2005 .19g -3e-4o  .001
    92w 31.0 1  0  2647 2032:04:01                                                           2005 .19g -3e-4o  9e-4
    93w 30.0 1  0  2677 2032:05:01                                                           2005 .19g -3e-4o  9e-4
    94w 31.0 1  0  2708 2032:06:01                                                           2005 .19g -3e-4o  8e-4
    95w 30.0 1  0  2738 2032:07:01                                                           2005 .19g -3e-4o  8e-4
    96w 31.0 1  0  2769 2032:08:01                                                           2005 .19g -3e-4o  7e-4
    97w 31.0 1  0  2800 2032:09:01                                                           2005 .19g -3e-4o  7e-4
    98w 30.0 1  0  2830 2032:10:01                                                           2005 .19g -3e-4o  6e-4
    99w 31.0 1  0  2861 2032:11:01                                                           2005 .19g -3e-4o  6e-4
   100w 30.0 1  0  2891 2032:12:01                                                           2005 .19g -3e-4o  6e-4

                                    I M E X   T I M E   S T E P   S U M M A R Y
 ==================================================================================================================
    Time Step           Time                  Total Production             Total Injection  Total Max. Max. Change
 ---------------- ---------------- -------------------------------------- -----------------  PV   Mat. ------------
                C                    Oil      Gas     Water   GOR.  Wat.    Gas     Water   Avg.  bal. Satur. Pres.
        Size    U                                             SCF/   Cut                    Pres. err. DSMAX  DPMAX
  No.   Days IT T Days   yy:mm:dd   STB/D    MCF/D    STB/D    STB    %    MCF/D    STB/D   psia   %          psia
 ------ ---- -- - ----- ---------- -------- -------- -------- ----- ----- -------- -------- ----- ---- ------ -----
   101w 31.0 1  0  2922 2033:01:01                                                           2005 .19g -3e-4o  6e-4
   102w 31.0 1  0  2953 2033:02:01                                                           2005 .19g -3e-4o  6e-4
   103w 28.0 1  0  2981 2033:03:01                                                           2005 .19g -3e-4o  6e-4
   104w 31.0 1  0  3012 2033:04:01                                                           2005 .19g -3e-4o  6e-4
   105w 30.0 1  0  3042 2033:05:01                                                           2005 .19g -3e-4o  6e-4
   106w 31.0 1  0  3073 2033:06:01                                                           2005 .19g -3e-4o  6e-4
   107w 30.0 1  0  3103 2033:07:01                                                           2005 .19g -3e-4o  6e-4
   108w 31.0 1  0  3134 2033:08:01                                                           2005 .19g -3e-4o  6e-4
   109w 31.0 1  0  3165 2033:09:01                                                           2005 .19g -3e-4o  6e-4
   110w 30.0 1  0  3195 2033:10:01                                                           2005 .19g -3e-4o  6e-4
   111w 31.0 1  0  3226 2033:11:01                                                           2005 .19g -3e-4o  6e-4
   112w 30.0 1  0  3256 2033:12:01                                                           2005 .19g -3e-4o  6e-4
   113w 31.0 1  0  3287 2034:01:01                                                           2005 .19g -3e-4o  6e-4
   114w 31.0 1  0  3318 2034:02:01                                                           2005 .19g -3e-4o  6e-4
   115w 28.0 1  0  3346 2034:03:01                                                           2005 .19g -2e-4o  6e-4
   116w 31.0 1  0  3377 2034:04:01                                                           2005 .19g -3e-4o  6e-4
   117w 30.0 1  0  3407 2034:05:01                                                           2005 .19g -3e-4o  6e-4
   118w 31.0 1  0  3438 2034:06:01                                                           2005 .19g -3e-4o  6e-4
   119w 30.0 1  0  3468 2034:07:01                                                           2005 .19g -3e-4o  6e-4
   120w 31.0 1  0  3499 2034:08:01                                                           2005 .19g -3e-4o  6e-4

                                    I M E X   T I M E   S T E P   S U M M A R Y
 ==================================================================================================================
    Time Step           Time                  Total Production             Total Injection  Total Max. Max. Change
 ---------------- ---------------- -------------------------------------- -----------------  PV   Mat. ------------
                C                    Oil      Gas     Water   GOR.  Wat.    Gas     Water   Avg.  bal. Satur. Pres.
        Size    U                                             SCF/   Cut                    Pres. err. DSMAX  DPMAX
  No.   Days IT T Days   yy:mm:dd   STB/D    MCF/D    STB/D    STB    %    MCF/D    STB/D   psia   %          psia
 ------ ---- -- - ----- ---------- -------- -------- -------- ----- ----- -------- -------- ----- ---- ------ -----
   121w 31.0 1  0  3530 2034:09:01                                                           2005 .19g -3e-4o  6e-4
   122w 30.0 1  0  3560 2034:10:01                                                           2005 .19g -3e-4o  6e-4
   123w 31.0 1  0  3591 2034:11:01                                                           2005 .19g -3e-4o  6e-4
   124w 30.0 1  0  3621 2034:12:01                                                           2005 .19g -3e-4o  6e-4
   125w 31.0 1  0  3652 2035:01:01                                                           2005 .19g -3e-4o  6e-4
   126w 31.0 1  0  3683 2035:02:01                                                           2005 .19g -3e-4o  6e-4
   127w 28.0 1  0  3711 2035:03:01                                                           2005 .19g -2e-4o  5e-4
   128w 31.0 1  0  3742 2035:04:01                                                           2005 .19g -3e-4o  6e-4
   129w 30.0 1  0  3772 2035:05:01                                                           2005 .19g -2e-4o  6e-4
   130w 31.0 1  0  3803 2035:06:01                                                           2005 .19g -3e-4o  6e-4
   131w 30.0 1  0  3833 2035:07:01                                                           2005 .19g -2e-4o  6e-4
   132w 31.0 1  0  3864 2035:08:01                                                           2005 .19g -2e-4o  6e-4
   133w 31.0 1  0  3895 2035:09:01                                                           2005 .19g -2e-4o  6e-4
   134w 30.0 1  0  3925 2035:10:01                                                           2005 .19g -2e-4o  5e-4
   135w 31.0 1  0  3956 2035:11:01                                                           2005 .19g -2e-4o  6e-4
   136w 30.0 1  0  3986 2035:12:01                                                           2005 .19g -2e-4o  5e-4
   137w 31.0 1  0  4017 2036:01:01                                                           2005 .19g -2e-4o  6e-4
   138w 1.00 2  0  4018 2036:01:02 2.675301 1.697635          634.6                210684.7  2006 .19g -.160g   103
   139  .626 1  0  4019 2036:01:03 13.72729 8.710777          634.6                145840.0  2007 .19g -.057g  31.0
   140  1.10 1  0  4020 2036:01:04 67.99846 47.77192          702.5                107347.6  2008 .19g -.044g  25.1

                                    I M E X   T I M E   S T E P   S U M M A R Y
 ==================================================================================================================
    Time Step           Time                  Total Production             Total Injection  Total Max. Max. Change
 ---------------- ---------------- -------------------------------------- -----------------  PV   Mat. ------------
                C                    Oil      Gas     Water   GOR.  Wat.    Gas     Water   Avg.  bal. Satur. Pres.
        Size    U                                             SCF/   Cut                    Pres. err. DSMAX  DPMAX
  No.   Days IT T Days   yy:mm:dd   STB/D    MCF/D    STB/D    STB    %    MCF/D    STB/D   psia   %          psia
 ------ ---- -- - ----- ---------- -------- -------- -------- ----- ----- -------- -------- ----- ---- ------ -----
   141  2.50 1  0  4022 2036:01:06 133.7482 329.7181           2465                79443.65  2009 .19g -.052g  25.4
   142  4.77 1  0  4027 2036:01:11 157.1006 1247.982           7944                60073.77  2012 .19g  .072w  -124
   143  6.63 1  0  4034 2036:01:18 203.2107 2642.759          13005                52019.06  2014 .19g -.078g  19.0
   144  7.18 1  0  4041 2036:01:25 255.9378 4013.061          15680                42863.80  2016 .19g -.046g -8.75
   145  7.18 1  0  4048 2036:02:01 304.1711 5158.689          16960                37128.20  2018 .19g -.033o  2.28
   146w 14.5 1  0  4063 2036:02:16 377.6638 6830.537          18086                32263.73  2021 .19g -.045o  3.31
   147  14.5 1  0  4077 2036:03:01 431.7760 8071.831          18694                30143.47  2023 .19g -.048g  2.44
   148w 31.0 2  0  4108 2036:04:01 512.6860 10000.27          19506                28961.11  2026 .19g -.117g  5.89
   149w 15.0 1  0  4123 2036:04:16 546.3525 10817.95          19800                28977.64  2027 .19g -.056g  3.99
   150  15.0 1  0  4138 2036:05:01 575.3481 11526.98          20035                28882.05  2028 .19g -.047g  6.06
   151w 31.0 2  0  4169 2036:06:01 618.1546 12573.04          20340                28445.65  2031 .19g -.142g  18.8
   152w 15.0 1  0  4184 2036:06:16 635.4759 12999.48          20456                28218.52  2032 .19g -.062g  10.2
   153  15.0 1  0  4199 2036:07:01 649.5267 13344.36          20545                27956.02  2033 .19g -.048g  12.4
   154w 31.0 1  0  4230 2036:08:01 673.3816 13963.51          20736                27477.95  2035 .19g  .054o  25.1
   155w 31.0 1  0  4261 2036:09:01 697.1229 14602.39          20947                27524.85  2037 .19g -.052g  7.46
   156w 30.0 1  0  4291 2036:10:01 718.5729 15176.02          21120                27765.47  2038 .19g -.056g  2.66
   157w 31.0 1  0  4322 2036:11:01 737.9009 15690.85          21264                28043.49  2039 .19g -.063g  3.01
   158w 30.0 1  0  4352 2036:12:01 754.4028 16134.40          21387                28350.29  2040 .19g -.065g  3.58
   159w 31.0 4  0  4383 2037:01:01 766.1730 16441.95          21460                28598.64  2041 .19g -.062g  10.0
   160w 31.0 1  0  4414 2037:02:01 775.2734 16683.83          21520                28814.89  2042 .20g -.081g   9.8

                                    I M E X   T I M E   S T E P   S U M M A R Y
 ==================================================================================================================
    Time Step           Time                  Total Production             Total Injection  Total Max. Max. Change
 ---------------- ---------------- -------------------------------------- -----------------  PV   Mat. ------------
                C                    Oil      Gas     Water   GOR.  Wat.    Gas     Water   Avg.  bal. Satur. Pres.
        Size    U                                             SCF/   Cut                    Pres. err. DSMAX  DPMAX
  No.   Days IT T Days   yy:mm:dd   STB/D    MCF/D    STB/D    STB    %    MCF/D    STB/D   psia   %          psia
 ------ ---- -- - ----- ---------- -------- -------- -------- ----- ----- -------- -------- ----- ---- ------ -----
   161w 28.0 1  0  4442 2037:03:01 781.9494 16867.40          21571                29008.80  2043 .20g -.062g   9.6
   162w 31.0 1  0  4473 2037:04:01 789.2399 17076.77          21637                29223.54  2044 .20g -.051g  9.18
   163w 30.0 3  0  4503 2037:05:01 795.5659 17257.93          21693                29404.34  2045 .20g -.060g  8.73
   164w 31.0 1  0  4534 2037:06:01 804.1229 17510.66          21776                29652.51  2046 .20g -.067g  4.86
   165w 30.0 1  0  4564 2037:07:01 812.1056 17737.62          21842                29891.43  2046 .20g -.058g  5.72
   166w 31.0 1  0  4595 2037:08:01 819.4734 17946.95          21901                30092.60  2047 .20g -.045g  6.67
   167w 31.0 1  0  4626 2037:09:01 827.1494 18170.29          21967                30295.00  2048 .20g -.034g  4.29
   168w 30.0 1  0  4656 2037:10:01 833.7727 18360.39          22021                30470.62  2049 .20g -.036g  3.81
   169w 31.0 1  0  4687 2037:11:01 842.1108 18607.57          22096                30676.93  2049 .20g -.042g  1.64
   170w 30.0 1  0  4717 2037:12:01 849.7544 18826.97          22156                30866.22  2050 .20g -.043g  1.62
   171w 31.0 2  0  4748 2038:01:01 855.5589 18991.12          22197                31035.10  2050 .20g -.041g  2.98
   172w 31.0 3  0  4779 2038:02:01 856.6492 19020.66          22204                31153.19  2051 .20g -.042g  5.59
   173w 28.0 1  0  4807 2038:03:01 855.9991 19012.87          22211                31226.47  2052 .20g -.050g  4.70
   174w 31.0 1  0  4838 2038:04:01 854.7524 18999.53          22228                31280.77  2053 .21g -.054g  5.15
   175w 30.0 1  0  4868 2038:05:01 852.1821 18946.12          22232                31313.38  2054 .21g -.043g  6.31
   176w 31.0 1  0  4899 2038:06:01 853.2341 19012.90          22283                31353.92  2055 .21g -.035g  4.67
   177w 30.0 1  0  4929 2038:07:01 854.5055 19069.46          22316                31390.75  2056 .21g -.028g  4.83
   178w 31.0 1  0  4960 2038:08:01 859.5955 19244.73          22388                31477.72  2056 .21g -.030g  2.31
   179w 31.0 1  0  4991 2038:09:01 865.2981 19420.43          22444                31575.02  2057 .21g -.033g  1.98
   180w 30.0 1  0  5021 2038:10:01 870.2724 19570.37          22488                31670.28  2058 .21g -.032g  1.75

                                    I M E X   T I M E   S T E P   S U M M A R Y
 ==================================================================================================================
    Time Step           Time                  Total Production             Total Injection  Total Max. Max. Change
 ---------------- ---------------- -------------------------------------- -----------------  PV   Mat. ------------
                C                    Oil      Gas     Water   GOR.  Wat.    Gas     Water   Avg.  bal. Satur. Pres.
        Size    U                                             SCF/   Cut                    Pres. err. DSMAX  DPMAX
  No.   Days IT T Days   yy:mm:dd   STB/D    MCF/D    STB/D    STB    %    MCF/D    STB/D   psia   %          psia
 ------ ---- -- - ----- ---------- -------- -------- -------- ----- ----- -------- -------- ----- ---- ------ -----
   181w 31.0 1  0  5052 2038:11:01 875.0606 19717.36          22533                31774.04  2058 .21g -.032g  1.73
   182w 30.0 2  0  5082 2038:12:01 878.1474 19812.18          22561                31873.16  2058 .21g -.040g  4.59
   183w 31.0 1  0  5113 2039:01:01 881.7392 19931.66          22605                31979.81  2059 .21g -.043g  1.87
   184w 31.0 1  0  5144 2039:02:01 885.1609 20043.67          22644                32086.78  2059 .21g -.042g  2.05
   185w 28.0 1  0  5172 2039:03:01 887.0625 20107.08          22667                32179.58  2060 .21g -.035g  2.75
   186w 31.0 2  0  5203 2039:04:01 885.7717 20077.07          22666                32259.71  2060 .21g -.054g  5.90
   187w 30.0 1  0  5233 2039:05:01 885.9363 20110.19          22699                32337.06  2061 .21g -.049g  3.20
   188w 31.0 1  0  5264 2039:06:01 886.1220 20136.93          22725                32410.19  2062 .22g -.043g  3.87
   189w 30.0 1  0  5294 2039:07:01 886.1737 20158.48          22748                32474.98  2062 .22g -.035g  4.32
   190w 31.0 2  0  5325 2039:08:01 884.4036 20123.22          22753                32536.34  2063 .22g -.030g  3.95
   191w 31.0 2  0  5356 2039:09:01 882.1692 20082.37          22765                32589.63  2064 .22g -.036g  4.51
   192w 30.0 1  0  5386 2039:10:01 881.3270 20087.43          22792                32641.09  2065 .22g -.043g  2.79
   193w 31.0 1  0  5417 2039:11:01 880.9412 20100.87          22817                32690.91  2066 .22g -.044g  2.81
   194w 30.0 1  0  5447 2039:12:01 879.7877 20085.90          22830                32731.45  2066 .22g -.039g  3.23
   195w 31.0 1  0  5478 2040:01:01 879.0660 20089.91          22854                32770.26  2067 .22g -.034g  3.89
   196w 31.0 1  0  5509 2040:02:01 879.2994 20122.13          22884                32809.58  2068 .22g -.029g  3.08
   197w 29.0 1  0  5538 2040:03:01 879.3555 20141.94          22905                32848.28  2069 .22g -.021g  2.92
   198w 31.0 1  0  5569 2040:04:01 880.7219 20206.30          22943                32894.30  2070 .22g  .024o  2.91
   199w 30.0 1  0  5599 2040:05:01 883.8130 20319.38          22991                32949.48  2070 .22g  .024o  1.48
   200w 31.0 1  0  5630 2040:06:01 888.1089 20461.66          23040                33015.35  2071 .23g  .029o  1.35

                                    I M E X   T I M E   S T E P   S U M M A R Y
 ==================================================================================================================
    Time Step           Time                  Total Production             Total Injection  Total Max. Max. Change
 ---------------- ---------------- -------------------------------------- -----------------  PV   Mat. ------------
                C                    Oil      Gas     Water   GOR.  Wat.    Gas     Water   Avg.  bal. Satur. Pres.
        Size    U                                             SCF/   Cut                    Pres. err. DSMAX  DPMAX
  No.   Days IT T Days   yy:mm:dd   STB/D    MCF/D    STB/D    STB    %    MCF/D    STB/D   psia   %          psia
 ------ ---- -- - ----- ---------- -------- -------- -------- ----- ----- -------- -------- ----- ---- ------ -----
   201w 30.0 1  0  5660 2040:07:01 892.4442 20599.61          23082                33084.70  2071 .23g  .030o  1.10
   202w 31.0 1  0  5691 2040:08:01 896.4770 20726.48          23120                33158.69  2072 .23g  .032o  1.01
   203w 31.0 1  0  5722 2040:09:01 899.3898 20819.15          23148                33233.16  2072 .23g  .032o  1.75
   204w 30.0 2  0  5752 2040:10:01 896.5477 20728.77          23121                33295.54  2073 .23g  .040o  4.78
   205w 31.0 1  0  5783 2040:11:01 894.5915 20700.69          23140                33352.06  2073 .23g  .043o  3.18
   206w 30.0 1  0  5813 2040:12:01 893.2204 20684.90          23158                33400.45  2074 .23g  .040o  2.62
   207w 31.0 1  0  5844 2041:01:01 891.3880 20653.31          23170                33446.00  2075 .23g  .040o  2.69
   208w 31.0 2  0  5875 2041:02:01 887.9423 20571.13          23167                33485.22  2076 .23g  .034o  4.13
   209w 28.0 1  0  5903 2041:03:01 887.0802 20578.64          23198                33519.85  2076 .23g -.030g  2.58
   210w 31.0 1  0  5934 2041:04:01 887.0469 20602.10          23225                33556.01  2077 .23g -.033g  2.46
   211w 30.0 1  0  5964 2041:05:01 887.2857 20628.36          23249                33589.13  2078 .23g -.031g  2.43
   212w 31.0 1  0  5995 2041:06:01 888.4662 20684.67          23281                33622.68  2079 .24g -.031g  2.44
   213w 30.0 1  0  6025 2041:07:01 891.4440 20794.60          23327                33660.61  2079 .24g -.028g  2.12
   214w 31.0 1  0  6056 2041:08:01 894.2499 20888.63          23359                33701.68  2080 .24g -.027g  2.03
   215w 31.0 1  0  6087 2041:09:01 894.8615 20912.24          23369                33740.83  2081 .24g  .025o  2.87
   216w 30.0 2  0  6117 2041:10:01 891.4280 20814.52          23350                33773.90  2082 .24g -.035g  4.40
   217w 31.0 1  0  6148 2041:11:01 889.3566 20782.72          23368                33802.50  2082 .24g -.038g  3.26
   218w 30.0 2  0  6178 2041:12:01 886.2186 20707.77          23366                33824.16  2083 .24g -.034g  3.47
   219w 31.0 1  0  6209 2042:01:01 884.1144 20671.85          23381                33842.73  2084 .24g -.037g  3.62
   220w 31.0 1  0  6240 2042:02:01 881.3319 20606.02          23381                33857.72  2085 .24g -.035g  3.63

                                    I M E X   T I M E   S T E P   S U M M A R Y
 ==================================================================================================================
    Time Step           Time                  Total Production             Total Injection  Total Max. Max. Change
 ---------------- ---------------- -------------------------------------- -----------------  PV   Mat. ------------
                C                    Oil      Gas     Water   GOR.  Wat.    Gas     Water   Avg.  bal. Satur. Pres.
        Size    U                                             SCF/   Cut                    Pres. err. DSMAX  DPMAX
  No.   Days IT T Days   yy:mm:dd   STB/D    MCF/D    STB/D    STB    %    MCF/D    STB/D   psia   %          psia
 ------ ---- -- - ----- ---------- -------- -------- -------- ----- ----- -------- -------- ----- ---- ------ -----
   221w 28.0 2  0  6268 2042:03:01 877.6228 20507.82          23367                33866.00  2086 .24g  .039o  3.78
   222w 31.0 1  0  6299 2042:04:01 875.8109 20480.44          23385                33872.57  2087 .24g  .043o  3.59
   223w 30.0 2  0  6329 2042:05:01 871.8135 20365.42          23360                33872.33  2089 .25g  .036o  3.81
   224w 31.0 1  0  6360 2042:06:01 870.0512 20336.02          23373                33868.63  2090 .25g  .039o  3.56
   225w 30.0 1  0  6390 2042:07:01 869.8522 20343.43          23387                33862.28  2091 .25g  .036o  3.48
   226w 31.0 1  0  6421 2042:08:01 869.8946 20348.32          23392                33855.19  2092 .25g  .034o  3.38
   227w 31.0 2  0  6452 2042:09:01 865.1128 20187.89          23336                33841.84  2094 .25g  .048o  6.17
   228w 30.0 1  0  6482 2042:10:01 861.7304 20092.41          23316                33824.06  2095 .25g  .043o  5.80
   229w 31.0 1  0  6513 2042:11:01 859.4287 20019.74          23294                33803.23  2097 .25g  .040o  5.49
   230w 30.0 2  0  6543 2042:12:01 854.7254 19869.93          23247                33774.54  2098 .25g  .045o  5.00
   231w 31.0 1  0  6574 2043:01:01 852.2074 19816.68          23253                33740.37  2100 .25g  .044o  4.59
   232w 31.0 1  0  6605 2043:02:01 849.4507 19749.53          23250                33703.19  2102 .25g  .037o  5.11
   233w 28.0 1  0  6633 2043:03:01 845.2491 19630.64          23225                33665.60  2104 .26g  .030o  5.39
   234w 31.0 1  0  6664 2043:04:01 844.7472 19616.21          23221                33623.43  2106 .26g  .030o  4.23
   235w 30.0 1  0  6694 2043:05:01 846.5934 19655.31          23217                33584.13  2107 .26g  .033o  4.08
   236w 31.0 1  0  6725 2043:06:01 847.3162 19644.54          23184                33543.18  2109 .26g  .032o  4.16
   237w 30.0 2  0  6755 2043:07:01 838.7746 19329.12          23044                33498.98  2111 .26g  .055o  8.19
   238w 31.0 1  0  6786 2043:08:01 841.4573 19315.10          22954                33448.85  2113 .26g  .055o  6.23
   239w 31.0 1  0  6817 2043:09:01 843.8649 19235.90          22795                33397.13  2115 .26g  .046o  7.85
   240w 30.0 2  0  6847 2043:10:01 848.6936 19064.96          22464                33334.80  2118 .26g  .034o  7.87

                                    I M E X   T I M E   S T E P   S U M M A R Y
 ==================================================================================================================
    Time Step           Time                  Total Production             Total Injection  Total Max. Max. Change
 ---------------- ---------------- -------------------------------------- -----------------  PV   Mat. ------------
                C                    Oil      Gas     Water   GOR.  Wat.    Gas     Water   Avg.  bal. Satur. Pres.
        Size    U                                             SCF/   Cut                    Pres. err. DSMAX  DPMAX
  No.   Days IT T Days   yy:mm:dd   STB/D    MCF/D    STB/D    STB    %    MCF/D    STB/D   psia   %          psia
 ------ ---- -- - ----- ---------- -------- -------- -------- ----- ----- -------- -------- ----- ---- ------ -----
   241w 31.0 1  0  6878 2043:11:01 862.2008 18979.90          22013                33269.86  2120 .26g  .039o  6.94
   242w 30.0 2  0  6908 2043:12:01 884.9929 18802.42          21246                33193.12  2123 .26g  .045o  6.89
   243w 31.0 1  0  6939 2044:01:01 925.1682 18592.47          20096                33112.56  2125 .27g  .044o  6.00
   244w 31.0 1  0  6970 2044:02:01 996.8169 18795.34          18855                33032.13  2128 .26g  .043o  6.46
   245w 29.0 1  0  6999 2044:03:01 1040.891 18607.59          17877                32952.58  2131 .26g  .048o  6.20
   246w 31.0 3  0  7030 2044:04:01 1246.969 18072.49          14493                32853.21  2134 .26g  .068o  15.6
   247w 30.0 1  0  7060 2044:05:01 1503.973 17703.71          11771                32748.82  2137 .27g  .061o  12.7
   248w 31.0 1  0  7091 2044:06:01 1867.375 17659.08           9457                32629.11  2141 .27g  .048o  14.8
   249w 30.0 1  0  7121 2044:07:01 2160.064 17508.69           8106                32513.19  2145 .27g  .036o   9.6
   250w 31.0 1  0  7152 2044:08:01 2435.984 17531.34           7197                32388.66  2148 .27g  .033o  10.0
   251w 31.0 1  0  7183 2044:09:01 2647.472 17509.27           6614                32264.29  2152 .27g  .033o  7.66
   252w 30.0 1  0  7213 2044:10:01 2811.524 17554.90           6244                32143.25  2155 .27g  .033o  5.59
   253w 31.0 2  0  7244 2044:11:01 2931.590 17069.29           5823                32010.66  2159 .27g  .060o  8.57
   254w 30.0 1  0  7274 2044:12:01 3036.385 16946.79 .0043661  5581 14e-5          31877.61  2163 .27g  .056o  7.17
   255w 31.0 1  0  7305 2045:01:01 3109.050 16749.44 .2982044  5387 .0096          31737.84  2167 .27g  .047o  7.47

 ===================== SUMMARY (from subroutine: TSIO)   ======================
  Simulation run terminated. Stopping time reached.
    
     1 Warning messages.    0 Error messages.
 ==============================================================================



                          Global Storage Usage
                          ====================

             Section           Bytes          Mbytes   # Objects
        ------------    ------------    ------------   ---------
              MXSLVR          480944           0.459          98
              GRMOD0          217956           0.208         482
               IMEX2          125666           0.120         693
               IMEX1          114236           0.109         588
              WMCOM1           58763           0.056         982
               IMEX3           50818           0.048         249
              MXGR01           50456           0.048          18
              GRMOD1           36256           0.035         151
              KWCOM1           34735           0.033          52
              EQTPAR           29876           0.028          69
               POINT           25252           0.024          96
              SR2COM           22036           0.021          92
              MXWELL           20796           0.020         262
             MXSLVR1           13096           0.012          14
           GLOBSTORE            7478           0.007          27
              MXINIT            6244           0.006          23
              CMPDIL            6112           0.006          25
               PRTCM            5760           0.005          17
              SECTOR            2464           0.002          13
               SAMG1            1873           0.002         255
              PGMCH1            1794           0.002         319
             CMGFILE            1206           0.001          19
                FLXB            1156           0.001          27
                CMB1             600           0.001          68
           PGSCOMMON             476           0.000          64
                 MTS             340           0.000          18
           PGPARASOL             296           0.000          65
              SGCOM2             216           0.000          54
              SGCOM1             180           0.000          44
              GRMOD2             156           0.000          38
              WMCOM3              92           0.000           4
              WMCOM2              76           0.000          15
              WMCOM5              52           0.000          13
              SGCOM3              32           0.000           8
        PGMATDOMAINS              16           0.000           4
              WMCOM7               8           0.000           2
              DEPTAB               8           0.000           2
              SGCOM4               4           0.000           1
            PGSINT3D               0           0.000           0
              MXPRSL               0           0.000           0
        ------------    ------------    ------------   ---------
               Total         1317525           1.256        4971
            Maximium         1712077           1.633

       Field Total                                   Fluid
                             Oil       Gas       Water    Solvent   Polymer    Salt
                            -------   -------   -------   -------   -------   -------
                            (MSTB)    (MMSCF)   (MSTB)    (MMSCF)    (MLB)     (MLB)
  Cumulative Production       25208    239954    .00938     NA        NA        NA   
  Cumulative Injection        NA         0       106497     NA        NA        NA   
  Cumulative Gas Lift         NA         0        NA        NA        NA        NA   
  Cumulative Aquifer Influx   NA        NA         0        NA        NA        NA   
  Current Fluids In Place    239968    168516    169757     NA        NA        NA   
  Production Rates           3.1090    16.749    298e-6     NA        NA        NA   
  Injection Rates             NA         0       31.738     NA        NA        NA   

  Timesteps:    255  Newton Cycles:      299  Cuts:      0  Solver Iterations:         1677
  Average Implicitness    : 0.857
  Fluid Component Model   : BLACKOIL (SINGLE-P)
  Material Balances (owg): 1.000 1.001 1.003
  Average Active Blocks:         300 Average Non-BHP Active Wells:     0
  Total Blocks :         300 Total Wells :     5
  Active Blocks:         300 Non-BHP Active Wells:     0
  Time at end of simulation:   7305.00     (days)   
  Average reservoir pressure excluding water zone: 2166.850 (psi)    
  Total Number of Solver Failures:       0  Stalls:       0  ITERMAX Reached:       0
  Jacobian Domains      1  
  Total lstpro/lstpar calls:     2  (    5)
  Linear Solver: Aimsol
  Preconditioner Ordering: REDBLACK
  Preconditioner Degree           1
  KMP_AFFINITY: Default
  OMP_SCHEDULE: Default
  Max Impl Blocks:      273  %Impl: 91.0%  (TS,CUT,NCYC): (   163, 0,  1 )
  Max Solver Iterations (TS,CUT,NCYC):       8 (   166, 0,  1 )
  Number of threads set:    1
  Total number of cpus:    4
  Memory Usage Peak:       63 MB on TS:   167 TS 1 Peak:       40 MB  Average:       56 MB  VM Size:       71 MB
  Memory Usage Final Size:         64 MB
  Host computer: IKIEARTH
  CPU Time:             2.62 seconds
  Elapsed Time:         3.87 seconds

  End of Simulation: Normal Termination

  Date and Time of End of Run:  Apr 19, 2025  10:54:12

