    Opened LOG FILE         on unit 10, filename is 'D:\TA MANDIRI\SKENARIO CMG\A3P3C.log'
 ********************************************************************************
 *                                                                              *
 *                                IMEX  2021.10                                 *
 *            Adaptive-Implicit Black Oil & Unconventional Simulator            *
 *                         General Release for Win x64                          *
 *                            2021-Nov-16   12:35:59                            *
 *                                                                              *
 *                          (c) Copyright 1977 - 2021                           *
 *                Computer Modelling Group Ltd., Calgary, Canada                *
 *                             All Rights Reserved                              *
 *                                                                              *
 ********************************************************************************


 Command-line Arguments:  -dimsum
                          -wd D:\TA MANDIRI\SKENARIO CMG
                          -log
                          -f D:\TA MANDIRI\SKENARIO CMG\A3P3C.dat

  Date and Time of Start of Run:  Apr 19, 2025  11:17:37


*** Input/Output files specification :
    Opened data file        on unit 11, filename is 'D:\TA MANDIRI\SKENARIO CMG\A3P3C.dat'
    Opened Scratch file     on unit 12
    Opened Scratch file     on unit 13
    Opened output file      on unit 14, filename is 'D:\TA MANDIRI\SKENARIO CMG\A3P3C.out'
    Opened SR3-OUT          on unit 15, filename is 'D:\TA MANDIRI\SKENARIO CMG\A3P3C.sr3'
    Opened Restart-SR3      on unit 16, filename is 'D:\TA MANDIRI\SKENARIO CMG\A3P3C.rstr.sr3'
    Opened GRID scratchfile on unit 17

 ===================== WARNING (from subroutine: INCOMP) ======================
  P/Z Output is disabled as Temperatures were not defined for all PVT Regions
  Please review the *TRES Keyword
  Line: 77   File Name: D:\TA MANDIRI\SKENARIO CMG\A3P3C.dat
 ==============================================================================


 ===================== SUMMARY (from subroutine: INDATA) ======================
  Reading of initial data is complete.
  Simulation will stop if there were error messages.
     1 Warning messages.    0 Error messages.
 ==============================================================================



                          Global Storage Usage
                          ====================

             Section           Bytes          Mbytes   # Objects
        ------------    ------------    ------------   ---------
              MXSLVR          246616           0.235          98
              GRMOD0          217956           0.208         482
               IMEX2          125666           0.120         693
               IMEX1          114236           0.109         588
              WMCOM1           58763           0.056         982
               IMEX3           50818           0.048         249
              MXGR01           50456           0.048          18
              GRMOD1           36256           0.035         151
              KWCOM1           34735           0.033          52
              EQTPAR           29876           0.028          69
               POINT           25252           0.024          96
              SR2COM           22036           0.021          92
              MXWELL           20796           0.020         262
             MXSLVR1           13096           0.012          14
           GLOBSTORE            7478           0.007          27
              MXINIT            6244           0.006          23
              CMPDIL            6112           0.006          25
               PRTCM            5760           0.005          17
              SECTOR            2464           0.002          13
               SAMG1            1873           0.002         255
              PGMCH1            1794           0.002         319
             CMGFILE            1206           0.001          19
                FLXB            1156           0.001          27
                CMB1             600           0.001          68
           PGSCOMMON             476           0.000          64
                 MTS             340           0.000          18
           PGPARASOL             296           0.000          65
              SGCOM2             216           0.000          54
              SGCOM1             180           0.000          44
              GRMOD2             156           0.000          38
              WMCOM3              92           0.000           4
              WMCOM2              76           0.000          15
              WMCOM5              52           0.000          13
              SGCOM3              32           0.000           8
        PGMATDOMAINS              16           0.000           4
              WMCOM7               8           0.000           2
              DEPTAB               8           0.000           2
              SGCOM4               4           0.000           1
            PGSINT3D               0           0.000           0
              MXPRSL               0           0.000           0
        ------------    ------------    ------------   ---------
               Total         1083197           1.033        4971
            Maximium         1712077           1.633

                                    I M E X   T I M E   S T E P   S U M M A R Y
 ==================================================================================================================
    Time Step           Time                  Total Production             Total Injection  Total Max. Max. Change
 ---------------- ---------------- -------------------------------------- -----------------  PV   Mat. ------------
                C                    Oil      Gas     Water   GOR.  Wat.    Gas     Water   Avg.  bal. Satur. Pres.
        Size    U                                             SCF/   Cut                    Pres. err. DSMAX  DPMAX
  No.   Days IT T Days   yy:mm:dd   STB/D    MCF/D    STB/D    STB    %    MCF/D    STB/D   psia   %          psia
 ------ ---- -- - ----- ---------- -------- -------- -------- ----- ----- -------- -------- ----- ---- ------ -----
     1w 1.00 2  0 1.000 2025:01:02 270087.1 400347.1           1482                          4781 e-3o -.033o  -267
     2  1.63 1  0 2.627 2025:01:04 218852.7 389929.3           1782                          4760 e-4g -.036o  -278
     3  2.54 1  0 5.171 2025:01:06 175052.6 361514.0           2065                          4733 .01g -.026o  -231
     4  4.80 1  0  9.97 2025:01:11 144017.9 321511.6           2232                          4686 .03g -.019o  -216
     5   9.7 1  0 19.64 2025:01:21 127213.3 278100.5           2186                          4603 .05g -.029o  -180
     6  11.4 1  0 31.00 2025:02:01 112463.8 274189.6           2438                          4517 .04g -.023o  -134
     7w 28.0 2  0 59.00 2025:03:01 94277.67 253453.4           2688                          4332 .04g -.048o  -208
     8w 31.0 2  0 90.00 2025:04:01 77436.43 261162.9           3373                          4150 .04g -.074o  -191
     9w 30.0 2  0 120.0 2025:05:01 64272.15 294783.8           4586                          3978 .04g -.083o  -180
    10w 31.0 2  0 151.0 2025:06:01 53805.57 338679.5           6295                          3794 .05g -.074o  -196
    11w 30.0 2  0 181.0 2025:07:01 45810.71 372098.5           8123                          3615 .05g -.059o  -205
    12w 31.0 2  0 212.0 2025:08:01 39673.91 412474.5          10397                          3425 .05g -.044o  -214
    13w 31.0 2  0 243.0 2025:09:01 33872.04 419556.5          12387                          3245 .05g -.037o  -208
    14w 30.0 2  0 273.0 2025:10:01 28902.16 402019.8          13910                          3085 .05g -.028o  -181
    15w 31.0 2  0 304.0 2025:11:01 24453.33 368796.2          15082                          2937 .06g -.028o  -166
    16w 30.0 2  0 334.0 2025:12:01 20676.50 343055.0          16592                          2801 .06g -.026o  -153
    17w 31.0 2  0 365.0 2026:01:01 17347.21 311516.3          17958                          2678 .06g -.024o  -139
    18w 31.0 2  0 396.0 2026:02:01 14427.12 276795.7          19186                          2572 .06g -.021o  -119
    19w 28.0 2  0 424.0 2026:03:01 12150.22 244717.2          20141                          2487 .06g -.017o -93.8
    20w 31.0 2  0 455.0 2026:04:01 9971.046 209655.7          21026                          2403 .06g -.016o -93.8

                                    I M E X   T I M E   S T E P   S U M M A R Y
 ==================================================================================================================
    Time Step           Time                  Total Production             Total Injection  Total Max. Max. Change
 ---------------- ---------------- -------------------------------------- -----------------  PV   Mat. ------------
                C                    Oil      Gas     Water   GOR.  Wat.    Gas     Water   Avg.  bal. Satur. Pres.
        Size    U                                             SCF/   Cut                    Pres. err. DSMAX  DPMAX
  No.   Days IT T Days   yy:mm:dd   STB/D    MCF/D    STB/D    STB    %    MCF/D    STB/D   psia   %          psia
 ------ ---- -- - ----- ---------- -------- -------- -------- ----- ----- -------- -------- ----- ---- ------ -----
    21w 30.0 1  0 485.0 2026:05:01 8164.322 176166.3          21578                          2334 .11g -.013o -77.1
    22w 31.0 1  0 516.0 2026:06:01 6725.824 147704.8          21961                          2276 .13g -.013o -64.7
    23w 30.0 1  0 546.0 2026:07:01 5569.009 124008.6          22268                          2230 .15g -.012o -51.7
    24w 31.0 1  0 577.0 2026:08:01 4590.743 103436.6          22532                          2191 .16g -.011o -44.0
    25w 31.0 1  0 608.0 2026:09:01 3791.851 86232.09          22741                          2158 .17g -.009o -36.3
    26w 30.0 1  0 638.0 2026:10:01 3155.624 72242.51          22893                          2132 .17g -.008o -29.2
    27w 31.0 1  0 669.0 2026:11:01 2620.249 60100.71          22937                          2110 .18g -.007o -25.0
    28w 30.0 1  0 699.0 2026:12:01 2190.750 50240.25          22933                          2092 .18g -.006o -20.1
    29w 31.0 1  0 730.0 2027:01:01 1825.218 41727.41          22862                          2076 .18g -.005o -17.2
    30w 31.0 1  0 761.0 2027:02:01 1524.005 34621.17          22717                          2064 .18g -.005o -14.3
    31w 28.0 1  0 789.0 2027:03:01 1295.779 29177.77          22518                          2054 .19g -.004o -10.9
    32w 31.0 1  0 820.0 2027:04:01 1087.719 24161.06          22213                          2045 .19g -.003o  -9.9
    33w 30.0 1  0 850.0 2027:05:01 920.6679 20096.72          21828                          2038 .19g -.003o -8.02
    34w 31.0 1  0 881.0 2027:06:01 778.4450 16605.33          21331                          2032 .19g -.003o -6.85
    35w 30.0 1  0 911.0 2027:07:01 664.3285 13783.39          20748                          2027 .19g -.002o -5.52
    36w 31.0 1  0 942.0 2027:08:01 567.1474 11361.18          20032                          2023 .19g -.002o -4.71
    37w 31.0 1  0 973.0 2027:09:01 487.2264 9355.504          19202                          2020 .19g -.002o -3.89
    38w 30.0 1  0  1003 2027:10:01 423.0939 7734.960          18282                          2017 .19g -.001o -3.13
    39w 31.0 1  0  1034 2027:11:01 368.1912 6337.589          17213                          2015 .19g -.001o -2.70
    40w 30.0 1  0  1064 2027:12:01 324.2942 5215.275          16082                          2013 .19g -.001o -2.16

                                    I M E X   T I M E   S T E P   S U M M A R Y
 ==================================================================================================================
    Time Step           Time                  Total Production             Total Injection  Total Max. Max. Change
 ---------------- ---------------- -------------------------------------- -----------------  PV   Mat. ------------
                C                    Oil      Gas     Water   GOR.  Wat.    Gas     Water   Avg.  bal. Satur. Pres.
        Size    U                                             SCF/   Cut                    Pres. err. DSMAX  DPMAX
  No.   Days IT T Days   yy:mm:dd   STB/D    MCF/D    STB/D    STB    %    MCF/D    STB/D   psia   %          psia
 ------ ---- -- - ----- ---------- -------- -------- -------- ----- ----- -------- -------- ----- ---- ------ -----
    41w 31.0 1  0  1095 2028:01:01 286.8938 4260.060          14849                          2011 .19g -.001o -1.83
    42w 31.0 1  0  1126 2028:02:01 256.6496 3475.737          13543                          2010 .19g -9e-4o -1.50
    43w 29.0 1  0  1155 2028:03:01 232.7521 2853.178          12258                          2009 .19g -8e-4o -1.18
    44w 31.0 1  0  1186 2028:04:01 211.9879 2307.956          10887                          2008 .19g -8e-4o -1.04
    45w 30.0 1  0  1216 2028:05:01 195.5848 1874.579           9584                          2008 .19g -8e-4o -.824
    46w 31.0 1  0  1247 2028:06:01 181.9005 1509.643           8299                          2007 .19g -8e-4o -.690
    47w 30.0 1  0  1277 2028:07:01 171.1566 1221.382           7136                          2007 .19g -7e-4o -.546
    48w 31.0 1  0  1308 2028:08:01 162.2166 979.6531           6039                          2006 .19g -7e-4o -.457
    49w 31.0 1  0  1339 2028:09:01 155.0210 783.6189           5055                          2006 .19g -6e-4o -.370
    50w 30.0 1  0  1369 2028:10:01 149.3850 628.8661           4210                          2006 .19g -6e-4o -.292
    51w 31.0 1  0  1400 2028:11:01 144.7199 499.5703           3452                          2005 .19g -6e-4o -.244
    52w 30.0 1  0  1430 2028:12:01 141.0770 397.6638           2819                          2005 .19g -5e-4o -.192
    53w 31.0 1  0  1461 2029:01:01 138.0712 312.6494           2264                          2005 .19g -5e-4o -.160
    54w 31.0 1  0  1492 2029:02:01 135.6715 243.9780           1798                          2005 .19g -5e-4o -.129
    55w 28.0 1  0  1520 2029:03:01 133.9043 192.8418           1440                          2005 .19g -5e-4o -.097
    56w 31.0 1  0  1551 2029:04:01 132.3570 147.4071           1114                          2005 .19g -5e-4o -.085
    57w 30.0 1  0  1581 2029:05:01 131.1600 111.7228          851.8                          2005 .19g -5e-4o -.067
    58w 31.0 1  0  1612 2029:06:01 128.8787 82.41331          639.5                          2005 .19g -5e-4o -.056
    59w 30.0 1  0  1642 2029:07:01 103.0339 65.41850          634.9                          2005 .19g -4e-4o -.044
    60w 31.0 1  0  1673 2029:08:01 81.17452 51.53666          634.9                          2005 .19g -4e-4o -.036

                                    I M E X   T I M E   S T E P   S U M M A R Y
 ==================================================================================================================
    Time Step           Time                  Total Production             Total Injection  Total Max. Max. Change
 ---------------- ---------------- -------------------------------------- -----------------  PV   Mat. ------------
                C                    Oil      Gas     Water   GOR.  Wat.    Gas     Water   Avg.  bal. Satur. Pres.
        Size    U                                             SCF/   Cut                    Pres. err. DSMAX  DPMAX
  No.   Days IT T Days   yy:mm:dd   STB/D    MCF/D    STB/D    STB    %    MCF/D    STB/D   psia   %          psia
 ------ ---- -- - ----- ---------- -------- -------- -------- ----- ----- -------- -------- ----- ---- ------ -----
    61w 31.0 1  0  1704 2029:09:01 63.66706 40.41944          634.9                          2005 .19g -4e-4o -.029
    62w 30.0 1  0  1734 2029:10:01 50.03094 31.76114          634.8                          2005 .19g -4e-4o -.023
    63w 31.0 1  0  1765 2029:11:01 38.82356 24.64543          634.8                          2005 .19g -4e-4o -.019
    64w 30.0 1  0  1795 2029:12:01 30.12663 19.12394          634.8                          2005 .19g -4e-4g -.015
    65w 31.0 1  0  1826 2030:01:01 23.04249 14.62660          634.8                          2005 .19g -5e-4g -.012
    66w 31.0 1  0  1857 2030:02:01 17.45351 11.07860          634.7                          2005 .19g -6e-4g -.009
    67w 28.0 1  0  1885 2030:03:01 13.36277 8.481821          634.7                          2005 .19g -5e-4g -.007
    68w 31.0 1  0  1916 2030:04:01  9.86266 6.260045          634.7                          2005 .19g -6e-4g -.006
    69w 30.0 1  0  1946 2030:05:01 7.185713 4.560840          634.7                          2005 .19g -6e-4g -.005
    70w 31.0 1  0  1977 2030:06:01 5.045760 3.202534          634.7                          2005 .19g -7e-4g -.004
    71w 30.0 1  0  2007 2030:07:01 3.420921 2.171218          634.7                          2005 .19g -7e-4g  .003
    72w 31.0 1  0  2038 2030:08:01 2.209562 1.402362          634.7                          2005 .19g -7e-4g  .003
    73w 31.0 1  0  2069 2030:09:01 1.241523 .7879576          634.7                          2005 .19g -6e-4g  .003
    74w 30.0 1  0  2099 2030:10:01 .5303573 .3365980          634.7                          2005 .19g -5e-4g  .003
    75w 31.0 1  0  2130 2030:11:01                                                           2005 .19g -5e-4g  .003
    76w 30.0 1  0  2160 2030:12:01                                                           2005 .19g -4e-4g  .003
    77w 31.0 1  0  2191 2031:01:01                                                           2005 .19g -4e-4g  .003
    78w 31.0 1  0  2222 2031:02:01                                                           2005 .19g -4e-4g  .003
    79w 28.0 1  0  2250 2031:03:01                                                           2005 .19g -3e-4g  .002
    80w 31.0 1  0  2281 2031:04:01                                                           2005 .19g -3e-4o  .002

                                    I M E X   T I M E   S T E P   S U M M A R Y
 ==================================================================================================================
    Time Step           Time                  Total Production             Total Injection  Total Max. Max. Change
 ---------------- ---------------- -------------------------------------- -----------------  PV   Mat. ------------
                C                    Oil      Gas     Water   GOR.  Wat.    Gas     Water   Avg.  bal. Satur. Pres.
        Size    U                                             SCF/   Cut                    Pres. err. DSMAX  DPMAX
  No.   Days IT T Days   yy:mm:dd   STB/D    MCF/D    STB/D    STB    %    MCF/D    STB/D   psia   %          psia
 ------ ---- -- - ----- ---------- -------- -------- -------- ----- ----- -------- -------- ----- ---- ------ -----
    81w 30.0 1  0  2311 2031:05:01                                                           2005 .19g -3e-4o  .002
    82w 31.0 1  0  2342 2031:06:01                                                           2005 .19g -3e-4o  .002
    83w 30.0 1  0  2372 2031:07:01                                                           2005 .19g -3e-4o  .002
    84w 31.0 1  0  2403 2031:08:01                                                           2005 .19g -3e-4o  .002
    85w 31.0 1  0  2434 2031:09:01                                                           2005 .19g -3e-4o  .002
    86w 30.0 1  0  2464 2031:10:01                                                           2005 .19g -3e-4o  .001
    87w 31.0 1  0  2495 2031:11:01                                                           2005 .19g -3e-4o  .001
    88w 30.0 1  0  2525 2031:12:01                                                           2005 .19g -3e-4o  .001
    89w 31.0 1  0  2556 2032:01:01                                                           2005 .19g -3e-4o  .001
    90w 31.0 1  0  2587 2032:02:01                                                           2005 .19g -3e-4o  .001
    91w 29.0 1  0  2616 2032:03:01                                                           2005 .19g -3e-4o  .001
    92w 31.0 1  0  2647 2032:04:01                                                           2005 .19g -3e-4o  9e-4
    93w 30.0 1  0  2677 2032:05:01                                                           2005 .19g -3e-4o  9e-4
    94w 31.0 1  0  2708 2032:06:01                                                           2005 .19g -3e-4o  8e-4
    95w 30.0 1  0  2738 2032:07:01                                                           2005 .19g -3e-4o  8e-4
    96w 31.0 1  0  2769 2032:08:01                                                           2005 .19g -3e-4o  7e-4
    97w 31.0 1  0  2800 2032:09:01                                                           2005 .19g -3e-4o  7e-4
    98w 30.0 1  0  2830 2032:10:01                                                           2005 .19g -3e-4o  6e-4
    99w 31.0 1  0  2861 2032:11:01                                                           2005 .19g -3e-4o  6e-4
   100w 30.0 1  0  2891 2032:12:01                                                           2005 .19g -3e-4o  6e-4

                                    I M E X   T I M E   S T E P   S U M M A R Y
 ==================================================================================================================
    Time Step           Time                  Total Production             Total Injection  Total Max. Max. Change
 ---------------- ---------------- -------------------------------------- -----------------  PV   Mat. ------------
                C                    Oil      Gas     Water   GOR.  Wat.    Gas     Water   Avg.  bal. Satur. Pres.
        Size    U                                             SCF/   Cut                    Pres. err. DSMAX  DPMAX
  No.   Days IT T Days   yy:mm:dd   STB/D    MCF/D    STB/D    STB    %    MCF/D    STB/D   psia   %          psia
 ------ ---- -- - ----- ---------- -------- -------- -------- ----- ----- -------- -------- ----- ---- ------ -----
   101w 31.0 1  0  2922 2033:01:01                                                           2005 .19g -3e-4o  6e-4
   102w 31.0 1  0  2953 2033:02:01                                                           2005 .19g -3e-4o  6e-4
   103w 28.0 1  0  2981 2033:03:01                                                           2005 .19g -3e-4o  6e-4
   104w 31.0 1  0  3012 2033:04:01                                                           2005 .19g -3e-4o  6e-4
   105w 30.0 1  0  3042 2033:05:01                                                           2005 .19g -3e-4o  6e-4
   106w 31.0 1  0  3073 2033:06:01                                                           2005 .19g -3e-4o  6e-4
   107w 30.0 1  0  3103 2033:07:01                                                           2005 .19g -3e-4o  6e-4
   108w 31.0 1  0  3134 2033:08:01                                                           2005 .19g -3e-4o  6e-4
   109w 31.0 1  0  3165 2033:09:01                                                           2005 .19g -3e-4o  6e-4
   110w 30.0 1  0  3195 2033:10:01                                                           2005 .19g -3e-4o  6e-4
   111w 31.0 1  0  3226 2033:11:01                                                           2005 .19g -3e-4o  6e-4
   112w 30.0 1  0  3256 2033:12:01                                                           2005 .19g -3e-4o  6e-4
   113w 31.0 1  0  3287 2034:01:01                                                           2005 .19g -3e-4o  6e-4
   114w 31.0 1  0  3318 2034:02:01                                                           2005 .19g -3e-4o  6e-4
   115w 28.0 1  0  3346 2034:03:01                                                           2005 .19g -2e-4o  6e-4
   116w 31.0 1  0  3377 2034:04:01                                                           2005 .19g -3e-4o  6e-4
   117w 30.0 1  0  3407 2034:05:01                                                           2005 .19g -3e-4o  6e-4
   118w 31.0 1  0  3438 2034:06:01                                                           2005 .19g -3e-4o  6e-4
   119w 30.0 1  0  3468 2034:07:01                                                           2005 .19g -3e-4o  6e-4
   120w 31.0 1  0  3499 2034:08:01                                                           2005 .19g -3e-4o  6e-4

                                    I M E X   T I M E   S T E P   S U M M A R Y
 ==================================================================================================================
    Time Step           Time                  Total Production             Total Injection  Total Max. Max. Change
 ---------------- ---------------- -------------------------------------- -----------------  PV   Mat. ------------
                C                    Oil      Gas     Water   GOR.  Wat.    Gas     Water   Avg.  bal. Satur. Pres.
        Size    U                                             SCF/   Cut                    Pres. err. DSMAX  DPMAX
  No.   Days IT T Days   yy:mm:dd   STB/D    MCF/D    STB/D    STB    %    MCF/D    STB/D   psia   %          psia
 ------ ---- -- - ----- ---------- -------- -------- -------- ----- ----- -------- -------- ----- ---- ------ -----
   121w 31.0 1  0  3530 2034:09:01                                                           2005 .19g -3e-4o  6e-4
   122w 30.0 1  0  3560 2034:10:01                                                           2005 .19g -3e-4o  6e-4
   123w 31.0 1  0  3591 2034:11:01                                                           2005 .19g -3e-4o  6e-4
   124w 30.0 1  0  3621 2034:12:01                                                           2005 .19g -3e-4o  6e-4
   125w 31.0 1  0  3652 2035:01:01                                                           2005 .19g -3e-4o  6e-4
   126w 31.0 1  0  3683 2035:02:01                                                           2005 .19g -3e-4o  6e-4
   127w 28.0 1  0  3711 2035:03:01                                                           2005 .19g -2e-4o  5e-4
   128w 31.0 1  0  3742 2035:04:01                                                           2005 .19g -3e-4o  6e-4
   129w 30.0 1  0  3772 2035:05:01                                                           2005 .19g -2e-4o  6e-4
   130w 31.0 1  0  3803 2035:06:01                                                           2005 .19g -3e-4o  6e-4
   131w 30.0 1  0  3833 2035:07:01                                                           2005 .19g -2e-4o  6e-4
   132w 31.0 1  0  3864 2035:08:01                                                           2005 .19g -2e-4o  6e-4
   133w 31.0 1  0  3895 2035:09:01                                                           2005 .19g -2e-4o  6e-4
   134w 30.0 1  0  3925 2035:10:01                                                           2005 .19g -2e-4o  5e-4
   135w 31.0 1  0  3956 2035:11:01                                                           2005 .19g -2e-4o  6e-4
   136w 30.0 1  0  3986 2035:12:01                                                           2005 .19g -2e-4o  5e-4
   137w 31.0 1  0  4017 2036:01:01                                                           2005 .19g -2e-4o  6e-4
   138w .500 2  1  4018 2036:01:02                                                 576305.8  2007 .19g -.183g   170
   139  .273 1  0  4018 2036:01:02                                                 380838.0  2007 .19g -.061g  59.7
   140  .446 1  0  4018 2036:01:02 1.026798 .6515633          634.6                270230.1  2009 .19g -.056g   105

                                    I M E X   T I M E   S T E P   S U M M A R Y
 ==================================================================================================================
    Time Step           Time                  Total Production             Total Injection  Total Max. Max. Change
 ---------------- ---------------- -------------------------------------- -----------------  PV   Mat. ------------
                C                    Oil      Gas     Water   GOR.  Wat.    Gas     Water   Avg.  bal. Satur. Pres.
        Size    U                                             SCF/   Cut                    Pres. err. DSMAX  DPMAX
  No.   Days IT T Days   yy:mm:dd   STB/D    MCF/D    STB/D    STB    %    MCF/D    STB/D   psia   %          psia
 ------ ---- -- - ----- ---------- -------- -------- -------- ----- ----- -------- -------- ----- ---- ------ -----
   141  .799 1  0  4019 2036:01:03 25.58659 16.23622          634.6                198627.1  2011 .19g -.048g   133
   142  1.66 1  0  4021 2036:01:05 122.9584 184.0200           1497                150558.5  2013 .19g -.063g  88.6
   143  2.64 1  0  4023 2036:01:07 141.9757 801.2820           5644                122117.4  2016 .19g -.062g  64.7
   144  4.25 1  0  4028 2036:01:12 179.2450 2248.714          12545                107709.1  2020 .20g -.057g  43.6
   145  7.48 1  0  4035 2036:01:19 272.7678 5032.537          18450                95979.83  2025 .19g -.062g  27.8
   146  12.9 2  0  4048 2036:02:01 437.9508 9315.736          21271                89068.76  2033 .19g -.117g  23.0
   147w 11.0 2  0  4059 2036:02:12 571.9664 12702.86          22209                89455.25  2040 .19g -.093g  30.3
   148  8.98 1  0  4068 2036:02:21 677.5860 15335.17          22632                90497.61  2045 .20g -.064g  27.1
   149  8.98 1  0  4077 2036:03:01 776.0914 17742.39          22861                90496.65  2051 .20g -.081g  45.9
   150w 11.1 1  0  4088 2036:03:12 886.0384 20414.16          23040                89973.97  2058 .20g -.060g  59.7
   151  19.9 2  0  4108 2036:04:01 1061.371 24783.28          23350                89818.30  2069 .20g -.111g  65.9
   152w 15.0 2  0  4123 2036:04:16 1187.212 27981.50          23569                89969.17  2076 .20g -.092g  30.5
   153  15.0 3  0  4138 2036:05:01 1302.395 30887.03          23716                90104.21  2083 .20g -.084g  33.2
   154w 15.5 2  0  4154 2036:05:17 1409.748 33585.10          23823                90131.57  2091 .20g -.096g  50.2
   155  15.5 3  0  4169 2036:06:01 1505.946 36014.91          23915                90129.83  2098 .20g -.065g  50.5
   156w 15.0 1  0  4184 2036:06:16 1591.884 38218.91          24009                90211.49  2105 .21g -.091g  33.9
   157  15.0 2  0  4199 2036:07:01 1668.369 40158.80          24071                90024.69  2111 .21g -.082g  35.1
   158w 15.5 1  0  4215 2036:07:17 1742.067 42077.17          24154                90045.46  2117 .21g -.064g  30.1
   159  15.5 2  0  4230 2036:08:01 1813.043 43948.12          24240                90285.29  2123 .21g -.053g  27.3
   160w 31.0 2  0  4261 2036:09:01 1948.712 47558.38          24405                91305.25  2132 .21g -.107g  29.7

                                    I M E X   T I M E   S T E P   S U M M A R Y
 ==================================================================================================================
    Time Step           Time                  Total Production             Total Injection  Total Max. Max. Change
 ---------------- ---------------- -------------------------------------- -----------------  PV   Mat. ------------
                C                    Oil      Gas     Water   GOR.  Wat.    Gas     Water   Avg.  bal. Satur. Pres.
        Size    U                                             SCF/   Cut                    Pres. err. DSMAX  DPMAX
  No.   Days IT T Days   yy:mm:dd   STB/D    MCF/D    STB/D    STB    %    MCF/D    STB/D   psia   %          psia
 ------ ---- -- - ----- ---------- -------- -------- -------- ----- ----- -------- -------- ----- ---- ------ -----
   161w 30.0 4  0  4291 2036:10:01 2039.554 49865.31          24449                91950.41  2142 .22g -.125g  43.5
   162w 15.5 1  0  4307 2036:10:17 2083.016 50995.18          24481                92252.44  2147 .22g -.060g  22.2
   163  15.5 1  0  4322 2036:11:01 2115.358 51792.60          24484                92321.11  2153 .22g -.039g  28.9
   164w 30.0 2  0  4352 2036:12:01 2188.669 53869.24          24613                92973.36  2160 .22g -.084g  25.4
   165w 31.0 4  0  4383 2037:01:01 2255.971 55696.97          24689                93730.29  2167 .22g -.085g  18.7
   166w 31.0 2  0  4414 2037:02:01 2307.766 57097.55          24741                94479.62  2173 .22g -.099g  22.3
   167w 28.0 2  0  4442 2037:03:01 2336.972 57860.44          24759                95031.27  2179 .23g -.085g  24.9
   168w 31.0 3  0  4473 2037:04:01 2358.834 58471.26          24788                95524.05  2185 .23g -.068g  23.9
   169w 30.0 2  0  4503 2037:05:01 2369.597 58787.41          24809                95805.43  2192 .23g -.099g  26.8
   170w 31.0 2  0  4534 2037:06:01 2378.961 59108.21          24846                96110.38  2200 .23g -.061g  23.7
   171w 30.0 2  0  4564 2037:07:01 2401.404 59829.27          24914                96506.77  2205 .23g -.063g  14.9
   172w 31.0 2  0  4595 2037:08:01 2424.696 60528.85          24963                96984.58  2211 .24g -.069g  12.2
   173w 31.0 4  0  4626 2037:09:01 2430.826 60714.55          24977                97385.96  2216 .24g -.075g  18.5
   174w 30.0 2  0  4656 2037:10:01 2429.457 60716.44          24992                97694.54  2222 .24g -.072g  18.5
   175w 31.0 3  0  4687 2037:11:01 2430.554 60829.21          25027                97967.54  2229 .24g -.069g  17.7
   176w 30.0 2  0  4717 2037:12:01 2436.854 61082.97          25066                98216.48  2235 .24g -.063g  18.0
   177w 31.0 3  0  4748 2038:01:01 2428.771 60867.64          25061                98415.72  2242 .25g -.062g  22.1
   178w 31.0 2  0  4779 2038:02:01 2400.927 60060.45          25016                98498.10  2251 .25g -.083g  29.2
   179w 28.0 3  0  4807 2038:03:01 2386.454 59700.88          25017                98489.81  2260 .25g -.069g  25.4
   180w 31.0 2  0  4838 2038:04:01 2362.220 59072.39          25007                98416.97  2270 .25g -.077g  29.9

                                    I M E X   T I M E   S T E P   S U M M A R Y
 ==================================================================================================================
    Time Step           Time                  Total Production             Total Injection  Total Max. Max. Change
 ---------------- ---------------- -------------------------------------- -----------------  PV   Mat. ------------
                C                    Oil      Gas     Water   GOR.  Wat.    Gas     Water   Avg.  bal. Satur. Pres.
        Size    U                                             SCF/   Cut                    Pres. err. DSMAX  DPMAX
  No.   Days IT T Days   yy:mm:dd   STB/D    MCF/D    STB/D    STB    %    MCF/D    STB/D   psia   %          psia
 ------ ---- -- - ----- ---------- -------- -------- -------- ----- ----- -------- -------- ----- ---- ------ -----
   181w 30.0 3  0  4868 2038:05:01 2331.773 58267.44          24988                98285.82  2282 .25g -.079g  34.4
   182w 31.0 3  0  4899 2038:06:01 2299.875 57252.21          24894                98032.28  2296 .26g -.079g  37.4
   183w 30.0 2  0  4929 2038:07:01 2280.664 56348.07          24707                97686.77  2312 .26g  .077o  38.4
   184w 31.0 3  0  4960 2038:08:01 2302.577 55241.33          23991                97209.46  2330 .26g  .099o  48.5
   185w 31.0 2  0  4991 2038:09:01 2546.950 54050.97          21222                96651.14  2351 .26g  .089o  55.8
   186w 30.0 3  0  5021 2038:10:01 3190.723 52619.54          16491                96019.41  2372 .26g  .098o  56.3
   187w 31.0 3  0  5052 2038:11:01 5066.174 50612.93           9990                95192.62  2400 .27g  .132o  83.9
   188w 15.0 1  0  5067 2038:11:16 6288.746 49903.82           7935                94732.94  2414 .28g  .049o  42.2
   189  15.0 1  0  5082 2038:12:01 7249.665 49776.93           6866                94255.21  2428 .28g  .040o  34.6
   190w 31.0 3  0  5113 2039:01:01 8439.778 48445.43           5740                93278.72  2459 .28g  .116o  46.8
   191w 15.5 1  0  5129 2039:01:17 8849.690 47906.47           5413                92795.27  2473 .28g  .044o  21.9
   192  15.5 1  0  5144 2039:02:01 9199.136 46826.98 .3740428  5090 .0041          92306.08  2489 .28g  .051o  26.8
   193w 28.0 3  0  5172 2039:03:01 9868.726 44837.61 11.11952  4543 .1125          91233.45  2523 .28g  .073o  60.8
   194w 31.0 2  0  5203 2039:04:01 11131.71 42017.89 58.62859  3775 .5239          89773.87  2568 .28g  .113o  83.0
   195w 30.0 3  0  5233 2039:05:01 14303.80 38407.51 164.5588  2685 1.137          88075.65  2620 .28g  .117o  93.5
   196w 15.5 1  0  5249 2039:05:17 17046.94 36451.78 230.6099  2138 1.335          87091.69  2651 .28g  .063o  51.7
   197  15.5 1  0  5264 2039:06:01 20135.38 34699.49 307.4742  1723 1.504          86047.31  2682 .29g  .058o  49.1
   198w 15.0 1  0  5279 2039:06:16 22694.13 34649.87 392.8293  1527 1.702          84992.34  2713 .29g  .056o  49.3
   199  15.0 1  0  5294 2039:07:01 24678.78 34937.00 489.3146  1416 1.944          83949.91  2742 .29g  .054o  41.1
   200w 15.5 1  0  5310 2039:07:17 26132.47 35191.34 601.0881  1347 2.248          82931.80  2771 .30g  .060o  40.3

                                    I M E X   T I M E   S T E P   S U M M A R Y
 ==================================================================================================================
    Time Step           Time                  Total Production             Total Injection  Total Max. Max. Change
 ---------------- ---------------- -------------------------------------- -----------------  PV   Mat. ------------
                C                    Oil      Gas     Water   GOR.  Wat.    Gas     Water   Avg.  bal. Satur. Pres.
        Size    U                                             SCF/   Cut                    Pres. err. DSMAX  DPMAX
  No.   Days IT T Days   yy:mm:dd   STB/D    MCF/D    STB/D    STB    %    MCF/D    STB/D   psia   %          psia
 ------ ---- -- - ----- ---------- -------- -------- -------- ----- ----- -------- -------- ----- ---- ------ -----
   201  15.5 1  0  5325 2039:08:01 27298.49 34758.56 724.6003  1273 2.586          81957.77  2799 .29g  .069o  38.9
   202w 15.5 2  0  5341 2039:08:17 28431.65 33238.11 943.5490  1169 3.212          80925.43  2830 .29g  .090o  64.0
   203  15.5 1  0  5356 2039:09:01 29326.47 31401.01 1237.142  1071 4.048          79921.78  2860 .31g  .065o  55.8
   204w 15.0 1  0  5371 2039:09:16 30451.67 31201.22 1534.822  1025 4.798          78973.31  2888 .31g  .084o  58.8
   205  15.0 1  0  5386 2039:10:01 32122.91 30383.75 1844.021 945.9 5.429          78034.38  2917 .32g  .085o  76.4
   206w 15.5 1  0  5402 2039:10:17 34468.31 29890.10 2177.075 867.2 5.941          77074.13  2946 .33g  .073o  78.7
   207  15.5 1  0  5417 2039:11:01 37477.26 29301.80 2536.163 781.9 6.338          76096.13  2976 .33g  .075o  84.1
   208w 15.0 1  0  5432 2039:11:16 39999.50 30070.50 2956.611 751.8 6.883          75184.93  3003 .33g  .037o  67.6
   209  15.0 1  0  5447 2039:12:01 41428.60 30578.87 3535.858 738.1 7.864          74377.19  3026 .33g  .014o  39.8
   210w 31.0 1  0  5478 2040:01:01 42493.80 31163.48 4803.308 733.4 10.16          73159.19  3060 .34g  .021w  54.5
   211w 31.0 1  0  5509 2040:02:01 42794.38 31392.24 6095.208 733.6 12.47          72293.20  3084 .34g -.022o  30.2
   212w 29.0 1  0  5538 2040:03:01 42476.14 31244.25 7418.961 735.6 14.87          71728.35  3100 .34g  .023w  20.5
   213w 31.0 1  0  5569 2040:04:01 41811.07 30889.15 9015.870 738.8 17.74          71313.87  3112 .35g  .026w  18.9
   214w 30.0 1  0  5599 2040:05:01 40950.45 30383.85 10795.37 742.0 20.86          71088.88  3120 .35g -.024o  12.4
   215w 31.0 1  0  5630 2040:06:01 39982.07 29791.01 12472.89 745.1 23.78          70955.90  3125 .35g  .024w -11.1
   216w 30.0 1  0  5660 2040:07:01 39021.46 29190.00 14041.77 748.0 26.46          70888.90  3129 .35g -.021o -10.0
   217w 31.0 1  0  5691 2040:08:01 38231.03 28574.40 16182.88 747.4 29.74          70849.78  3132 .35g -.020o -25.4
   218w 31.0 1  0  5722 2040:09:01 37217.45 27772.84 17734.12 746.2 32.27          70910.74  3132 .36g  .020w -19.6
   219w 30.0 1  0  5752 2040:10:01 36351.07 27112.61 19272.67 745.9 34.65          71016.48  3131 .36g  .020w -16.3
   220w 31.0 1  0  5783 2040:11:01 35549.62 26510.95 21304.22 745.7 37.47          71139.75  3130 .36g -.022o -14.2

                                    I M E X   T I M E   S T E P   S U M M A R Y
 ==================================================================================================================
    Time Step           Time                  Total Production             Total Injection  Total Max. Max. Change
 ---------------- ---------------- -------------------------------------- -----------------  PV   Mat. ------------
                C                    Oil      Gas     Water   GOR.  Wat.    Gas     Water   Avg.  bal. Satur. Pres.
        Size    U                                             SCF/   Cut                    Pres. err. DSMAX  DPMAX
  No.   Days IT T Days   yy:mm:dd   STB/D    MCF/D    STB/D    STB    %    MCF/D    STB/D   psia   %          psia
 ------ ---- -- - ----- ---------- -------- -------- -------- ----- ----- -------- -------- ----- ---- ------ -----
   221w 30.0 1  0  5813 2040:12:01 34530.17 25750.24 22792.82 745.7 39.76          71330.34  3126 .36g  .020w -12.5
   222w 31.0 1  0  5844 2041:01:01 33699.65 25149.37 24290.20 746.3 41.89          71562.53  3122 .36g -.021o -11.1
   223w 31.0 1  0  5875 2041:02:01 32904.18 24573.07 25629.79 746.8 43.79          71799.75  3118 .36g -.020o  -9.7
   224w 28.0 1  0  5903 2041:03:01 32272.10 24115.05 26715.40 747.2 45.29          72008.30  3114 .36g  .018w -7.81
   225w 31.0 1  0  5934 2041:04:01 31658.31 23647.58 27904.51 747.0 46.85          72244.12  3109 .36g -.020o -7.78
   226w 30.0 1  0  5964 2041:05:01 31165.17 23265.80 28813.06 746.5 48.04          72472.91  3105 .37g -.018o -6.87
   227w 31.0 1  0  5995 2041:06:01 30744.93 22940.28 29697.40 746.1 49.13          72713.68  3100 .37g -.017o -6.58
   228w 30.0 1  0  6025 2041:07:01 30379.28 22625.41 30529.76 744.8 50.12          72938.26  3096 .37g -.015o -16.9
   229w 31.0 1  0  6056 2041:08:01 29991.38 22294.86 31369.78 743.4 51.12          73175.41  3091 .37g -.015o -14.1
   230w 31.0 1  0  6087 2041:09:01 29637.31 21996.74 32121.19 742.2 52.01          73411.44  3087 .37g -.014o -11.7
   231w 30.0 1  0  6117 2041:10:01 29319.40 21728.21 32783.21 741.1 52.79          73635.53  3082 .37g -.013o -11.0
   232w 31.0 1  0  6148 2041:11:01 29005.38 21465.34 33420.03 740.0 53.54          73858.93  3078 .37g  .014w  -9.7
   233w 30.0 1  0  6178 2041:12:01 28722.12 21228.90 33997.58 739.1 54.21          74066.59  3074 .38g  .013w -8.21
   234w 31.0 1  0  6209 2042:01:01 28447.34 21000.08 34558.82 738.2 54.85          74273.16  3070 .38g -.015o -7.48
   235w 31.0 1  0  6240 2042:02:01 28190.08 20785.71 35072.31 737.3 55.44          74466.86  3066 .38g  .016w -6.68
   236w 28.0 1  0  6268 2042:03:01 27989.14 20615.61 35492.74 736.6 55.91          74632.25  3063 .38g  .015w -5.53
   237w 31.0 1  0  6299 2042:04:01 27795.92 20448.27 35895.14 735.7 56.36          74806.15  3060 .38g -.016o -5.64
   238w 30.0 1  0  6329 2042:05:01 27621.67 20296.70 36292.32 734.8 56.78          74967.29  3057 .38g  .016w -5.11
   239w 31.0 1  0  6360 2042:06:01 27445.64 20144.18 36700.22 734.0 57.21          75130.65  3054 .39g -.016o -4.95
   240w 30.0 1  0  6390 2042:07:01 27254.00 19982.69 37087.84 733.2 57.64          75285.68  3051 .39g  .016w -4.52

                                    I M E X   T I M E   S T E P   S U M M A R Y
 ==================================================================================================================
    Time Step           Time                  Total Production             Total Injection  Total Max. Max. Change
 ---------------- ---------------- -------------------------------------- -----------------  PV   Mat. ------------
                C                    Oil      Gas     Water   GOR.  Wat.    Gas     Water   Avg.  bal. Satur. Pres.
        Size    U                                             SCF/   Cut                    Pres. err. DSMAX  DPMAX
  No.   Days IT T Days   yy:mm:dd   STB/D    MCF/D    STB/D    STB    %    MCF/D    STB/D   psia   %          psia
 ------ ---- -- - ----- ---------- -------- -------- -------- ----- ----- -------- -------- ----- ---- ------ -----
   241w 31.0 1  0  6421 2042:08:01 27055.32 19816.70 37508.50 732.5 58.10          75435.94  3048 .39g  .017w -4.42
   242w 31.0 1  0  6452 2042:09:01 26859.24 19653.48 37927.80 731.7 58.54          75582.79  3046 .39g -.017o -4.21
   243w 30.0 1  0  6482 2042:10:01 26667.65 19495.08 38325.44 731.0 58.97          75721.08  3043 .39g  .017w -3.90
   244w 31.0 1  0  6513 2042:11:01 26471.82 19333.90 38739.74 730.4 59.41          75860.12  3041 .39g -.018o -3.87
   245w 30.0 1  0  6543 2042:12:01 26274.96 19173.44 39158.04 729.7 59.84          75995.25  3038 .40g  .018w -3.61
   246w 31.0 1  0  6574 2043:01:01 26068.07 19005.94 39579.12 729.1 60.29          76130.99  3036 .40g -.020o -3.60
   247w 31.0 1  0  6605 2043:02:01 25862.46 18840.19 39994.81 728.5 60.73          76263.66  3034 .40g  .021w -3.55
   248w 28.0 1  0  6633 2043:03:01 25670.19 18686.35 40366.55 727.9 61.13          76377.88  3032 .40g -.019o -3.17
   249w 31.0 1  0  6664 2043:04:01 25468.74 18524.69 40780.80 727.4 61.56          76505.52  3030 .40g -.022o -3.46
   250w 30.0 1  0  6694 2043:05:01 25249.16 18351.39 41186.77 726.8 61.99          76621.96  3028 .40g -.020o -3.29
   251w 31.0 1  0  6725 2043:06:01 25034.32 18181.30 41640.54 726.3 62.45          76736.17  3026 .41g -.020o -3.34
   252w 30.0 1  0  6755 2043:07:01 24814.40 18008.39 42036.15 725.7 62.88          76850.07  3024 .41g -.018o -3.18
   253w 31.0 1  0  6786 2043:08:01 24561.86 17812.44 42473.38 725.2 63.36          76960.45  3022 .41g -.017o -3.25
   254w 31.0 1  0  6817 2043:09:01 24298.95 17609.82 42897.11 724.7 63.84          77060.83  3021 .41g  .014w -3.20
   255w 30.0 1  0  6847 2043:10:01 24067.25 17430.60 43304.55 724.2 64.28          77151.68  3019 .41g -.014o -3.04
   256w 31.0 1  0  6878 2043:11:01 23822.33 17242.19 43713.86 723.8 64.73          77238.73  3018 .41g -.014o -3.09
   257w 30.0 1  0  6908 2043:12:01 23571.46 17050.58 44119.46 723.4 65.18          77318.27  3017 .41g  .012w -2.97
   258w 31.0 1  0  6939 2044:01:01 23281.54 16831.34 44582.22 722.9 65.69          77394.41  3016 .42g -.013o -3.04
   259w 31.0 1  0  6970 2044:02:01 22979.04 16603.53 45052.81 722.6 66.22          77463.25  3015 .42g  .014w -3.02
   260w 29.0 1  0  6999 2044:03:01 22696.00 16390.78 45519.38 722.2 66.73          77524.47  3014 .42g -.013o -2.78

                                    I M E X   T I M E   S T E P   S U M M A R Y
 ==================================================================================================================
    Time Step           Time                  Total Production             Total Injection  Total Max. Max. Change
 ---------------- ---------------- -------------------------------------- -----------------  PV   Mat. ------------
                C                    Oil      Gas     Water   GOR.  Wat.    Gas     Water   Avg.  bal. Satur. Pres.
        Size    U                                             SCF/   Cut                    Pres. err. DSMAX  DPMAX
  No.   Days IT T Days   yy:mm:dd   STB/D    MCF/D    STB/D    STB    %    MCF/D    STB/D   psia   %          psia
 ------ ---- -- - ----- ---------- -------- -------- -------- ----- ----- -------- -------- ----- ---- ------ -----
   261w 31.0 1  0  7030 2044:04:01 22402.75 16170.33 46029.82 721.8 67.26          77594.30  3014 .42g  .014w -2.94
   262w 30.0 1  0  7060 2044:05:01 22136.20 15969.51 46493.42 721.4 67.75          77665.42  3013 .42g -.014o -2.81
   263w 31.0 1  0  7091 2044:06:01 21858.96 15761.07 46941.69 721.0 68.23          77739.39  3012 .42g -.014o -2.87
   264w 30.0 1  0  7121 2044:07:01 21582.19 15553.94 47386.53 720.7 68.71          77804.86  3011 .43g -.014o -2.74
   265w 31.0 1  0  7152 2044:08:01 21319.08 15356.49 47840.83 720.3 69.17          77873.40  3010 .43g  .016w -2.80
   266w 31.0 1  0  7183 2044:09:01 21076.82 15174.13 48253.17 719.9 69.60          77942.31  3009 .43g -.016o -2.76
   267w 30.0 1  0  7213 2044:10:01 20848.81 15002.49 48637.32 719.6 70.00          78007.78  3009 .43g -.016o -2.64
   268w 31.0 1  0  7244 2044:11:01 20621.19 14831.01 49035.81 719.2 70.40          78074.71  3008 .43g  .017w -2.69
   269w 30.0 1  0  7274 2044:12:01 20394.02 14660.26 49440.38 718.9 70.80          78141.63  3007 .43g -.017o -2.57
   270w 31.0 1  0  7305 2045:01:01 20157.92 14483.16 49843.74 718.5 71.20          78212.65  3006 .43g -.017o -2.62

 ===================== SUMMARY (from subroutine: TSIO)   ======================
  Simulation run terminated. Stopping time reached.
    
     1 Warning messages.    0 Error messages.
 ==============================================================================



                          Global Storage Usage
                          ====================

             Section           Bytes          Mbytes   # Objects
        ------------    ------------    ------------   ---------
              MXSLVR          514016           0.490          98
              GRMOD0          217956           0.208         482
               IMEX2          125666           0.120         693
               IMEX1          114236           0.109         588
              WMCOM1           58763           0.056         982
               IMEX3           50818           0.048         249
              MXGR01           50456           0.048          18
              GRMOD1           36256           0.035         151
              KWCOM1           34735           0.033          52
              EQTPAR           29876           0.028          69
               POINT           25252           0.024          96
              SR2COM           22036           0.021          92
              MXWELL           20796           0.020         262
             MXSLVR1           13096           0.012          14
           GLOBSTORE            7478           0.007          27
              MXINIT            6244           0.006          23
              CMPDIL            6112           0.006          25
               PRTCM            5760           0.005          17
              SECTOR            2464           0.002          13
               SAMG1            1873           0.002         255
              PGMCH1            1794           0.002         319
             CMGFILE            1206           0.001          19
                FLXB            1156           0.001          27
                CMB1             600           0.001          68
           PGSCOMMON             476           0.000          64
                 MTS             340           0.000          18
           PGPARASOL             296           0.000          65
              SGCOM2             216           0.000          54
              SGCOM1             180           0.000          44
              GRMOD2             156           0.000          38
              WMCOM3              92           0.000           4
              WMCOM2              76           0.000          15
              WMCOM5              52           0.000          13
              SGCOM3              32           0.000           8
        PGMATDOMAINS              16           0.000           4
              WMCOM7               8           0.000           2
              DEPTAB               8           0.000           2
              SGCOM4               4           0.000           1
            PGSINT3D               0           0.000           0
              MXPRSL               0           0.000           0
        ------------    ------------    ------------   ---------
               Total         1350597           1.288        4971
            Maximium         1712077           1.633

       Field Total                                   Fluid
                             Oil       Gas       Water    Solvent   Polymer    Salt
                            -------   -------   -------   -------   -------   -------
                            (MSTB)    (MMSCF)   (MSTB)    (MMSCF)    (MLB)     (MLB)
  Cumulative Production       85597    285432     63636     NA        NA        NA   
  Cumulative Injection        NA         0       271897     NA        NA        NA   
  Cumulative Gas Lift         NA         0        NA        NA        NA        NA   
  Cumulative Aquifer Influx   NA        NA         0        NA        NA        NA   
  Current Fluids In Place    179433    122960    271590     NA        NA        NA   
  Production Rates           20.158    14.483    49.844     NA        NA        NA   
  Injection Rates             NA         0       78.213     NA        NA        NA   

  Timesteps:    270  Newton Cycles:      349  Cuts:      1  Solver Iterations:         1764
  Average Implicitness    : 0.889
  Fluid Component Model   : BLACKOIL (SINGLE-P)
  Material Balances (owg): 1.001 1.000 1.004
  Average Active Blocks:         300 Average Non-BHP Active Wells:     0
  Total Blocks :         300 Total Wells :     5
  Active Blocks:         300 Non-BHP Active Wells:     0
  Time at end of simulation:   7305.00     (days)   
  Average reservoir pressure excluding water zone: 3006.065 (psi)    
  Total Number of Solver Failures:       0  Stalls:       0  ITERMAX Reached:       0
  Jacobian Domains      1  
  Total lstpro/lstpar calls:     2  (    6)
  Linear Solver: Aimsol
  Preconditioner Ordering: REDBLACK
  Preconditioner Degree           1
  KMP_AFFINITY: Default
  OMP_SCHEDULE: Default
  Max Impl Blocks:      290  %Impl: 96.7%  (TS,CUT,NCYC): (   173, 0,  2 )
  Max Solver Iterations (TS,CUT,NCYC):       8 (   170, 0,  2 )
  Number of threads set:    1
  Total number of cpus:    4
  Memory Usage Peak:       64 MB on TS:   174 TS 1 Peak:       40 MB  Average:       57 MB  VM Size:       72 MB
  Host computer: IKIEARTH
  CPU Time:             2.73 seconds
  Elapsed Time:         2.77 seconds

  End of Simulation: Normal Termination

  Date and Time of End of Run:  Apr 19, 2025  11:17:40

