2025-04-18T15:32:06	ikiearth	Save	D:\TA MANDIRI\SKENARIO CMG\A3C.dat	1744965126	D:\TA MANDIRI\SKENARIO CMG\A3C.dat	
2025-04-18T15:32:39	ikiearth	Save	D:\TA MANDIRI\SKENARIO CMG\A3C.dat	1744965159	D:\TA MANDIRI\SKENARIO CMG\A3C.dat	
2025-04-18T15:33:14	ikiearth	Save	D:\TA MANDIRI\SKENARIO CMG\A1P1C.dat	1744965194	D:\TA MANDIRI\SKENARIO CMG\A1C.dat	
2025-04-18T15:34:13	ikiearth	Save	D:\TA MANDIRI\SKENARIO CMG\A1P1C.dat	1744965253	D:\TA MANDIRI\SKENARIO CMG\A1P1C.dat	
2025-04-18T15:34:36	ikiearth	Save	D:\TA MANDIRI\SKENARIO CMG\A1P2C.dat	1744965276	D:\TA MANDIRI\SKENARIO CMG\A1P1C.dat	
2025-04-18T15:35:15	ikiearth	Save	D:\TA MANDIRI\SKENARIO CMG\A1P3C.dat	1744965315	D:\TA MANDIRI\SKENARIO CMG\A1P2C.dat	
2025-04-18T15:35:36	ikiearth	Save	D:\TA MANDIRI\SKENARIO CMG\A1P3C.dat	1744965336	D:\TA MANDIRI\SKENARIO CMG\A1P3C.dat	
2025-04-18T15:35:56	ikiearth	Save	D:\TA MANDIRI\SKENARIO CMG\A2P1C.dat	1744965356	D:\TA MANDIRI\SKENARIO CMG\A2C.dat	
2025-04-18T15:36:36	ikiearth	Save	D:\TA MANDIRI\SKENARIO CMG\A2P1C.dat	1744965396	D:\TA MANDIRI\SKENARIO CMG\A2P1C.dat	
2025-04-18T15:36:44	ikiearth	Save	D:\TA MANDIRI\SKENARIO CMG\A2P1C.dat	1744965404	D:\TA MANDIRI\SKENARIO CMG\A2P1C.dat	
2025-04-18T15:36:59	ikiearth	Save	D:\TA MANDIRI\SKENARIO CMG\A2P2C.dat	1744965419	D:\TA MANDIRI\SKENARIO CMG\A2P1C.dat	
2025-04-18T15:37:22	ikiearth	Save	D:\TA MANDIRI\SKENARIO CMG\A2P2C.dat	1744965442	D:\TA MANDIRI\SKENARIO CMG\A2P2C.dat	
2025-04-18T15:37:30	ikiearth	Save	D:\TA MANDIRI\SKENARIO CMG\A2P3C.dat	1744965450	D:\TA MANDIRI\SKENARIO CMG\A2P2C.dat	
2025-04-18T15:38:13	ikiearth	Save	D:\TA MANDIRI\SKENARIO CMG\A2P3C.dat	1744965493	D:\TA MANDIRI\SKENARIO CMG\A2P3C.dat	
2025-04-18T15:38:27	ikiearth	Save	D:\TA MANDIRI\SKENARIO CMG\A3P1C.dat	1744965507	D:\TA MANDIRI\SKENARIO CMG\A3C.dat	
2025-04-18T15:38:47	ikiearth	Save	D:\TA MANDIRI\SKENARIO CMG\A3P1C.dat	1744965527	D:\TA MANDIRI\SKENARIO CMG\A3P1C.dat	
2025-04-18T15:38:54	ikiearth	Save	D:\TA MANDIRI\SKENARIO CMG\A3P2C.dat	1744965534	D:\TA MANDIRI\SKENARIO CMG\A3P1C.dat	
2025-04-18T15:39:02	ikiearth	Save	D:\TA MANDIRI\SKENARIO CMG\A3P2C.dat	1744965542	D:\TA MANDIRI\SKENARIO CMG\A3P2C.dat	
2025-04-18T15:39:08	ikiearth	Save	D:\TA MANDIRI\SKENARIO CMG\A3P3C.dat	1744965548	D:\TA MANDIRI\SKENARIO CMG\A3P2C.dat	
2025-04-18T15:39:20	ikiearth	Save	D:\TA MANDIRI\SKENARIO CMG\A3P3C.dat	1744965560	D:\TA MANDIRI\SKENARIO CMG\A3P3C.dat	
2025-04-18T15:39:25	ikiearth	Save	D:\TA MANDIRI\SKENARIO CMG\A3P3C.dat	1744965565	D:\TA MANDIRI\SKENARIO CMG\A3P3C.dat	
2025-04-18T15:40:10	ikiearth	Save	D:\TA MANDIRI\SKENARIO CMG\A1G1C.dat	1744965610	D:\TA MANDIRI\SKENARIO CMG\A1C.dat	
2025-04-18T15:46:58	ikiearth	Save	D:\TA MANDIRI\SKENARIO CMG\A1G1C.dat	1744966018	D:\TA MANDIRI\SKENARIO CMG\A1G1C.dat	
2025-04-18T15:47:04	ikiearth	Save	D:\TA MANDIRI\SKENARIO CMG\A1G1C.dat	1744966024	D:\TA MANDIRI\SKENARIO CMG\A1G1C.dat	
2025-04-18T17:18:17	ikiearth	Save	D:\TA MANDIRI\SKENARIO CMG\A1G1C.dat	1744971497	D:\TA MANDIRI\SKENARIO CMG\A1G1C.dat	
2025-04-18T17:18:28	ikiearth	Save	D:\TA MANDIRI\SKENARIO CMG\A1G1C.dat	1744971508	D:\TA MANDIRI\SKENARIO CMG\A1G1C.dat	
2025-04-18T17:18:33	ikiearth	Save	D:\TA MANDIRI\SKENARIO CMG\A1G2C.dat	1744971513	D:\TA MANDIRI\SKENARIO CMG\A1G1C.dat	
2025-04-18T17:21:32	ikiearth	Save	D:\TA MANDIRI\SKENARIO CMG\A1G2C.dat	1744971692	D:\TA MANDIRI\SKENARIO CMG\A1G2C.dat	
2025-04-18T17:21:33	ikiearth	Save	D:\TA MANDIRI\SKENARIO CMG\A1G2C.dat	1744971693	D:\TA MANDIRI\SKENARIO CMG\A1G2C.dat	
2025-04-18T17:21:41	ikiearth	Save	D:\TA MANDIRI\SKENARIO CMG\A1G3C.dat	1744971701	D:\TA MANDIRI\SKENARIO CMG\A1G2C.dat	
2025-04-18T17:23:42	ikiearth	Save	D:\TA MANDIRI\SKENARIO CMG\A1G3C.dat	1744971822	D:\TA MANDIRI\SKENARIO CMG\A1G3C.dat	
2025-04-18T17:24:15	ikiearth	Save	D:\TA MANDIRI\SKENARIO CMG\A1G3C.dat	1744971855	D:\TA MANDIRI\SKENARIO CMG\A1G3C.dat	
2025-04-18T17:24:32	ikiearth	Save	D:\TA MANDIRI\SKENARIO CMG\A2G1C.dat	1744971872	D:\TA MANDIRI\SKENARIO CMG\A1G1C.dat	
2025-04-18T17:30:58	ikiearth	Save	D:\TA MANDIRI\SKENARIO CMG\A2G1C.dat	1744972258	D:\TA MANDIRI\SKENARIO CMG\A2G1C.dat	
2025-04-18T17:31:08	ikiearth	Save	D:\TA MANDIRI\SKENARIO CMG\A2G2C.dat	1744972268	D:\TA MANDIRI\SKENARIO CMG\A2G1C.dat	
2025-04-18T17:34:40	ikiearth	Save	D:\TA MANDIRI\SKENARIO CMG\A2G2C.dat	1744972480	D:\TA MANDIRI\SKENARIO CMG\A2G2C.dat	
2025-04-18T17:36:15	ikiearth	Save	D:\TA MANDIRI\SKENARIO CMG\A2G2C.dat	1744972575	D:\TA MANDIRI\SKENARIO CMG\A2G2C.dat	
2025-04-18T17:36:21	ikiearth	Save	D:\TA MANDIRI\SKENARIO CMG\A2G2C.dat	1744972581	D:\TA MANDIRI\SKENARIO CMG\A2G2C.dat	
2025-04-18T17:36:37	ikiearth	Save	D:\TA MANDIRI\SKENARIO CMG\A3G1C.dat	1744972597	D:\TA MANDIRI\SKENARIO CMG\A3P1C.dat	
2025-04-18T17:41:16	ikiearth	Save	D:\TA MANDIRI\SKENARIO CMG\A3G1C.dat	1744972876	D:\TA MANDIRI\SKENARIO CMG\A3G1C.dat	
2025-04-18T17:41:20	ikiearth	Save	D:\TA MANDIRI\SKENARIO CMG\A3G2C.dat	1744972880	D:\TA MANDIRI\SKENARIO CMG\A3G1C.dat	
2025-04-18T17:44:52	ikiearth	Save	D:\TA MANDIRI\SKENARIO CMG\A3G2C.dat	1744973092	D:\TA MANDIRI\SKENARIO CMG\A3G2C.dat	
2025-04-18T17:45:00	ikiearth	Save	D:\TA MANDIRI\SKENARIO CMG\A3G3C.dat	1744973100	D:\TA MANDIRI\SKENARIO CMG\A3G2C.dat	
2025-04-18T17:48:33	ikiearth	Save	D:\TA MANDIRI\SKENARIO CMG\A3G3C.dat	1744973313	D:\TA MANDIRI\SKENARIO CMG\A3G3C.dat	
2025-04-18T17:48:38	ikiearth	Save	D:\TA MANDIRI\SKENARIO CMG\A3G3C.dat	1744973318	D:\TA MANDIRI\SKENARIO CMG\A3G3C.dat	
2025-04-18T17:49:28	ikiearth	Save	D:\TA MANDIRI\SKENARIO CMG\A2G3C.dat	1744973368	D:\TA MANDIRI\SKENARIO CMG\A2G2C.dat	
2025-04-18T17:53:46	ikiearth	Save	D:\TA MANDIRI\SKENARIO CMG\A2G3C.dat	1744973626	D:\TA MANDIRI\SKENARIO CMG\A2G3C.dat	
2025-04-18T17:53:50	ikiearth	Save	D:\TA MANDIRI\SKENARIO CMG\A2G3C.dat	1744973630	D:\TA MANDIRI\SKENARIO CMG\A2G3C.dat	
2025-04-18T18:00:26	ikiearth	Save	D:\TA MANDIRI\SKENARIO CMG\A1C.dat	1744974026	D:\TA MANDIRI\SKENARIO CMG\A1C.dat	
2025-04-18T18:00:29	ikiearth	Run_Initialize	D:\TA MANDIRI\SKENARIO CMG\A1C.dat	1744974026	C:\Program Files\CMG\IMEX\2021.10\Win_x64\EXE\mx202110.exe	
2025-04-18T19:00:14	ikiearth	Save	D:\TA MANDIRI\SKENARIO CMG\A1C.dat	1744977614	D:\TA MANDIRI\SKENARIO CMG\A1C.dat	
2025-04-18T19:00:16	ikiearth	Run	D:\TA MANDIRI\SKENARIO CMG\A1C.dat	1744977614	C:\Program Files\CMG\IMEX\2021.10\Win_x64\EXE\mx202110.exe	
2025-04-18T22:27:18	ikiearth	Save	D:\TA MANDIRI\SKENARIO CMG\A1C.dat	1744990038	D:\TA MANDIRI\SKENARIO CMG\A1C.dat	
2025-04-18T22:27:20	ikiearth	Save	D:\TA MANDIRI\SKENARIO CMG\A1C.dat	1744990040	D:\TA MANDIRI\SKENARIO CMG\A1C.dat	
2025-04-18T22:27:22	ikiearth	Run	D:\TA MANDIRI\SKENARIO CMG\A1C.dat	1744990040	C:\Program Files\CMG\IMEX\2021.10\Win_x64\EXE\mx202110.exe	
2025-04-18T23:36:25	ikiearth	Save	D:\TA MANDIRI\SKENARIO CMG\A1C.dat	1744994185	D:\TA MANDIRI\SKENARIO CMG\A1C.dat	
2025-04-18T23:36:38	ikiearth	Save	D:\TA MANDIRI\SKENARIO CMG\A1C.dat	1744994198	D:\TA MANDIRI\SKENARIO CMG\A1C.dat	
2025-04-18T23:36:52	ikiearth	Save	D:\TA MANDIRI\SKENARIO CMG\A2C.dat	1744994212	D:\TA MANDIRI\SKENARIO CMG\A2C.dat	
2025-04-18T23:36:57	ikiearth	Run	D:\TA MANDIRI\SKENARIO CMG\A2C.dat	1744994212	C:\Program Files\CMG\IMEX\2021.10\Win_x64\EXE\mx202110.exe	
2025-04-18T23:47:05	ikiearth	Save	D:\TA MANDIRI\SKENARIO CMG\A2C.dat	1744994825	D:\TA MANDIRI\SKENARIO CMG\A2C.dat	
2025-04-18T23:51:17	ikiearth	Save	D:\TA MANDIRI\SKENARIO CMG\A2C.dat	1744995077	D:\TA MANDIRI\SKENARIO CMG\A2C.dat	
2025-04-18T23:52:44	ikiearth	Save	D:\TA MANDIRI\SKENARIO CMG\A3C.dat	1744995164	D:\TA MANDIRI\SKENARIO CMG\A3C.dat	
2025-04-18T23:52:46	ikiearth	Run	D:\TA MANDIRI\SKENARIO CMG\A3C.dat	1744995164	C:\Program Files\CMG\IMEX\2021.10\Win_x64\EXE\mx202110.exe	
2025-04-19T00:03:39	ikiearth	Save	D:\TA MANDIRI\SKENARIO CMG\A3C.dat	1744995819	D:\TA MANDIRI\SKENARIO CMG\A3C.dat	
2025-04-19T06:47:20	ikiearth	Save	D:\TA MANDIRI\SKENARIO CMG\A1P1C.dat	1745020040	D:\TA MANDIRI\SKENARIO CMG\A1P1C.dat	
2025-04-19T06:47:25	ikiearth	Run	D:\TA MANDIRI\SKENARIO CMG\A1P1C.dat	1745020040	C:\Program Files\CMG\IMEX\2021.10\Win_x64\EXE\mx202110.exe	
2025-04-19T07:00:01	ikiearth	Save	D:\TA MANDIRI\SKENARIO CMG\A1P1C.dat	1745020801	D:\TA MANDIRI\SKENARIO CMG\A1P1C.dat	
2025-04-19T07:01:16	ikiearth	Save	D:\TA MANDIRI\SKENARIO CMG\A1P2C.dat	1745020876	D:\TA MANDIRI\SKENARIO CMG\A1P2C.dat	
2025-04-19T07:01:17	ikiearth	Run	D:\TA MANDIRI\SKENARIO CMG\A1P2C.dat	1745020876	C:\Program Files\CMG\IMEX\2021.10\Win_x64\EXE\mx202110.exe	
2025-04-19T07:08:16	ikiearth	Save	D:\TA MANDIRI\SKENARIO CMG\A1P2C.dat	1745021296	D:\TA MANDIRI\SKENARIO CMG\A1P2C.dat	
2025-04-19T07:09:36	ikiearth	Save	D:\TA MANDIRI\SKENARIO CMG\A1P3C.dat	1745021376	D:\TA MANDIRI\SKENARIO CMG\A1P3C.dat	
2025-04-19T07:09:38	ikiearth	Run	D:\TA MANDIRI\SKENARIO CMG\A1P3C.dat	1745021376	C:\Program Files\CMG\IMEX\2021.10\Win_x64\EXE\mx202110.exe	
2025-04-19T07:17:01	ikiearth	Save	D:\TA MANDIRI\SKENARIO CMG\A1P3C.dat	1745021821	D:\TA MANDIRI\SKENARIO CMG\A1P3C.dat	
2025-04-19T07:18:11	ikiearth	Save	D:\TA MANDIRI\SKENARIO CMG\A2P1C.dat	1745021891	D:\TA MANDIRI\SKENARIO CMG\A2P1C.dat	
2025-04-19T07:18:13	ikiearth	Run	D:\TA MANDIRI\SKENARIO CMG\A2P1C.dat	1745021891	C:\Program Files\CMG\IMEX\2021.10\Win_x64\EXE\mx202110.exe	
2025-04-19T07:27:09	ikiearth	Save	D:\TA MANDIRI\SKENARIO CMG\A2P1C.dat	1745022429	D:\TA MANDIRI\SKENARIO CMG\A2P1C.dat	
2025-04-19T07:28:12	ikiearth	Save	D:\TA MANDIRI\SKENARIO CMG\A2P2C.dat	1745022492	D:\TA MANDIRI\SKENARIO CMG\A2P2C.dat	
2025-04-19T07:28:13	ikiearth	Run	D:\TA MANDIRI\SKENARIO CMG\A2P2C.dat	1745022492	C:\Program Files\CMG\IMEX\2021.10\Win_x64\EXE\mx202110.exe	
2025-04-19T07:35:33	ikiearth	Save	D:\TA MANDIRI\SKENARIO CMG\A2P2C.dat	1745022933	D:\TA MANDIRI\SKENARIO CMG\A2P2C.dat	
2025-04-19T07:35:44	ikiearth	Save	D:\TA MANDIRI\SKENARIO CMG\A2P3C.dat	1745022944	D:\TA MANDIRI\SKENARIO CMG\A2P3C.dat	
2025-04-19T07:35:46	ikiearth	Run	D:\TA MANDIRI\SKENARIO CMG\A2P3C.dat	1745022944	C:\Program Files\CMG\IMEX\2021.10\Win_x64\EXE\mx202110.exe	
2025-04-19T07:42:08	ikiearth	Save	D:\TA MANDIRI\SKENARIO CMG\A2P3C.dat	1745023328	D:\TA MANDIRI\SKENARIO CMG\A2P3C.dat	
2025-04-19T07:43:17	ikiearth	Save	D:\TA MANDIRI\SKENARIO CMG\A3P1C.dat	1745023397	D:\TA MANDIRI\SKENARIO CMG\A3P1C.dat	
2025-04-19T07:43:18	ikiearth	Run	D:\TA MANDIRI\SKENARIO CMG\A3P1C.dat	1745023397	C:\Program Files\CMG\IMEX\2021.10\Win_x64\EXE\mx202110.exe	
2025-04-19T07:54:05	ikiearth	Save	D:\TA MANDIRI\SKENARIO CMG\A3P1C.dat	1745024045	D:\TA MANDIRI\SKENARIO CMG\A3P1C.dat	
2025-04-19T10:39:50	ikiearth	Save	D:\TA MANDIRI\SKENARIO CMG\A3P2C.dat	1745033990	D:\TA MANDIRI\SKENARIO CMG\A3P2C.dat	
2025-04-19T10:39:52	ikiearth	Run	D:\TA MANDIRI\SKENARIO CMG\A3P2C.dat	1745033990	C:\Program Files\CMG\IMEX\2021.10\Win_x64\EXE\mx202110.exe	
2025-04-19T10:54:06	ikiearth	Save	D:\TA MANDIRI\SKENARIO CMG\A3P2C.dat	1745034846	D:\TA MANDIRI\SKENARIO CMG\A3P2C.dat	
2025-04-19T10:54:08	ikiearth	Run	D:\TA MANDIRI\SKENARIO CMG\A3P2C.dat	1745034846	C:\Program Files\CMG\IMEX\2021.10\Win_x64\EXE\mx202110.exe	
2025-04-19T11:14:10	ikiearth	Save	D:\TA MANDIRI\SKENARIO CMG\A3P2C.dat	1745036050	D:\TA MANDIRI\SKENARIO CMG\A3P2C.dat	
2025-04-19T11:17:35	ikiearth	Save	D:\TA MANDIRI\SKENARIO CMG\A3P3C.dat	1745036255	D:\TA MANDIRI\SKENARIO CMG\A3P3C.dat	
2025-04-19T11:17:37	ikiearth	Run	D:\TA MANDIRI\SKENARIO CMG\A3P3C.dat	1745036255	C:\Program Files\CMG\IMEX\2021.10\Win_x64\EXE\mx202110.exe	
2025-04-19T11:31:00	ikiearth	Save	D:\TA MANDIRI\SKENARIO CMG\A3P3C.dat	1745037060	D:\TA MANDIRI\SKENARIO CMG\A3P3C.dat	
2025-04-19T11:31:28	ikiearth	Save	D:\TA MANDIRI\SKENARIO CMG\A1G1C.dat	1745037088	D:\TA MANDIRI\SKENARIO CMG\A1G1C.dat	
2025-04-19T11:31:29	ikiearth	Run	D:\TA MANDIRI\SKENARIO CMG\A1G1C.dat	1745037088	C:\Program Files\CMG\IMEX\2021.10\Win_x64\EXE\mx202110.exe	
2025-04-19T11:47:07	ikiearth	Save	D:\TA MANDIRI\SKENARIO CMG\A1G1C.dat	1745038027	D:\TA MANDIRI\SKENARIO CMG\A1G1C.dat	
2025-04-19T12:14:49	ikiearth	Save	D:\TA MANDIRI\SKENARIO CMG\A1G1C.dat	1745039689	D:\TA MANDIRI\SKENARIO CMG\A1G1C.dat	
2025-04-19T12:14:53	ikiearth	Run_Initialize	D:\TA MANDIRI\SKENARIO CMG\A1G1C.dat	1745039689	C:\Program Files\CMG\IMEX\2021.10\Win_x64\EXE\mx202110.exe	
2025-04-19T12:16:45	ikiearth	Save	D:\TA MANDIRI\SKENARIO CMG\A1G2C.dat	1745039805	D:\TA MANDIRI\SKENARIO CMG\A1G2C.dat	
2025-04-19T12:16:47	ikiearth	Run_Initialize	D:\TA MANDIRI\SKENARIO CMG\A1G2C.dat	1745039805	C:\Program Files\CMG\IMEX\2021.10\Win_x64\EXE\mx202110.exe	
2025-04-19T12:17:34	ikiearth	Run	D:\TA MANDIRI\SKENARIO CMG\A1G2C.dat	1745039805	C:\Program Files\CMG\IMEX\2021.10\Win_x64\EXE\mx202110.exe	
2025-04-19T12:26:45	ikiearth	Save	D:\TA MANDIRI\SKENARIO CMG\A1G2C.dat	1745040405	D:\TA MANDIRI\SKENARIO CMG\A1G2C.dat	
2025-04-19T12:26:55	ikiearth	Save	D:\TA MANDIRI\SKENARIO CMG\A1G3C.dat	1745040415	D:\TA MANDIRI\SKENARIO CMG\A1G3C.dat	
2025-04-19T12:26:58	ikiearth	Run_Initialize	D:\TA MANDIRI\SKENARIO CMG\A1G3C.dat	1745040415	C:\Program Files\CMG\IMEX\2021.10\Win_x64\EXE\mx202110.exe	
2025-04-19T12:27:39	ikiearth	Run	D:\TA MANDIRI\SKENARIO CMG\A1G3C.dat	1745040415	C:\Program Files\CMG\IMEX\2021.10\Win_x64\EXE\mx202110.exe	
2025-04-19T12:35:45	ikiearth	Save	D:\TA MANDIRI\SKENARIO CMG\A1G3C.dat	1745040945	D:\TA MANDIRI\SKENARIO CMG\A1G3C.dat	
2025-04-19T12:36:05	ikiearth	Save	D:\TA MANDIRI\SKENARIO CMG\A2G1C.dat	1745040965	D:\TA MANDIRI\SKENARIO CMG\A2G1C.dat	
2025-04-19T12:36:07	ikiearth	Run	D:\TA MANDIRI\SKENARIO CMG\A2G1C.dat	1745040965	C:\Program Files\CMG\IMEX\2021.10\Win_x64\EXE\mx202110.exe	
2025-04-19T12:37:10	ikiearth	Save	D:\TA MANDIRI\SKENARIO CMG\A2G1C.dat	1745041030	D:\TA MANDIRI\SKENARIO CMG\A2G1C.dat	
2025-04-19T12:37:11	ikiearth	Run	D:\TA MANDIRI\SKENARIO CMG\A2G1C.dat	1745041030	C:\Program Files\CMG\IMEX\2021.10\Win_x64\EXE\mx202110.exe	
2025-04-19T12:49:11	ikiearth	Save	D:\TA MANDIRI\SKENARIO CMG\A2G1C.dat	1745041751	D:\TA MANDIRI\SKENARIO CMG\A2G1C.dat	
2025-04-19T12:49:23	ikiearth	Save	D:\TA MANDIRI\SKENARIO CMG\A2G2C.dat	1745041763	D:\TA MANDIRI\SKENARIO CMG\A2G2C.dat	
2025-04-19T12:49:25	ikiearth	Run	D:\TA MANDIRI\SKENARIO CMG\A2G2C.dat	1745041763	C:\Program Files\CMG\IMEX\2021.10\Win_x64\EXE\mx202110.exe	
2025-04-19T12:58:32	ikiearth	Save	D:\TA MANDIRI\SKENARIO CMG\A2G2C.dat	1745042312	D:\TA MANDIRI\SKENARIO CMG\A2G2C.dat	
2025-04-19T12:58:43	ikiearth	Save	D:\TA MANDIRI\SKENARIO CMG\A2G3C.dat	1745042323	D:\TA MANDIRI\SKENARIO CMG\A2G3C.dat	
2025-04-19T12:58:44	ikiearth	Run	D:\TA MANDIRI\SKENARIO CMG\A2G3C.dat	1745042323	C:\Program Files\CMG\IMEX\2021.10\Win_x64\EXE\mx202110.exe	
2025-04-19T13:08:38	ikiearth	Save	D:\TA MANDIRI\SKENARIO CMG\A2G3C.dat	1745042918	D:\TA MANDIRI\SKENARIO CMG\A2G3C.dat	
2025-04-19T13:08:55	ikiearth	Save	D:\TA MANDIRI\SKENARIO CMG\A3G1C.dat	1745042935	D:\TA MANDIRI\SKENARIO CMG\A3G1C.dat	
2025-04-19T13:08:57	ikiearth	Run	D:\TA MANDIRI\SKENARIO CMG\A3G1C.dat	1745042935	C:\Program Files\CMG\IMEX\2021.10\Win_x64\EXE\mx202110.exe	
2025-04-19T13:09:18	ikiearth	Run	D:\TA MANDIRI\SKENARIO CMG\A3G1C.dat	1745042935	C:\Program Files\CMG\IMEX\2021.10\Win_x64\EXE\mx202110.exe	
2025-04-19T13:21:26	ikiearth	Save	D:\TA MANDIRI\SKENARIO CMG\A3G1C.dat	1745043686	D:\TA MANDIRI\SKENARIO CMG\A3G1C.dat	
2025-04-19T13:21:36	ikiearth	Save	D:\TA MANDIRI\SKENARIO CMG\A3G2C.dat	1745043696	D:\TA MANDIRI\SKENARIO CMG\A3G2C.dat	
2025-04-19T13:21:37	ikiearth	Run	D:\TA MANDIRI\SKENARIO CMG\A3G2C.dat	1745043696	C:\Program Files\CMG\IMEX\2021.10\Win_x64\EXE\mx202110.exe	
2025-04-19T13:33:37	ikiearth	Save	D:\TA MANDIRI\SKENARIO CMG\A3G2C.dat	1745044417	D:\TA MANDIRI\SKENARIO CMG\A3G2C.dat	
2025-04-19T13:33:52	ikiearth	Save	D:\TA MANDIRI\SKENARIO CMG\A3G3C.dat	1745044432	D:\TA MANDIRI\SKENARIO CMG\A3G3C.dat	
2025-04-19T13:33:54	ikiearth	Run	D:\TA MANDIRI\SKENARIO CMG\A3G3C.dat	1745044432	C:\Program Files\CMG\IMEX\2021.10\Win_x64\EXE\mx202110.exe	
2025-04-19T13:48:43	ikiearth	Save	D:\TA MANDIRI\SKENARIO CMG\A3G3C.dat	1745045323	D:\TA MANDIRI\SKENARIO CMG\A3G3C.dat	
2025-04-21T22:19:21	ikiearth	Save	D:\TA MANDIRI\SKENARIO CMG\A1G1C.dat	1745248761	D:\TA MANDIRI\SKENARIO CMG\A1G1C.dat	
2025-04-21T22:19:23	ikiearth	Run	D:\TA MANDIRI\SKENARIO CMG\A1G1C.dat	1745248761	C:\Program Files\CMG\IMEX\2021.10\Win_x64\EXE\mx202110.exe	
2025-04-21T22:26:01	ikiearth	Save	D:\TA MANDIRI\SKENARIO CMG\A1G1C.dat	1745249161	D:\TA MANDIRI\SKENARIO CMG\A1G1C.dat	
2025-04-22T18:38:10	ikiearth	Save	D:\TA MANDIRI\SKENARIO CMG\A1C(NO INJECTION).dat	1745321890	D:\TA MANDIRI\SKENARIO CMG\A1C.dat	
2025-04-22T18:38:14	ikiearth	Save	D:\TA MANDIRI\SKENARIO CMG\A1C(NO INJECTION).dat	1745321894	D:\TA MANDIRI\SKENARIO CMG\A1C(NO INJECTION).dat	
2025-04-22T18:38:16	ikiearth	Run	D:\TA MANDIRI\SKENARIO CMG\A1C(NO INJECTION).dat	1745321894	C:\Program Files\CMG\IMEX\2021.10\Win_x64\EXE\mx202110.exe	
2025-04-22T22:02:36	ikiearth	Save	D:\TA MANDIRI\SKENARIO CMG\A1P2C.dat	1745334156	D:\TA MANDIRI\SKENARIO CMG\A1P2C.dat	
2025-04-22T22:02:39	ikiearth	Save	D:\TA MANDIRI\SKENARIO CMG\A1P2C.dat	1745334159	D:\TA MANDIRI\SKENARIO CMG\A1P2C.dat	
2025-04-22T22:02:41	ikiearth	Run	D:\TA MANDIRI\SKENARIO CMG\A1P2C.dat	1745334159	C:\Program Files\CMG\IMEX\2021.10\Win_x64\EXE\mx202110.exe	
2025-04-22T22:46:35	ikiearth	Save	D:\TA MANDIRI\SKENARIO CMG\A1P2C.dat	1745336795	D:\TA MANDIRI\SKENARIO CMG\A1P2C.dat	
2025-04-23T21:08:47	ikiearth	Save	D:\TA MANDIRI\SKENARIO CMG\ZEROBALANCE-TEST.dat	1745417327	D:\TA MANDIRI\SKENARIO CMG\A1C.dat	
2025-04-23T21:09:28	ikiearth	Save	D:\TA MANDIRI\SKENARIO CMG\ZEROBALANCE-TEST.dat	1745417368	D:\TA MANDIRI\SKENARIO CMG\ZEROBALANCE-TEST.dat	
2025-04-23T21:09:32	ikiearth	Run_Initialize	D:\TA MANDIRI\SKENARIO CMG\ZEROBALANCE-TEST.dat	1745417368	C:\Program Files\CMG\IMEX\2021.10\Win_x64\EXE\mx202110.exe	
2025-04-23T21:09:39	ikiearth	Run	D:\TA MANDIRI\SKENARIO CMG\ZEROBALANCE-TEST.dat	1745417368	C:\Program Files\CMG\IMEX\2021.10\Win_x64\EXE\mx202110.exe	
2025-04-23T22:33:08	ikiearth	Save	D:\TA MANDIRI\SKENARIO CMG\ZEROBALANCE-TEST.dat	1745422388	D:\TA MANDIRI\SKENARIO CMG\ZEROBALANCE-TEST.dat	
2025-05-06T23:18:49	ikiearth	Submit	D:\TA MANDIRI\SKENARIO CMG\A1G1C.dat	1746548317	mx202110.exe
2025-05-06T23:20:40	ikiearth	Save	D:\TA MANDIRI\SKENARIO CMG\A1G1C.dat	1746548440	D:\TA MANDIRI\SKENARIO CMG\A1G1C.dat	
2025-05-06T23:20:43	ikiearth	Run_Initialize	D:\TA MANDIRI\SKENARIO CMG\A1G1C.dat	1746548440	C:\Program Files\CMG\IMEX\2021.10\Win_x64\EXE\mx202110.exe	
2025-05-06T23:23:00	ikiearth	Save	D:\TA MANDIRI\SKENARIO CMG\A1G1C.dat	1746548580	D:\TA MANDIRI\SKENARIO CMG\A1G1C.dat	
2025-05-06T23:23:06	ikiearth	Save	D:\TA MANDIRI\SKENARIO CMG\A1G1C.dat	1746548586	D:\TA MANDIRI\SKENARIO CMG\A1G1C.dat	
2025-05-06T23:29:32	ikiearth	Save	D:\TA MANDIRI\SKENARIO CMG\A1G2C.dat	1746548972	D:\TA MANDIRI\SKENARIO CMG\A1G2C.dat	
2025-05-06T23:29:35	ikiearth	Run_Initialize	D:\TA MANDIRI\SKENARIO CMG\A1G2C.dat	1746548972	C:\Program Files\CMG\IMEX\2021.10\Win_x64\EXE\mx202110.exe	
2025-05-06T23:29:47	ikiearth	Save	D:\TA MANDIRI\SKENARIO CMG\A1G2C.dat	1746548987	D:\TA MANDIRI\SKENARIO CMG\A1G2C.dat	
2025-05-06T23:30:44	ikiearth	Save	D:\TA MANDIRI\SKENARIO CMG\A1G3C.dat	1746549044	D:\TA MANDIRI\SKENARIO CMG\A1G3C.dat	
2025-05-06T23:30:56	ikiearth	Save	D:\TA MANDIRI\SKENARIO CMG\A1G3C.dat	1746549056	D:\TA MANDIRI\SKENARIO CMG\A1G3C.dat	
2025-05-06T23:30:58	ikiearth	Run_Initialize	D:\TA MANDIRI\SKENARIO CMG\A1G3C.dat	1746549056	C:\Program Files\CMG\IMEX\2021.10\Win_x64\EXE\mx202110.exe	
2025-05-06T23:31:10	ikiearth	Save	D:\TA MANDIRI\SKENARIO CMG\A1G3C.dat	1746549070	D:\TA MANDIRI\SKENARIO CMG\A1G3C.dat	
2025-05-06T23:33:23	ikiearth	Save	D:\TA MANDIRI\SKENARIO CMG\A2G1C.dat	1746549203	D:\TA MANDIRI\SKENARIO CMG\A2G1C.dat	
2025-05-06T23:33:24	ikiearth	Run_Initialize	D:\TA MANDIRI\SKENARIO CMG\A2G1C.dat	1746549203	C:\Program Files\CMG\IMEX\2021.10\Win_x64\EXE\mx202110.exe	
2025-05-06T23:35:15	ikiearth	Save	D:\TA MANDIRI\SKENARIO CMG\A2G1C.dat	1746549315	D:\TA MANDIRI\SKENARIO CMG\A2G1C.dat	
2025-05-06T23:35:16	ikiearth	Run_Initialize	D:\TA MANDIRI\SKENARIO CMG\A2G1C.dat	1746549315	C:\Program Files\CMG\IMEX\2021.10\Win_x64\EXE\mx202110.exe	
2025-05-06T23:35:25	ikiearth	Save	D:\TA MANDIRI\SKENARIO CMG\A2G1C.dat	1746549325	D:\TA MANDIRI\SKENARIO CMG\A2G1C.dat	
2025-05-06T23:36:25	ikiearth	Save	D:\TA MANDIRI\SKENARIO CMG\A2G2C.dat	1746549385	D:\TA MANDIRI\SKENARIO CMG\A2G2C.dat	
2025-05-06T23:36:26	ikiearth	Run_Initialize	D:\TA MANDIRI\SKENARIO CMG\A2G2C.dat	1746549385	C:\Program Files\CMG\IMEX\2021.10\Win_x64\EXE\mx202110.exe	
2025-05-06T23:36:40	ikiearth	Save	D:\TA MANDIRI\SKENARIO CMG\A2G2C.dat	1746549400	D:\TA MANDIRI\SKENARIO CMG\A2G2C.dat	
2025-05-06T23:37:30	ikiearth	Save	D:\TA MANDIRI\SKENARIO CMG\A2G3C.dat	1746549450	D:\TA MANDIRI\SKENARIO CMG\A2G3C.dat	
2025-05-06T23:37:31	ikiearth	Run_Initialize	D:\TA MANDIRI\SKENARIO CMG\A2G3C.dat	1746549450	C:\Program Files\CMG\IMEX\2021.10\Win_x64\EXE\mx202110.exe	
2025-05-06T23:37:39	ikiearth	Save	D:\TA MANDIRI\SKENARIO CMG\A2G3C.dat	1746549459	D:\TA MANDIRI\SKENARIO CMG\A2G3C.dat	
2025-05-06T23:38:17	ikiearth	Save	D:\TA MANDIRI\SKENARIO CMG\A3G1C.dat	1746549497	D:\TA MANDIRI\SKENARIO CMG\A3G1C.dat	
2025-05-06T23:38:19	ikiearth	Run_Initialize	D:\TA MANDIRI\SKENARIO CMG\A3G1C.dat	1746549497	C:\Program Files\CMG\IMEX\2021.10\Win_x64\EXE\mx202110.exe	
2025-05-06T23:38:26	ikiearth	Save	D:\TA MANDIRI\SKENARIO CMG\A3G1C.dat	1746549506	D:\TA MANDIRI\SKENARIO CMG\A3G1C.dat	
2025-05-06T23:39:00	ikiearth	Save	D:\TA MANDIRI\SKENARIO CMG\A3G2C.dat	1746549540	D:\TA MANDIRI\SKENARIO CMG\A3G2C.dat	
2025-05-06T23:39:02	ikiearth	Run_Initialize	D:\TA MANDIRI\SKENARIO CMG\A3G2C.dat	1746549540	C:\Program Files\CMG\IMEX\2021.10\Win_x64\EXE\mx202110.exe	
2025-05-06T23:39:10	ikiearth	Save	D:\TA MANDIRI\SKENARIO CMG\A3G2C.dat	1746549550	D:\TA MANDIRI\SKENARIO CMG\A3G2C.dat	
2025-05-06T23:40:40	ikiearth	Save	D:\TA MANDIRI\SKENARIO CMG\A3G3C.dat	1746549640	D:\TA MANDIRI\SKENARIO CMG\A3G3C.dat	
2025-05-06T23:40:42	ikiearth	Run_Initialize	D:\TA MANDIRI\SKENARIO CMG\A3G3C.dat	1746549640	C:\Program Files\CMG\IMEX\2021.10\Win_x64\EXE\mx202110.exe	
2025-05-06T23:40:51	ikiearth	Save	D:\TA MANDIRI\SKENARIO CMG\A3G3C.dat	1746549651	D:\TA MANDIRI\SKENARIO CMG\A3G3C.dat	
2025-05-06T23:44:09	ikiearth	Save	D:\TA MANDIRI\SKENARIO CMG\A1G1C.dat	1746549849	D:\TA MANDIRI\SKENARIO CMG\A1G1C.dat	
2025-05-06T23:45:04	ikiearth	Run	D:\TA MANDIRI\SKENARIO CMG\A1G1C.dat	1746549849	C:\Program Files\CMG\IMEX\2021.10\Win_x64\EXE\mx202110.exe	
2025-05-07T00:02:05	ikiearth	Save	D:\TA MANDIRI\SKENARIO CMG\A1G1C.dat	1746550925	D:\TA MANDIRI\SKENARIO CMG\A1G1C.dat	
2025-05-07T00:02:57	ikiearth	Save	D:\TA MANDIRI\SKENARIO CMG\A1G1C.dat	1746550977	D:\TA MANDIRI\SKENARIO CMG\A1G1C.dat	
2025-05-07T00:02:59	ikiearth	Run	D:\TA MANDIRI\SKENARIO CMG\A1G1C.dat	1746550977	C:\Program Files\CMG\IMEX\2021.10\Win_x64\EXE\mx202110.exe	
2025-05-07T00:04:59	ikiearth	Save	D:\TA MANDIRI\SKENARIO CMG\A1G1C.dat	1746551099	D:\TA MANDIRI\SKENARIO CMG\A1G1C.dat	
2025-05-07T00:05:34	ikiearth	Save	D:\TA MANDIRI\SKENARIO CMG\A1G1C.dat	1746551134	D:\TA MANDIRI\SKENARIO CMG\A1G1C.dat	
2025-05-07T00:05:35	ikiearth	Run	D:\TA MANDIRI\SKENARIO CMG\A1G1C.dat	1746551134	C:\Program Files\CMG\IMEX\2021.10\Win_x64\EXE\mx202110.exe	
2025-05-07T00:07:37	ikiearth	Save	D:\TA MANDIRI\SKENARIO CMG\A1G1C.dat	1746551257	D:\TA MANDIRI\SKENARIO CMG\A1G1C.dat	
2025-05-07T00:08:13	ikiearth	Save	D:\TA MANDIRI\SKENARIO CMG\A1G1C.dat	1746551293	D:\TA MANDIRI\SKENARIO CMG\A1G1C.dat	
2025-05-07T00:08:15	ikiearth	Run	D:\TA MANDIRI\SKENARIO CMG\A1G1C.dat	1746551293	C:\Program Files\CMG\IMEX\2021.10\Win_x64\EXE\mx202110.exe	
2025-05-07T00:15:10	ikiearth	Save	D:\TA MANDIRI\SKENARIO CMG\A1G1C.dat	1746551710	D:\TA MANDIRI\SKENARIO CMG\A1G1C.dat	
2025-05-07T00:15:42	ikiearth	Save	D:\TA MANDIRI\SKENARIO CMG\A1G2C.dat	1746551742	D:\TA MANDIRI\SKENARIO CMG\A1G2C.dat	
2025-05-07T00:15:44	ikiearth	Run	D:\TA MANDIRI\SKENARIO CMG\A1G2C.dat	1746551742	C:\Program Files\CMG\IMEX\2021.10\Win_x64\EXE\mx202110.exe	
2025-05-07T00:21:42	ikiearth	Save	D:\TA MANDIRI\SKENARIO CMG\A1G2C.dat	1746552102	D:\TA MANDIRI\SKENARIO CMG\A1G2C.dat	
2025-05-07T00:22:00	ikiearth	Save	D:\TA MANDIRI\SKENARIO CMG\A1G3C.dat	1746552120	D:\TA MANDIRI\SKENARIO CMG\A1G3C.dat	
2025-05-07T00:22:01	ikiearth	Run	D:\TA MANDIRI\SKENARIO CMG\A1G3C.dat	1746552120	C:\Program Files\CMG\IMEX\2021.10\Win_x64\EXE\mx202110.exe	
2025-05-07T00:28:38	ikiearth	Save	D:\TA MANDIRI\SKENARIO CMG\A1G3C.dat	1746552518	D:\TA MANDIRI\SKENARIO CMG\A1G3C.dat	
2025-05-07T00:28:52	ikiearth	Save	D:\TA MANDIRI\SKENARIO CMG\A2G1C.dat	1746552532	D:\TA MANDIRI\SKENARIO CMG\A2G1C.dat	
2025-05-07T00:28:54	ikiearth	Run	D:\TA MANDIRI\SKENARIO CMG\A2G1C.dat	1746552532	C:\Program Files\CMG\IMEX\2021.10\Win_x64\EXE\mx202110.exe	
2025-05-07T00:34:22	ikiearth	Save	D:\TA MANDIRI\SKENARIO CMG\A2G1C.dat	1746552862	D:\TA MANDIRI\SKENARIO CMG\A2G1C.dat	
2025-05-07T00:34:36	ikiearth	Save	D:\TA MANDIRI\SKENARIO CMG\A2G2C.dat	1746552876	D:\TA MANDIRI\SKENARIO CMG\A2G2C.dat	
2025-05-07T00:34:38	ikiearth	Run	D:\TA MANDIRI\SKENARIO CMG\A2G2C.dat	1746552876	C:\Program Files\CMG\IMEX\2021.10\Win_x64\EXE\mx202110.exe	
2025-05-07T00:41:36	ikiearth	Save	D:\TA MANDIRI\SKENARIO CMG\A2G2C.dat	1746553296	D:\TA MANDIRI\SKENARIO CMG\A2G2C.dat	
2025-05-07T00:44:00	ikiearth	Save	D:\TA MANDIRI\SKENARIO CMG\A2G3C.dat	1746553440	D:\TA MANDIRI\SKENARIO CMG\A2G3C.dat	
2025-05-07T00:44:02	ikiearth	Run	D:\TA MANDIRI\SKENARIO CMG\A2G3C.dat	1746553440	C:\Program Files\CMG\IMEX\2021.10\Win_x64\EXE\mx202110.exe	
2025-05-07T00:50:48	ikiearth	Save	D:\TA MANDIRI\SKENARIO CMG\A2G3C.dat	1746553848	D:\TA MANDIRI\SKENARIO CMG\A2G3C.dat	
2025-05-07T00:51:04	ikiearth	Save	D:\TA MANDIRI\SKENARIO CMG\A3G1C.dat	1746553864	D:\TA MANDIRI\SKENARIO CMG\A3G1C.dat	
2025-05-07T00:51:05	ikiearth	Run	D:\TA MANDIRI\SKENARIO CMG\A3G1C.dat	1746553864	C:\Program Files\CMG\IMEX\2021.10\Win_x64\EXE\mx202110.exe	
2025-05-07T00:58:42	ikiearth	Save	D:\TA MANDIRI\SKENARIO CMG\A3G1C.dat	1746554322	D:\TA MANDIRI\SKENARIO CMG\A3G1C.dat	
2025-05-07T00:58:56	ikiearth	Save	D:\TA MANDIRI\SKENARIO CMG\A3G2C.dat	1746554336	D:\TA MANDIRI\SKENARIO CMG\A3G2C.dat	
2025-05-07T00:58:57	ikiearth	Run	D:\TA MANDIRI\SKENARIO CMG\A3G2C.dat	1746554336	C:\Program Files\CMG\IMEX\2021.10\Win_x64\EXE\mx202110.exe	
2025-05-07T01:05:37	ikiearth	Save	D:\TA MANDIRI\SKENARIO CMG\A3G2C.dat	1746554737	D:\TA MANDIRI\SKENARIO CMG\A3G2C.dat	
2025-05-07T01:05:58	ikiearth	Save	D:\TA MANDIRI\SKENARIO CMG\A3G3C.dat	1746554758	D:\TA MANDIRI\SKENARIO CMG\A3G3C.dat	
2025-05-07T01:05:59	ikiearth	Run	D:\TA MANDIRI\SKENARIO CMG\A3G3C.dat	1746554758	C:\Program Files\CMG\IMEX\2021.10\Win_x64\EXE\mx202110.exe	
2025-05-07T01:13:18	ikiearth	Save	D:\TA MANDIRI\SKENARIO CMG\A3G3C.dat	1746555198	D:\TA MANDIRI\SKENARIO CMG\A3G3C.dat	
